TpTrace Verbose: 0 : 20680, 1, 2022/10/06, 07:07:42.720, 657837060084, vstest.console.dll, Version: 17.3.0 Current process architecture: X64
TpTrace Verbose: 0 : 20680, 1, 2022/10/06, 07:07:42.733, 657837150508, vstest.console.dll, Runtime location: C:\Program Files\dotnet\shared\Microsoft.NETCore.App\6.0.9
TpTrace Information: 0 : 20680, 1, 2022/10/06, 07:07:42.785, 657837524999, vstest.console.dll, FilePatternParser: The given file C:\Users\vagrant\source\repos\SeleniumUnitTests\bin\Debug\net6.0\fine-code-coverage\build-output\SeleniumUnitTests.dll is a full path.
TpTrace Verbose: 0 : 20680, 1, 2022/10/06, 07:07:42.817, 657837762149, vstest.console.dll, TestPluginCache.DiscoverTestExtensions: finding test extensions in assemblies ends with: RuntimeProvider.dll TPluginInfo: Microsoft.VisualStudio.TestPlatform.Common.ExtensionFramework.Utilities.TestRuntimePluginInformation TExtension: Microsoft.VisualStudio.TestPlatform.ObjectModel.Host.ITestRuntimeProvider
TpTrace Verbose: 0 : 20680, 1, 2022/10/06, 07:07:42.819, 657837775928, vstest.console.dll, TestPluginCache.GetExtensionPaths: Filtered extension paths: 
TpTrace Verbose: 0 : 20680, 1, 2022/10/06, 07:07:42.820, 657837779633, vstest.console.dll, TestPluginCache.GetExtensionPaths: Added default extension paths: C:\Program Files\dotnet\sdk\6.0.401\Extensions\Microsoft.Diagnostics.NETCore.Client.dll
C:\Program Files\dotnet\sdk\6.0.401\Extensions\Microsoft.TestPlatform.Extensions.BlameDataCollector.dll
C:\Program Files\dotnet\sdk\6.0.401\Extensions\Microsoft.TestPlatform.Extensions.EventLogCollector.dll
C:\Program Files\dotnet\sdk\6.0.401\Extensions\Microsoft.TestPlatform.TestHostRuntimeProvider.dll
C:\Program Files\dotnet\sdk\6.0.401\Extensions\Microsoft.VisualStudio.TestPlatform.Extensions.Html.TestLogger.dll
C:\Program Files\dotnet\sdk\6.0.401\Extensions\Microsoft.VisualStudio.TestPlatform.Extensions.Trx.TestLogger.dll
TpTrace Verbose: 0 : 20680, 1, 2022/10/06, 07:07:42.820, 657837781014, vstest.console.dll, TestPluginCache.GetExtensionPaths: Added unfilterableExtensionPaths: 
TpTrace Information: 0 : 20680, 1, 2022/10/06, 07:07:42.824, 657837810112, vstest.console.dll, AssemblyResolver.ctor: Creating AssemblyResolver with searchDirectories C:\Program Files\dotnet\sdk\6.0.401\Extensions,C:\Program Files\dotnet\sdk\6.0.401
TpTrace Verbose: 0 : 20680, 1, 2022/10/06, 07:07:42.828, 657837834686, vstest.console.dll, TestPluginCache.DiscoverTestExtensions: Discovering the extensions using extension path.
TpTrace Verbose: 0 : 20680, 1, 2022/10/06, 07:07:42.828, 657837838750, vstest.console.dll, TestPluginCache.GetExtensionPaths: Filtered extension paths: 
TpTrace Verbose: 0 : 20680, 1, 2022/10/06, 07:07:42.828, 657837839821, vstest.console.dll, TestPluginCache.GetExtensionPaths: Added default extension paths: C:\Program Files\dotnet\sdk\6.0.401\Extensions\Microsoft.Diagnostics.NETCore.Client.dll
C:\Program Files\dotnet\sdk\6.0.401\Extensions\Microsoft.TestPlatform.Extensions.BlameDataCollector.dll
C:\Program Files\dotnet\sdk\6.0.401\Extensions\Microsoft.TestPlatform.Extensions.EventLogCollector.dll
C:\Program Files\dotnet\sdk\6.0.401\Extensions\Microsoft.TestPlatform.TestHostRuntimeProvider.dll
C:\Program Files\dotnet\sdk\6.0.401\Extensions\Microsoft.VisualStudio.TestPlatform.Extensions.Html.TestLogger.dll
C:\Program Files\dotnet\sdk\6.0.401\Extensions\Microsoft.VisualStudio.TestPlatform.Extensions.Trx.TestLogger.dll
TpTrace Verbose: 0 : 20680, 1, 2022/10/06, 07:07:42.828, 657837841070, vstest.console.dll, TestPluginCache.GetExtensionPaths: Added unfilterableExtensionPaths: 
TpTrace Verbose: 0 : 20680, 1, 2022/10/06, 07:07:42.829, 657837843343, vstest.console.dll, TestPluginCache.DiscoverTestExtensions: Discovering the extensions using allExtensionPaths: C:\Program Files\dotnet\sdk\6.0.401\Extensions\Microsoft.Diagnostics.NETCore.Client.dll
C:\Program Files\dotnet\sdk\6.0.401\Extensions\Microsoft.TestPlatform.Extensions.BlameDataCollector.dll
C:\Program Files\dotnet\sdk\6.0.401\Extensions\Microsoft.TestPlatform.Extensions.EventLogCollector.dll
C:\Program Files\dotnet\sdk\6.0.401\Extensions\Microsoft.TestPlatform.TestHostRuntimeProvider.dll
C:\Program Files\dotnet\sdk\6.0.401\Extensions\Microsoft.VisualStudio.TestPlatform.Extensions.Html.TestLogger.dll
C:\Program Files\dotnet\sdk\6.0.401\Extensions\Microsoft.VisualStudio.TestPlatform.Extensions.Trx.TestLogger.dll
TpTrace Information: 0 : 20680, 1, 2022/10/06, 07:07:42.829, 657837847998, vstest.console.dll, AssemblyResolver.AddSearchDirectories: Adding more searchDirectories C:\Program Files\dotnet\sdk\6.0.401\Extensions,C:\Program Files\dotnet\sdk\6.0.401
TpTrace Information: 0 : 20680, 1, 2022/10/06, 07:07:42.830, 657837849456, vstest.console.dll, AssemblyResolver.AddSearchDirectories: Adding more searchDirectories C:\Program Files\dotnet\sdk\6.0.401\Extensions,C:\Program Files\dotnet\sdk\6.0.401
TpTrace Information: 0 : 20680, 1, 2022/10/06, 07:07:42.830, 657837850532, vstest.console.dll, AssemblyResolver.AddSearchDirectories: Adding more searchDirectories C:\Program Files\dotnet\sdk\6.0.401\Extensions,C:\Program Files\dotnet\sdk\6.0.401
TpTrace Information: 0 : 20680, 1, 2022/10/06, 07:07:42.830, 657837852317, vstest.console.dll, AssemblyResolver.AddSearchDirectories: Adding more searchDirectories C:\Program Files\dotnet\sdk\6.0.401\Extensions,C:\Program Files\dotnet\sdk\6.0.401
TpTrace Information: 0 : 20680, 1, 2022/10/06, 07:07:42.830, 657837853317, vstest.console.dll, AssemblyResolver.AddSearchDirectories: Adding more searchDirectories C:\Program Files\dotnet\sdk\6.0.401\Extensions,C:\Program Files\dotnet\sdk\6.0.401
TpTrace Information: 0 : 20680, 1, 2022/10/06, 07:07:42.830, 657837854309, vstest.console.dll, AssemblyResolver.AddSearchDirectories: Adding more searchDirectories C:\Program Files\dotnet\sdk\6.0.401\Extensions,C:\Program Files\dotnet\sdk\6.0.401
TpTrace Information: 0 : 20680, 1, 2022/10/06, 07:07:42.832, 657837863924, vstest.console.dll, AssemblyResolver.OnResolve: Microsoft.Diagnostics.NETCore.Client: Resolving assembly.
TpTrace Information: 0 : 20680, 1, 2022/10/06, 07:07:42.832, 657837865587, vstest.console.dll, AssemblyResolver.OnResolve: Microsoft.Diagnostics.NETCore.Client: Searching in: 'C:\Program Files\dotnet\sdk\6.0.401\Extensions'.
TpTrace Information: 0 : 20680, 1, 2022/10/06, 07:07:42.833, 657837873964, vstest.console.dll, AssemblyResolver.OnResolve: Microsoft.Diagnostics.NETCore.Client: Loading assembly 'C:\Program Files\dotnet\sdk\6.0.401\Extensions\Microsoft.Diagnostics.NETCore.Client.dll'.
TpTrace Information: 0 : 20680, 1, 2022/10/06, 07:07:42.854, 657838027288, vstest.console.dll, AssemblyResolver.OnResolve: Resolved assembly: Microsoft.Diagnostics.NETCore.Client, from path: C:\Program Files\dotnet\sdk\6.0.401\Extensions\Microsoft.Diagnostics.NETCore.Client.dll
TpTrace Verbose: 0 : 20680, 1, 2022/10/06, 07:07:42.885, 657838250724, vstest.console.dll, MetadataReaderExtensionsHelper: Discovering extensions inside assembly 'Microsoft.Diagnostics.NETCore.Client, Version=0.2.5.801, Culture=neutral, PublicKeyToken=31bf3856ad364e35' file path 'C:\Program Files\dotnet\sdk\6.0.401\Extensions\Microsoft.Diagnostics.NETCore.Client.dll'
TpTrace Information: 0 : 20680, 1, 2022/10/06, 07:07:42.930, 657838571803, vstest.console.dll, AssemblyResolver.OnResolve: Microsoft.Bcl.AsyncInterfaces: Resolving assembly.
TpTrace Information: 0 : 20680, 1, 2022/10/06, 07:07:42.931, 657838579801, vstest.console.dll, AssemblyResolver.OnResolve: Microsoft.Bcl.AsyncInterfaces: Searching in: 'C:\Program Files\dotnet\sdk\6.0.401\Extensions'.
TpTrace Information: 0 : 20680, 1, 2022/10/06, 07:07:42.931, 657838581974, vstest.console.dll, AssemblyResolver.OnResolve: Microsoft.Bcl.AsyncInterfaces: Assembly path does not exist: 'C:\Program Files\dotnet\sdk\6.0.401\Extensions\Microsoft.Bcl.AsyncInterfaces.dll', returning.
TpTrace Information: 0 : 20680, 1, 2022/10/06, 07:07:42.932, 657838586547, vstest.console.dll, AssemblyResolver.OnResolve: Microsoft.Bcl.AsyncInterfaces: Assembly path does not exist: 'C:\Program Files\dotnet\sdk\6.0.401\Extensions\Microsoft.Bcl.AsyncInterfaces.exe', returning.
TpTrace Information: 0 : 20680, 1, 2022/10/06, 07:07:42.932, 657838587698, vstest.console.dll, AssemblyResolver.OnResolve: Microsoft.Bcl.AsyncInterfaces: Searching in: 'C:\Program Files\dotnet\sdk\6.0.401'.
TpTrace Information: 0 : 20680, 1, 2022/10/06, 07:07:42.932, 657838590585, vstest.console.dll, AssemblyResolver.OnResolve: Microsoft.Bcl.AsyncInterfaces: Assembly path does not exist: 'C:\Program Files\dotnet\sdk\6.0.401\Microsoft.Bcl.AsyncInterfaces.dll', returning.
TpTrace Information: 0 : 20680, 1, 2022/10/06, 07:07:42.932, 657838592902, vstest.console.dll, AssemblyResolver.OnResolve: Microsoft.Bcl.AsyncInterfaces: Assembly path does not exist: 'C:\Program Files\dotnet\sdk\6.0.401\Microsoft.Bcl.AsyncInterfaces.exe', returning.
TpTrace Information: 0 : 20680, 1, 2022/10/06, 07:07:42.933, 657838594910, vstest.console.dll, AssemblyResolver.OnResolve: Microsoft.Bcl.AsyncInterfaces: Failed to load assembly.
TpTrace Verbose: 0 : 20680, 1, 2022/10/06, 07:07:42.933, 657838596153, vstest.console.dll, CurrentDomainAssemblyResolve: Resolving assembly 'Microsoft.Bcl.AsyncInterfaces'.
TpTrace Information: 0 : 20680, 1, 2022/10/06, 07:07:42.933, 657838598295, vstest.console.dll, AssemblyResolver.OnResolve: Microsoft.Bcl.AsyncInterfaces: Resolving assembly.
TpTrace Information: 0 : 20680, 1, 2022/10/06, 07:07:42.933, 657838599834, vstest.console.dll, AssemblyResolver.OnResolve: Microsoft.Bcl.AsyncInterfaces: Resolved from cache.
TpTrace Verbose: 0 : 20680, 1, 2022/10/06, 07:07:42.934, 657838600783, vstest.console.dll, CurrentDomainAssemblyResolve: Resolving assembly 'Microsoft.Bcl.AsyncInterfaces'.
TpTrace Verbose: 0 : 20680, 1, 2022/10/06, 07:07:42.934, 657838601924, vstest.console.dll, CurrentDomainAssemblyResolve: Failed to resolve assembly 'Microsoft.Bcl.AsyncInterfaces'.
TpTrace Verbose: 0 : 20680, 1, 2022/10/06, 07:07:42.935, 657838614119, vstest.console.dll, CurrentDomainAssemblyResolve: Failed to resolve assembly 'Microsoft.Bcl.AsyncInterfaces'.
TpTrace Warning: 0 : 20680, 1, 2022/10/06, 07:07:43.028, 657839284631, vstest.console.dll, TestPluginDiscoverer: Failed to get types from assembly 'Microsoft.Diagnostics.NETCore.Client, Version=0.2.5.801, Culture=neutral, PublicKeyToken=31bf3856ad364e35'. Error: System.Reflection.ReflectionTypeLoadException: Unable to load one or more of the requested types.
Could not load file or assembly 'Microsoft.Bcl.AsyncInterfaces, Version=1.0.0.0, Culture=neutral, PublicKeyToken=cc7b13ffcd2ddd51'. The system cannot find the file specified.
   at System.Reflection.RuntimeModule.GetTypes(RuntimeModule module)
   at System.Reflection.Assembly.GetTypes()
   at Microsoft.VisualStudio.TestPlatform.Common.ExtensionFramework.TestPluginDiscoverer.GetTestExtensionsFromAssembly[TPluginInfo,TExtension](Assembly assembly, Dictionary`2 pluginInfos, String filePath)
System.IO.FileNotFoundException: Could not load file or assembly 'Microsoft.Bcl.AsyncInterfaces, Version=1.0.0.0, Culture=neutral, PublicKeyToken=cc7b13ffcd2ddd51'. The system cannot find the file specified.
File name: 'Microsoft.Bcl.AsyncInterfaces, Version=1.0.0.0, Culture=neutral, PublicKeyToken=cc7b13ffcd2ddd51'
 ---> System.IO.FileNotFoundException: Could not load file or assembly 'Microsoft.Bcl.AsyncInterfaces, Culture=neutral, PublicKeyToken=null'. The system cannot find the file specified.
File name: 'Microsoft.Bcl.AsyncInterfaces, Culture=neutral, PublicKeyToken=null'
   at System.Reflection.RuntimeAssembly.InternalLoad(ObjectHandleOnStack assemblyName, ObjectHandleOnStack requestingAssembly, StackCrawlMarkHandle stackMark, Boolean throwOnFileNotFound, ObjectHandleOnStack assemblyLoadContext, ObjectHandleOnStack retAssembly)
   at System.Reflection.RuntimeAssembly.InternalLoad(AssemblyName assemblyName, RuntimeAssembly requestingAssembly, StackCrawlMark& stackMark, Boolean throwOnFileNotFound, AssemblyLoadContext assemblyLoadContext)
   at System.Reflection.Assembly.Load(AssemblyName assemblyRef)
   at Microsoft.VisualStudio.TestPlatform.Common.ExtensionFramework.TestPluginCache.CurrentDomainAssemblyResolve(Object sender, AssemblyResolveEventArgs args)
   at Microsoft.VisualStudio.TestPlatform.PlatformAbstractions.PlatformAssemblyResolver.AssemblyResolverEvent(Object sender, Object eventArgs)
   at System.Runtime.Loader.AssemblyLoadContext.GetFirstResolvedAssemblyFromResolvingEvent(AssemblyName assemblyName)
   at System.Runtime.Loader.AssemblyLoadContext.ResolveUsingEvent(AssemblyName assemblyName)
   at System.Runtime.Loader.AssemblyLoadContext.ResolveUsingResolvingEvent(IntPtr gchManagedAssemblyLoadContext, AssemblyName assemblyName)
TpTrace Warning: 0 : 20680, 1, 2022/10/06, 07:07:43.031, 657839303848, vstest.console.dll, LoaderExceptions: System.IO.FileNotFoundException: Could not load file or assembly 'Microsoft.Bcl.AsyncInterfaces, Version=1.0.0.0, Culture=neutral, PublicKeyToken=cc7b13ffcd2ddd51'. The system cannot find the file specified.
File name: 'Microsoft.Bcl.AsyncInterfaces, Version=1.0.0.0, Culture=neutral, PublicKeyToken=cc7b13ffcd2ddd51'
 ---> System.IO.FileNotFoundException: Could not load file or assembly 'Microsoft.Bcl.AsyncInterfaces, Culture=neutral, PublicKeyToken=null'. The system cannot find the file specified.
File name: 'Microsoft.Bcl.AsyncInterfaces, Culture=neutral, PublicKeyToken=null'
   at System.Reflection.RuntimeAssembly.InternalLoad(ObjectHandleOnStack assemblyName, ObjectHandleOnStack requestingAssembly, StackCrawlMarkHandle stackMark, Boolean throwOnFileNotFound, ObjectHandleOnStack assemblyLoadContext, ObjectHandleOnStack retAssembly)
   at System.Reflection.RuntimeAssembly.InternalLoad(AssemblyName assemblyName, RuntimeAssembly requestingAssembly, StackCrawlMark& stackMark, Boolean throwOnFileNotFound, AssemblyLoadContext assemblyLoadContext)
   at System.Reflection.Assembly.Load(AssemblyName assemblyRef)
   at Microsoft.VisualStudio.TestPlatform.Common.ExtensionFramework.TestPluginCache.CurrentDomainAssemblyResolve(Object sender, AssemblyResolveEventArgs args)
   at Microsoft.VisualStudio.TestPlatform.PlatformAbstractions.PlatformAssemblyResolver.AssemblyResolverEvent(Object sender, Object eventArgs)
   at System.Runtime.Loader.AssemblyLoadContext.GetFirstResolvedAssemblyFromResolvingEvent(AssemblyName assemblyName)
   at System.Runtime.Loader.AssemblyLoadContext.ResolveUsingEvent(AssemblyName assemblyName)
   at System.Runtime.Loader.AssemblyLoadContext.ResolveUsingResolvingEvent(IntPtr gchManagedAssemblyLoadContext, AssemblyName assemblyName)
TpTrace Information: 0 : 20680, 1, 2022/10/06, 07:07:43.032, 657839309399, vstest.console.dll, AssemblyResolver.OnResolve: Microsoft.TestPlatform.Extensions.BlameDataCollector: Resolving assembly.
TpTrace Information: 0 : 20680, 1, 2022/10/06, 07:07:43.032, 657839310619, vstest.console.dll, AssemblyResolver.OnResolve: Microsoft.TestPlatform.Extensions.BlameDataCollector: Searching in: 'C:\Program Files\dotnet\sdk\6.0.401\Extensions'.
TpTrace Information: 0 : 20680, 1, 2022/10/06, 07:07:43.033, 657839317669, vstest.console.dll, AssemblyResolver.OnResolve: Microsoft.TestPlatform.Extensions.BlameDataCollector: Loading assembly 'C:\Program Files\dotnet\sdk\6.0.401\Extensions\Microsoft.TestPlatform.Extensions.BlameDataCollector.dll'.
TpTrace Information: 0 : 20680, 1, 2022/10/06, 07:07:43.034, 657839328667, vstest.console.dll, AssemblyResolver.OnResolve: Resolved assembly: Microsoft.TestPlatform.Extensions.BlameDataCollector, from path: C:\Program Files\dotnet\sdk\6.0.401\Extensions\Microsoft.TestPlatform.Extensions.BlameDataCollector.dll
TpTrace Verbose: 0 : 20680, 1, 2022/10/06, 07:07:43.035, 657839331738, vstest.console.dll, MetadataReaderExtensionsHelper: Discovering extensions inside assembly 'Microsoft.TestPlatform.Extensions.BlameDataCollector, Version=15.0.0.0, Culture=neutral, PublicKeyToken=b03f5f7f11d50a3a' file path 'C:\Program Files\dotnet\sdk\6.0.401\Extensions\Microsoft.TestPlatform.Extensions.BlameDataCollector.dll'
TpTrace Information: 0 : 20680, 1, 2022/10/06, 07:07:43.040, 657839369001, vstest.console.dll, AssemblyResolver.OnResolve: Microsoft.TestPlatform.Extensions.EventLogCollector: Resolving assembly.
TpTrace Information: 0 : 20680, 1, 2022/10/06, 07:07:43.040, 657839371715, vstest.console.dll, AssemblyResolver.OnResolve: Microsoft.TestPlatform.Extensions.EventLogCollector: Searching in: 'C:\Program Files\dotnet\sdk\6.0.401\Extensions'.
TpTrace Information: 0 : 20680, 1, 2022/10/06, 07:07:43.041, 657839377705, vstest.console.dll, AssemblyResolver.OnResolve: Microsoft.TestPlatform.Extensions.EventLogCollector: Loading assembly 'C:\Program Files\dotnet\sdk\6.0.401\Extensions\Microsoft.TestPlatform.Extensions.EventLogCollector.dll'.
TpTrace Information: 0 : 20680, 1, 2022/10/06, 07:07:43.042, 657839386135, vstest.console.dll, AssemblyResolver.OnResolve: Resolved assembly: Microsoft.TestPlatform.Extensions.EventLogCollector, from path: C:\Program Files\dotnet\sdk\6.0.401\Extensions\Microsoft.TestPlatform.Extensions.EventLogCollector.dll
TpTrace Verbose: 0 : 20680, 1, 2022/10/06, 07:07:43.042, 657839387616, vstest.console.dll, MetadataReaderExtensionsHelper: Discovering extensions inside assembly 'Microsoft.TestPlatform.Extensions.EventLogCollector, Version=15.0.0.0, Culture=neutral, PublicKeyToken=b03f5f7f11d50a3a' file path 'C:\Program Files\dotnet\sdk\6.0.401\Extensions\Microsoft.TestPlatform.Extensions.EventLogCollector.dll'
TpTrace Information: 0 : 20680, 1, 2022/10/06, 07:07:43.050, 657839441514, vstest.console.dll, AssemblyResolver.OnResolve: Microsoft.TestPlatform.TestHostRuntimeProvider: Resolving assembly.
TpTrace Information: 0 : 20680, 1, 2022/10/06, 07:07:43.050, 657839443397, vstest.console.dll, AssemblyResolver.OnResolve: Microsoft.TestPlatform.TestHostRuntimeProvider: Searching in: 'C:\Program Files\dotnet\sdk\6.0.401\Extensions'.
TpTrace Information: 0 : 20680, 1, 2022/10/06, 07:07:43.052, 657839453647, vstest.console.dll, AssemblyResolver.OnResolve: Microsoft.TestPlatform.TestHostRuntimeProvider: Loading assembly 'C:\Program Files\dotnet\sdk\6.0.401\Extensions\Microsoft.TestPlatform.TestHostRuntimeProvider.dll'.
TpTrace Information: 0 : 20680, 1, 2022/10/06, 07:07:43.053, 657839465405, vstest.console.dll, AssemblyResolver.OnResolve: Resolved assembly: Microsoft.TestPlatform.TestHostRuntimeProvider, from path: C:\Program Files\dotnet\sdk\6.0.401\Extensions\Microsoft.TestPlatform.TestHostRuntimeProvider.dll
TpTrace Verbose: 0 : 20680, 1, 2022/10/06, 07:07:43.054, 657839467367, vstest.console.dll, MetadataReaderExtensionsHelper: Discovering extensions inside assembly 'Microsoft.TestPlatform.TestHostRuntimeProvider, Version=15.0.0.0, Culture=neutral, PublicKeyToken=b03f5f7f11d50a3a' file path 'C:\Program Files\dotnet\sdk\6.0.401\Extensions\Microsoft.TestPlatform.TestHostRuntimeProvider.dll'
TpTrace Information: 0 : 20680, 1, 2022/10/06, 07:07:43.062, 657839528013, vstest.console.dll, GetTestExtensionFromType: Register extension with identifier data 'HostProvider://DefaultTestHost' and type 'Microsoft.VisualStudio.TestPlatform.CrossPlatEngine.Hosting.DefaultTestHostManager, Microsoft.TestPlatform.TestHostRuntimeProvider, Version=15.0.0.0, Culture=neutral, PublicKeyToken=b03f5f7f11d50a3a' inside file 'C:\Program Files\dotnet\sdk\6.0.401\Extensions\Microsoft.TestPlatform.TestHostRuntimeProvider.dll'
TpTrace Information: 0 : 20680, 1, 2022/10/06, 07:07:43.062, 657839530756, vstest.console.dll, GetTestExtensionFromType: Register extension with identifier data 'HostProvider://DotnetTestHost' and type 'Microsoft.VisualStudio.TestPlatform.CrossPlatEngine.Hosting.DotnetTestHostManager, Microsoft.TestPlatform.TestHostRuntimeProvider, Version=15.0.0.0, Culture=neutral, PublicKeyToken=b03f5f7f11d50a3a' inside file 'C:\Program Files\dotnet\sdk\6.0.401\Extensions\Microsoft.TestPlatform.TestHostRuntimeProvider.dll'
TpTrace Information: 0 : 20680, 1, 2022/10/06, 07:07:43.063, 657839533312, vstest.console.dll, AssemblyResolver.OnResolve: Microsoft.VisualStudio.TestPlatform.Extensions.Html.TestLogger: Resolving assembly.
TpTrace Information: 0 : 20680, 1, 2022/10/06, 07:07:43.063, 657839535130, vstest.console.dll, AssemblyResolver.OnResolve: Microsoft.VisualStudio.TestPlatform.Extensions.Html.TestLogger: Searching in: 'C:\Program Files\dotnet\sdk\6.0.401\Extensions'.
TpTrace Information: 0 : 20680, 1, 2022/10/06, 07:07:43.069, 657839579716, vstest.console.dll, AssemblyResolver.OnResolve: Microsoft.VisualStudio.TestPlatform.Extensions.Html.TestLogger: Loading assembly 'C:\Program Files\dotnet\sdk\6.0.401\Extensions\Microsoft.VisualStudio.TestPlatform.Extensions.Html.TestLogger.dll'.
TpTrace Information: 0 : 20680, 1, 2022/10/06, 07:07:43.071, 657839591493, vstest.console.dll, AssemblyResolver.OnResolve: Resolved assembly: Microsoft.VisualStudio.TestPlatform.Extensions.Html.TestLogger, from path: C:\Program Files\dotnet\sdk\6.0.401\Extensions\Microsoft.VisualStudio.TestPlatform.Extensions.Html.TestLogger.dll
TpTrace Verbose: 0 : 20680, 1, 2022/10/06, 07:07:43.071, 657839594754, vstest.console.dll, MetadataReaderExtensionsHelper: Discovering extensions inside assembly 'Microsoft.VisualStudio.TestPlatform.Extensions.Html.TestLogger, Version=15.0.0.0, Culture=neutral, PublicKeyToken=b03f5f7f11d50a3a' file path 'C:\Program Files\dotnet\sdk\6.0.401\Extensions\Microsoft.VisualStudio.TestPlatform.Extensions.Html.TestLogger.dll'
TpTrace Information: 0 : 20680, 1, 2022/10/06, 07:07:43.075, 657839625226, vstest.console.dll, AssemblyResolver.OnResolve: Microsoft.VisualStudio.TestPlatform.Extensions.Trx.TestLogger: Resolving assembly.
TpTrace Information: 0 : 20680, 1, 2022/10/06, 07:07:43.076, 657839627107, vstest.console.dll, AssemblyResolver.OnResolve: Microsoft.VisualStudio.TestPlatform.Extensions.Trx.TestLogger: Searching in: 'C:\Program Files\dotnet\sdk\6.0.401\Extensions'.
TpTrace Information: 0 : 20680, 1, 2022/10/06, 07:07:43.077, 657839634658, vstest.console.dll, AssemblyResolver.OnResolve: Microsoft.VisualStudio.TestPlatform.Extensions.Trx.TestLogger: Loading assembly 'C:\Program Files\dotnet\sdk\6.0.401\Extensions\Microsoft.VisualStudio.TestPlatform.Extensions.Trx.TestLogger.dll'.
TpTrace Information: 0 : 20680, 1, 2022/10/06, 07:07:43.078, 657839646069, vstest.console.dll, AssemblyResolver.OnResolve: Resolved assembly: Microsoft.VisualStudio.TestPlatform.Extensions.Trx.TestLogger, from path: C:\Program Files\dotnet\sdk\6.0.401\Extensions\Microsoft.VisualStudio.TestPlatform.Extensions.Trx.TestLogger.dll
TpTrace Verbose: 0 : 20680, 1, 2022/10/06, 07:07:43.079, 657839648614, vstest.console.dll, MetadataReaderExtensionsHelper: Discovering extensions inside assembly 'Microsoft.VisualStudio.TestPlatform.Extensions.Trx.TestLogger, Version=15.0.0.0, Culture=neutral, PublicKeyToken=b03f5f7f11d50a3a' file path 'C:\Program Files\dotnet\sdk\6.0.401\Extensions\Microsoft.VisualStudio.TestPlatform.Extensions.Trx.TestLogger.dll'
TpTrace Verbose: 0 : 20680, 1, 2022/10/06, 07:07:43.082, 657839676227, vstest.console.dll, TestPluginCache: Discovered the extensions using extension path ''.
TpTrace Verbose: 0 : 20680, 1, 2022/10/06, 07:07:43.083, 657839678608, vstest.console.dll, TestPluginCache: Discoverers are ''.
TpTrace Verbose: 0 : 20680, 1, 2022/10/06, 07:07:43.083, 657839680088, vstest.console.dll, TestPluginCache: Executors are ''.
TpTrace Verbose: 0 : 20680, 1, 2022/10/06, 07:07:43.083, 657839680986, vstest.console.dll, TestPluginCache: Executors2 are ''.
TpTrace Verbose: 0 : 20680, 1, 2022/10/06, 07:07:43.083, 657839683020, vstest.console.dll, TestPluginCache: Setting providers are ''.
TpTrace Verbose: 0 : 20680, 1, 2022/10/06, 07:07:43.083, 657839683905, vstest.console.dll, TestPluginCache: Loggers are ''.
TpTrace Verbose: 0 : 20680, 1, 2022/10/06, 07:07:43.084, 657839688988, vstest.console.dll, TestPluginCache: TestHosts are 'HostProvider://DefaultTestHost,HostProvider://DotnetTestHost'.
TpTrace Verbose: 0 : 20680, 1, 2022/10/06, 07:07:43.084, 657839689916, vstest.console.dll, TestPluginCache: DataCollectors are ''.
TpTrace Information: 0 : 20680, 1, 2022/10/06, 07:07:43.132, 657840036623, vstest.console.dll, RunTestsArgumentProcessor:Execute: Test run is starting.
TpTrace Verbose: 0 : 20680, 1, 2022/10/06, 07:07:43.133, 657840038283, vstest.console.dll, RunTestsArgumentProcessor:Execute: Queuing Test run.
TpTrace Information: 0 : 20680, 1, 2022/10/06, 07:07:43.134, 657840045501, vstest.console.dll, TestRequestManager.RunTests: run tests started.
TpTrace Information: 0 : 20680, 1, 2022/10/06, 07:07:43.139, 657840082089, vstest.console.dll, AssemblyMetadataProvider.GetFrameworkName: Determined framework:'.NETCoreApp,Version=v6.0' for source: 'C:\Users\vagrant\source\repos\SeleniumUnitTests\bin\Debug\net6.0\fine-code-coverage\build-output\SeleniumUnitTests.dll'
TpTrace Information: 0 : 20680, 1, 2022/10/06, 07:07:43.139, 657840087870, vstest.console.dll, Determined framework for all sources: .NETCoreApp,Version=v6.0
TpTrace Verbose: 0 : 20680, 1, 2022/10/06, 07:07:43.142, 657840104645, vstest.console.dll, TestRequestManager.UpdateRunSettingsIfRequired: Default architecture: X64 IsDefaultTargetArchitecture: True, Current process architecture: X64 OperatingSystem: Windows.
TpTrace Information: 0 : 20680, 1, 2022/10/06, 07:07:43.153, 657840186977, vstest.console.dll, AssemblyMetadataProvider.GetArchitecture: Determined architecture:AnyCPU info for assembly: C:\Users\vagrant\source\repos\SeleniumUnitTests\bin\Debug\net6.0\fine-code-coverage\build-output\SeleniumUnitTests.dll
TpTrace Information: 0 : 20680, 1, 2022/10/06, 07:07:43.153, 657840188341, vstest.console.dll, Determined platform for source 'C:\Users\vagrant\source\repos\SeleniumUnitTests\bin\Debug\net6.0\fine-code-coverage\build-output\SeleniumUnitTests.dll' was AnyCPU and it will use the default plaform X64.
TpTrace Information: 0 : 20680, 1, 2022/10/06, 07:07:43.153, 657840188964, vstest.console.dll, None of the sources provided any runnable platform, using the default platform: X64
TpTrace Information: 0 : 20680, 1, 2022/10/06, 07:07:43.154, 657840190712, vstest.console.dll, Platform was updated to 'X64'.
TpTrace Information: 0 : 20680, 1, 2022/10/06, 07:07:43.190, 657840451008, vstest.console.dll, InferRunSettingsHelper.IsTestSettingsEnabled: Unable to navigate to RunSettings/MSTest. Current node: RunSettings
TpTrace Information: 0 : 20680, 1, 2022/10/06, 07:07:43.192, 657840470399, vstest.console.dll, AssemblyResolver.OnResolve: Microsoft.VisualStudio.TestPlatform.Fakes: Resolving assembly.
TpTrace Information: 0 : 20680, 1, 2022/10/06, 07:07:43.193, 657840471855, vstest.console.dll, AssemblyResolver.OnResolve: Microsoft.VisualStudio.TestPlatform.Fakes: Searching in: 'C:\Program Files\dotnet\sdk\6.0.401\Extensions'.
TpTrace Information: 0 : 20680, 1, 2022/10/06, 07:07:43.193, 657840473692, vstest.console.dll, AssemblyResolver.OnResolve: Microsoft.VisualStudio.TestPlatform.Fakes: Assembly path does not exist: 'C:\Program Files\dotnet\sdk\6.0.401\Extensions\Microsoft.VisualStudio.TestPlatform.Fakes.dll', returning.
TpTrace Information: 0 : 20680, 1, 2022/10/06, 07:07:43.193, 657840475320, vstest.console.dll, AssemblyResolver.OnResolve: Microsoft.VisualStudio.TestPlatform.Fakes: Assembly path does not exist: 'C:\Program Files\dotnet\sdk\6.0.401\Extensions\Microsoft.VisualStudio.TestPlatform.Fakes.exe', returning.
TpTrace Information: 0 : 20680, 1, 2022/10/06, 07:07:43.193, 657840476572, vstest.console.dll, AssemblyResolver.OnResolve: Microsoft.VisualStudio.TestPlatform.Fakes: Searching in: 'C:\Program Files\dotnet\sdk\6.0.401'.
TpTrace Information: 0 : 20680, 1, 2022/10/06, 07:07:43.193, 657840478364, vstest.console.dll, AssemblyResolver.OnResolve: Microsoft.VisualStudio.TestPlatform.Fakes: Assembly path does not exist: 'C:\Program Files\dotnet\sdk\6.0.401\Microsoft.VisualStudio.TestPlatform.Fakes.dll', returning.
TpTrace Information: 0 : 20680, 1, 2022/10/06, 07:07:43.194, 657840480080, vstest.console.dll, AssemblyResolver.OnResolve: Microsoft.VisualStudio.TestPlatform.Fakes: Assembly path does not exist: 'C:\Program Files\dotnet\sdk\6.0.401\Microsoft.VisualStudio.TestPlatform.Fakes.exe', returning.
TpTrace Information: 0 : 20680, 1, 2022/10/06, 07:07:43.194, 657840481031, vstest.console.dll, AssemblyResolver.OnResolve: Microsoft.VisualStudio.TestPlatform.Fakes: Failed to load assembly.
TpTrace Information: 0 : 20680, 1, 2022/10/06, 07:07:43.195, 657840489089, vstest.console.dll, Failed to load assembly Microsoft.VisualStudio.TestPlatform.Fakes, Version=17.0.0.0, Culture=neutral. Reason:System.IO.FileNotFoundException: Could not load file or assembly 'Microsoft.VisualStudio.TestPlatform.Fakes, Version=17.0.0.0, Culture=neutral, PublicKeyToken=null'. The system cannot find the file specified.
File name: 'Microsoft.VisualStudio.TestPlatform.Fakes, Version=17.0.0.0, Culture=neutral, PublicKeyToken=null'
   at System.Reflection.RuntimeAssembly.InternalLoad(ObjectHandleOnStack assemblyName, ObjectHandleOnStack requestingAssembly, StackCrawlMarkHandle stackMark, Boolean throwOnFileNotFound, ObjectHandleOnStack assemblyLoadContext, ObjectHandleOnStack retAssembly)
   at System.Reflection.RuntimeAssembly.InternalLoad(AssemblyName assemblyName, RuntimeAssembly requestingAssembly, StackCrawlMark& stackMark, Boolean throwOnFileNotFound, AssemblyLoadContext assemblyLoadContext)
   at System.Reflection.Assembly.Load(AssemblyName assemblyRef)
   at Microsoft.VisualStudio.TestPlatform.Common.Utilities.FakesUtilities.LoadTestPlatformAssembly()
TpTrace Verbose: 0 : 20680, 1, 2022/10/06, 07:07:43.213, 657840617287, vstest.console.dll, TestPluginCache.DiscoverTestExtensions: finding test extensions in assemblies ends with: TestLogger.dll TPluginInfo: Microsoft.VisualStudio.TestPlatform.Common.ExtensionFramework.Utilities.TestLoggerPluginInformation TExtension: Microsoft.VisualStudio.TestPlatform.ObjectModel.Client.ITestLogger
TpTrace Verbose: 0 : 20680, 1, 2022/10/06, 07:07:43.213, 657840619313, vstest.console.dll, TestPluginCache.GetExtensionPaths: Filtered extension paths: 
TpTrace Verbose: 0 : 20680, 1, 2022/10/06, 07:07:43.213, 657840620313, vstest.console.dll, TestPluginCache.GetExtensionPaths: Added default extension paths: C:\Program Files\dotnet\sdk\6.0.401\Extensions\Microsoft.Diagnostics.NETCore.Client.dll
C:\Program Files\dotnet\sdk\6.0.401\Extensions\Microsoft.TestPlatform.Extensions.BlameDataCollector.dll
C:\Program Files\dotnet\sdk\6.0.401\Extensions\Microsoft.TestPlatform.Extensions.EventLogCollector.dll
C:\Program Files\dotnet\sdk\6.0.401\Extensions\Microsoft.TestPlatform.TestHostRuntimeProvider.dll
C:\Program Files\dotnet\sdk\6.0.401\Extensions\Microsoft.VisualStudio.TestPlatform.Extensions.Html.TestLogger.dll
C:\Program Files\dotnet\sdk\6.0.401\Extensions\Microsoft.VisualStudio.TestPlatform.Extensions.Trx.TestLogger.dll
TpTrace Verbose: 0 : 20680, 1, 2022/10/06, 07:07:43.213, 657840622496, vstest.console.dll, TestPluginCache.GetExtensionPaths: Added unfilterableExtensionPaths: 
TpTrace Information: 0 : 20680, 1, 2022/10/06, 07:07:43.214, 657840625590, vstest.console.dll, AssemblyResolver.AddSearchDirectories: Adding more searchDirectories C:\Program Files\dotnet\sdk\6.0.401\Extensions,C:\Program Files\dotnet\sdk\6.0.401
TpTrace Verbose: 0 : 20680, 1, 2022/10/06, 07:07:43.214, 657840627373, vstest.console.dll, TestPluginCache.DiscoverTestExtensions: Discovering the extensions using extension path.
TpTrace Verbose: 0 : 20680, 1, 2022/10/06, 07:07:43.214, 657840628446, vstest.console.dll, TestPluginCache.GetExtensionPaths: Filtered extension paths: 
TpTrace Verbose: 0 : 20680, 1, 2022/10/06, 07:07:43.214, 657840629402, vstest.console.dll, TestPluginCache.GetExtensionPaths: Added default extension paths: C:\Program Files\dotnet\sdk\6.0.401\Extensions\Microsoft.Diagnostics.NETCore.Client.dll
C:\Program Files\dotnet\sdk\6.0.401\Extensions\Microsoft.TestPlatform.Extensions.BlameDataCollector.dll
C:\Program Files\dotnet\sdk\6.0.401\Extensions\Microsoft.TestPlatform.Extensions.EventLogCollector.dll
C:\Program Files\dotnet\sdk\6.0.401\Extensions\Microsoft.TestPlatform.TestHostRuntimeProvider.dll
C:\Program Files\dotnet\sdk\6.0.401\Extensions\Microsoft.VisualStudio.TestPlatform.Extensions.Html.TestLogger.dll
C:\Program Files\dotnet\sdk\6.0.401\Extensions\Microsoft.VisualStudio.TestPlatform.Extensions.Trx.TestLogger.dll
TpTrace Verbose: 0 : 20680, 1, 2022/10/06, 07:07:43.214, 657840630478, vstest.console.dll, TestPluginCache.GetExtensionPaths: Added unfilterableExtensionPaths: 
TpTrace Verbose: 0 : 20680, 1, 2022/10/06, 07:07:43.215, 657840632588, vstest.console.dll, TestPluginCache.DiscoverTestExtensions: Discovering the extensions using allExtensionPaths: C:\Program Files\dotnet\sdk\6.0.401\Extensions\Microsoft.Diagnostics.NETCore.Client.dll
C:\Program Files\dotnet\sdk\6.0.401\Extensions\Microsoft.TestPlatform.Extensions.BlameDataCollector.dll
C:\Program Files\dotnet\sdk\6.0.401\Extensions\Microsoft.TestPlatform.Extensions.EventLogCollector.dll
C:\Program Files\dotnet\sdk\6.0.401\Extensions\Microsoft.TestPlatform.TestHostRuntimeProvider.dll
C:\Program Files\dotnet\sdk\6.0.401\Extensions\Microsoft.VisualStudio.TestPlatform.Extensions.Html.TestLogger.dll
C:\Program Files\dotnet\sdk\6.0.401\Extensions\Microsoft.VisualStudio.TestPlatform.Extensions.Trx.TestLogger.dll
TpTrace Information: 0 : 20680, 1, 2022/10/06, 07:07:43.215, 657840635073, vstest.console.dll, AssemblyResolver.AddSearchDirectories: Adding more searchDirectories C:\Program Files\dotnet\sdk\6.0.401\Extensions,C:\Program Files\dotnet\sdk\6.0.401
TpTrace Information: 0 : 20680, 1, 2022/10/06, 07:07:43.215, 657840636321, vstest.console.dll, AssemblyResolver.AddSearchDirectories: Adding more searchDirectories C:\Program Files\dotnet\sdk\6.0.401\Extensions,C:\Program Files\dotnet\sdk\6.0.401
TpTrace Information: 0 : 20680, 1, 2022/10/06, 07:07:43.216, 657840637813, vstest.console.dll, AssemblyResolver.AddSearchDirectories: Adding more searchDirectories C:\Program Files\dotnet\sdk\6.0.401\Extensions,C:\Program Files\dotnet\sdk\6.0.401
TpTrace Information: 0 : 20680, 1, 2022/10/06, 07:07:43.216, 657840638770, vstest.console.dll, AssemblyResolver.AddSearchDirectories: Adding more searchDirectories C:\Program Files\dotnet\sdk\6.0.401\Extensions,C:\Program Files\dotnet\sdk\6.0.401
TpTrace Information: 0 : 20680, 1, 2022/10/06, 07:07:43.216, 657840639876, vstest.console.dll, AssemblyResolver.AddSearchDirectories: Adding more searchDirectories C:\Program Files\dotnet\sdk\6.0.401\Extensions,C:\Program Files\dotnet\sdk\6.0.401
TpTrace Information: 0 : 20680, 1, 2022/10/06, 07:07:43.216, 657840640905, vstest.console.dll, AssemblyResolver.AddSearchDirectories: Adding more searchDirectories C:\Program Files\dotnet\sdk\6.0.401\Extensions,C:\Program Files\dotnet\sdk\6.0.401
TpTrace Verbose: 0 : 20680, 1, 2022/10/06, 07:07:43.217, 657840645809, vstest.console.dll, MetadataReaderExtensionsHelper: Discovering extensions inside assembly 'Microsoft.Diagnostics.NETCore.Client, Version=0.2.5.801, Culture=neutral, PublicKeyToken=31bf3856ad364e35' file path 'C:\Program Files\dotnet\sdk\6.0.401\Extensions\Microsoft.Diagnostics.NETCore.Client.dll'
TpTrace Information: 0 : 20680, 1, 2022/10/06, 07:07:43.218, 657840656421, vstest.console.dll, AssemblyResolver.OnResolve: Microsoft.Bcl.AsyncInterfaces: Resolving assembly.
TpTrace Information: 0 : 20680, 1, 2022/10/06, 07:07:43.218, 657840658443, vstest.console.dll, AssemblyResolver.OnResolve: Microsoft.Bcl.AsyncInterfaces: Resolved from cache.
TpTrace Verbose: 0 : 20680, 1, 2022/10/06, 07:07:43.218, 657840659400, vstest.console.dll, CurrentDomainAssemblyResolve: Resolving assembly 'Microsoft.Bcl.AsyncInterfaces'.
TpTrace Information: 0 : 20680, 1, 2022/10/06, 07:07:43.219, 657840660819, vstest.console.dll, AssemblyResolver.OnResolve: Microsoft.Bcl.AsyncInterfaces: Resolving assembly.
TpTrace Information: 0 : 20680, 1, 2022/10/06, 07:07:43.219, 657840662234, vstest.console.dll, AssemblyResolver.OnResolve: Microsoft.Bcl.AsyncInterfaces: Resolved from cache.
TpTrace Verbose: 0 : 20680, 1, 2022/10/06, 07:07:43.219, 657840663196, vstest.console.dll, CurrentDomainAssemblyResolve: Resolving assembly 'Microsoft.Bcl.AsyncInterfaces'.
TpTrace Verbose: 0 : 20680, 1, 2022/10/06, 07:07:43.219, 657840664290, vstest.console.dll, CurrentDomainAssemblyResolve: Failed to resolve assembly 'Microsoft.Bcl.AsyncInterfaces'.
TpTrace Verbose: 0 : 20680, 1, 2022/10/06, 07:07:43.220, 657840669526, vstest.console.dll, CurrentDomainAssemblyResolve: Failed to resolve assembly 'Microsoft.Bcl.AsyncInterfaces'.
TpTrace Warning: 0 : 20680, 1, 2022/10/06, 07:07:43.222, 657840683401, vstest.console.dll, TestPluginDiscoverer: Failed to get types from assembly 'Microsoft.Diagnostics.NETCore.Client, Version=0.2.5.801, Culture=neutral, PublicKeyToken=31bf3856ad364e35'. Error: System.Reflection.ReflectionTypeLoadException: Unable to load one or more of the requested types.
Could not load file or assembly 'Microsoft.Bcl.AsyncInterfaces, Version=1.0.0.0, Culture=neutral, PublicKeyToken=cc7b13ffcd2ddd51'. The system cannot find the file specified.
   at System.Reflection.RuntimeModule.GetTypes(RuntimeModule module)
   at System.Reflection.Assembly.GetTypes()
   at Microsoft.VisualStudio.TestPlatform.Common.ExtensionFramework.TestPluginDiscoverer.GetTestExtensionsFromAssembly[TPluginInfo,TExtension](Assembly assembly, Dictionary`2 pluginInfos, String filePath)
System.IO.FileNotFoundException: Could not load file or assembly 'Microsoft.Bcl.AsyncInterfaces, Version=1.0.0.0, Culture=neutral, PublicKeyToken=cc7b13ffcd2ddd51'. The system cannot find the file specified.
File name: 'Microsoft.Bcl.AsyncInterfaces, Version=1.0.0.0, Culture=neutral, PublicKeyToken=cc7b13ffcd2ddd51'
 ---> System.IO.FileNotFoundException: Could not load file or assembly 'Microsoft.Bcl.AsyncInterfaces, Culture=neutral, PublicKeyToken=null'. The system cannot find the file specified.
File name: 'Microsoft.Bcl.AsyncInterfaces, Culture=neutral, PublicKeyToken=null'
   at System.Reflection.RuntimeAssembly.InternalLoad(ObjectHandleOnStack assemblyName, ObjectHandleOnStack requestingAssembly, StackCrawlMarkHandle stackMark, Boolean throwOnFileNotFound, ObjectHandleOnStack assemblyLoadContext, ObjectHandleOnStack retAssembly)
   at System.Reflection.RuntimeAssembly.InternalLoad(AssemblyName assemblyName, RuntimeAssembly requestingAssembly, StackCrawlMark& stackMark, Boolean throwOnFileNotFound, AssemblyLoadContext assemblyLoadContext)
   at System.Reflection.Assembly.Load(AssemblyName assemblyRef)
   at Microsoft.VisualStudio.TestPlatform.Common.ExtensionFramework.TestPluginCache.CurrentDomainAssemblyResolve(Object sender, AssemblyResolveEventArgs args)
   at Microsoft.VisualStudio.TestPlatform.PlatformAbstractions.PlatformAssemblyResolver.AssemblyResolverEvent(Object sender, Object eventArgs)
   at System.Runtime.Loader.AssemblyLoadContext.GetFirstResolvedAssemblyFromResolvingEvent(AssemblyName assemblyName)
   at System.Runtime.Loader.AssemblyLoadContext.ResolveUsingEvent(AssemblyName assemblyName)
   at System.Runtime.Loader.AssemblyLoadContext.ResolveUsingResolvingEvent(IntPtr gchManagedAssemblyLoadContext, AssemblyName assemblyName)
TpTrace Warning: 0 : 20680, 1, 2022/10/06, 07:07:43.223, 657840692492, vstest.console.dll, LoaderExceptions: System.IO.FileNotFoundException: Could not load file or assembly 'Microsoft.Bcl.AsyncInterfaces, Version=1.0.0.0, Culture=neutral, PublicKeyToken=cc7b13ffcd2ddd51'. The system cannot find the file specified.
File name: 'Microsoft.Bcl.AsyncInterfaces, Version=1.0.0.0, Culture=neutral, PublicKeyToken=cc7b13ffcd2ddd51'
 ---> System.IO.FileNotFoundException: Could not load file or assembly 'Microsoft.Bcl.AsyncInterfaces, Culture=neutral, PublicKeyToken=null'. The system cannot find the file specified.
File name: 'Microsoft.Bcl.AsyncInterfaces, Culture=neutral, PublicKeyToken=null'
   at System.Reflection.RuntimeAssembly.InternalLoad(ObjectHandleOnStack assemblyName, ObjectHandleOnStack requestingAssembly, StackCrawlMarkHandle stackMark, Boolean throwOnFileNotFound, ObjectHandleOnStack assemblyLoadContext, ObjectHandleOnStack retAssembly)
   at System.Reflection.RuntimeAssembly.InternalLoad(AssemblyName assemblyName, RuntimeAssembly requestingAssembly, StackCrawlMark& stackMark, Boolean throwOnFileNotFound, AssemblyLoadContext assemblyLoadContext)
   at System.Reflection.Assembly.Load(AssemblyName assemblyRef)
   at Microsoft.VisualStudio.TestPlatform.Common.ExtensionFramework.TestPluginCache.CurrentDomainAssemblyResolve(Object sender, AssemblyResolveEventArgs args)
   at Microsoft.VisualStudio.TestPlatform.PlatformAbstractions.PlatformAssemblyResolver.AssemblyResolverEvent(Object sender, Object eventArgs)
   at System.Runtime.Loader.AssemblyLoadContext.GetFirstResolvedAssemblyFromResolvingEvent(AssemblyName assemblyName)
   at System.Runtime.Loader.AssemblyLoadContext.ResolveUsingEvent(AssemblyName assemblyName)
   at System.Runtime.Loader.AssemblyLoadContext.ResolveUsingResolvingEvent(IntPtr gchManagedAssemblyLoadContext, AssemblyName assemblyName)
TpTrace Verbose: 0 : 20680, 1, 2022/10/06, 07:07:43.224, 657840695887, vstest.console.dll, MetadataReaderExtensionsHelper: Discovering extensions inside assembly 'Microsoft.TestPlatform.Extensions.BlameDataCollector, Version=15.0.0.0, Culture=neutral, PublicKeyToken=b03f5f7f11d50a3a' file path 'C:\Program Files\dotnet\sdk\6.0.401\Extensions\Microsoft.TestPlatform.Extensions.BlameDataCollector.dll'
TpTrace Information: 0 : 20680, 1, 2022/10/06, 07:07:43.225, 657840709931, vstest.console.dll, GetTestExtensionFromType: Register extension with identifier data 'logger://Microsoft/TestPlatform/Extensions/Blame/v1' and type 'Microsoft.TestPlatform.Extensions.BlameDataCollector.BlameLogger, Microsoft.TestPlatform.Extensions.BlameDataCollector, Version=15.0.0.0, Culture=neutral, PublicKeyToken=b03f5f7f11d50a3a' inside file 'C:\Program Files\dotnet\sdk\6.0.401\Extensions\Microsoft.TestPlatform.Extensions.BlameDataCollector.dll'
TpTrace Verbose: 0 : 20680, 1, 2022/10/06, 07:07:43.226, 657840712199, vstest.console.dll, MetadataReaderExtensionsHelper: Discovering extensions inside assembly 'Microsoft.TestPlatform.Extensions.EventLogCollector, Version=15.0.0.0, Culture=neutral, PublicKeyToken=b03f5f7f11d50a3a' file path 'C:\Program Files\dotnet\sdk\6.0.401\Extensions\Microsoft.TestPlatform.Extensions.EventLogCollector.dll'
TpTrace Verbose: 0 : 20680, 1, 2022/10/06, 07:07:43.227, 657840718945, vstest.console.dll, MetadataReaderExtensionsHelper: Discovering extensions inside assembly 'Microsoft.TestPlatform.TestHostRuntimeProvider, Version=15.0.0.0, Culture=neutral, PublicKeyToken=b03f5f7f11d50a3a' file path 'C:\Program Files\dotnet\sdk\6.0.401\Extensions\Microsoft.TestPlatform.TestHostRuntimeProvider.dll'
TpTrace Verbose: 0 : 20680, 1, 2022/10/06, 07:07:43.228, 657840725632, vstest.console.dll, MetadataReaderExtensionsHelper: Discovering extensions inside assembly 'Microsoft.VisualStudio.TestPlatform.Extensions.Html.TestLogger, Version=15.0.0.0, Culture=neutral, PublicKeyToken=b03f5f7f11d50a3a' file path 'C:\Program Files\dotnet\sdk\6.0.401\Extensions\Microsoft.VisualStudio.TestPlatform.Extensions.Html.TestLogger.dll'
TpTrace Information: 0 : 20680, 1, 2022/10/06, 07:07:43.229, 657840733328, vstest.console.dll, GetTestExtensionFromType: Register extension with identifier data 'logger://Microsoft/TestPlatform/HtmlLogger/v1' and type 'Microsoft.VisualStudio.TestPlatform.Extensions.HtmlLogger.HtmlLogger, Microsoft.VisualStudio.TestPlatform.Extensions.Html.TestLogger, Version=15.0.0.0, Culture=neutral, PublicKeyToken=b03f5f7f11d50a3a' inside file 'C:\Program Files\dotnet\sdk\6.0.401\Extensions\Microsoft.VisualStudio.TestPlatform.Extensions.Html.TestLogger.dll'
TpTrace Verbose: 0 : 20680, 1, 2022/10/06, 07:07:43.229, 657840734929, vstest.console.dll, MetadataReaderExtensionsHelper: Discovering extensions inside assembly 'Microsoft.VisualStudio.TestPlatform.Extensions.Trx.TestLogger, Version=15.0.0.0, Culture=neutral, PublicKeyToken=b03f5f7f11d50a3a' file path 'C:\Program Files\dotnet\sdk\6.0.401\Extensions\Microsoft.VisualStudio.TestPlatform.Extensions.Trx.TestLogger.dll'
TpTrace Information: 0 : 20680, 1, 2022/10/06, 07:07:43.230, 657840743481, vstest.console.dll, GetTestExtensionFromType: Register extension with identifier data 'logger://Microsoft/TestPlatform/TrxLogger/v1' and type 'Microsoft.VisualStudio.TestPlatform.Extensions.TrxLogger.TrxLogger, Microsoft.VisualStudio.TestPlatform.Extensions.Trx.TestLogger, Version=15.0.0.0, Culture=neutral, PublicKeyToken=b03f5f7f11d50a3a' inside file 'C:\Program Files\dotnet\sdk\6.0.401\Extensions\Microsoft.VisualStudio.TestPlatform.Extensions.Trx.TestLogger.dll'
TpTrace Verbose: 0 : 20680, 1, 2022/10/06, 07:07:43.230, 657840745233, vstest.console.dll, TestPluginCache: Discovered the extensions using extension path ''.
TpTrace Verbose: 0 : 20680, 1, 2022/10/06, 07:07:43.231, 657840746915, vstest.console.dll, TestPluginCache: Discoverers are ''.
TpTrace Verbose: 0 : 20680, 1, 2022/10/06, 07:07:43.231, 657840747808, vstest.console.dll, TestPluginCache: Executors are ''.
TpTrace Verbose: 0 : 20680, 1, 2022/10/06, 07:07:43.231, 657840748574, vstest.console.dll, TestPluginCache: Executors2 are ''.
TpTrace Verbose: 0 : 20680, 1, 2022/10/06, 07:07:43.231, 657840749410, vstest.console.dll, TestPluginCache: Setting providers are ''.
TpTrace Verbose: 0 : 20680, 1, 2022/10/06, 07:07:43.231, 657840751603, vstest.console.dll, TestPluginCache: Loggers are 'logger://Microsoft/TestPlatform/Extensions/Blame/v1,logger://Microsoft/TestPlatform/HtmlLogger/v1,logger://Microsoft/TestPlatform/TrxLogger/v1'.
TpTrace Verbose: 0 : 20680, 1, 2022/10/06, 07:07:43.231, 657840752852, vstest.console.dll, TestPluginCache: TestHosts are 'HostProvider://DefaultTestHost,HostProvider://DotnetTestHost'.
TpTrace Verbose: 0 : 20680, 1, 2022/10/06, 07:07:43.232, 657840753677, vstest.console.dll, TestPluginCache: DataCollectors are ''.
TpTrace Information: 0 : 20680, 1, 2022/10/06, 07:07:43.235, 657840779338, vstest.console.dll, TestPluginManager.CreateTestExtension: Attempting to load test extension: Microsoft.TestPlatform.Extensions.BlameDataCollector.BlameLogger
TpTrace Verbose: 0 : 20680, 1, 2022/10/06, 07:07:43.268, 657841019018, vstest.console.dll, TestEngine: Initializing Parallel Execution as MaxCpuCount is set to: 1
TpTrace Information: 0 : 20680, 1, 2022/10/06, 07:07:43.283, 657841128186, vstest.console.dll, TestPluginManager.CreateTestExtension: Attempting to load test extension: Microsoft.VisualStudio.TestPlatform.CrossPlatEngine.Hosting.DefaultTestHostManager
TpTrace Information: 0 : 20680, 1, 2022/10/06, 07:07:43.288, 657841164434, vstest.console.dll, TestPluginManager.CreateTestExtension: Attempting to load test extension: Microsoft.VisualStudio.TestPlatform.CrossPlatEngine.Hosting.DotnetTestHostManager
TpTrace Information: 0 : 20680, 1, 2022/10/06, 07:07:43.293, 657841195876, vstest.console.dll, InferRunSettingsHelper.IsTestSettingsEnabled: Unable to navigate to RunSettings/MSTest. Current node: RunSettings
TpTrace Verbose: 0 : 20680, 1, 2022/10/06, 07:07:43.353, 657841634411, vstest.console.dll, TestEngine.GetExecutionManager: Chosen execution manager 'Microsoft.VisualStudio.TestPlatform.CrossPlatEngine.Client.Parallel.ParallelProxyExecutionManager, Microsoft.TestPlatform.CrossPlatEngine, Version=15.0.0.0, Culture=neutral, PublicKeyToken=b03f5f7f11d50a3a' ParallelLevel '1'.
TpTrace Verbose: 0 : 20680, 1, 2022/10/06, 07:07:43.354, 657841638821, vstest.console.dll, TestRunRequest.ExecuteAsync: Creating test run request.
TpTrace Verbose: 0 : 20680, 1, 2022/10/06, 07:07:43.355, 657841646448, vstest.console.dll, TestRunRequest.ExecuteAsync: Starting.
TpTrace Information: 0 : 20680, 1, 2022/10/06, 07:07:43.357, 657841657168, vstest.console.dll, TestRunRequest.ExecuteAsync: Starting run with settings:TestRunCriteria:
   KeepAlive=False,FrequencyOfRunStatsChangeEvent=10,RunStatsChangeEventTimeout=00:00:01.5000000,TestCaseFilter=,TestExecutorLauncher=
   Settingsxml=<RunSettings>
  <RunConfiguration>
    <ResultsDirectory>C:\Users\vagrant\source\repos\SeleniumUnitTests\bin\Debug\net6.0\fine-code-coverage\coverage-tool-output</ResultsDirectory>
    <TargetPlatform>X64</TargetPlatform>
    <TargetFrameworkVersion>.NETCoreApp,Version=v6.0</TargetFrameworkVersion>
    <DesignMode>False</DesignMode>
    <CollectSourceInformation>False</CollectSourceInformation>
  </RunConfiguration>
  <LoggerRunSettings>
    <Loggers>
      <Logger friendlyName="blame" enabled="True" />
      <Logger friendlyName="Console" uri="logger://microsoft/TestPlatform/ConsoleLogger/v1" assemblyQualifiedName="Microsoft.VisualStudio.TestPlatform.CommandLine.Internal.ConsoleLogger, vstest.console, Version=15.0.0.0, Culture=neutral, PublicKeyToken=b03f5f7f11d50a3a" codeBase="C:\Program Files\dotnet\sdk\6.0.401\vstest.console.dll" enabled="True" />
    </Loggers>
  </LoggerRunSettings>
  <DataCollectionRunSettings>
    <DataCollectors>
      <DataCollector friendlyName="blame" enabled="True">
        <Configuration>
          <ResultsDirectory>C:\Users\vagrant\source\repos\SeleniumUnitTests\bin\Debug\net6.0\fine-code-coverage\coverage-tool-output</ResultsDirectory>
        </Configuration>
      </DataCollector>
    </DataCollectors>
  </DataCollectionRunSettings>
</RunSettings>

TpTrace Verbose: 0 : 20680, 1, 2022/10/06, 07:07:43.357, 657841658744, vstest.console.dll, TestRunRequest.ExecuteAsync: Wait for the first run request is over.
TpTrace Verbose: 0 : 20680, 4, 2022/10/06, 07:07:43.359, 657841676312, vstest.console.dll, MulticastDelegateUtilities.SafeInvoke: InternalTestLoggerEvents.SendTestRunStart: Invoking callback 1/1 for Microsoft.VisualStudio.TestPlatform.CommandLine.Internal.ConsoleLogger.TestRunStartHandler, took 0 ms.
TpTrace Verbose: 0 : 20680, 1, 2022/10/06, 07:07:43.360, 657841678699, vstest.console.dll, MulticastDelegateUtilities.SafeInvoke: TestRun.TestRunStart: Invoking callbacks was skipped because there are no subscribers.
TpTrace Verbose: 0 : 20680, 1, 2022/10/06, 07:07:43.364, 657841708047, vstest.console.dll, ParallelProxyExecutionManager: Start execution. Total sources: 1
TpTrace Verbose: 0 : 20680, 1, 2022/10/06, 07:07:43.373, 657841776963, vstest.console.dll, TestRequestSender is acting as server.
TpTrace Verbose: 0 : 20680, 1, 2022/10/06, 07:07:43.406, 657842014280, vstest.console.dll, DataCollectionRequestSender.InitializeCommunication : Initialize communication. 
TpTrace Information: 0 : 20680, 1, 2022/10/06, 07:07:43.437, 657842238793, vstest.console.dll, Listening on Endpoint : 127.0.0.1:52903
TpTrace Verbose: 0 : 20680, 1, 2022/10/06, 07:07:43.478, 657842533351, vstest.console.dll, DotnetDataCollectionLauncher: Adding  --runtimeconfig "C:\Program Files\dotnet\sdk\6.0.401\datacollector.runtimeconfig.json" in args
TpTrace Verbose: 0 : 20680, 1, 2022/10/06, 07:07:43.478, 657842535986, vstest.console.dll, DotnetDataCollectionLauncher: Adding  --depsfile "C:\Program Files\dotnet\sdk\6.0.401\datacollector.deps.json" in args
TpTrace Verbose: 0 : 20680, 1, 2022/10/06, 07:07:43.479, 657842539737, vstest.console.dll, DotnetDataCollectionLauncher: Full path of dotnet.exe is C:\Program Files\dotnet\dotnet.exe
TpTrace Information: 0 : 20680, 1, 2022/10/06, 07:07:43.537, 657842962900, vstest.console.dll, ProxyDataCollectionManager.Initialize: Launched datacollector processId: 11060 port: 52903
TpTrace Information: 0 : 20680, 1, 2022/10/06, 07:07:43.538, 657842968579, vstest.console.dll, ProxyDataCollectionManager.Initialize: waiting for connection with timeout: 90 seconds
TpTrace Verbose: 0 : 20680, 1, 2022/10/06, 07:07:43.538, 657842969974, vstest.console.dll, DataCollectionRequestSender.WaitForRequestHandlerConnection : Waiting for connection with timeout: 90000
TpTrace Verbose: 0 : 20680, 1, 2022/10/06, 07:07:44.229, 657847960562, vstest.console.dll, SocketCommunicationManager.WaitForClientConnection took: 498 ms, with 90000 ms timeout, and finished with True.
TpTrace Information: 0 : 20680, 5, 2022/10/06, 07:07:44.229, 657847960516, vstest.console.dll, Using the buffer size of 16384 bytes
TpTrace Information: 0 : 20680, 5, 2022/10/06, 07:07:44.230, 657847965226, vstest.console.dll, Accepted Client request and set the flag
TpTrace Verbose: 0 : 20680, 1, 2022/10/06, 07:07:44.230, 657847969108, vstest.console.dll, ProxyDataCollectionManager.InvokeDataCollectionServiceAction: Starting.
TpTrace Information: 0 : 20680, 1, 2022/10/06, 07:07:44.231, 657847971688, vstest.console.dll, ProxyDataCollectionManager.BeforeTestRunStart: Get environment variable and port for datacollector processId: 11060 port: 52903
TpTrace Verbose: 0 : 20680, 1, 2022/10/06, 07:07:44.231, 657847975078, vstest.console.dll, DataCollectionRequestSender.SendBeforeTestRunStartAndGetResult: Send BeforeTestRunStart message with settingsXml <RunSettings><RunConfiguration><ResultsDirectory>C:\Users\vagrant\source\repos\SeleniumUnitTests\bin\Debug\net6.0\fine-code-coverage\coverage-tool-output</ResultsDirectory><TargetPlatform>X64</TargetPlatform><TargetFrameworkVersion>.NETCoreApp,Version=v6.0</TargetFrameworkVersion><DesignMode>False</DesignMode><CollectSourceInformation>False</CollectSourceInformation><TestAdaptersPaths>C:\Program Files\dotnet\sdk\6.0.401\Extensions</TestAdaptersPaths></RunConfiguration><LoggerRunSettings><Loggers><Logger friendlyName="blame" enabled="True" /><Logger friendlyName="Console" uri="logger://microsoft/TestPlatform/ConsoleLogger/v1" assemblyQualifiedName="Microsoft.VisualStudio.TestPlatform.CommandLine.Internal.ConsoleLogger, vstest.console, Version=15.0.0.0, Culture=neutral, PublicKeyToken=b03f5f7f11d50a3a" codeBase="C:\Program Files\dotnet\sdk\6.0.401\vstest.console.dll" enabled="True" /></Loggers></LoggerRunSettings><DataCollectionRunSettings><DataCollectors><DataCollector friendlyName="blame" enabled="True"><Configuration><ResultsDirectory>C:\Users\vagrant\source\repos\SeleniumUnitTests\bin\Debug\net6.0\fine-code-coverage\coverage-tool-output</ResultsDirectory></Configuration></DataCollector></DataCollectors></DataCollectionRunSettings></RunSettings> and sources System.Collections.Generic.List`1[System.String]: 
TpTrace Verbose: 0 : 20680, 1, 2022/10/06, 07:07:44.529, 657850126566, vstest.console.dll, DataCollectionRequestSender.SendBeforeTestRunStartAndGetResult: Received message: (DataCollection.SendMessage) -> {"MessageType":"DataCollection.SendMessage","Payload":{"FriendlyName":null,"Uri":null,"TestCaseId":"00000000-0000-0000-0000-000000000000","Message":"Logging DataCollector Diagnostics in file: C:\\Users\\vagrant\\source\\repos\\SeleniumUnitTests\\bin\\Debug\\net6.0\\fine-code-coverage\\coverage-tool-output\\diagnostics.datacollector.22-10-06_07-07-43_47746_1.log","Level":0}}
TpTrace Verbose: 0 : 20680, 1, 2022/10/06, 07:07:44.915, 657852914046, vstest.console.dll, DataCollectionRequestSender.SendBeforeTestRunStartAndGetResult: Received message: (DataCollection.BeforeTestRunStartResult) -> {"MessageType":"DataCollection.BeforeTestRunStartResult","Payload":{"EnvironmentVariables":{},"DataCollectionEventsPort":52906}}
TpTrace Information: 0 : 20680, 1, 2022/10/06, 07:07:44.950, 657853167931, vstest.console.dll, ProxyDataCollectionManager.BeforeTestRunStart: SendBeforeTestRunStartAndGetResult successful, env variable from datacollector:   and testhost port: 52906
TpTrace Information: 0 : 20680, 1, 2022/10/06, 07:07:44.950, 657853170040, vstest.console.dll, ProxyDataCollectionManager.InvokeDataCollectionServiceAction: Completed.
TpTrace Verbose: 0 : 20680, 7, 2022/10/06, 07:07:44.951, 657853174260, vstest.console.dll, ParallelProxyExecutionManager: Execution started. Started clients: 1
TpTrace Verbose: 0 : 20680, 1, 2022/10/06, 07:07:44.951, 657853175477, vstest.console.dll, ProxyParallelExecutionManager: No sources available for execution.
TpTrace Information: 0 : 20680, 1, 2022/10/06, 07:07:44.951, 657853177061, vstest.console.dll, TestRunRequest.ExecuteAsync: Started.
TpTrace Verbose: 0 : 20680, 1, 2022/10/06, 07:07:44.951, 657853179132, vstest.console.dll, TestRunRequest.WaitForCompletion: Waiting with timeout -1.
TpTrace Verbose: 0 : 20680, 7, 2022/10/06, 07:07:44.952, 657853184812, vstest.console.dll, TestRunRequest:SendTestRunMessage: Starting.
TpTrace Verbose: 0 : 20680, 4, 2022/10/06, 07:07:44.953, 657853190264, vstest.console.dll, MulticastDelegateUtilities.SafeInvoke: InternalTestLoggerEvents.SendTestRunMessage: Invoking callback 1/1 for Microsoft.VisualStudio.TestPlatform.CommandLine.Internal.ConsoleLogger.TestMessageHandler, took 0 ms.
TpTrace Verbose: 0 : 20680, 7, 2022/10/06, 07:07:44.953, 657853190217, vstest.console.dll, MulticastDelegateUtilities.SafeInvoke: TestRun.LogMessages: Invoking callback 1/1 for Microsoft.VisualStudio.TestPlatform.CommandLine.TestRunResultAggregator.TestRunMessageHandler, took 0 ms.
TpTrace Information: 0 : 20680, 7, 2022/10/06, 07:07:44.953, 657853192728, vstest.console.dll, TestRunRequest:SendTestRunMessage: Completed.
TpTrace Verbose: 0 : 20680, 7, 2022/10/06, 07:07:44.954, 657853198465, vstest.console.dll, ProxyExecutionManager: Test host is always Lazy initialize.
TpTrace Verbose: 0 : 20680, 7, 2022/10/06, 07:07:44.955, 657853204424, vstest.console.dll, TestRequestSender.InitializeCommunication: initialize communication. 
TpTrace Information: 0 : 20680, 7, 2022/10/06, 07:07:44.957, 657853217521, vstest.console.dll, SocketServer.Start: Listening on endpoint : 127.0.0.1:52907
TpTrace Verbose: 0 : 20680, 7, 2022/10/06, 07:07:44.959, 657853235023, vstest.console.dll, DotnetTestHostmanager.GetTestHostProcessStartInfo: Platform environment 'X64' target architecture 'X64' framework '.NETCoreApp,Version=v6.0' OS 'Windows'
TpTrace Verbose: 0 : 20680, 7, 2022/10/06, 07:07:44.960, 657853240122, vstest.console.dll, DotnetTestHostmanager: Adding  --runtimeconfig "C:\Users\vagrant\source\repos\SeleniumUnitTests\bin\Debug\net6.0\fine-code-coverage\build-output\SeleniumUnitTests.runtimeconfig.json" in args
TpTrace Verbose: 0 : 20680, 7, 2022/10/06, 07:07:44.960, 657853241862, vstest.console.dll, DotnetTestHostmanager: Adding  --depsfile "C:\Users\vagrant\source\repos\SeleniumUnitTests\bin\Debug\net6.0\fine-code-coverage\build-output\SeleniumUnitTests.deps.json" in args
TpTrace Verbose: 0 : 20680, 7, 2022/10/06, 07:07:44.961, 657853246873, vstest.console.dll, DotnetTestHostmanager.IsWinOnArm: Current PROCESSOR_ARCHITECTURE from environment variable 'AMD64'
TpTrace Verbose: 0 : 20680, 7, 2022/10/06, 07:07:44.961, 657853249060, vstest.console.dll, DotnetTestHostmanager.IsWinOnArm: Is Windows on ARM 'False'
TpTrace Verbose: 0 : 20680, 7, 2022/10/06, 07:07:44.961, 657853251329, vstest.console.dll, DotnetTestHostManager: testhost.exe found at path: C:\Users\vagrant\source\repos\SeleniumUnitTests\bin\Debug\net6.0\fine-code-coverage\build-output\testhost.exe
TpTrace Verbose: 0 : 20680, 7, 2022/10/06, 07:07:44.962, 657853252563, vstest.console.dll, DotnetTestHostmanager: Full path of host exe is C:\Users\vagrant\source\repos\SeleniumUnitTests\bin\Debug\net6.0\fine-code-coverage\build-output\testhost.exe
TpTrace Verbose: 0 : 20680, 7, 2022/10/06, 07:07:44.962, 657853256622, vstest.console.dll, DotnetTestHostmanager.LaunchTestHostAsync: Found 'VSTEST_WINAPPHOST_DOTNET_ROOT' in env variables, value 'C:\Program Files\dotnet', forwarding to 'DOTNET_ROOT'
TpTrace Verbose: 0 : 20680, 7, 2022/10/06, 07:07:44.963, 657853263233, vstest.console.dll, DotnetTestHostManager: Starting process 'C:\Users\vagrant\source\repos\SeleniumUnitTests\bin\Debug\net6.0\fine-code-coverage\build-output\testhost.exe' with command line ' --runtimeconfig "C:\Users\vagrant\source\repos\SeleniumUnitTests\bin\Debug\net6.0\fine-code-coverage\build-output\SeleniumUnitTests.runtimeconfig.json" --depsfile "C:\Users\vagrant\source\repos\SeleniumUnitTests\bin\Debug\net6.0\fine-code-coverage\build-output\SeleniumUnitTests.deps.json" --port 52907 --endpoint 127.0.0.1:052907 --role client --parentprocessid 20680 --diag "C:\Users\vagrant\source\repos\SeleniumUnitTests\bin\Debug\net6.0\fine-code-coverage\coverage-tool-output\diagnostics.host.22-10-06_07-07-44_95849_7.log" --tracelevel 4 --datacollectionport 52906 --telemetryoptedin false'
TpTrace Verbose: 0 : 20680, 7, 2022/10/06, 07:07:44.981, 657853390938, vstest.console.dll, MulticastDelegateUtilities.SafeInvoke: HostProviderEvents.OnHostLaunched: Invoking callback 1/2 for Microsoft.VisualStudio.TestPlatform.CrossPlatEngine.Client.ProxyExecutionManagerWithDataCollection.TestHostLaunchedHandler, took 2 ms.
TpTrace Verbose: 0 : 20680, 7, 2022/10/06, 07:07:44.981, 657853393719, vstest.console.dll, Test Runtime launched
TpTrace Verbose: 0 : 20680, 7, 2022/10/06, 07:07:44.981, 657853395155, vstest.console.dll, MulticastDelegateUtilities.SafeInvoke: HostProviderEvents.OnHostLaunched: Invoking callback 2/2 for Microsoft.VisualStudio.TestPlatform.CrossPlatEngine.Client.ProxyOperationManager.TestHostManagerHostLaunched, took 0 ms.
TpTrace Verbose: 0 : 20680, 7, 2022/10/06, 07:07:44.982, 657853398612, vstest.console.dll, TestRequestSender.WaitForRequestHandlerConnection: waiting for connection with timeout: 90000.
TpTrace Verbose: 0 : 20680, 7, 2022/10/06, 07:07:45.737, 657858853005, vstest.console.dll, TestRequestSender.WaitForRequestHandlerConnection: waiting took 545 ms, with timeout 90000 ms, and result 0, which is success.
TpTrace Verbose: 0 : 20680, 12, 2022/10/06, 07:07:45.737, 657858854675, vstest.console.dll, MulticastDelegateUtilities.SafeInvoke: SocketServer: ClientConnected: Invoking callback 1/1 for Microsoft.VisualStudio.TestPlatform.CommunicationUtilities.TestRequestSender.<InitializeCommunication>b__24_0, took 0 ms.
TpTrace Verbose: 0 : 20680, 12, 2022/10/06, 07:07:45.737, 657858856167, vstest.console.dll, SocketServer.OnClientConnected: Client connected for endPoint: 127.0.0.1:52907, starting MessageLoopAsync:
TpTrace Verbose: 0 : 20680, 12, 2022/10/06, 07:07:45.738, 657858859873, vstest.console.dll, TcpClientExtensions.MessageLoopAsync: Polling on remoteEndPoint: 127.0.0.1:52911 localEndPoint: 127.0.0.1:52907
TpTrace Verbose: 0 : 20680, 7, 2022/10/06, 07:07:45.740, 657858879545, vstest.console.dll, TestRequestSender.CheckVersionWithTestHost: Sending check version message: {"MessageType":"ProtocolVersion","Payload":7}
TpTrace Verbose: 0 : 20680, 12, 2022/10/06, 07:07:46.467, 657864126005, vstest.console.dll, TcpClientExtensions.MessageLoopAsync: NotifyDataAvailable remoteEndPoint: 127.0.0.1:52911 localEndPoint: 127.0.0.1:52907
TpTrace Verbose: 0 : 20680, 12, 2022/10/06, 07:07:46.467, 657864132668, vstest.console.dll, TestRequestSender.CheckVersionWithTestHost: onMessageReceived received message: (ProtocolVersion) -> {"MessageType":"ProtocolVersion","Payload":7}
TpTrace Verbose: 0 : 20680, 12, 2022/10/06, 07:07:46.470, 657864147765, vstest.console.dll, MulticastDelegateUtilities.SafeInvoke: LengthPrefixCommunicationChannel: MessageReceived: Invoking callback 1/1 for Microsoft.VisualStudio.TestPlatform.CommunicationUtilities.TestRequestSender+<>c__DisplayClass26_0.<CheckVersionWithTestHost>b__0, took 1 ms.
TpTrace Verbose: 0 : 20680, 12, 2022/10/06, 07:07:46.470, 657864149774, vstest.console.dll, TcpClientExtensions.MessageLoopAsync: Polling on remoteEndPoint: 127.0.0.1:52911 localEndPoint: 127.0.0.1:52907
TpTrace Verbose: 0 : 20680, 7, 2022/10/06, 07:07:46.470, 657864149956, vstest.console.dll, TestPluginCache.GetExtensionPaths: Filtered extension paths: 
TpTrace Verbose: 0 : 20680, 7, 2022/10/06, 07:07:46.470, 657864151662, vstest.console.dll, TestPluginCache.GetExtensionPaths: Added default extension paths: C:\Program Files\dotnet\sdk\6.0.401\Extensions\Microsoft.Diagnostics.NETCore.Client.dll
C:\Program Files\dotnet\sdk\6.0.401\Extensions\Microsoft.TestPlatform.Extensions.BlameDataCollector.dll
C:\Program Files\dotnet\sdk\6.0.401\Extensions\Microsoft.TestPlatform.Extensions.EventLogCollector.dll
C:\Program Files\dotnet\sdk\6.0.401\Extensions\Microsoft.TestPlatform.TestHostRuntimeProvider.dll
C:\Program Files\dotnet\sdk\6.0.401\Extensions\Microsoft.VisualStudio.TestPlatform.Extensions.Html.TestLogger.dll
C:\Program Files\dotnet\sdk\6.0.401\Extensions\Microsoft.VisualStudio.TestPlatform.Extensions.Trx.TestLogger.dll
TpTrace Verbose: 0 : 20680, 7, 2022/10/06, 07:07:46.470, 657864152648, vstest.console.dll, TestPluginCache.GetExtensionPaths: Added unfilterableExtensionPaths: 
TpTrace Verbose: 0 : 20680, 7, 2022/10/06, 07:07:46.486, 657864269211, vstest.console.dll, TestRequestSender.InitializeExecution: Sending initialize execution with message: {"Version":7,"MessageType":"TestExecution.Initialize","Payload":["C:\\Users\\vagrant\\source\\repos\\SeleniumUnitTests\\bin\\Debug\\net6.0\\fine-code-coverage\\build-output\\Microsoft.VisualStudio.TestPlatform.MSTest.TestAdapter.dll"]}
TpTrace Warning: 0 : 20680, 7, 2022/10/06, 07:07:46.488, 657864278384, vstest.console.dll, InferRunSettingsHelper.MakeRunsettingsCompatible: Removing the following settings: TargetPlatform from RunSettings file. To use those settings please move to latest version of Microsoft.NET.Test.Sdk
TpTrace Verbose: 0 : 20680, 7, 2022/10/06, 07:07:46.536, 657864630594, vstest.console.dll, TestRequestSender.StartTestRun: Sending test run with message: {"Version":7,"MessageType":"TestExecution.StartWithSources","Payload":{"AdapterSourceMap":{"_none_":["C:\\Users\\vagrant\\source\\repos\\SeleniumUnitTests\\bin\\Debug\\net6.0\\fine-code-coverage\\build-output\\SeleniumUnitTests.dll"]},"RunSettings":"<RunSettings>\r\n  <RunConfiguration>\r\n    <ResultsDirectory>C:\\Users\\vagrant\\source\\repos\\SeleniumUnitTests\\bin\\Debug\\net6.0\\fine-code-coverage\\coverage-tool-output</ResultsDirectory>\r\n    <TargetFrameworkVersion>.NETCoreApp,Version=v6.0</TargetFrameworkVersion>\r\n    <DesignMode>False</DesignMode>\r\n    <CollectSourceInformation>False</CollectSourceInformation>\r\n  </RunConfiguration>\r\n  <LoggerRunSettings>\r\n    <Loggers>\r\n      <Logger friendlyName=\"blame\" enabled=\"True\" />\r\n      <Logger friendlyName=\"Console\" uri=\"logger://microsoft/TestPlatform/ConsoleLogger/v1\" assemblyQualifiedName=\"Microsoft.VisualStudio.TestPlatform.CommandLine.Internal.ConsoleLogger, vstest.console, Version=15.0.0.0, Culture=neutral, PublicKeyToken=b03f5f7f11d50a3a\" codeBase=\"C:\\Program Files\\dotnet\\sdk\\6.0.401\\vstest.console.dll\" enabled=\"True\" />\r\n    </Loggers>\r\n  </LoggerRunSettings>\r\n  <DataCollectionRunSettings>\r\n    <DataCollectors>\r\n      <DataCollector friendlyName=\"blame\" enabled=\"True\">\r\n        <Configuration>\r\n          <ResultsDirectory>C:\\Users\\vagrant\\source\\repos\\SeleniumUnitTests\\bin\\Debug\\net6.0\\fine-code-coverage\\coverage-tool-output</ResultsDirectory>\r\n        </Configuration>\r\n      </DataCollector>\r\n    </DataCollectors>\r\n  </DataCollectionRunSettings>\r\n</RunSettings>","TestExecutionContext":{"FrequencyOfRunStatsChangeEvent":10,"RunStatsChangeEventTimeout":"00:00:01.5000000","InIsolation":false,"KeepAlive":false,"AreTestCaseLevelEventsRequired":false,"IsDebug":false,"TestCaseFilter":null,"FilterOptions":null},"Package":null}}
TpTrace Verbose: 0 : 20680, 12, 2022/10/06, 07:07:46.552, 657864745655, vstest.console.dll, TcpClientExtensions.MessageLoopAsync: NotifyDataAvailable remoteEndPoint: 127.0.0.1:52911 localEndPoint: 127.0.0.1:52907
TpTrace Verbose: 0 : 20680, 12, 2022/10/06, 07:07:46.553, 657864748329, vstest.console.dll, TestRequestSender.OnExecutionMessageReceived: Received message: {"Version":7,"MessageType":"TestSession.Message","Payload":{"MessageLevel":0,"Message":"Logging TestHost Diagnostics in file: C:\\Users\\vagrant\\source\\repos\\SeleniumUnitTests\\bin\\Debug\\net6.0\\fine-code-coverage\\coverage-tool-output\\diagnostics.host.22-10-06_07-07-44_95849_7.log"}}
TpTrace Verbose: 0 : 20680, 12, 2022/10/06, 07:07:46.562, 657864816421, vstest.console.dll, TestRunRequest:SendTestRunMessage: Starting.
TpTrace Verbose: 0 : 20680, 12, 2022/10/06, 07:07:46.563, 657864819501, vstest.console.dll, MulticastDelegateUtilities.SafeInvoke: TestRun.LogMessages: Invoking callback 1/1 for Microsoft.VisualStudio.TestPlatform.CommandLine.TestRunResultAggregator.TestRunMessageHandler, took 0 ms.
TpTrace Verbose: 0 : 20680, 4, 2022/10/06, 07:07:46.563, 657864820049, vstest.console.dll, MulticastDelegateUtilities.SafeInvoke: InternalTestLoggerEvents.SendTestRunMessage: Invoking callback 1/1 for Microsoft.VisualStudio.TestPlatform.CommandLine.Internal.ConsoleLogger.TestMessageHandler, took 0 ms.
TpTrace Information: 0 : 20680, 12, 2022/10/06, 07:07:46.563, 657864821346, vstest.console.dll, TestRunRequest:SendTestRunMessage: Completed.
TpTrace Verbose: 0 : 20680, 12, 2022/10/06, 07:07:46.563, 657864822632, vstest.console.dll, MulticastDelegateUtilities.SafeInvoke: LengthPrefixCommunicationChannel: MessageReceived: Invoking callback 1/1 for Microsoft.VisualStudio.TestPlatform.CommunicationUtilities.TestRequestSender+<>c__DisplayClass31_0.<StartTestRun>b__1, took 7 ms.
TpTrace Verbose: 0 : 20680, 12, 2022/10/06, 07:07:46.563, 657864823532, vstest.console.dll, TcpClientExtensions.MessageLoopAsync: Polling on remoteEndPoint: 127.0.0.1:52911 localEndPoint: 127.0.0.1:52907
TpTrace Verbose: 0 : 20680, 12, 2022/10/06, 07:07:47.964, 657874947108, vstest.console.dll, TcpClientExtensions.MessageLoopAsync: Polling on remoteEndPoint: 127.0.0.1:52911 localEndPoint: 127.0.0.1:52907
TpTrace Verbose: 0 : 20680, 12, 2022/10/06, 07:07:49.361, 657885038644, vstest.console.dll, TcpClientExtensions.MessageLoopAsync: Polling on remoteEndPoint: 127.0.0.1:52911 localEndPoint: 127.0.0.1:52907
TpTrace Verbose: 0 : 20680, 12, 2022/10/06, 07:07:49.721, 657887639585, vstest.console.dll, TcpClientExtensions.MessageLoopAsync: NotifyDataAvailable remoteEndPoint: 127.0.0.1:52911 localEndPoint: 127.0.0.1:52907
TpTrace Verbose: 0 : 20680, 12, 2022/10/06, 07:07:49.721, 657887642179, vstest.console.dll, TestRequestSender.OnExecutionMessageReceived: Received message: {"Version":7,"MessageType":"TestExecution.StatsChange","Payload":{"NewTestResults":[],"TestRunStatistics":{"ExecutedTests":0,"Stats":{}},"ActiveTests":[{"Id":"61af2da9-7465-afa3-875a-ea59a9be3550","FullyQualifiedName":"SeleniumUnitTests.TestAlerts.TestAcceptAlert","DisplayName":"TestAcceptAlert","ExecutorUri":"executor://MSTestAdapter/v2","Source":"C:\\Users\\vagrant\\source\\repos\\SeleniumUnitTests\\bin\\Debug\\net6.0\\fine-code-coverage\\build-output\\SeleniumUnitTests.dll","CodeFilePath":null,"LineNumber":-1,"Properties":[{"Key":{"Id":"TestCase.ManagedType","Label":"ManagedType","Category":"","Description":"","Attributes":1,"ValueType":"System.String"},"Value":"SeleniumUnitTests.TestAlerts"},{"Key":{"Id":"TestCase.ManagedMethod","Label":"ManagedMethod","Category":"","Description":"","Attributes":1,"ValueType":"System.String"},"Value":"TestAcceptAlert"},{"Key":{"Id":"MSTestDiscoverer.TestClassName","Label":"ClassName","Category":"","Description":"","Attributes":1,"ValueType":"System.String"},"Value":"SeleniumUnitTests.TestAlerts"},{"Key":{"Id":"TestCase.Hierarchy","Label":"Hierarchy","Category":"","Description":"","Attributes":2,"ValueType":"System.String[]"},"Value":[null,"SeleniumUnitTests","TestAlerts","TestAcceptAlert"]},{"Key":{"Id":"TestObject.Traits","Label":"Traits","Category":"","Description":"","Attributes":5,"ValueType":"System.Collections.Generic.KeyValuePair`2[[System.String],[System.String]][]"},"Value":[]}]}]}}
TpTrace Verbose: 0 : 20680, 12, 2022/10/06, 07:07:49.988, 657889571178, vstest.console.dll, TestRunRequest:SendTestRunStatsChange: Starting.
TpTrace Verbose: 0 : 20680, 12, 2022/10/06, 07:07:49.989, 657889574038, vstest.console.dll, InProgress is TestAcceptAlert
TpTrace Verbose: 0 : 20680, 12, 2022/10/06, 07:07:49.989, 657889576934, vstest.console.dll, MulticastDelegateUtilities.SafeInvoke: TestRun.RunStatsChanged: Invoking callbacks was skipped because there are no subscribers.
TpTrace Information: 0 : 20680, 12, 2022/10/06, 07:07:49.990, 657889579308, vstest.console.dll, TestRunRequest:SendTestRunStatsChange: Completed.
TpTrace Verbose: 0 : 20680, 12, 2022/10/06, 07:07:49.990, 657889580182, vstest.console.dll, MulticastDelegateUtilities.SafeInvoke: LengthPrefixCommunicationChannel: MessageReceived: Invoking callback 1/1 for Microsoft.VisualStudio.TestPlatform.CommunicationUtilities.TestRequestSender+<>c__DisplayClass31_0.<StartTestRun>b__1, took 193 ms.
TpTrace Verbose: 0 : 20680, 12, 2022/10/06, 07:07:49.990, 657889581069, vstest.console.dll, TcpClientExtensions.MessageLoopAsync: Polling on remoteEndPoint: 127.0.0.1:52911 localEndPoint: 127.0.0.1:52907
TpTrace Verbose: 0 : 20680, 12, 2022/10/06, 07:07:51.381, 657899631787, vstest.console.dll, TcpClientExtensions.MessageLoopAsync: Polling on remoteEndPoint: 127.0.0.1:52911 localEndPoint: 127.0.0.1:52907
TpTrace Verbose: 0 : 20680, 12, 2022/10/06, 07:07:52.765, 657909632419, vstest.console.dll, TcpClientExtensions.MessageLoopAsync: Polling on remoteEndPoint: 127.0.0.1:52911 localEndPoint: 127.0.0.1:52907
TpTrace Verbose: 0 : 20680, 12, 2022/10/06, 07:07:54.158, 657919698664, vstest.console.dll, TcpClientExtensions.MessageLoopAsync: Polling on remoteEndPoint: 127.0.0.1:52911 localEndPoint: 127.0.0.1:52907
TpTrace Verbose: 0 : 20680, 12, 2022/10/06, 07:07:55.249, 657927664573, vstest.console.dll, TcpClientExtensions.MessageLoopAsync: NotifyDataAvailable remoteEndPoint: 127.0.0.1:52911 localEndPoint: 127.0.0.1:52907
TpTrace Verbose: 0 : 20680, 12, 2022/10/06, 07:07:55.250, 657927669015, vstest.console.dll, TestRequestSender.OnExecutionMessageReceived: Received message: {"Version":7,"MessageType":"TestExecution.StatsChange","Payload":{"NewTestResults":[{"TestCase":{"Id":"61af2da9-7465-afa3-875a-ea59a9be3550","FullyQualifiedName":"SeleniumUnitTests.TestAlerts.TestAcceptAlert","DisplayName":"TestAcceptAlert","ExecutorUri":"executor://MSTestAdapter/v2","Source":"C:\\Users\\vagrant\\source\\repos\\SeleniumUnitTests\\bin\\Debug\\net6.0\\fine-code-coverage\\build-output\\SeleniumUnitTests.dll","CodeFilePath":null,"LineNumber":-1,"Properties":[{"Key":{"Id":"TestCase.ManagedType","Label":"ManagedType","Category":"","Description":"","Attributes":1,"ValueType":"System.String"},"Value":"SeleniumUnitTests.TestAlerts"},{"Key":{"Id":"TestCase.ManagedMethod","Label":"ManagedMethod","Category":"","Description":"","Attributes":1,"ValueType":"System.String"},"Value":"TestAcceptAlert"},{"Key":{"Id":"MSTestDiscoverer.TestClassName","Label":"ClassName","Category":"","Description":"","Attributes":1,"ValueType":"System.String"},"Value":"SeleniumUnitTests.TestAlerts"},{"Key":{"Id":"TestCase.Hierarchy","Label":"Hierarchy","Category":"","Description":"","Attributes":2,"ValueType":"System.String[]"},"Value":[null,"SeleniumUnitTests","TestAlerts","TestAcceptAlert"]},{"Key":{"Id":"TestObject.Traits","Label":"Traits","Category":"","Description":"","Attributes":5,"ValueType":"System.Collections.Generic.KeyValuePair`2[[System.String],[System.String]][]"},"Value":[]}]},"Attachments":[],"Outcome":1,"ErrorMessage":null,"ErrorStackTrace":null,"DisplayName":"TestAcceptAlert","Messages":[],"ComputerName":null,"Duration":"00:00:04.7173035","StartTime":"2022-10-06T07:07:48.4813956+01:00","EndTime":"2022-10-06T07:07:55.0842365+01:00","Properties":[{"Key":{"Id":"ExecutionId","Label":"ExecutionId","Category":"","Description":"","Attributes":1,"ValueType":"System.Guid"},"Value":"00000000-0000-0000-0000-000000000000"},{"Key":{"Id":"ParentExecId","Label":"ParentExecId","Category":"","Description":"","Attributes":1,"ValueType":"System.Guid"},"Value":"00000000-0000-0000-0000-000000000000"},{"Key":{"Id":"InnerResultsCount","Label":"InnerResultsCount","Category":"","Description":"","Attributes":1,"ValueType":"System.Int32"},"Value":0}]}],"TestRunStatistics":{"ExecutedTests":1,"Stats":{"Passed":1}},"ActiveTests":[{"Id":"94a4c0a8-06af-843b-0d2a-ab59dc3f9648","FullyQualifiedName":"SeleniumUnitTests.TestAlerts.TestDismissAlert","DisplayName":"TestDismissAlert","ExecutorUri":"executor://MSTestAdapter/v2","Source":"C:\\Users\\vagrant\\source\\repos\\SeleniumUnitTests\\bin\\Debug\\net6.0\\fine-code-coverage\\build-output\\SeleniumUnitTests.dll","CodeFilePath":null,"LineNumber":-1,"Properties":[{"Key":{"Id":"TestCase.ManagedType","Label":"ManagedType","Category":"","Description":"","Attributes":1,"ValueType":"System.String"},"Value":"SeleniumUnitTests.TestAlerts"},{"Key":{"Id":"TestCase.ManagedMethod","Label":"ManagedMethod","Category":"","Description":"","Attributes":1,"ValueType":"System.String"},"Value":"TestDismissAlert"},{"Key":{"Id":"MSTestDiscoverer.TestClassName","Label":"ClassName","Category":"","Description":"","Attributes":1,"ValueType":"System.String"},"Value":"SeleniumUnitTests.TestAlerts"},{"Key":{"Id":"TestCase.Hierarchy","Label":"Hierarchy","Category":"","Description":"","Attributes":2,"ValueType":"System.String[]"},"Value":[null,"SeleniumUnitTests","TestAlerts","TestDismissAlert"]},{"Key":{"Id":"TestObject.Traits","Label":"Traits","Category":"","Description":"","Attributes":5,"ValueType":"System.Collections.Generic.KeyValuePair`2[[System.String],[System.String]][]"},"Value":[]}]}]}}
TpTrace Verbose: 0 : 20680, 12, 2022/10/06, 07:07:55.321, 657928239753, vstest.console.dll, TestRunRequest:SendTestRunStatsChange: Starting.
TpTrace Verbose: 0 : 20680, 12, 2022/10/06, 07:07:55.321, 657928241443, vstest.console.dll, InProgress is TestDismissAlert
TpTrace Verbose: 0 : 20680, 12, 2022/10/06, 07:07:55.322, 657928245316, vstest.console.dll, MulticastDelegateUtilities.SafeInvoke: TestRun.RunStatsChanged: Invoking callbacks was skipped because there are no subscribers.
TpTrace Information: 0 : 20680, 12, 2022/10/06, 07:07:55.322, 657928246209, vstest.console.dll, TestRunRequest:SendTestRunStatsChange: Completed.
TpTrace Verbose: 0 : 20680, 12, 2022/10/06, 07:07:55.322, 657928247383, vstest.console.dll, MulticastDelegateUtilities.SafeInvoke: LengthPrefixCommunicationChannel: MessageReceived: Invoking callback 1/1 for Microsoft.VisualStudio.TestPlatform.CommunicationUtilities.TestRequestSender+<>c__DisplayClass31_0.<StartTestRun>b__1, took 57 ms.
TpTrace Verbose: 0 : 20680, 12, 2022/10/06, 07:07:55.322, 657928248850, vstest.console.dll, TcpClientExtensions.MessageLoopAsync: Polling on remoteEndPoint: 127.0.0.1:52911 localEndPoint: 127.0.0.1:52907
TpTrace Verbose: 0 : 20680, 4, 2022/10/06, 07:07:55.335, 657928351944, vstest.console.dll, MulticastDelegateUtilities.SafeInvoke: InternalTestLoggerEvents.SendTestResult: Invoking callback 1/1 for Microsoft.VisualStudio.TestPlatform.CommandLine.Internal.ConsoleLogger.TestResultHandler, took 10 ms.
TpTrace Verbose: 0 : 20680, 12, 2022/10/06, 07:07:56.575, 657938307942, vstest.console.dll, TcpClientExtensions.MessageLoopAsync: Polling on remoteEndPoint: 127.0.0.1:52911 localEndPoint: 127.0.0.1:52907
TpTrace Verbose: 0 : 20680, 12, 2022/10/06, 07:07:57.825, 657948338078, vstest.console.dll, TcpClientExtensions.MessageLoopAsync: Polling on remoteEndPoint: 127.0.0.1:52911 localEndPoint: 127.0.0.1:52907
TpTrace Verbose: 0 : 20680, 12, 2022/10/06, 07:07:59.088, 657958476368, vstest.console.dll, TcpClientExtensions.MessageLoopAsync: Polling on remoteEndPoint: 127.0.0.1:52911 localEndPoint: 127.0.0.1:52907
TpTrace Verbose: 0 : 20680, 12, 2022/10/06, 07:07:59.902, 657965013222, vstest.console.dll, TcpClientExtensions.MessageLoopAsync: NotifyDataAvailable remoteEndPoint: 127.0.0.1:52911 localEndPoint: 127.0.0.1:52907
TpTrace Verbose: 0 : 20680, 12, 2022/10/06, 07:07:59.903, 657965016717, vstest.console.dll, TestRequestSender.OnExecutionMessageReceived: Received message: {"Version":7,"MessageType":"TestExecution.StatsChange","Payload":{"NewTestResults":[{"TestCase":{"Id":"94a4c0a8-06af-843b-0d2a-ab59dc3f9648","FullyQualifiedName":"SeleniumUnitTests.TestAlerts.TestDismissAlert","DisplayName":"TestDismissAlert","ExecutorUri":"executor://MSTestAdapter/v2","Source":"C:\\Users\\vagrant\\source\\repos\\SeleniumUnitTests\\bin\\Debug\\net6.0\\fine-code-coverage\\build-output\\SeleniumUnitTests.dll","CodeFilePath":null,"LineNumber":-1,"Properties":[{"Key":{"Id":"TestCase.ManagedType","Label":"ManagedType","Category":"","Description":"","Attributes":1,"ValueType":"System.String"},"Value":"SeleniumUnitTests.TestAlerts"},{"Key":{"Id":"TestCase.ManagedMethod","Label":"ManagedMethod","Category":"","Description":"","Attributes":1,"ValueType":"System.String"},"Value":"TestDismissAlert"},{"Key":{"Id":"MSTestDiscoverer.TestClassName","Label":"ClassName","Category":"","Description":"","Attributes":1,"ValueType":"System.String"},"Value":"SeleniumUnitTests.TestAlerts"},{"Key":{"Id":"TestCase.Hierarchy","Label":"Hierarchy","Category":"","Description":"","Attributes":2,"ValueType":"System.String[]"},"Value":[null,"SeleniumUnitTests","TestAlerts","TestDismissAlert"]},{"Key":{"Id":"TestObject.Traits","Label":"Traits","Category":"","Description":"","Attributes":5,"ValueType":"System.Collections.Generic.KeyValuePair`2[[System.String],[System.String]][]"},"Value":[]}]},"Attachments":[],"Outcome":1,"ErrorMessage":null,"ErrorStackTrace":null,"DisplayName":"TestDismissAlert","Messages":[],"ComputerName":null,"Duration":"00:00:03.7086272","StartTime":"2022-10-06T07:07:55.2553412+01:00","EndTime":"2022-10-06T07:07:59.8769453+01:00","Properties":[{"Key":{"Id":"ExecutionId","Label":"ExecutionId","Category":"","Description":"","Attributes":1,"ValueType":"System.Guid"},"Value":"00000000-0000-0000-0000-000000000000"},{"Key":{"Id":"ParentExecId","Label":"ParentExecId","Category":"","Description":"","Attributes":1,"ValueType":"System.Guid"},"Value":"00000000-0000-0000-0000-000000000000"},{"Key":{"Id":"InnerResultsCount","Label":"InnerResultsCount","Category":"","Description":"","Attributes":1,"ValueType":"System.Int32"},"Value":0}]}],"TestRunStatistics":{"ExecutedTests":2,"Stats":{"Passed":2}},"ActiveTests":[{"Id":"7df00e61-946b-567c-367e-1133a393d8ad","FullyQualifiedName":"SeleniumUnitTests.TestBrowser.TestLaunchChrome","DisplayName":"TestLaunchChrome","ExecutorUri":"executor://MSTestAdapter/v2","Source":"C:\\Users\\vagrant\\source\\repos\\SeleniumUnitTests\\bin\\Debug\\net6.0\\fine-code-coverage\\build-output\\SeleniumUnitTests.dll","CodeFilePath":null,"LineNumber":-1,"Properties":[{"Key":{"Id":"TestCase.ManagedType","Label":"ManagedType","Category":"","Description":"","Attributes":1,"ValueType":"System.String"},"Value":"SeleniumUnitTests.TestBrowser"},{"Key":{"Id":"TestCase.ManagedMethod","Label":"ManagedMethod","Category":"","Description":"","Attributes":1,"ValueType":"System.String"},"Value":"TestLaunchChrome"},{"Key":{"Id":"MSTestDiscoverer.TestClassName","Label":"ClassName","Category":"","Description":"","Attributes":1,"ValueType":"System.String"},"Value":"SeleniumUnitTests.TestBrowser"},{"Key":{"Id":"TestCase.Hierarchy","Label":"Hierarchy","Category":"","Description":"","Attributes":2,"ValueType":"System.String[]"},"Value":[null,"SeleniumUnitTests","TestBrowser","TestLaunchChrome"]},{"Key":{"Id":"TestObject.Traits","Label":"Traits","Category":"","Description":"","Attributes":5,"ValueType":"System.Collections.Generic.KeyValuePair`2[[System.String],[System.String]][]"},"Value":[]}]}]}}
TpTrace Verbose: 0 : 20680, 12, 2022/10/06, 07:07:59.915, 657965120968, vstest.console.dll, TestRunRequest:SendTestRunStatsChange: Starting.
TpTrace Verbose: 0 : 20680, 12, 2022/10/06, 07:07:59.916, 657965123339, vstest.console.dll, InProgress is TestLaunchChrome
TpTrace Verbose: 0 : 20680, 12, 2022/10/06, 07:07:59.916, 657965124518, vstest.console.dll, MulticastDelegateUtilities.SafeInvoke: TestRun.RunStatsChanged: Invoking callbacks was skipped because there are no subscribers.
TpTrace Information: 0 : 20680, 12, 2022/10/06, 07:07:59.916, 657965125344, vstest.console.dll, TestRunRequest:SendTestRunStatsChange: Completed.
TpTrace Verbose: 0 : 20680, 12, 2022/10/06, 07:07:59.916, 657965126186, vstest.console.dll, MulticastDelegateUtilities.SafeInvoke: LengthPrefixCommunicationChannel: MessageReceived: Invoking callback 1/1 for Microsoft.VisualStudio.TestPlatform.CommunicationUtilities.TestRequestSender+<>c__DisplayClass31_0.<StartTestRun>b__1, took 10 ms.
TpTrace Verbose: 0 : 20680, 4, 2022/10/06, 07:07:59.916, 657965126231, vstest.console.dll, MulticastDelegateUtilities.SafeInvoke: InternalTestLoggerEvents.SendTestResult: Invoking callback 1/1 for Microsoft.VisualStudio.TestPlatform.CommandLine.Internal.ConsoleLogger.TestResultHandler, took 0 ms.
TpTrace Verbose: 0 : 20680, 12, 2022/10/06, 07:07:59.917, 657965134279, vstest.console.dll, TcpClientExtensions.MessageLoopAsync: Polling on remoteEndPoint: 127.0.0.1:52911 localEndPoint: 127.0.0.1:52907
TpTrace Verbose: 0 : 20680, 12, 2022/10/06, 07:08:01.169, 657975179501, vstest.console.dll, TcpClientExtensions.MessageLoopAsync: Polling on remoteEndPoint: 127.0.0.1:52911 localEndPoint: 127.0.0.1:52907
TpTrace Verbose: 0 : 20680, 12, 2022/10/06, 07:08:02.429, 657985297802, vstest.console.dll, TcpClientExtensions.MessageLoopAsync: Polling on remoteEndPoint: 127.0.0.1:52911 localEndPoint: 127.0.0.1:52907
TpTrace Verbose: 0 : 20680, 12, 2022/10/06, 07:08:02.998, 657989865088, vstest.console.dll, TcpClientExtensions.MessageLoopAsync: NotifyDataAvailable remoteEndPoint: 127.0.0.1:52911 localEndPoint: 127.0.0.1:52907
TpTrace Verbose: 0 : 20680, 12, 2022/10/06, 07:08:02.998, 657989868146, vstest.console.dll, TestRequestSender.OnExecutionMessageReceived: Received message: {"Version":7,"MessageType":"TestExecution.StatsChange","Payload":{"NewTestResults":[{"TestCase":{"Id":"7df00e61-946b-567c-367e-1133a393d8ad","FullyQualifiedName":"SeleniumUnitTests.TestBrowser.TestLaunchChrome","DisplayName":"TestLaunchChrome","ExecutorUri":"executor://MSTestAdapter/v2","Source":"C:\\Users\\vagrant\\source\\repos\\SeleniumUnitTests\\bin\\Debug\\net6.0\\fine-code-coverage\\build-output\\SeleniumUnitTests.dll","CodeFilePath":null,"LineNumber":-1,"Properties":[{"Key":{"Id":"TestCase.ManagedType","Label":"ManagedType","Category":"","Description":"","Attributes":1,"ValueType":"System.String"},"Value":"SeleniumUnitTests.TestBrowser"},{"Key":{"Id":"TestCase.ManagedMethod","Label":"ManagedMethod","Category":"","Description":"","Attributes":1,"ValueType":"System.String"},"Value":"TestLaunchChrome"},{"Key":{"Id":"MSTestDiscoverer.TestClassName","Label":"ClassName","Category":"","Description":"","Attributes":1,"ValueType":"System.String"},"Value":"SeleniumUnitTests.TestBrowser"},{"Key":{"Id":"TestCase.Hierarchy","Label":"Hierarchy","Category":"","Description":"","Attributes":2,"ValueType":"System.String[]"},"Value":[null,"SeleniumUnitTests","TestBrowser","TestLaunchChrome"]},{"Key":{"Id":"TestObject.Traits","Label":"Traits","Category":"","Description":"","Attributes":5,"ValueType":"System.Collections.Generic.KeyValuePair`2[[System.String],[System.String]][]"},"Value":[]}]},"Attachments":[],"Outcome":1,"ErrorMessage":null,"ErrorStackTrace":null,"DisplayName":"TestLaunchChrome","Messages":[],"ComputerName":null,"Duration":"00:00:02.4746148","StartTime":"2022-10-06T07:07:59.9085498+01:00","EndTime":"2022-10-06T07:08:02.9921964+01:00","Properties":[{"Key":{"Id":"ExecutionId","Label":"ExecutionId","Category":"","Description":"","Attributes":1,"ValueType":"System.Guid"},"Value":"00000000-0000-0000-0000-000000000000"},{"Key":{"Id":"ParentExecId","Label":"ParentExecId","Category":"","Description":"","Attributes":1,"ValueType":"System.Guid"},"Value":"00000000-0000-0000-0000-000000000000"},{"Key":{"Id":"InnerResultsCount","Label":"InnerResultsCount","Category":"","Description":"","Attributes":1,"ValueType":"System.Int32"},"Value":0}]}],"TestRunStatistics":{"ExecutedTests":3,"Stats":{"Passed":3}},"ActiveTests":[{"Id":"09a7eff9-43c9-3272-30f9-3a8edbb5c23c","FullyQualifiedName":"SeleniumUnitTests.TestInputControls.TestClickButton","DisplayName":"TestClickButton","ExecutorUri":"executor://MSTestAdapter/v2","Source":"C:\\Users\\vagrant\\source\\repos\\SeleniumUnitTests\\bin\\Debug\\net6.0\\fine-code-coverage\\build-output\\SeleniumUnitTests.dll","CodeFilePath":null,"LineNumber":-1,"Properties":[{"Key":{"Id":"TestCase.ManagedType","Label":"ManagedType","Category":"","Description":"","Attributes":1,"ValueType":"System.String"},"Value":"SeleniumUnitTests.TestInputControls"},{"Key":{"Id":"TestCase.ManagedMethod","Label":"ManagedMethod","Category":"","Description":"","Attributes":1,"ValueType":"System.String"},"Value":"TestClickButton"},{"Key":{"Id":"MSTestDiscoverer.TestClassName","Label":"ClassName","Category":"","Description":"","Attributes":1,"ValueType":"System.String"},"Value":"SeleniumUnitTests.TestInputControls"},{"Key":{"Id":"TestCase.Hierarchy","Label":"Hierarchy","Category":"","Description":"","Attributes":2,"ValueType":"System.String[]"},"Value":[null,"SeleniumUnitTests","TestInputControls","TestClickButton"]},{"Key":{"Id":"TestObject.Traits","Label":"Traits","Category":"","Description":"","Attributes":5,"ValueType":"System.Collections.Generic.KeyValuePair`2[[System.String],[System.String]][]"},"Value":[]}]}]}}
TpTrace Verbose: 0 : 20680, 12, 2022/10/06, 07:08:03.001, 657989888760, vstest.console.dll, TestRunRequest:SendTestRunStatsChange: Starting.
TpTrace Verbose: 0 : 20680, 12, 2022/10/06, 07:08:03.001, 657989890404, vstest.console.dll, InProgress is TestClickButton
TpTrace Verbose: 0 : 20680, 12, 2022/10/06, 07:08:03.001, 657989891458, vstest.console.dll, MulticastDelegateUtilities.SafeInvoke: TestRun.RunStatsChanged: Invoking callbacks was skipped because there are no subscribers.
TpTrace Information: 0 : 20680, 12, 2022/10/06, 07:08:03.001, 657989892187, vstest.console.dll, TestRunRequest:SendTestRunStatsChange: Completed.
TpTrace Verbose: 0 : 20680, 4, 2022/10/06, 07:08:03.001, 657989892965, vstest.console.dll, MulticastDelegateUtilities.SafeInvoke: InternalTestLoggerEvents.SendTestResult: Invoking callback 1/1 for Microsoft.VisualStudio.TestPlatform.CommandLine.Internal.ConsoleLogger.TestResultHandler, took 0 ms.
TpTrace Verbose: 0 : 20680, 12, 2022/10/06, 07:08:03.001, 657989892994, vstest.console.dll, MulticastDelegateUtilities.SafeInvoke: LengthPrefixCommunicationChannel: MessageReceived: Invoking callback 1/1 for Microsoft.VisualStudio.TestPlatform.CommunicationUtilities.TestRequestSender+<>c__DisplayClass31_0.<StartTestRun>b__1, took 2 ms.
TpTrace Verbose: 0 : 20680, 12, 2022/10/06, 07:08:03.002, 657989895109, vstest.console.dll, TcpClientExtensions.MessageLoopAsync: Polling on remoteEndPoint: 127.0.0.1:52911 localEndPoint: 127.0.0.1:52907
TpTrace Verbose: 0 : 20680, 12, 2022/10/06, 07:08:04.261, 658000004769, vstest.console.dll, TcpClientExtensions.MessageLoopAsync: Polling on remoteEndPoint: 127.0.0.1:52911 localEndPoint: 127.0.0.1:52907
TpTrace Verbose: 0 : 20680, 12, 2022/10/06, 07:08:05.516, 658010078197, vstest.console.dll, TcpClientExtensions.MessageLoopAsync: Polling on remoteEndPoint: 127.0.0.1:52911 localEndPoint: 127.0.0.1:52907
TpTrace Verbose: 0 : 20680, 12, 2022/10/06, 07:08:06.763, 658020092365, vstest.console.dll, TcpClientExtensions.MessageLoopAsync: Polling on remoteEndPoint: 127.0.0.1:52911 localEndPoint: 127.0.0.1:52907
TpTrace Verbose: 0 : 20680, 12, 2022/10/06, 07:08:07.113, 658022900900, vstest.console.dll, TcpClientExtensions.MessageLoopAsync: NotifyDataAvailable remoteEndPoint: 127.0.0.1:52911 localEndPoint: 127.0.0.1:52907
TpTrace Verbose: 0 : 20680, 12, 2022/10/06, 07:08:07.114, 658022904896, vstest.console.dll, TestRequestSender.OnExecutionMessageReceived: Received message: {"Version":7,"MessageType":"TestExecution.StatsChange","Payload":{"NewTestResults":[{"TestCase":{"Id":"09a7eff9-43c9-3272-30f9-3a8edbb5c23c","FullyQualifiedName":"SeleniumUnitTests.TestInputControls.TestClickButton","DisplayName":"TestClickButton","ExecutorUri":"executor://MSTestAdapter/v2","Source":"C:\\Users\\vagrant\\source\\repos\\SeleniumUnitTests\\bin\\Debug\\net6.0\\fine-code-coverage\\build-output\\SeleniumUnitTests.dll","CodeFilePath":null,"LineNumber":-1,"Properties":[{"Key":{"Id":"TestCase.ManagedType","Label":"ManagedType","Category":"","Description":"","Attributes":1,"ValueType":"System.String"},"Value":"SeleniumUnitTests.TestInputControls"},{"Key":{"Id":"TestCase.ManagedMethod","Label":"ManagedMethod","Category":"","Description":"","Attributes":1,"ValueType":"System.String"},"Value":"TestClickButton"},{"Key":{"Id":"MSTestDiscoverer.TestClassName","Label":"ClassName","Category":"","Description":"","Attributes":1,"ValueType":"System.String"},"Value":"SeleniumUnitTests.TestInputControls"},{"Key":{"Id":"TestCase.Hierarchy","Label":"Hierarchy","Category":"","Description":"","Attributes":2,"ValueType":"System.String[]"},"Value":[null,"SeleniumUnitTests","TestInputControls","TestClickButton"]},{"Key":{"Id":"TestObject.Traits","Label":"Traits","Category":"","Description":"","Attributes":5,"ValueType":"System.Collections.Generic.KeyValuePair`2[[System.String],[System.String]][]"},"Value":[]}]},"Attachments":[],"Outcome":1,"ErrorMessage":null,"ErrorStackTrace":null,"DisplayName":"TestClickButton","Messages":[],"ComputerName":null,"Duration":"00:00:03.2934078","StartTime":"2022-10-06T07:08:03.0022817+01:00","EndTime":"2022-10-06T07:08:07.106141+01:00","Properties":[{"Key":{"Id":"ExecutionId","Label":"ExecutionId","Category":"","Description":"","Attributes":1,"ValueType":"System.Guid"},"Value":"00000000-0000-0000-0000-000000000000"},{"Key":{"Id":"ParentExecId","Label":"ParentExecId","Category":"","Description":"","Attributes":1,"ValueType":"System.Guid"},"Value":"00000000-0000-0000-0000-000000000000"},{"Key":{"Id":"InnerResultsCount","Label":"InnerResultsCount","Category":"","Description":"","Attributes":1,"ValueType":"System.Int32"},"Value":0}]}],"TestRunStatistics":{"ExecutedTests":4,"Stats":{"Passed":4}},"ActiveTests":[{"Id":"135d2fab-7831-e241-075a-d6081499b5b9","FullyQualifiedName":"SeleniumUnitTests.TestInputControls.TestClickNonExistentButton","DisplayName":"TestClickNonExistentButton","ExecutorUri":"executor://MSTestAdapter/v2","Source":"C:\\Users\\vagrant\\source\\repos\\SeleniumUnitTests\\bin\\Debug\\net6.0\\fine-code-coverage\\build-output\\SeleniumUnitTests.dll","CodeFilePath":null,"LineNumber":-1,"Properties":[{"Key":{"Id":"TestCase.ManagedType","Label":"ManagedType","Category":"","Description":"","Attributes":1,"ValueType":"System.String"},"Value":"SeleniumUnitTests.TestInputControls"},{"Key":{"Id":"TestCase.ManagedMethod","Label":"ManagedMethod","Category":"","Description":"","Attributes":1,"ValueType":"System.String"},"Value":"TestClickNonExistentButton"},{"Key":{"Id":"MSTestDiscoverer.TestClassName","Label":"ClassName","Category":"","Description":"","Attributes":1,"ValueType":"System.String"},"Value":"SeleniumUnitTests.TestInputControls"},{"Key":{"Id":"TestCase.Hierarchy","Label":"Hierarchy","Category":"","Description":"","Attributes":2,"ValueType":"System.String[]"},"Value":[null,"SeleniumUnitTests","TestInputControls","TestClickNonExistentButton"]},{"Key":{"Id":"TestObject.Traits","Label":"Traits","Category":"","Description":"","Attributes":5,"ValueType":"System.Collections.Generic.KeyValuePair`2[[System.String],[System.String]][]"},"Value":[]}]}]}}
TpTrace Verbose: 0 : 20680, 12, 2022/10/06, 07:08:07.116, 658022925741, vstest.console.dll, TestRunRequest:SendTestRunStatsChange: Starting.
TpTrace Verbose: 0 : 20680, 12, 2022/10/06, 07:08:07.116, 658022927075, vstest.console.dll, InProgress is TestClickNonExistentButton
TpTrace Verbose: 0 : 20680, 12, 2022/10/06, 07:08:07.117, 658022928479, vstest.console.dll, MulticastDelegateUtilities.SafeInvoke: TestRun.RunStatsChanged: Invoking callbacks was skipped because there are no subscribers.
TpTrace Information: 0 : 20680, 12, 2022/10/06, 07:08:07.117, 658022929219, vstest.console.dll, TestRunRequest:SendTestRunStatsChange: Completed.
TpTrace Verbose: 0 : 20680, 4, 2022/10/06, 07:08:07.117, 658022929938, vstest.console.dll, MulticastDelegateUtilities.SafeInvoke: InternalTestLoggerEvents.SendTestResult: Invoking callback 1/1 for Microsoft.VisualStudio.TestPlatform.CommandLine.Internal.ConsoleLogger.TestResultHandler, took 0 ms.
TpTrace Verbose: 0 : 20680, 12, 2022/10/06, 07:08:07.117, 658022929964, vstest.console.dll, MulticastDelegateUtilities.SafeInvoke: LengthPrefixCommunicationChannel: MessageReceived: Invoking callback 1/1 for Microsoft.VisualStudio.TestPlatform.CommunicationUtilities.TestRequestSender+<>c__DisplayClass31_0.<StartTestRun>b__1, took 2 ms.
TpTrace Verbose: 0 : 20680, 12, 2022/10/06, 07:08:07.118, 658022939029, vstest.console.dll, TcpClientExtensions.MessageLoopAsync: Polling on remoteEndPoint: 127.0.0.1:52911 localEndPoint: 127.0.0.1:52907
TpTrace Verbose: 0 : 20680, 12, 2022/10/06, 07:08:08.291, 658032955235, vstest.console.dll, TcpClientExtensions.MessageLoopAsync: Polling on remoteEndPoint: 127.0.0.1:52911 localEndPoint: 127.0.0.1:52907
TpTrace Verbose: 0 : 20680, 12, 2022/10/06, 07:08:09.424, 658043062758, vstest.console.dll, TcpClientExtensions.MessageLoopAsync: Polling on remoteEndPoint: 127.0.0.1:52911 localEndPoint: 127.0.0.1:52907
TpTrace Verbose: 0 : 20680, 12, 2022/10/06, 07:08:10.557, 658053166655, vstest.console.dll, TcpClientExtensions.MessageLoopAsync: Polling on remoteEndPoint: 127.0.0.1:52911 localEndPoint: 127.0.0.1:52907
TpTrace Verbose: 0 : 20680, 12, 2022/10/06, 07:08:10.662, 658054108341, vstest.console.dll, TcpClientExtensions.MessageLoopAsync: NotifyDataAvailable remoteEndPoint: 127.0.0.1:52911 localEndPoint: 127.0.0.1:52907
TpTrace Verbose: 0 : 20680, 12, 2022/10/06, 07:08:10.663, 658054112621, vstest.console.dll, TestRequestSender.OnExecutionMessageReceived: Received message: {"Version":7,"MessageType":"TestExecution.StatsChange","Payload":{"NewTestResults":[{"TestCase":{"Id":"135d2fab-7831-e241-075a-d6081499b5b9","FullyQualifiedName":"SeleniumUnitTests.TestInputControls.TestClickNonExistentButton","DisplayName":"TestClickNonExistentButton","ExecutorUri":"executor://MSTestAdapter/v2","Source":"C:\\Users\\vagrant\\source\\repos\\SeleniumUnitTests\\bin\\Debug\\net6.0\\fine-code-coverage\\build-output\\SeleniumUnitTests.dll","CodeFilePath":null,"LineNumber":-1,"Properties":[{"Key":{"Id":"TestCase.ManagedType","Label":"ManagedType","Category":"","Description":"","Attributes":1,"ValueType":"System.String"},"Value":"SeleniumUnitTests.TestInputControls"},{"Key":{"Id":"TestCase.ManagedMethod","Label":"ManagedMethod","Category":"","Description":"","Attributes":1,"ValueType":"System.String"},"Value":"TestClickNonExistentButton"},{"Key":{"Id":"MSTestDiscoverer.TestClassName","Label":"ClassName","Category":"","Description":"","Attributes":1,"ValueType":"System.String"},"Value":"SeleniumUnitTests.TestInputControls"},{"Key":{"Id":"TestCase.Hierarchy","Label":"Hierarchy","Category":"","Description":"","Attributes":2,"ValueType":"System.String[]"},"Value":[null,"SeleniumUnitTests","TestInputControls","TestClickNonExistentButton"]},{"Key":{"Id":"TestObject.Traits","Label":"Traits","Category":"","Description":"","Attributes":5,"ValueType":"System.Collections.Generic.KeyValuePair`2[[System.String],[System.String]][]"},"Value":[]}]},"Attachments":[],"Outcome":1,"ErrorMessage":null,"ErrorStackTrace":null,"DisplayName":"TestClickNonExistentButton","Messages":[],"ComputerName":null,"Duration":"00:00:03.1089374","StartTime":"2022-10-06T07:08:07.1197934+01:00","EndTime":"2022-10-06T07:08:10.6556853+01:00","Properties":[{"Key":{"Id":"ExecutionId","Label":"ExecutionId","Category":"","Description":"","Attributes":1,"ValueType":"System.Guid"},"Value":"00000000-0000-0000-0000-000000000000"},{"Key":{"Id":"ParentExecId","Label":"ParentExecId","Category":"","Description":"","Attributes":1,"ValueType":"System.Guid"},"Value":"00000000-0000-0000-0000-000000000000"},{"Key":{"Id":"InnerResultsCount","Label":"InnerResultsCount","Category":"","Description":"","Attributes":1,"ValueType":"System.Int32"},"Value":0}]}],"TestRunStatistics":{"ExecutedTests":5,"Stats":{"Passed":5}},"ActiveTests":[{"Id":"f5d9310b-bea3-c9bd-fa93-455a8d3859d8","FullyQualifiedName":"SeleniumUnitTests.TestInputControls.TestTypeNonExistentInput","DisplayName":"TestTypeNonExistentInput","ExecutorUri":"executor://MSTestAdapter/v2","Source":"C:\\Users\\vagrant\\source\\repos\\SeleniumUnitTests\\bin\\Debug\\net6.0\\fine-code-coverage\\build-output\\SeleniumUnitTests.dll","CodeFilePath":null,"LineNumber":-1,"Properties":[{"Key":{"Id":"TestCase.ManagedType","Label":"ManagedType","Category":"","Description":"","Attributes":1,"ValueType":"System.String"},"Value":"SeleniumUnitTests.TestInputControls"},{"Key":{"Id":"TestCase.ManagedMethod","Label":"ManagedMethod","Category":"","Description":"","Attributes":1,"ValueType":"System.String"},"Value":"TestTypeNonExistentInput"},{"Key":{"Id":"MSTestDiscoverer.TestClassName","Label":"ClassName","Category":"","Description":"","Attributes":1,"ValueType":"System.String"},"Value":"SeleniumUnitTests.TestInputControls"},{"Key":{"Id":"TestCase.Hierarchy","Label":"Hierarchy","Category":"","Description":"","Attributes":2,"ValueType":"System.String[]"},"Value":[null,"SeleniumUnitTests","TestInputControls","TestTypeNonExistentInput"]},{"Key":{"Id":"TestObject.Traits","Label":"Traits","Category":"","Description":"","Attributes":5,"ValueType":"System.Collections.Generic.KeyValuePair`2[[System.String],[System.String]][]"},"Value":[]}]}]}}
TpTrace Verbose: 0 : 20680, 12, 2022/10/06, 07:08:10.674, 658054210862, vstest.console.dll, TestRunRequest:SendTestRunStatsChange: Starting.
TpTrace Verbose: 0 : 20680, 12, 2022/10/06, 07:08:10.674, 658054214869, vstest.console.dll, InProgress is TestTypeNonExistentInput
TpTrace Verbose: 0 : 20680, 12, 2022/10/06, 07:08:10.674, 658054216561, vstest.console.dll, MulticastDelegateUtilities.SafeInvoke: TestRun.RunStatsChanged: Invoking callbacks was skipped because there are no subscribers.
TpTrace Information: 0 : 20680, 12, 2022/10/06, 07:08:10.675, 658054217625, vstest.console.dll, TestRunRequest:SendTestRunStatsChange: Completed.
TpTrace Verbose: 0 : 20680, 12, 2022/10/06, 07:08:10.675, 658054220598, vstest.console.dll, MulticastDelegateUtilities.SafeInvoke: LengthPrefixCommunicationChannel: MessageReceived: Invoking callback 1/1 for Microsoft.VisualStudio.TestPlatform.CommunicationUtilities.TestRequestSender+<>c__DisplayClass31_0.<StartTestRun>b__1, took 10 ms.
TpTrace Verbose: 0 : 20680, 12, 2022/10/06, 07:08:10.675, 658054221799, vstest.console.dll, TcpClientExtensions.MessageLoopAsync: Polling on remoteEndPoint: 127.0.0.1:52911 localEndPoint: 127.0.0.1:52907
TpTrace Verbose: 0 : 20680, 4, 2022/10/06, 07:08:10.675, 658054224534, vstest.console.dll, MulticastDelegateUtilities.SafeInvoke: InternalTestLoggerEvents.SendTestResult: Invoking callback 1/1 for Microsoft.VisualStudio.TestPlatform.CommandLine.Internal.ConsoleLogger.TestResultHandler, took 0 ms.
TpTrace Verbose: 0 : 20680, 12, 2022/10/06, 07:08:11.797, 658064229832, vstest.console.dll, TcpClientExtensions.MessageLoopAsync: Polling on remoteEndPoint: 127.0.0.1:52911 localEndPoint: 127.0.0.1:52907
TpTrace Verbose: 0 : 20680, 12, 2022/10/06, 07:08:12.933, 658074359646, vstest.console.dll, TcpClientExtensions.MessageLoopAsync: Polling on remoteEndPoint: 127.0.0.1:52911 localEndPoint: 127.0.0.1:52907
TpTrace Verbose: 0 : 20680, 12, 2022/10/06, 07:08:14.013, 658083995713, vstest.console.dll, TcpClientExtensions.MessageLoopAsync: NotifyDataAvailable remoteEndPoint: 127.0.0.1:52911 localEndPoint: 127.0.0.1:52907
TpTrace Verbose: 0 : 20680, 12, 2022/10/06, 07:08:14.014, 658083999138, vstest.console.dll, TestRequestSender.OnExecutionMessageReceived: Received message: {"Version":7,"MessageType":"TestExecution.StatsChange","Payload":{"NewTestResults":[{"TestCase":{"Id":"f5d9310b-bea3-c9bd-fa93-455a8d3859d8","FullyQualifiedName":"SeleniumUnitTests.TestInputControls.TestTypeNonExistentInput","DisplayName":"TestTypeNonExistentInput","ExecutorUri":"executor://MSTestAdapter/v2","Source":"C:\\Users\\vagrant\\source\\repos\\SeleniumUnitTests\\bin\\Debug\\net6.0\\fine-code-coverage\\build-output\\SeleniumUnitTests.dll","CodeFilePath":null,"LineNumber":-1,"Properties":[{"Key":{"Id":"TestCase.ManagedType","Label":"ManagedType","Category":"","Description":"","Attributes":1,"ValueType":"System.String"},"Value":"SeleniumUnitTests.TestInputControls"},{"Key":{"Id":"TestCase.ManagedMethod","Label":"ManagedMethod","Category":"","Description":"","Attributes":1,"ValueType":"System.String"},"Value":"TestTypeNonExistentInput"},{"Key":{"Id":"MSTestDiscoverer.TestClassName","Label":"ClassName","Category":"","Description":"","Attributes":1,"ValueType":"System.String"},"Value":"SeleniumUnitTests.TestInputControls"},{"Key":{"Id":"TestCase.Hierarchy","Label":"Hierarchy","Category":"","Description":"","Attributes":2,"ValueType":"System.String[]"},"Value":[null,"SeleniumUnitTests","TestInputControls","TestTypeNonExistentInput"]},{"Key":{"Id":"TestObject.Traits","Label":"Traits","Category":"","Description":"","Attributes":5,"ValueType":"System.Collections.Generic.KeyValuePair`2[[System.String],[System.String]][]"},"Value":[]}]},"Attachments":[],"Outcome":1,"ErrorMessage":null,"ErrorStackTrace":null,"DisplayName":"TestTypeNonExistentInput","Messages":[],"ComputerName":null,"Duration":"00:00:02.9706104","StartTime":"2022-10-06T07:08:10.675666+01:00","EndTime":"2022-10-06T07:08:14.0076253+01:00","Properties":[{"Key":{"Id":"ExecutionId","Label":"ExecutionId","Category":"","Description":"","Attributes":1,"ValueType":"System.Guid"},"Value":"00000000-0000-0000-0000-000000000000"},{"Key":{"Id":"ParentExecId","Label":"ParentExecId","Category":"","Description":"","Attributes":1,"ValueType":"System.Guid"},"Value":"00000000-0000-0000-0000-000000000000"},{"Key":{"Id":"InnerResultsCount","Label":"InnerResultsCount","Category":"","Description":"","Attributes":1,"ValueType":"System.Int32"},"Value":0}]}],"TestRunStatistics":{"ExecutedTests":6,"Stats":{"Passed":6}},"ActiveTests":[{"Id":"4b72920e-b124-3c5c-8c61-bd991bb9075e","FullyQualifiedName":"SeleniumUnitTests.TestInputControls.TestInput","DisplayName":"TestInput","ExecutorUri":"executor://MSTestAdapter/v2","Source":"C:\\Users\\vagrant\\source\\repos\\SeleniumUnitTests\\bin\\Debug\\net6.0\\fine-code-coverage\\build-output\\SeleniumUnitTests.dll","CodeFilePath":null,"LineNumber":-1,"Properties":[{"Key":{"Id":"TestCase.ManagedType","Label":"ManagedType","Category":"","Description":"","Attributes":1,"ValueType":"System.String"},"Value":"SeleniumUnitTests.TestInputControls"},{"Key":{"Id":"TestCase.ManagedMethod","Label":"ManagedMethod","Category":"","Description":"","Attributes":1,"ValueType":"System.String"},"Value":"TestInput"},{"Key":{"Id":"MSTestDiscoverer.TestClassName","Label":"ClassName","Category":"","Description":"","Attributes":1,"ValueType":"System.String"},"Value":"SeleniumUnitTests.TestInputControls"},{"Key":{"Id":"TestCase.Hierarchy","Label":"Hierarchy","Category":"","Description":"","Attributes":2,"ValueType":"System.String[]"},"Value":[null,"SeleniumUnitTests","TestInputControls","TestInput"]},{"Key":{"Id":"TestObject.Traits","Label":"Traits","Category":"","Description":"","Attributes":5,"ValueType":"System.Collections.Generic.KeyValuePair`2[[System.String],[System.String]][]"},"Value":[]}]}]}}
TpTrace Verbose: 0 : 20680, 12, 2022/10/06, 07:08:14.016, 658084018192, vstest.console.dll, TestRunRequest:SendTestRunStatsChange: Starting.
TpTrace Verbose: 0 : 20680, 12, 2022/10/06, 07:08:14.016, 658084019465, vstest.console.dll, InProgress is TestInput
TpTrace Verbose: 0 : 20680, 12, 2022/10/06, 07:08:14.016, 658084020952, vstest.console.dll, MulticastDelegateUtilities.SafeInvoke: TestRun.RunStatsChanged: Invoking callbacks was skipped because there are no subscribers.
TpTrace Information: 0 : 20680, 12, 2022/10/06, 07:08:14.016, 658084021709, vstest.console.dll, TestRunRequest:SendTestRunStatsChange: Completed.
TpTrace Verbose: 0 : 20680, 12, 2022/10/06, 07:08:14.016, 658084022597, vstest.console.dll, MulticastDelegateUtilities.SafeInvoke: LengthPrefixCommunicationChannel: MessageReceived: Invoking callback 1/1 for Microsoft.VisualStudio.TestPlatform.CommunicationUtilities.TestRequestSender+<>c__DisplayClass31_0.<StartTestRun>b__1, took 2 ms.
TpTrace Verbose: 0 : 20680, 12, 2022/10/06, 07:08:14.016, 658084024389, vstest.console.dll, TcpClientExtensions.MessageLoopAsync: Polling on remoteEndPoint: 127.0.0.1:52911 localEndPoint: 127.0.0.1:52907
TpTrace Verbose: 0 : 20680, 4, 2022/10/06, 07:08:14.016, 658084022150, vstest.console.dll, MulticastDelegateUtilities.SafeInvoke: InternalTestLoggerEvents.SendTestResult: Invoking callback 1/1 for Microsoft.VisualStudio.TestPlatform.CommandLine.Internal.ConsoleLogger.TestResultHandler, took 0 ms.
TpTrace Verbose: 0 : 20680, 12, 2022/10/06, 07:08:15.143, 658094075194, vstest.console.dll, TcpClientExtensions.MessageLoopAsync: Polling on remoteEndPoint: 127.0.0.1:52911 localEndPoint: 127.0.0.1:52907
TpTrace Verbose: 0 : 20680, 12, 2022/10/06, 07:08:16.271, 658104136607, vstest.console.dll, TcpClientExtensions.MessageLoopAsync: Polling on remoteEndPoint: 127.0.0.1:52911 localEndPoint: 127.0.0.1:52907
TpTrace Verbose: 0 : 20680, 12, 2022/10/06, 07:08:17.398, 658114183865, vstest.console.dll, TcpClientExtensions.MessageLoopAsync: Polling on remoteEndPoint: 127.0.0.1:52911 localEndPoint: 127.0.0.1:52907
TpTrace Verbose: 0 : 20680, 12, 2022/10/06, 07:08:18.019, 658119730179, vstest.console.dll, TcpClientExtensions.MessageLoopAsync: NotifyDataAvailable remoteEndPoint: 127.0.0.1:52911 localEndPoint: 127.0.0.1:52907
TpTrace Verbose: 0 : 20680, 12, 2022/10/06, 07:08:18.020, 658119733114, vstest.console.dll, TestRequestSender.OnExecutionMessageReceived: Received message: {"Version":7,"MessageType":"TestExecution.StatsChange","Payload":{"NewTestResults":[{"TestCase":{"Id":"4b72920e-b124-3c5c-8c61-bd991bb9075e","FullyQualifiedName":"SeleniumUnitTests.TestInputControls.TestInput","DisplayName":"TestInput","ExecutorUri":"executor://MSTestAdapter/v2","Source":"C:\\Users\\vagrant\\source\\repos\\SeleniumUnitTests\\bin\\Debug\\net6.0\\fine-code-coverage\\build-output\\SeleniumUnitTests.dll","CodeFilePath":null,"LineNumber":-1,"Properties":[{"Key":{"Id":"TestCase.ManagedType","Label":"ManagedType","Category":"","Description":"","Attributes":1,"ValueType":"System.String"},"Value":"SeleniumUnitTests.TestInputControls"},{"Key":{"Id":"TestCase.ManagedMethod","Label":"ManagedMethod","Category":"","Description":"","Attributes":1,"ValueType":"System.String"},"Value":"TestInput"},{"Key":{"Id":"MSTestDiscoverer.TestClassName","Label":"ClassName","Category":"","Description":"","Attributes":1,"ValueType":"System.String"},"Value":"SeleniumUnitTests.TestInputControls"},{"Key":{"Id":"TestCase.Hierarchy","Label":"Hierarchy","Category":"","Description":"","Attributes":2,"ValueType":"System.String[]"},"Value":[null,"SeleniumUnitTests","TestInputControls","TestInput"]},{"Key":{"Id":"TestObject.Traits","Label":"Traits","Category":"","Description":"","Attributes":5,"ValueType":"System.Collections.Generic.KeyValuePair`2[[System.String],[System.String]][]"},"Value":[]}]},"Attachments":[],"Outcome":1,"ErrorMessage":null,"ErrorStackTrace":null,"DisplayName":"TestInput","Messages":[],"ComputerName":null,"Duration":"00:00:03.5638185","StartTime":"2022-10-06T07:08:14.0180299+01:00","EndTime":"2022-10-06T07:08:18.014227+01:00","Properties":[{"Key":{"Id":"ExecutionId","Label":"ExecutionId","Category":"","Description":"","Attributes":1,"ValueType":"System.Guid"},"Value":"00000000-0000-0000-0000-000000000000"},{"Key":{"Id":"ParentExecId","Label":"ParentExecId","Category":"","Description":"","Attributes":1,"ValueType":"System.Guid"},"Value":"00000000-0000-0000-0000-000000000000"},{"Key":{"Id":"InnerResultsCount","Label":"InnerResultsCount","Category":"","Description":"","Attributes":1,"ValueType":"System.Int32"},"Value":0}]}],"TestRunStatistics":{"ExecutedTests":7,"Stats":{"Passed":7}},"ActiveTests":[{"Id":"060248ed-314c-50b4-4242-a78daaf1cf54","FullyQualifiedName":"SeleniumUnitTests.TestInputControls.TestSubmit","DisplayName":"TestSubmit","ExecutorUri":"executor://MSTestAdapter/v2","Source":"C:\\Users\\vagrant\\source\\repos\\SeleniumUnitTests\\bin\\Debug\\net6.0\\fine-code-coverage\\build-output\\SeleniumUnitTests.dll","CodeFilePath":null,"LineNumber":-1,"Properties":[{"Key":{"Id":"TestCase.ManagedType","Label":"ManagedType","Category":"","Description":"","Attributes":1,"ValueType":"System.String"},"Value":"SeleniumUnitTests.TestInputControls"},{"Key":{"Id":"TestCase.ManagedMethod","Label":"ManagedMethod","Category":"","Description":"","Attributes":1,"ValueType":"System.String"},"Value":"TestSubmit"},{"Key":{"Id":"MSTestDiscoverer.TestClassName","Label":"ClassName","Category":"","Description":"","Attributes":1,"ValueType":"System.String"},"Value":"SeleniumUnitTests.TestInputControls"},{"Key":{"Id":"TestCase.Hierarchy","Label":"Hierarchy","Category":"","Description":"","Attributes":2,"ValueType":"System.String[]"},"Value":[null,"SeleniumUnitTests","TestInputControls","TestSubmit"]},{"Key":{"Id":"TestObject.Traits","Label":"Traits","Category":"","Description":"","Attributes":5,"ValueType":"System.Collections.Generic.KeyValuePair`2[[System.String],[System.String]][]"},"Value":[]}]}]}}
TpTrace Verbose: 0 : 20680, 12, 2022/10/06, 07:08:18.022, 658119751954, vstest.console.dll, TestRunRequest:SendTestRunStatsChange: Starting.
TpTrace Verbose: 0 : 20680, 12, 2022/10/06, 07:08:18.022, 658119753246, vstest.console.dll, InProgress is TestSubmit
TpTrace Verbose: 0 : 20680, 12, 2022/10/06, 07:08:18.022, 658119754925, vstest.console.dll, MulticastDelegateUtilities.SafeInvoke: TestRun.RunStatsChanged: Invoking callbacks was skipped because there are no subscribers.
TpTrace Information: 0 : 20680, 12, 2022/10/06, 07:08:18.023, 658119757837, vstest.console.dll, TestRunRequest:SendTestRunStatsChange: Completed.
TpTrace Verbose: 0 : 20680, 12, 2022/10/06, 07:08:18.023, 658119758706, vstest.console.dll, MulticastDelegateUtilities.SafeInvoke: LengthPrefixCommunicationChannel: MessageReceived: Invoking callback 1/1 for Microsoft.VisualStudio.TestPlatform.CommunicationUtilities.TestRequestSender+<>c__DisplayClass31_0.<StartTestRun>b__1, took 2 ms.
TpTrace Verbose: 0 : 20680, 12, 2022/10/06, 07:08:18.023, 658119759646, vstest.console.dll, TcpClientExtensions.MessageLoopAsync: Polling on remoteEndPoint: 127.0.0.1:52911 localEndPoint: 127.0.0.1:52907
TpTrace Verbose: 0 : 20680, 4, 2022/10/06, 07:08:18.023, 658119758285, vstest.console.dll, MulticastDelegateUtilities.SafeInvoke: InternalTestLoggerEvents.SendTestResult: Invoking callback 1/1 for Microsoft.VisualStudio.TestPlatform.CommandLine.Internal.ConsoleLogger.TestResultHandler, took 0 ms.
TpTrace Verbose: 0 : 20680, 12, 2022/10/06, 07:08:19.119, 658129813064, vstest.console.dll, TcpClientExtensions.MessageLoopAsync: Polling on remoteEndPoint: 127.0.0.1:52911 localEndPoint: 127.0.0.1:52907
TpTrace Verbose: 0 : 20680, 12, 2022/10/06, 07:08:20.130, 658139835668, vstest.console.dll, TcpClientExtensions.MessageLoopAsync: Polling on remoteEndPoint: 127.0.0.1:52911 localEndPoint: 127.0.0.1:52907
TpTrace Verbose: 0 : 20680, 12, 2022/10/06, 07:08:21.143, 658149870646, vstest.console.dll, TcpClientExtensions.MessageLoopAsync: Polling on remoteEndPoint: 127.0.0.1:52911 localEndPoint: 127.0.0.1:52907
TpTrace Verbose: 0 : 20680, 12, 2022/10/06, 07:08:22.164, 658159996427, vstest.console.dll, TcpClientExtensions.MessageLoopAsync: Polling on remoteEndPoint: 127.0.0.1:52911 localEndPoint: 127.0.0.1:52907
TpTrace Verbose: 0 : 20680, 12, 2022/10/06, 07:08:22.483, 658163149187, vstest.console.dll, TcpClientExtensions.MessageLoopAsync: NotifyDataAvailable remoteEndPoint: 127.0.0.1:52911 localEndPoint: 127.0.0.1:52907
TpTrace Verbose: 0 : 20680, 12, 2022/10/06, 07:08:22.483, 658163152132, vstest.console.dll, TestRequestSender.OnExecutionMessageReceived: Received message: {"Version":7,"MessageType":"TestExecution.StatsChange","Payload":{"NewTestResults":[{"TestCase":{"Id":"060248ed-314c-50b4-4242-a78daaf1cf54","FullyQualifiedName":"SeleniumUnitTests.TestInputControls.TestSubmit","DisplayName":"TestSubmit","ExecutorUri":"executor://MSTestAdapter/v2","Source":"C:\\Users\\vagrant\\source\\repos\\SeleniumUnitTests\\bin\\Debug\\net6.0\\fine-code-coverage\\build-output\\SeleniumUnitTests.dll","CodeFilePath":null,"LineNumber":-1,"Properties":[{"Key":{"Id":"TestCase.ManagedType","Label":"ManagedType","Category":"","Description":"","Attributes":1,"ValueType":"System.String"},"Value":"SeleniumUnitTests.TestInputControls"},{"Key":{"Id":"TestCase.ManagedMethod","Label":"ManagedMethod","Category":"","Description":"","Attributes":1,"ValueType":"System.String"},"Value":"TestSubmit"},{"Key":{"Id":"MSTestDiscoverer.TestClassName","Label":"ClassName","Category":"","Description":"","Attributes":1,"ValueType":"System.String"},"Value":"SeleniumUnitTests.TestInputControls"},{"Key":{"Id":"TestCase.Hierarchy","Label":"Hierarchy","Category":"","Description":"","Attributes":2,"ValueType":"System.String[]"},"Value":[null,"SeleniumUnitTests","TestInputControls","TestSubmit"]},{"Key":{"Id":"TestObject.Traits","Label":"Traits","Category":"","Description":"","Attributes":5,"ValueType":"System.Collections.Generic.KeyValuePair`2[[System.String],[System.String]][]"},"Value":[]}]},"Attachments":[],"Outcome":1,"ErrorMessage":null,"ErrorStackTrace":null,"DisplayName":"TestSubmit","Messages":[],"ComputerName":null,"Duration":"00:00:04.3246692","StartTime":"2022-10-06T07:08:18.026401+01:00","EndTime":"2022-10-06T07:08:22.472126+01:00","Properties":[{"Key":{"Id":"ExecutionId","Label":"ExecutionId","Category":"","Description":"","Attributes":1,"ValueType":"System.Guid"},"Value":"00000000-0000-0000-0000-000000000000"},{"Key":{"Id":"ParentExecId","Label":"ParentExecId","Category":"","Description":"","Attributes":1,"ValueType":"System.Guid"},"Value":"00000000-0000-0000-0000-000000000000"},{"Key":{"Id":"InnerResultsCount","Label":"InnerResultsCount","Category":"","Description":"","Attributes":1,"ValueType":"System.Int32"},"Value":0}]}],"TestRunStatistics":{"ExecutedTests":8,"Stats":{"Passed":8}},"ActiveTests":[{"Id":"b9f87868-7391-e4f9-bffa-afa68c6cf563","FullyQualifiedName":"SeleniumUnitTests.TestInputControls.TestCheck","DisplayName":"TestCheck","ExecutorUri":"executor://MSTestAdapter/v2","Source":"C:\\Users\\vagrant\\source\\repos\\SeleniumUnitTests\\bin\\Debug\\net6.0\\fine-code-coverage\\build-output\\SeleniumUnitTests.dll","CodeFilePath":null,"LineNumber":-1,"Properties":[{"Key":{"Id":"TestCase.ManagedType","Label":"ManagedType","Category":"","Description":"","Attributes":1,"ValueType":"System.String"},"Value":"SeleniumUnitTests.TestInputControls"},{"Key":{"Id":"TestCase.ManagedMethod","Label":"ManagedMethod","Category":"","Description":"","Attributes":1,"ValueType":"System.String"},"Value":"TestCheck"},{"Key":{"Id":"MSTestDiscoverer.TestClassName","Label":"ClassName","Category":"","Description":"","Attributes":1,"ValueType":"System.String"},"Value":"SeleniumUnitTests.TestInputControls"},{"Key":{"Id":"TestCase.Hierarchy","Label":"Hierarchy","Category":"","Description":"","Attributes":2,"ValueType":"System.String[]"},"Value":[null,"SeleniumUnitTests","TestInputControls","TestCheck"]},{"Key":{"Id":"TestObject.Traits","Label":"Traits","Category":"","Description":"","Attributes":5,"ValueType":"System.Collections.Generic.KeyValuePair`2[[System.String],[System.String]][]"},"Value":[]}]}]}}
TpTrace Verbose: 0 : 20680, 12, 2022/10/06, 07:08:22.485, 658163174567, vstest.console.dll, TestRunRequest:SendTestRunStatsChange: Starting.
TpTrace Verbose: 0 : 20680, 12, 2022/10/06, 07:08:22.485, 658163176078, vstest.console.dll, InProgress is TestCheck
TpTrace Verbose: 0 : 20680, 12, 2022/10/06, 07:08:22.485, 658163177150, vstest.console.dll, MulticastDelegateUtilities.SafeInvoke: TestRun.RunStatsChanged: Invoking callbacks was skipped because there are no subscribers.
TpTrace Information: 0 : 20680, 12, 2022/10/06, 07:08:22.485, 658163177984, vstest.console.dll, TestRunRequest:SendTestRunStatsChange: Completed.
TpTrace Verbose: 0 : 20680, 12, 2022/10/06, 07:08:22.486, 658163179116, vstest.console.dll, MulticastDelegateUtilities.SafeInvoke: LengthPrefixCommunicationChannel: MessageReceived: Invoking callback 1/1 for Microsoft.VisualStudio.TestPlatform.CommunicationUtilities.TestRequestSender+<>c__DisplayClass31_0.<StartTestRun>b__1, took 2 ms.
TpTrace Verbose: 0 : 20680, 12, 2022/10/06, 07:08:22.486, 658163179901, vstest.console.dll, TcpClientExtensions.MessageLoopAsync: Polling on remoteEndPoint: 127.0.0.1:52911 localEndPoint: 127.0.0.1:52907
TpTrace Verbose: 0 : 20680, 4, 2022/10/06, 07:08:22.485, 658163178450, vstest.console.dll, MulticastDelegateUtilities.SafeInvoke: InternalTestLoggerEvents.SendTestResult: Invoking callback 1/1 for Microsoft.VisualStudio.TestPlatform.CommandLine.Internal.ConsoleLogger.TestResultHandler, took 0 ms.
TpTrace Verbose: 0 : 20680, 12, 2022/10/06, 07:08:23.510, 658173333894, vstest.console.dll, TcpClientExtensions.MessageLoopAsync: Polling on remoteEndPoint: 127.0.0.1:52911 localEndPoint: 127.0.0.1:52907
TpTrace Verbose: 0 : 20680, 12, 2022/10/06, 07:08:24.535, 658183486862, vstest.console.dll, TcpClientExtensions.MessageLoopAsync: Polling on remoteEndPoint: 127.0.0.1:52911 localEndPoint: 127.0.0.1:52907
TpTrace Verbose: 0 : 20680, 12, 2022/10/06, 07:08:25.549, 658193538216, vstest.console.dll, TcpClientExtensions.MessageLoopAsync: Polling on remoteEndPoint: 127.0.0.1:52911 localEndPoint: 127.0.0.1:52907
TpTrace Verbose: 0 : 20680, 12, 2022/10/06, 07:08:26.026, 658198263280, vstest.console.dll, TcpClientExtensions.MessageLoopAsync: NotifyDataAvailable remoteEndPoint: 127.0.0.1:52911 localEndPoint: 127.0.0.1:52907
TpTrace Verbose: 0 : 20680, 12, 2022/10/06, 07:08:26.026, 658198266983, vstest.console.dll, TestRequestSender.OnExecutionMessageReceived: Received message: {"Version":7,"MessageType":"TestExecution.StatsChange","Payload":{"NewTestResults":[{"TestCase":{"Id":"b9f87868-7391-e4f9-bffa-afa68c6cf563","FullyQualifiedName":"SeleniumUnitTests.TestInputControls.TestCheck","DisplayName":"TestCheck","ExecutorUri":"executor://MSTestAdapter/v2","Source":"C:\\Users\\vagrant\\source\\repos\\SeleniumUnitTests\\bin\\Debug\\net6.0\\fine-code-coverage\\build-output\\SeleniumUnitTests.dll","CodeFilePath":null,"LineNumber":-1,"Properties":[{"Key":{"Id":"TestCase.ManagedType","Label":"ManagedType","Category":"","Description":"","Attributes":1,"ValueType":"System.String"},"Value":"SeleniumUnitTests.TestInputControls"},{"Key":{"Id":"TestCase.ManagedMethod","Label":"ManagedMethod","Category":"","Description":"","Attributes":1,"ValueType":"System.String"},"Value":"TestCheck"},{"Key":{"Id":"MSTestDiscoverer.TestClassName","Label":"ClassName","Category":"","Description":"","Attributes":1,"ValueType":"System.String"},"Value":"SeleniumUnitTests.TestInputControls"},{"Key":{"Id":"TestCase.Hierarchy","Label":"Hierarchy","Category":"","Description":"","Attributes":2,"ValueType":"System.String[]"},"Value":[null,"SeleniumUnitTests","TestInputControls","TestCheck"]},{"Key":{"Id":"TestObject.Traits","Label":"Traits","Category":"","Description":"","Attributes":5,"ValueType":"System.Collections.Generic.KeyValuePair`2[[System.String],[System.String]][]"},"Value":[]}]},"Attachments":[],"Outcome":1,"ErrorMessage":null,"ErrorStackTrace":null,"DisplayName":"TestCheck","Messages":[],"ComputerName":null,"Duration":"00:00:03.4971410","StartTime":"2022-10-06T07:08:22.4881332+01:00","EndTime":"2022-10-06T07:08:26.0175694+01:00","Properties":[{"Key":{"Id":"ExecutionId","Label":"ExecutionId","Category":"","Description":"","Attributes":1,"ValueType":"System.Guid"},"Value":"00000000-0000-0000-0000-000000000000"},{"Key":{"Id":"ParentExecId","Label":"ParentExecId","Category":"","Description":"","Attributes":1,"ValueType":"System.Guid"},"Value":"00000000-0000-0000-0000-000000000000"},{"Key":{"Id":"InnerResultsCount","Label":"InnerResultsCount","Category":"","Description":"","Attributes":1,"ValueType":"System.Int32"},"Value":0}]}],"TestRunStatistics":{"ExecutedTests":9,"Stats":{"Passed":9}},"ActiveTests":[{"Id":"fb0ec671-3c53-75d8-1d46-512b982b535c","FullyQualifiedName":"SeleniumUnitTests.TestInputControls.TestUncheck","DisplayName":"TestUncheck","ExecutorUri":"executor://MSTestAdapter/v2","Source":"C:\\Users\\vagrant\\source\\repos\\SeleniumUnitTests\\bin\\Debug\\net6.0\\fine-code-coverage\\build-output\\SeleniumUnitTests.dll","CodeFilePath":null,"LineNumber":-1,"Properties":[{"Key":{"Id":"TestCase.ManagedType","Label":"ManagedType","Category":"","Description":"","Attributes":1,"ValueType":"System.String"},"Value":"SeleniumUnitTests.TestInputControls"},{"Key":{"Id":"TestCase.ManagedMethod","Label":"ManagedMethod","Category":"","Description":"","Attributes":1,"ValueType":"System.String"},"Value":"TestUncheck"},{"Key":{"Id":"MSTestDiscoverer.TestClassName","Label":"ClassName","Category":"","Description":"","Attributes":1,"ValueType":"System.String"},"Value":"SeleniumUnitTests.TestInputControls"},{"Key":{"Id":"TestCase.Hierarchy","Label":"Hierarchy","Category":"","Description":"","Attributes":2,"ValueType":"System.String[]"},"Value":[null,"SeleniumUnitTests","TestInputControls","TestUncheck"]},{"Key":{"Id":"TestObject.Traits","Label":"Traits","Category":"","Description":"","Attributes":5,"ValueType":"System.Collections.Generic.KeyValuePair`2[[System.String],[System.String]][]"},"Value":[]}]}]}}
TpTrace Verbose: 0 : 20680, 12, 2022/10/06, 07:08:26.030, 658198307617, vstest.console.dll, TestRunRequest:SendTestRunStatsChange: Starting.
TpTrace Verbose: 0 : 20680, 12, 2022/10/06, 07:08:26.030, 658198309258, vstest.console.dll, InProgress is TestUncheck
TpTrace Verbose: 0 : 20680, 12, 2022/10/06, 07:08:26.030, 658198310302, vstest.console.dll, MulticastDelegateUtilities.SafeInvoke: TestRun.RunStatsChanged: Invoking callbacks was skipped because there are no subscribers.
TpTrace Information: 0 : 20680, 12, 2022/10/06, 07:08:26.031, 658198311134, vstest.console.dll, TestRunRequest:SendTestRunStatsChange: Completed.
TpTrace Verbose: 0 : 20680, 4, 2022/10/06, 07:08:26.031, 658198312273, vstest.console.dll, MulticastDelegateUtilities.SafeInvoke: InternalTestLoggerEvents.SendTestResult: Invoking callback 1/1 for Microsoft.VisualStudio.TestPlatform.CommandLine.Internal.ConsoleLogger.TestResultHandler, took 0 ms.
TpTrace Verbose: 0 : 20680, 12, 2022/10/06, 07:08:26.031, 658198313082, vstest.console.dll, MulticastDelegateUtilities.SafeInvoke: LengthPrefixCommunicationChannel: MessageReceived: Invoking callback 1/1 for Microsoft.VisualStudio.TestPlatform.CommunicationUtilities.TestRequestSender+<>c__DisplayClass31_0.<StartTestRun>b__1, took 4 ms.
TpTrace Verbose: 0 : 20680, 12, 2022/10/06, 07:08:26.031, 658198314208, vstest.console.dll, TcpClientExtensions.MessageLoopAsync: Polling on remoteEndPoint: 127.0.0.1:52911 localEndPoint: 127.0.0.1:52907
TpTrace Verbose: 0 : 20680, 12, 2022/10/06, 07:08:27.052, 658208431213, vstest.console.dll, TcpClientExtensions.MessageLoopAsync: Polling on remoteEndPoint: 127.0.0.1:52911 localEndPoint: 127.0.0.1:52907
TpTrace Verbose: 0 : 20680, 12, 2022/10/06, 07:08:27.632, 658214179904, vstest.console.dll, TcpClientExtensions.MessageLoopAsync: NotifyDataAvailable remoteEndPoint: 127.0.0.1:52911 localEndPoint: 127.0.0.1:52907
TpTrace Verbose: 0 : 20680, 12, 2022/10/06, 07:08:27.632, 658214184535, vstest.console.dll, TestRequestSender.OnExecutionMessageReceived: Received message: {"Version":7,"MessageType":"TestExecution.StatsChange","Payload":{"NewTestResults":[{"TestCase":{"Id":"fb0ec671-3c53-75d8-1d46-512b982b535c","FullyQualifiedName":"SeleniumUnitTests.TestInputControls.TestUncheck","DisplayName":"TestUncheck","ExecutorUri":"executor://MSTestAdapter/v2","Source":"C:\\Users\\vagrant\\source\\repos\\SeleniumUnitTests\\bin\\Debug\\net6.0\\fine-code-coverage\\build-output\\SeleniumUnitTests.dll","CodeFilePath":null,"LineNumber":-1,"Properties":[{"Key":{"Id":"TestCase.ManagedType","Label":"ManagedType","Category":"","Description":"","Attributes":1,"ValueType":"System.String"},"Value":"SeleniumUnitTests.TestInputControls"},{"Key":{"Id":"TestCase.ManagedMethod","Label":"ManagedMethod","Category":"","Description":"","Attributes":1,"ValueType":"System.String"},"Value":"TestUncheck"},{"Key":{"Id":"MSTestDiscoverer.TestClassName","Label":"ClassName","Category":"","Description":"","Attributes":1,"ValueType":"System.String"},"Value":"SeleniumUnitTests.TestInputControls"},{"Key":{"Id":"TestCase.Hierarchy","Label":"Hierarchy","Category":"","Description":"","Attributes":2,"ValueType":"System.String[]"},"Value":[null,"SeleniumUnitTests","TestInputControls","TestUncheck"]},{"Key":{"Id":"TestObject.Traits","Label":"Traits","Category":"","Description":"","Attributes":5,"ValueType":"System.Collections.Generic.KeyValuePair`2[[System.String],[System.String]][]"},"Value":[]}]},"Attachments":[],"Outcome":2,"ErrorMessage":"Test method SeleniumUnitTests.TestInputControls.TestUncheck threw exception: \r\nSystem.IO.IOException: The process cannot access the file 'C:\\Users\\vagrant\\source\\repos\\SeleniumUnitTests\\bin\\Debug\\net6.0\\fine-code-coverage\\build-output\\Data\\InputCheckbox.xlsx' because it is being used by another process.","ErrorStackTrace":"    at Microsoft.Win32.SafeHandles.SafeFileHandle.CreateFile(String fullPath, FileMode mode, FileAccess access, FileShare share, FileOptions options)\r\n   at Microsoft.Win32.SafeHandles.SafeFileHandle.Open(String fullPath, FileMode mode, FileAccess access, FileShare share, FileOptions options, Int64 preallocationSize)\r\n   at System.IO.Strategies.OSFileStreamStrategy..ctor(String path, FileMode mode, FileAccess access, FileShare share, FileOptions options, Int64 preallocationSize)\r\n   at System.IO.Strategies.FileStreamHelpers.ChooseStrategyCore(String path, FileMode mode, FileAccess access, FileShare share, FileOptions options, Int64 preallocationSize)\r\n   at System.IO.Strategies.FileStreamHelpers.ChooseStrategy(FileStream fileStream, String path, FileMode mode, FileAccess access, FileShare share, Int32 bufferSize, FileOptions options, Int64 preallocationSize)\r\n   at System.IO.File.Open(String path, FileMode mode, FileAccess access)\r\n   at EasyExcelFramework.EasyExcelF.Populateworksheets(String filename, String defaultsheetname)\r\n   at EasyExcelFramework.EasyExcelF..ctor(String filename)\r\n   at EasyExcelFrameworkSelenium.EasyExcelFrameworkSelenium..ctor(String filename) in C:\\Users\\vagrant\\source\\repos\\EasyExcelFrameworkSelenium\\EasyExcelFrameworkSelenium.cs:line 23\r\n   at SeleniumUnitTests.TestInputControls.TestUncheck() in C:\\Users\\vagrant\\source\\repos\\SeleniumUnitTests\\TestInput.cs:line 70\r\n","DisplayName":"TestUncheck","Messages":[],"ComputerName":null,"Duration":"00:00:00.0637203","StartTime":"2022-10-06T07:08:26.0291731+01:00","EndTime":"2022-10-06T07:08:26.0956492+01:00","Properties":[{"Key":{"Id":"ExecutionId","Label":"ExecutionId","Category":"","Description":"","Attributes":1,"ValueType":"System.Guid"},"Value":"00000000-0000-0000-0000-000000000000"},{"Key":{"Id":"ParentExecId","Label":"ParentExecId","Category":"","Description":"","Attributes":1,"ValueType":"System.Guid"},"Value":"00000000-0000-0000-0000-000000000000"},{"Key":{"Id":"InnerResultsCount","Label":"InnerResultsCount","Category":"","Description":"","Attributes":1,"ValueType":"System.Int32"},"Value":0}]}],"TestRunStatistics":{"ExecutedTests":10,"Stats":{"Passed":9,"Failed":1}},"ActiveTests":[{"Id":"654a4a89-0a04-d954-615e-074ad33a3905","FullyQualifiedName":"SeleniumUnitTests.TestInputControls.TestRadio","DisplayName":"TestRadio","ExecutorUri":"executor://MSTestAdapter/v2","Source":"C:\\Users\\vagrant\\source\\repos\\SeleniumUnitTests\\bin\\Debug\\net6.0\\fine-code-coverage\\build-output\\SeleniumUnitTests.dll","CodeFilePath":null,"LineNumber":-1,"Properties":[{"Key":{"Id":"TestCase.ManagedType","Label":"ManagedType","Category":"","Description":"","Attributes":1,"ValueType":"System.String"},"Value":"SeleniumUnitTests.TestInputControls"},{"Key":{"Id":"TestCase.ManagedMethod","Label":"ManagedMethod","Category":"","Description":"","Attributes":1,"ValueType":"System.String"},"Value":"TestRadio"},{"Key":{"Id":"MSTestDiscoverer.TestClassName","Label":"ClassName","Category":"","Description":"","Attributes":1,"ValueType":"System.String"},"Value":"SeleniumUnitTests.TestInputControls"},{"Key":{"Id":"TestCase.Hierarchy","Label":"Hierarchy","Category":"","Description":"","Attributes":2,"ValueType":"System.String[]"},"Value":[null,"SeleniumUnitTests","TestInputControls","TestRadio"]},{"Key":{"Id":"TestObject.Traits","Label":"Traits","Category":"","Description":"","Attributes":5,"ValueType":"System.Collections.Generic.KeyValuePair`2[[System.String],[System.String]][]"},"Value":[]}]}]}}
TpTrace Verbose: 0 : 20680, 12, 2022/10/06, 07:08:27.634, 658214205860, vstest.console.dll, TestRunRequest:SendTestRunStatsChange: Starting.
TpTrace Verbose: 0 : 20680, 12, 2022/10/06, 07:08:27.634, 658214207342, vstest.console.dll, InProgress is TestRadio
TpTrace Verbose: 0 : 20680, 12, 2022/10/06, 07:08:27.635, 658214208356, vstest.console.dll, MulticastDelegateUtilities.SafeInvoke: TestRun.RunStatsChanged: Invoking callbacks was skipped because there are no subscribers.
TpTrace Information: 0 : 20680, 12, 2022/10/06, 07:08:27.635, 658214209147, vstest.console.dll, TestRunRequest:SendTestRunStatsChange: Completed.
TpTrace Verbose: 0 : 20680, 12, 2022/10/06, 07:08:27.635, 658214210092, vstest.console.dll, MulticastDelegateUtilities.SafeInvoke: LengthPrefixCommunicationChannel: MessageReceived: Invoking callback 1/1 for Microsoft.VisualStudio.TestPlatform.CommunicationUtilities.TestRequestSender+<>c__DisplayClass31_0.<StartTestRun>b__1, took 2 ms.
TpTrace Verbose: 0 : 20680, 12, 2022/10/06, 07:08:27.637, 658214227726, vstest.console.dll, TcpClientExtensions.MessageLoopAsync: Polling on remoteEndPoint: 127.0.0.1:52911 localEndPoint: 127.0.0.1:52907
TpTrace Verbose: 0 : 20680, 4, 2022/10/06, 07:08:27.638, 658214239686, vstest.console.dll, MulticastDelegateUtilities.SafeInvoke: InternalTestLoggerEvents.SendTestResult: Invoking callback 1/1 for Microsoft.VisualStudio.TestPlatform.CommandLine.Internal.ConsoleLogger.TestResultHandler, took 3 ms.
TpTrace Verbose: 0 : 20680, 12, 2022/10/06, 07:08:28.660, 658224375375, vstest.console.dll, TcpClientExtensions.MessageLoopAsync: Polling on remoteEndPoint: 127.0.0.1:52911 localEndPoint: 127.0.0.1:52907
TpTrace Verbose: 0 : 20680, 12, 2022/10/06, 07:08:29.576, 658234143942, vstest.console.dll, TcpClientExtensions.MessageLoopAsync: NotifyDataAvailable remoteEndPoint: 127.0.0.1:52911 localEndPoint: 127.0.0.1:52907
TpTrace Verbose: 0 : 20680, 12, 2022/10/06, 07:08:29.576, 658234147055, vstest.console.dll, TestRequestSender.OnExecutionMessageReceived: Received message: {"Version":7,"MessageType":"TestExecution.StatsChange","Payload":{"NewTestResults":[{"TestCase":{"Id":"654a4a89-0a04-d954-615e-074ad33a3905","FullyQualifiedName":"SeleniumUnitTests.TestInputControls.TestRadio","DisplayName":"TestRadio","ExecutorUri":"executor://MSTestAdapter/v2","Source":"C:\\Users\\vagrant\\source\\repos\\SeleniumUnitTests\\bin\\Debug\\net6.0\\fine-code-coverage\\build-output\\SeleniumUnitTests.dll","CodeFilePath":null,"LineNumber":-1,"Properties":[{"Key":{"Id":"TestCase.ManagedType","Label":"ManagedType","Category":"","Description":"","Attributes":1,"ValueType":"System.String"},"Value":"SeleniumUnitTests.TestInputControls"},{"Key":{"Id":"TestCase.ManagedMethod","Label":"ManagedMethod","Category":"","Description":"","Attributes":1,"ValueType":"System.String"},"Value":"TestRadio"},{"Key":{"Id":"MSTestDiscoverer.TestClassName","Label":"ClassName","Category":"","Description":"","Attributes":1,"ValueType":"System.String"},"Value":"SeleniumUnitTests.TestInputControls"},{"Key":{"Id":"TestCase.Hierarchy","Label":"Hierarchy","Category":"","Description":"","Attributes":2,"ValueType":"System.String[]"},"Value":[null,"SeleniumUnitTests","TestInputControls","TestRadio"]},{"Key":{"Id":"TestObject.Traits","Label":"Traits","Category":"","Description":"","Attributes":5,"ValueType":"System.Collections.Generic.KeyValuePair`2[[System.String],[System.String]][]"},"Value":[]}]},"Attachments":[],"Outcome":1,"ErrorMessage":null,"ErrorStackTrace":null,"DisplayName":"TestRadio","Messages":[],"ComputerName":null,"Duration":"00:00:03.5054036","StartTime":"2022-10-06T07:08:26.1033112+01:00","EndTime":"2022-10-06T07:08:29.5715313+01:00","Properties":[{"Key":{"Id":"ExecutionId","Label":"ExecutionId","Category":"","Description":"","Attributes":1,"ValueType":"System.Guid"},"Value":"00000000-0000-0000-0000-000000000000"},{"Key":{"Id":"ParentExecId","Label":"ParentExecId","Category":"","Description":"","Attributes":1,"ValueType":"System.Guid"},"Value":"00000000-0000-0000-0000-000000000000"},{"Key":{"Id":"InnerResultsCount","Label":"InnerResultsCount","Category":"","Description":"","Attributes":1,"ValueType":"System.Int32"},"Value":0}]}],"TestRunStatistics":{"ExecutedTests":11,"Stats":{"Passed":10,"Failed":1}},"ActiveTests":[{"Id":"15ae5df1-65d8-4a61-d714-52e11a0fa214","FullyQualifiedName":"SeleniumUnitTests.TestInputControls.TestSelectByText","DisplayName":"TestSelectByText","ExecutorUri":"executor://MSTestAdapter/v2","Source":"C:\\Users\\vagrant\\source\\repos\\SeleniumUnitTests\\bin\\Debug\\net6.0\\fine-code-coverage\\build-output\\SeleniumUnitTests.dll","CodeFilePath":null,"LineNumber":-1,"Properties":[{"Key":{"Id":"TestCase.ManagedType","Label":"ManagedType","Category":"","Description":"","Attributes":1,"ValueType":"System.String"},"Value":"SeleniumUnitTests.TestInputControls"},{"Key":{"Id":"TestCase.ManagedMethod","Label":"ManagedMethod","Category":"","Description":"","Attributes":1,"ValueType":"System.String"},"Value":"TestSelectByText"},{"Key":{"Id":"MSTestDiscoverer.TestClassName","Label":"ClassName","Category":"","Description":"","Attributes":1,"ValueType":"System.String"},"Value":"SeleniumUnitTests.TestInputControls"},{"Key":{"Id":"TestCase.Hierarchy","Label":"Hierarchy","Category":"","Description":"","Attributes":2,"ValueType":"System.String[]"},"Value":[null,"SeleniumUnitTests","TestInputControls","TestSelectByText"]},{"Key":{"Id":"TestObject.Traits","Label":"Traits","Category":"","Description":"","Attributes":5,"ValueType":"System.Collections.Generic.KeyValuePair`2[[System.String],[System.String]][]"},"Value":[]}]}]}}
TpTrace Verbose: 0 : 20680, 12, 2022/10/06, 07:08:29.578, 658234168927, vstest.console.dll, TestRunRequest:SendTestRunStatsChange: Starting.
TpTrace Verbose: 0 : 20680, 12, 2022/10/06, 07:08:29.578, 658234170427, vstest.console.dll, InProgress is TestSelectByText
TpTrace Verbose: 0 : 20680, 12, 2022/10/06, 07:08:29.578, 658234172123, vstest.console.dll, MulticastDelegateUtilities.SafeInvoke: TestRun.RunStatsChanged: Invoking callbacks was skipped because there are no subscribers.
TpTrace Information: 0 : 20680, 12, 2022/10/06, 07:08:29.578, 658234172972, vstest.console.dll, TestRunRequest:SendTestRunStatsChange: Completed.
TpTrace Verbose: 0 : 20680, 12, 2022/10/06, 07:08:29.579, 658234173891, vstest.console.dll, MulticastDelegateUtilities.SafeInvoke: LengthPrefixCommunicationChannel: MessageReceived: Invoking callback 1/1 for Microsoft.VisualStudio.TestPlatform.CommunicationUtilities.TestRequestSender+<>c__DisplayClass31_0.<StartTestRun>b__1, took 2 ms.
TpTrace Verbose: 0 : 20680, 12, 2022/10/06, 07:08:29.579, 658234174784, vstest.console.dll, TcpClientExtensions.MessageLoopAsync: Polling on remoteEndPoint: 127.0.0.1:52911 localEndPoint: 127.0.0.1:52907
TpTrace Verbose: 0 : 20680, 4, 2022/10/06, 07:08:29.579, 658234178517, vstest.console.dll, MulticastDelegateUtilities.SafeInvoke: InternalTestLoggerEvents.SendTestResult: Invoking callback 1/1 for Microsoft.VisualStudio.TestPlatform.CommandLine.Internal.ConsoleLogger.TestResultHandler, took 0 ms.
TpTrace Verbose: 0 : 20680, 12, 2022/10/06, 07:08:30.491, 658244222240, vstest.console.dll, TcpClientExtensions.MessageLoopAsync: Polling on remoteEndPoint: 127.0.0.1:52911 localEndPoint: 127.0.0.1:52907
TpTrace Verbose: 0 : 20680, 12, 2022/10/06, 07:08:31.406, 658254295705, vstest.console.dll, TcpClientExtensions.MessageLoopAsync: Polling on remoteEndPoint: 127.0.0.1:52911 localEndPoint: 127.0.0.1:52907
TpTrace Verbose: 0 : 20680, 12, 2022/10/06, 07:08:32.327, 658264433347, vstest.console.dll, TcpClientExtensions.MessageLoopAsync: Polling on remoteEndPoint: 127.0.0.1:52911 localEndPoint: 127.0.0.1:52907
TpTrace Verbose: 0 : 20680, 12, 2022/10/06, 07:08:32.689, 658268429926, vstest.console.dll, TcpClientExtensions.MessageLoopAsync: NotifyDataAvailable remoteEndPoint: 127.0.0.1:52911 localEndPoint: 127.0.0.1:52907
TpTrace Verbose: 0 : 20680, 12, 2022/10/06, 07:08:32.690, 658268432640, vstest.console.dll, TestRequestSender.OnExecutionMessageReceived: Received message: {"Version":7,"MessageType":"TestExecution.StatsChange","Payload":{"NewTestResults":[{"TestCase":{"Id":"15ae5df1-65d8-4a61-d714-52e11a0fa214","FullyQualifiedName":"SeleniumUnitTests.TestInputControls.TestSelectByText","DisplayName":"TestSelectByText","ExecutorUri":"executor://MSTestAdapter/v2","Source":"C:\\Users\\vagrant\\source\\repos\\SeleniumUnitTests\\bin\\Debug\\net6.0\\fine-code-coverage\\build-output\\SeleniumUnitTests.dll","CodeFilePath":null,"LineNumber":-1,"Properties":[{"Key":{"Id":"TestCase.ManagedType","Label":"ManagedType","Category":"","Description":"","Attributes":1,"ValueType":"System.String"},"Value":"SeleniumUnitTests.TestInputControls"},{"Key":{"Id":"TestCase.ManagedMethod","Label":"ManagedMethod","Category":"","Description":"","Attributes":1,"ValueType":"System.String"},"Value":"TestSelectByText"},{"Key":{"Id":"MSTestDiscoverer.TestClassName","Label":"ClassName","Category":"","Description":"","Attributes":1,"ValueType":"System.String"},"Value":"SeleniumUnitTests.TestInputControls"},{"Key":{"Id":"TestCase.Hierarchy","Label":"Hierarchy","Category":"","Description":"","Attributes":2,"ValueType":"System.String[]"},"Value":[null,"SeleniumUnitTests","TestInputControls","TestSelectByText"]},{"Key":{"Id":"TestObject.Traits","Label":"Traits","Category":"","Description":"","Attributes":5,"ValueType":"System.Collections.Generic.KeyValuePair`2[[System.String],[System.String]][]"},"Value":[]}]},"Attachments":[],"Outcome":1,"ErrorMessage":null,"ErrorStackTrace":null,"DisplayName":"TestSelectByText","Messages":[],"ComputerName":null,"Duration":"00:00:03.4186440","StartTime":"2022-10-06T07:08:29.5799149+01:00","EndTime":"2022-10-06T07:08:32.685237+01:00","Properties":[{"Key":{"Id":"ExecutionId","Label":"ExecutionId","Category":"","Description":"","Attributes":1,"ValueType":"System.Guid"},"Value":"00000000-0000-0000-0000-000000000000"},{"Key":{"Id":"ParentExecId","Label":"ParentExecId","Category":"","Description":"","Attributes":1,"ValueType":"System.Guid"},"Value":"00000000-0000-0000-0000-000000000000"},{"Key":{"Id":"InnerResultsCount","Label":"InnerResultsCount","Category":"","Description":"","Attributes":1,"ValueType":"System.Int32"},"Value":0}]}],"TestRunStatistics":{"ExecutedTests":12,"Stats":{"Passed":11,"Failed":1}},"ActiveTests":[{"Id":"ec779046-39a8-425e-e3f8-5b930d6e31fa","FullyQualifiedName":"SeleniumUnitTests.TestInputControls.TestSelectByValue","DisplayName":"TestSelectByValue","ExecutorUri":"executor://MSTestAdapter/v2","Source":"C:\\Users\\vagrant\\source\\repos\\SeleniumUnitTests\\bin\\Debug\\net6.0\\fine-code-coverage\\build-output\\SeleniumUnitTests.dll","CodeFilePath":null,"LineNumber":-1,"Properties":[{"Key":{"Id":"TestCase.ManagedType","Label":"ManagedType","Category":"","Description":"","Attributes":1,"ValueType":"System.String"},"Value":"SeleniumUnitTests.TestInputControls"},{"Key":{"Id":"TestCase.ManagedMethod","Label":"ManagedMethod","Category":"","Description":"","Attributes":1,"ValueType":"System.String"},"Value":"TestSelectByValue"},{"Key":{"Id":"MSTestDiscoverer.TestClassName","Label":"ClassName","Category":"","Description":"","Attributes":1,"ValueType":"System.String"},"Value":"SeleniumUnitTests.TestInputControls"},{"Key":{"Id":"TestCase.Hierarchy","Label":"Hierarchy","Category":"","Description":"","Attributes":2,"ValueType":"System.String[]"},"Value":[null,"SeleniumUnitTests","TestInputControls","TestSelectByValue"]},{"Key":{"Id":"TestObject.Traits","Label":"Traits","Category":"","Description":"","Attributes":5,"ValueType":"System.Collections.Generic.KeyValuePair`2[[System.String],[System.String]][]"},"Value":[]}]}]}}
TpTrace Verbose: 0 : 20680, 12, 2022/10/06, 07:08:32.691, 658268448292, vstest.console.dll, TestRunRequest:SendTestRunStatsChange: Starting.
TpTrace Verbose: 0 : 20680, 12, 2022/10/06, 07:08:32.691, 658268449315, vstest.console.dll, InProgress is TestSelectByValue
TpTrace Verbose: 0 : 20680, 12, 2022/10/06, 07:08:32.691, 658268450182, vstest.console.dll, MulticastDelegateUtilities.SafeInvoke: TestRun.RunStatsChanged: Invoking callbacks was skipped because there are no subscribers.
TpTrace Information: 0 : 20680, 12, 2022/10/06, 07:08:32.691, 658268450965, vstest.console.dll, TestRunRequest:SendTestRunStatsChange: Completed.
TpTrace Verbose: 0 : 20680, 12, 2022/10/06, 07:08:32.691, 658268451880, vstest.console.dll, MulticastDelegateUtilities.SafeInvoke: LengthPrefixCommunicationChannel: MessageReceived: Invoking callback 1/1 for Microsoft.VisualStudio.TestPlatform.CommunicationUtilities.TestRequestSender+<>c__DisplayClass31_0.<StartTestRun>b__1, took 1 ms.
TpTrace Verbose: 0 : 20680, 12, 2022/10/06, 07:08:32.692, 658268452795, vstest.console.dll, TcpClientExtensions.MessageLoopAsync: Polling on remoteEndPoint: 127.0.0.1:52911 localEndPoint: 127.0.0.1:52907
TpTrace Verbose: 0 : 20680, 4, 2022/10/06, 07:08:32.693, 658268463879, vstest.console.dll, MulticastDelegateUtilities.SafeInvoke: InternalTestLoggerEvents.SendTestResult: Invoking callback 1/1 for Microsoft.VisualStudio.TestPlatform.CommandLine.Internal.ConsoleLogger.TestResultHandler, took 0 ms.
TpTrace Verbose: 0 : 20680, 12, 2022/10/06, 07:08:33.611, 658278573658, vstest.console.dll, TcpClientExtensions.MessageLoopAsync: Polling on remoteEndPoint: 127.0.0.1:52911 localEndPoint: 127.0.0.1:52907
TpTrace Verbose: 0 : 20680, 12, 2022/10/06, 07:08:34.529, 658288681441, vstest.console.dll, TcpClientExtensions.MessageLoopAsync: Polling on remoteEndPoint: 127.0.0.1:52911 localEndPoint: 127.0.0.1:52907
TpTrace Verbose: 0 : 20680, 12, 2022/10/06, 07:08:35.445, 658298770521, vstest.console.dll, TcpClientExtensions.MessageLoopAsync: Polling on remoteEndPoint: 127.0.0.1:52911 localEndPoint: 127.0.0.1:52907
TpTrace Verbose: 0 : 20680, 12, 2022/10/06, 07:08:35.547, 658299898644, vstest.console.dll, TcpClientExtensions.MessageLoopAsync: NotifyDataAvailable remoteEndPoint: 127.0.0.1:52911 localEndPoint: 127.0.0.1:52907
TpTrace Verbose: 0 : 20680, 12, 2022/10/06, 07:08:35.548, 658299906337, vstest.console.dll, TestRequestSender.OnExecutionMessageReceived: Received message: {"Version":7,"MessageType":"TestExecution.StatsChange","Payload":{"NewTestResults":[{"TestCase":{"Id":"ec779046-39a8-425e-e3f8-5b930d6e31fa","FullyQualifiedName":"SeleniumUnitTests.TestInputControls.TestSelectByValue","DisplayName":"TestSelectByValue","ExecutorUri":"executor://MSTestAdapter/v2","Source":"C:\\Users\\vagrant\\source\\repos\\SeleniumUnitTests\\bin\\Debug\\net6.0\\fine-code-coverage\\build-output\\SeleniumUnitTests.dll","CodeFilePath":null,"LineNumber":-1,"Properties":[{"Key":{"Id":"TestCase.ManagedType","Label":"ManagedType","Category":"","Description":"","Attributes":1,"ValueType":"System.String"},"Value":"SeleniumUnitTests.TestInputControls"},{"Key":{"Id":"TestCase.ManagedMethod","Label":"ManagedMethod","Category":"","Description":"","Attributes":1,"ValueType":"System.String"},"Value":"TestSelectByValue"},{"Key":{"Id":"MSTestDiscoverer.TestClassName","Label":"ClassName","Category":"","Description":"","Attributes":1,"ValueType":"System.String"},"Value":"SeleniumUnitTests.TestInputControls"},{"Key":{"Id":"TestCase.Hierarchy","Label":"Hierarchy","Category":"","Description":"","Attributes":2,"ValueType":"System.String[]"},"Value":[null,"SeleniumUnitTests","TestInputControls","TestSelectByValue"]},{"Key":{"Id":"TestObject.Traits","Label":"Traits","Category":"","Description":"","Attributes":5,"ValueType":"System.Collections.Generic.KeyValuePair`2[[System.String],[System.String]][]"},"Value":[]}]},"Attachments":[],"Outcome":1,"ErrorMessage":null,"ErrorStackTrace":null,"DisplayName":"TestSelectByValue","Messages":[],"ComputerName":null,"Duration":"00:00:03.1357905","StartTime":"2022-10-06T07:08:32.6930873+01:00","EndTime":"2022-10-06T07:08:35.5413381+01:00","Properties":[{"Key":{"Id":"ExecutionId","Label":"ExecutionId","Category":"","Description":"","Attributes":1,"ValueType":"System.Guid"},"Value":"00000000-0000-0000-0000-000000000000"},{"Key":{"Id":"ParentExecId","Label":"ParentExecId","Category":"","Description":"","Attributes":1,"ValueType":"System.Guid"},"Value":"00000000-0000-0000-0000-000000000000"},{"Key":{"Id":"InnerResultsCount","Label":"InnerResultsCount","Category":"","Description":"","Attributes":1,"ValueType":"System.Int32"},"Value":0}]}],"TestRunStatistics":{"ExecutedTests":13,"Stats":{"Passed":12,"Failed":1}},"ActiveTests":[{"Id":"22980522-360a-7ee9-bbf9-8405cc5d3136","FullyQualifiedName":"SeleniumUnitTests.TestInputControls.TestSelectByIndex","DisplayName":"TestSelectByIndex","ExecutorUri":"executor://MSTestAdapter/v2","Source":"C:\\Users\\vagrant\\source\\repos\\SeleniumUnitTests\\bin\\Debug\\net6.0\\fine-code-coverage\\build-output\\SeleniumUnitTests.dll","CodeFilePath":null,"LineNumber":-1,"Properties":[{"Key":{"Id":"TestCase.ManagedType","Label":"ManagedType","Category":"","Description":"","Attributes":1,"ValueType":"System.String"},"Value":"SeleniumUnitTests.TestInputControls"},{"Key":{"Id":"TestCase.ManagedMethod","Label":"ManagedMethod","Category":"","Description":"","Attributes":1,"ValueType":"System.String"},"Value":"TestSelectByIndex"},{"Key":{"Id":"MSTestDiscoverer.TestClassName","Label":"ClassName","Category":"","Description":"","Attributes":1,"ValueType":"System.String"},"Value":"SeleniumUnitTests.TestInputControls"},{"Key":{"Id":"TestCase.Hierarchy","Label":"Hierarchy","Category":"","Description":"","Attributes":2,"ValueType":"System.String[]"},"Value":[null,"SeleniumUnitTests","TestInputControls","TestSelectByIndex"]},{"Key":{"Id":"TestObject.Traits","Label":"Traits","Category":"","Description":"","Attributes":5,"ValueType":"System.Collections.Generic.KeyValuePair`2[[System.String],[System.String]][]"},"Value":[]}]}]}}
TpTrace Verbose: 0 : 20680, 12, 2022/10/06, 07:08:35.550, 658299925715, vstest.console.dll, TestRunRequest:SendTestRunStatsChange: Starting.
TpTrace Verbose: 0 : 20680, 12, 2022/10/06, 07:08:35.550, 658299926961, vstest.console.dll, InProgress is TestSelectByIndex
TpTrace Verbose: 0 : 20680, 12, 2022/10/06, 07:08:35.550, 658299928755, vstest.console.dll, MulticastDelegateUtilities.SafeInvoke: TestRun.RunStatsChanged: Invoking callbacks was skipped because there are no subscribers.
TpTrace Information: 0 : 20680, 12, 2022/10/06, 07:08:35.550, 658299930222, vstest.console.dll, TestRunRequest:SendTestRunStatsChange: Completed.
TpTrace Verbose: 0 : 20680, 12, 2022/10/06, 07:08:35.550, 658299931299, vstest.console.dll, MulticastDelegateUtilities.SafeInvoke: LengthPrefixCommunicationChannel: MessageReceived: Invoking callback 1/1 for Microsoft.VisualStudio.TestPlatform.CommunicationUtilities.TestRequestSender+<>c__DisplayClass31_0.<StartTestRun>b__1, took 2 ms.
TpTrace Verbose: 0 : 20680, 12, 2022/10/06, 07:08:35.550, 658299932179, vstest.console.dll, TcpClientExtensions.MessageLoopAsync: Polling on remoteEndPoint: 127.0.0.1:52911 localEndPoint: 127.0.0.1:52907
TpTrace Verbose: 0 : 20680, 4, 2022/10/06, 07:08:35.551, 658299935391, vstest.console.dll, MulticastDelegateUtilities.SafeInvoke: InternalTestLoggerEvents.SendTestResult: Invoking callback 1/1 for Microsoft.VisualStudio.TestPlatform.CommandLine.Internal.ConsoleLogger.TestResultHandler, took 0 ms.
TpTrace Verbose: 0 : 20680, 12, 2022/10/06, 07:08:36.462, 658309976110, vstest.console.dll, TcpClientExtensions.MessageLoopAsync: Polling on remoteEndPoint: 127.0.0.1:52911 localEndPoint: 127.0.0.1:52907
TpTrace Verbose: 0 : 20680, 12, 2022/10/06, 07:08:37.374, 658320012785, vstest.console.dll, TcpClientExtensions.MessageLoopAsync: Polling on remoteEndPoint: 127.0.0.1:52911 localEndPoint: 127.0.0.1:52907
TpTrace Verbose: 0 : 20680, 12, 2022/10/06, 07:08:38.263, 658330079893, vstest.console.dll, TcpClientExtensions.MessageLoopAsync: Polling on remoteEndPoint: 127.0.0.1:52911 localEndPoint: 127.0.0.1:52907
TpTrace Verbose: 0 : 20680, 12, 2022/10/06, 07:08:38.676, 658335136157, vstest.console.dll, TcpClientExtensions.MessageLoopAsync: NotifyDataAvailable remoteEndPoint: 127.0.0.1:52911 localEndPoint: 127.0.0.1:52907
TpTrace Verbose: 0 : 20680, 12, 2022/10/06, 07:08:38.677, 658335140066, vstest.console.dll, TestRequestSender.OnExecutionMessageReceived: Received message: {"Version":7,"MessageType":"TestExecution.StatsChange","Payload":{"NewTestResults":[{"TestCase":{"Id":"22980522-360a-7ee9-bbf9-8405cc5d3136","FullyQualifiedName":"SeleniumUnitTests.TestInputControls.TestSelectByIndex","DisplayName":"TestSelectByIndex","ExecutorUri":"executor://MSTestAdapter/v2","Source":"C:\\Users\\vagrant\\source\\repos\\SeleniumUnitTests\\bin\\Debug\\net6.0\\fine-code-coverage\\build-output\\SeleniumUnitTests.dll","CodeFilePath":null,"LineNumber":-1,"Properties":[{"Key":{"Id":"TestCase.ManagedType","Label":"ManagedType","Category":"","Description":"","Attributes":1,"ValueType":"System.String"},"Value":"SeleniumUnitTests.TestInputControls"},{"Key":{"Id":"TestCase.ManagedMethod","Label":"ManagedMethod","Category":"","Description":"","Attributes":1,"ValueType":"System.String"},"Value":"TestSelectByIndex"},{"Key":{"Id":"MSTestDiscoverer.TestClassName","Label":"ClassName","Category":"","Description":"","Attributes":1,"ValueType":"System.String"},"Value":"SeleniumUnitTests.TestInputControls"},{"Key":{"Id":"TestCase.Hierarchy","Label":"Hierarchy","Category":"","Description":"","Attributes":2,"ValueType":"System.String[]"},"Value":[null,"SeleniumUnitTests","TestInputControls","TestSelectByIndex"]},{"Key":{"Id":"TestObject.Traits","Label":"Traits","Category":"","Description":"","Attributes":5,"ValueType":"System.Collections.Generic.KeyValuePair`2[[System.String],[System.String]][]"},"Value":[]}]},"Attachments":[],"Outcome":1,"ErrorMessage":null,"ErrorStackTrace":null,"DisplayName":"TestSelectByIndex","Messages":[],"ComputerName":null,"Duration":"00:00:03.5031990","StartTime":"2022-10-06T07:08:35.551219+01:00","EndTime":"2022-10-06T07:08:38.6635769+01:00","Properties":[{"Key":{"Id":"ExecutionId","Label":"ExecutionId","Category":"","Description":"","Attributes":1,"ValueType":"System.Guid"},"Value":"00000000-0000-0000-0000-000000000000"},{"Key":{"Id":"ParentExecId","Label":"ParentExecId","Category":"","Description":"","Attributes":1,"ValueType":"System.Guid"},"Value":"00000000-0000-0000-0000-000000000000"},{"Key":{"Id":"InnerResultsCount","Label":"InnerResultsCount","Category":"","Description":"","Attributes":1,"ValueType":"System.Int32"},"Value":0}]}],"TestRunStatistics":{"ExecutedTests":14,"Stats":{"Passed":13,"Failed":1}},"ActiveTests":[{"Id":"5c1b73fc-598e-fe26-e0c3-c71baf609689","FullyQualifiedName":"SeleniumUnitTests.TestInputControls.TestDeselectByText","DisplayName":"TestDeselectByText","ExecutorUri":"executor://MSTestAdapter/v2","Source":"C:\\Users\\vagrant\\source\\repos\\SeleniumUnitTests\\bin\\Debug\\net6.0\\fine-code-coverage\\build-output\\SeleniumUnitTests.dll","CodeFilePath":null,"LineNumber":-1,"Properties":[{"Key":{"Id":"TestCase.ManagedType","Label":"ManagedType","Category":"","Description":"","Attributes":1,"ValueType":"System.String"},"Value":"SeleniumUnitTests.TestInputControls"},{"Key":{"Id":"TestCase.ManagedMethod","Label":"ManagedMethod","Category":"","Description":"","Attributes":1,"ValueType":"System.String"},"Value":"TestDeselectByText"},{"Key":{"Id":"MSTestDiscoverer.TestClassName","Label":"ClassName","Category":"","Description":"","Attributes":1,"ValueType":"System.String"},"Value":"SeleniumUnitTests.TestInputControls"},{"Key":{"Id":"TestCase.Hierarchy","Label":"Hierarchy","Category":"","Description":"","Attributes":2,"ValueType":"System.String[]"},"Value":[null,"SeleniumUnitTests","TestInputControls","TestDeselectByText"]},{"Key":{"Id":"TestObject.Traits","Label":"Traits","Category":"","Description":"","Attributes":5,"ValueType":"System.Collections.Generic.KeyValuePair`2[[System.String],[System.String]][]"},"Value":[]}]}]}}
TpTrace Verbose: 0 : 20680, 12, 2022/10/06, 07:08:38.679, 658335170029, vstest.console.dll, TestRunRequest:SendTestRunStatsChange: Starting.
TpTrace Verbose: 0 : 20680, 12, 2022/10/06, 07:08:38.679, 658335171259, vstest.console.dll, InProgress is TestDeselectByText
TpTrace Verbose: 0 : 20680, 12, 2022/10/06, 07:08:38.679, 658335172351, vstest.console.dll, MulticastDelegateUtilities.SafeInvoke: TestRun.RunStatsChanged: Invoking callbacks was skipped because there are no subscribers.
TpTrace Verbose: 0 : 20680, 4, 2022/10/06, 07:08:38.679, 658335173869, vstest.console.dll, MulticastDelegateUtilities.SafeInvoke: InternalTestLoggerEvents.SendTestResult: Invoking callback 1/1 for Microsoft.VisualStudio.TestPlatform.CommandLine.Internal.ConsoleLogger.TestResultHandler, took 0 ms.
TpTrace Information: 0 : 20680, 12, 2022/10/06, 07:08:38.679, 658335173202, vstest.console.dll, TestRunRequest:SendTestRunStatsChange: Completed.
TpTrace Verbose: 0 : 20680, 12, 2022/10/06, 07:08:38.680, 658335176111, vstest.console.dll, MulticastDelegateUtilities.SafeInvoke: LengthPrefixCommunicationChannel: MessageReceived: Invoking callback 1/1 for Microsoft.VisualStudio.TestPlatform.CommunicationUtilities.TestRequestSender+<>c__DisplayClass31_0.<StartTestRun>b__1, took 3 ms.
TpTrace Verbose: 0 : 20680, 12, 2022/10/06, 07:08:38.680, 658335176964, vstest.console.dll, TcpClientExtensions.MessageLoopAsync: Polling on remoteEndPoint: 127.0.0.1:52911 localEndPoint: 127.0.0.1:52907
TpTrace Verbose: 0 : 20680, 12, 2022/10/06, 07:08:39.507, 658345294274, vstest.console.dll, TcpClientExtensions.MessageLoopAsync: Polling on remoteEndPoint: 127.0.0.1:52911 localEndPoint: 127.0.0.1:52907
TpTrace Verbose: 0 : 20680, 12, 2022/10/06, 07:08:40.335, 658355428946, vstest.console.dll, TcpClientExtensions.MessageLoopAsync: Polling on remoteEndPoint: 127.0.0.1:52911 localEndPoint: 127.0.0.1:52907
TpTrace Verbose: 0 : 20680, 12, 2022/10/06, 07:08:41.156, 658365470481, vstest.console.dll, TcpClientExtensions.MessageLoopAsync: Polling on remoteEndPoint: 127.0.0.1:52911 localEndPoint: 127.0.0.1:52907
TpTrace Verbose: 0 : 20680, 12, 2022/10/06, 07:08:41.490, 658369562154, vstest.console.dll, TcpClientExtensions.MessageLoopAsync: NotifyDataAvailable remoteEndPoint: 127.0.0.1:52911 localEndPoint: 127.0.0.1:52907
TpTrace Verbose: 0 : 20680, 12, 2022/10/06, 07:08:41.490, 658369565444, vstest.console.dll, TestRequestSender.OnExecutionMessageReceived: Received message: {"Version":7,"MessageType":"TestExecution.StatsChange","Payload":{"NewTestResults":[{"TestCase":{"Id":"5c1b73fc-598e-fe26-e0c3-c71baf609689","FullyQualifiedName":"SeleniumUnitTests.TestInputControls.TestDeselectByText","DisplayName":"TestDeselectByText","ExecutorUri":"executor://MSTestAdapter/v2","Source":"C:\\Users\\vagrant\\source\\repos\\SeleniumUnitTests\\bin\\Debug\\net6.0\\fine-code-coverage\\build-output\\SeleniumUnitTests.dll","CodeFilePath":null,"LineNumber":-1,"Properties":[{"Key":{"Id":"TestCase.ManagedType","Label":"ManagedType","Category":"","Description":"","Attributes":1,"ValueType":"System.String"},"Value":"SeleniumUnitTests.TestInputControls"},{"Key":{"Id":"TestCase.ManagedMethod","Label":"ManagedMethod","Category":"","Description":"","Attributes":1,"ValueType":"System.String"},"Value":"TestDeselectByText"},{"Key":{"Id":"MSTestDiscoverer.TestClassName","Label":"ClassName","Category":"","Description":"","Attributes":1,"ValueType":"System.String"},"Value":"SeleniumUnitTests.TestInputControls"},{"Key":{"Id":"TestCase.Hierarchy","Label":"Hierarchy","Category":"","Description":"","Attributes":2,"ValueType":"System.String[]"},"Value":[null,"SeleniumUnitTests","TestInputControls","TestDeselectByText"]},{"Key":{"Id":"TestObject.Traits","Label":"Traits","Category":"","Description":"","Attributes":5,"ValueType":"System.Collections.Generic.KeyValuePair`2[[System.String],[System.String]][]"},"Value":[]}]},"Attachments":[],"Outcome":1,"ErrorMessage":null,"ErrorStackTrace":null,"DisplayName":"TestDeselectByText","Messages":[],"ComputerName":null,"Duration":"00:00:03.4338237","StartTime":"2022-10-06T07:08:38.6794278+01:00","EndTime":"2022-10-06T07:08:41.4864898+01:00","Properties":[{"Key":{"Id":"ExecutionId","Label":"ExecutionId","Category":"","Description":"","Attributes":1,"ValueType":"System.Guid"},"Value":"00000000-0000-0000-0000-000000000000"},{"Key":{"Id":"ParentExecId","Label":"ParentExecId","Category":"","Description":"","Attributes":1,"ValueType":"System.Guid"},"Value":"00000000-0000-0000-0000-000000000000"},{"Key":{"Id":"InnerResultsCount","Label":"InnerResultsCount","Category":"","Description":"","Attributes":1,"ValueType":"System.Int32"},"Value":0}]}],"TestRunStatistics":{"ExecutedTests":15,"Stats":{"Passed":14,"Failed":1}},"ActiveTests":[{"Id":"85ed7962-bc74-2889-c40a-2638faedff41","FullyQualifiedName":"SeleniumUnitTests.TestInputControls.TestDeselectByValue","DisplayName":"TestDeselectByValue","ExecutorUri":"executor://MSTestAdapter/v2","Source":"C:\\Users\\vagrant\\source\\repos\\SeleniumUnitTests\\bin\\Debug\\net6.0\\fine-code-coverage\\build-output\\SeleniumUnitTests.dll","CodeFilePath":null,"LineNumber":-1,"Properties":[{"Key":{"Id":"TestCase.ManagedType","Label":"ManagedType","Category":"","Description":"","Attributes":1,"ValueType":"System.String"},"Value":"SeleniumUnitTests.TestInputControls"},{"Key":{"Id":"TestCase.ManagedMethod","Label":"ManagedMethod","Category":"","Description":"","Attributes":1,"ValueType":"System.String"},"Value":"TestDeselectByValue"},{"Key":{"Id":"MSTestDiscoverer.TestClassName","Label":"ClassName","Category":"","Description":"","Attributes":1,"ValueType":"System.String"},"Value":"SeleniumUnitTests.TestInputControls"},{"Key":{"Id":"TestCase.Hierarchy","Label":"Hierarchy","Category":"","Description":"","Attributes":2,"ValueType":"System.String[]"},"Value":[null,"SeleniumUnitTests","TestInputControls","TestDeselectByValue"]},{"Key":{"Id":"TestObject.Traits","Label":"Traits","Category":"","Description":"","Attributes":5,"ValueType":"System.Collections.Generic.KeyValuePair`2[[System.String],[System.String]][]"},"Value":[]}]}]}}
TpTrace Verbose: 0 : 20680, 12, 2022/10/06, 07:08:41.492, 658369588388, vstest.console.dll, TestRunRequest:SendTestRunStatsChange: Starting.
TpTrace Verbose: 0 : 20680, 12, 2022/10/06, 07:08:41.492, 658369591226, vstest.console.dll, InProgress is TestDeselectByValue
TpTrace Verbose: 0 : 20680, 12, 2022/10/06, 07:08:41.492, 658369592271, vstest.console.dll, MulticastDelegateUtilities.SafeInvoke: TestRun.RunStatsChanged: Invoking callbacks was skipped because there are no subscribers.
TpTrace Information: 0 : 20680, 12, 2022/10/06, 07:08:41.493, 658369592995, vstest.console.dll, TestRunRequest:SendTestRunStatsChange: Completed.
TpTrace Verbose: 0 : 20680, 4, 2022/10/06, 07:08:41.493, 658369593818, vstest.console.dll, MulticastDelegateUtilities.SafeInvoke: InternalTestLoggerEvents.SendTestResult: Invoking callback 1/1 for Microsoft.VisualStudio.TestPlatform.CommandLine.Internal.ConsoleLogger.TestResultHandler, took 0 ms.
TpTrace Verbose: 0 : 20680, 12, 2022/10/06, 07:08:41.493, 658369593977, vstest.console.dll, MulticastDelegateUtilities.SafeInvoke: LengthPrefixCommunicationChannel: MessageReceived: Invoking callback 1/1 for Microsoft.VisualStudio.TestPlatform.CommunicationUtilities.TestRequestSender+<>c__DisplayClass31_0.<StartTestRun>b__1, took 2 ms.
TpTrace Verbose: 0 : 20680, 12, 2022/10/06, 07:08:41.493, 658369596200, vstest.console.dll, TcpClientExtensions.MessageLoopAsync: Polling on remoteEndPoint: 127.0.0.1:52911 localEndPoint: 127.0.0.1:52907
TpTrace Verbose: 0 : 20680, 12, 2022/10/06, 07:08:42.313, 658379629904, vstest.console.dll, TcpClientExtensions.MessageLoopAsync: Polling on remoteEndPoint: 127.0.0.1:52911 localEndPoint: 127.0.0.1:52907
TpTrace Verbose: 0 : 20680, 12, 2022/10/06, 07:08:43.137, 658389717094, vstest.console.dll, TcpClientExtensions.MessageLoopAsync: Polling on remoteEndPoint: 127.0.0.1:52911 localEndPoint: 127.0.0.1:52907
TpTrace Verbose: 0 : 20680, 12, 2022/10/06, 07:08:43.959, 658399770185, vstest.console.dll, TcpClientExtensions.MessageLoopAsync: Polling on remoteEndPoint: 127.0.0.1:52911 localEndPoint: 127.0.0.1:52907
TpTrace Verbose: 0 : 20680, 12, 2022/10/06, 07:08:44.518, 658406615436, vstest.console.dll, TcpClientExtensions.MessageLoopAsync: NotifyDataAvailable remoteEndPoint: 127.0.0.1:52911 localEndPoint: 127.0.0.1:52907
TpTrace Verbose: 0 : 20680, 12, 2022/10/06, 07:08:44.519, 658406618183, vstest.console.dll, TestRequestSender.OnExecutionMessageReceived: Received message: {"Version":7,"MessageType":"TestExecution.StatsChange","Payload":{"NewTestResults":[{"TestCase":{"Id":"85ed7962-bc74-2889-c40a-2638faedff41","FullyQualifiedName":"SeleniumUnitTests.TestInputControls.TestDeselectByValue","DisplayName":"TestDeselectByValue","ExecutorUri":"executor://MSTestAdapter/v2","Source":"C:\\Users\\vagrant\\source\\repos\\SeleniumUnitTests\\bin\\Debug\\net6.0\\fine-code-coverage\\build-output\\SeleniumUnitTests.dll","CodeFilePath":null,"LineNumber":-1,"Properties":[{"Key":{"Id":"TestCase.ManagedType","Label":"ManagedType","Category":"","Description":"","Attributes":1,"ValueType":"System.String"},"Value":"SeleniumUnitTests.TestInputControls"},{"Key":{"Id":"TestCase.ManagedMethod","Label":"ManagedMethod","Category":"","Description":"","Attributes":1,"ValueType":"System.String"},"Value":"TestDeselectByValue"},{"Key":{"Id":"MSTestDiscoverer.TestClassName","Label":"ClassName","Category":"","Description":"","Attributes":1,"ValueType":"System.String"},"Value":"SeleniumUnitTests.TestInputControls"},{"Key":{"Id":"TestCase.Hierarchy","Label":"Hierarchy","Category":"","Description":"","Attributes":2,"ValueType":"System.String[]"},"Value":[null,"SeleniumUnitTests","TestInputControls","TestDeselectByValue"]},{"Key":{"Id":"TestObject.Traits","Label":"Traits","Category":"","Description":"","Attributes":5,"ValueType":"System.Collections.Generic.KeyValuePair`2[[System.String],[System.String]][]"},"Value":[]}]},"Attachments":[],"Outcome":1,"ErrorMessage":null,"ErrorStackTrace":null,"DisplayName":"TestDeselectByValue","Messages":[],"ComputerName":null,"Duration":"00:00:03.6956359","StartTime":"2022-10-06T07:08:41.4929783+01:00","EndTime":"2022-10-06T07:08:44.5139685+01:00","Properties":[{"Key":{"Id":"ExecutionId","Label":"ExecutionId","Category":"","Description":"","Attributes":1,"ValueType":"System.Guid"},"Value":"00000000-0000-0000-0000-000000000000"},{"Key":{"Id":"ParentExecId","Label":"ParentExecId","Category":"","Description":"","Attributes":1,"ValueType":"System.Guid"},"Value":"00000000-0000-0000-0000-000000000000"},{"Key":{"Id":"InnerResultsCount","Label":"InnerResultsCount","Category":"","Description":"","Attributes":1,"ValueType":"System.Int32"},"Value":0}]}],"TestRunStatistics":{"ExecutedTests":16,"Stats":{"Passed":15,"Failed":1}},"ActiveTests":[{"Id":"d390aaec-40f5-1122-3817-69f23e967f13","FullyQualifiedName":"SeleniumUnitTests.TestInputControls.TestDeselectByIndex","DisplayName":"TestDeselectByIndex","ExecutorUri":"executor://MSTestAdapter/v2","Source":"C:\\Users\\vagrant\\source\\repos\\SeleniumUnitTests\\bin\\Debug\\net6.0\\fine-code-coverage\\build-output\\SeleniumUnitTests.dll","CodeFilePath":null,"LineNumber":-1,"Properties":[{"Key":{"Id":"TestCase.ManagedType","Label":"ManagedType","Category":"","Description":"","Attributes":1,"ValueType":"System.String"},"Value":"SeleniumUnitTests.TestInputControls"},{"Key":{"Id":"TestCase.ManagedMethod","Label":"ManagedMethod","Category":"","Description":"","Attributes":1,"ValueType":"System.String"},"Value":"TestDeselectByIndex"},{"Key":{"Id":"MSTestDiscoverer.TestClassName","Label":"ClassName","Category":"","Description":"","Attributes":1,"ValueType":"System.String"},"Value":"SeleniumUnitTests.TestInputControls"},{"Key":{"Id":"TestCase.Hierarchy","Label":"Hierarchy","Category":"","Description":"","Attributes":2,"ValueType":"System.String[]"},"Value":[null,"SeleniumUnitTests","TestInputControls","TestDeselectByIndex"]},{"Key":{"Id":"TestObject.Traits","Label":"Traits","Category":"","Description":"","Attributes":5,"ValueType":"System.Collections.Generic.KeyValuePair`2[[System.String],[System.String]][]"},"Value":[]}]}]}}
TpTrace Verbose: 0 : 20680, 12, 2022/10/06, 07:08:44.520, 658406637024, vstest.console.dll, TestRunRequest:SendTestRunStatsChange: Starting.
TpTrace Verbose: 0 : 20680, 12, 2022/10/06, 07:08:44.520, 658406638211, vstest.console.dll, InProgress is TestDeselectByIndex
TpTrace Verbose: 0 : 20680, 12, 2022/10/06, 07:08:44.520, 658406639233, vstest.console.dll, MulticastDelegateUtilities.SafeInvoke: TestRun.RunStatsChanged: Invoking callbacks was skipped because there are no subscribers.
TpTrace Information: 0 : 20680, 12, 2022/10/06, 07:08:44.521, 658406640339, vstest.console.dll, TestRunRequest:SendTestRunStatsChange: Completed.
TpTrace Verbose: 0 : 20680, 12, 2022/10/06, 07:08:44.521, 658406642673, vstest.console.dll, MulticastDelegateUtilities.SafeInvoke: LengthPrefixCommunicationChannel: MessageReceived: Invoking callback 1/1 for Microsoft.VisualStudio.TestPlatform.CommunicationUtilities.TestRequestSender+<>c__DisplayClass31_0.<StartTestRun>b__1, took 2 ms.
TpTrace Verbose: 0 : 20680, 12, 2022/10/06, 07:08:44.521, 658406643805, vstest.console.dll, TcpClientExtensions.MessageLoopAsync: Polling on remoteEndPoint: 127.0.0.1:52911 localEndPoint: 127.0.0.1:52907
TpTrace Verbose: 0 : 20680, 4, 2022/10/06, 07:08:44.521, 658406650773, vstest.console.dll, MulticastDelegateUtilities.SafeInvoke: InternalTestLoggerEvents.SendTestResult: Invoking callback 1/1 for Microsoft.VisualStudio.TestPlatform.CommandLine.Internal.ConsoleLogger.TestResultHandler, took 0 ms.
TpTrace Verbose: 0 : 20680, 12, 2022/10/06, 07:08:45.348, 658416766286, vstest.console.dll, TcpClientExtensions.MessageLoopAsync: Polling on remoteEndPoint: 127.0.0.1:52911 localEndPoint: 127.0.0.1:52907
TpTrace Verbose: 0 : 20680, 12, 2022/10/06, 07:08:46.172, 658426845813, vstest.console.dll, TcpClientExtensions.MessageLoopAsync: Polling on remoteEndPoint: 127.0.0.1:52911 localEndPoint: 127.0.0.1:52907
TpTrace Verbose: 0 : 20680, 12, 2022/10/06, 07:08:46.920, 658436967010, vstest.console.dll, TcpClientExtensions.MessageLoopAsync: Polling on remoteEndPoint: 127.0.0.1:52911 localEndPoint: 127.0.0.1:52907
TpTrace Verbose: 0 : 20680, 12, 2022/10/06, 07:08:47.439, 658444019507, vstest.console.dll, TcpClientExtensions.MessageLoopAsync: NotifyDataAvailable remoteEndPoint: 127.0.0.1:52911 localEndPoint: 127.0.0.1:52907
TpTrace Verbose: 0 : 20680, 12, 2022/10/06, 07:08:47.439, 658444022726, vstest.console.dll, TestRequestSender.OnExecutionMessageReceived: Received message: {"Version":7,"MessageType":"TestExecution.StatsChange","Payload":{"NewTestResults":[{"TestCase":{"Id":"d390aaec-40f5-1122-3817-69f23e967f13","FullyQualifiedName":"SeleniumUnitTests.TestInputControls.TestDeselectByIndex","DisplayName":"TestDeselectByIndex","ExecutorUri":"executor://MSTestAdapter/v2","Source":"C:\\Users\\vagrant\\source\\repos\\SeleniumUnitTests\\bin\\Debug\\net6.0\\fine-code-coverage\\build-output\\SeleniumUnitTests.dll","CodeFilePath":null,"LineNumber":-1,"Properties":[{"Key":{"Id":"TestCase.ManagedType","Label":"ManagedType","Category":"","Description":"","Attributes":1,"ValueType":"System.String"},"Value":"SeleniumUnitTests.TestInputControls"},{"Key":{"Id":"TestCase.ManagedMethod","Label":"ManagedMethod","Category":"","Description":"","Attributes":1,"ValueType":"System.String"},"Value":"TestDeselectByIndex"},{"Key":{"Id":"MSTestDiscoverer.TestClassName","Label":"ClassName","Category":"","Description":"","Attributes":1,"ValueType":"System.String"},"Value":"SeleniumUnitTests.TestInputControls"},{"Key":{"Id":"TestCase.Hierarchy","Label":"Hierarchy","Category":"","Description":"","Attributes":2,"ValueType":"System.String[]"},"Value":[null,"SeleniumUnitTests","TestInputControls","TestDeselectByIndex"]},{"Key":{"Id":"TestObject.Traits","Label":"Traits","Category":"","Description":"","Attributes":5,"ValueType":"System.Collections.Generic.KeyValuePair`2[[System.String],[System.String]][]"},"Value":[]}]},"Attachments":[],"Outcome":1,"ErrorMessage":null,"ErrorStackTrace":null,"DisplayName":"TestDeselectByIndex","Messages":[],"ComputerName":null,"Duration":"00:00:03.7322047","StartTime":"2022-10-06T07:08:44.5212657+01:00","EndTime":"2022-10-06T07:08:47.4363534+01:00","Properties":[{"Key":{"Id":"ExecutionId","Label":"ExecutionId","Category":"","Description":"","Attributes":1,"ValueType":"System.Guid"},"Value":"00000000-0000-0000-0000-000000000000"},{"Key":{"Id":"ParentExecId","Label":"ParentExecId","Category":"","Description":"","Attributes":1,"ValueType":"System.Guid"},"Value":"00000000-0000-0000-0000-000000000000"},{"Key":{"Id":"InnerResultsCount","Label":"InnerResultsCount","Category":"","Description":"","Attributes":1,"ValueType":"System.Int32"},"Value":0}]}],"TestRunStatistics":{"ExecutedTests":17,"Stats":{"Passed":16,"Failed":1}},"ActiveTests":[{"Id":"caee1d8f-a48c-32ef-bdc4-0bc93f61c271","FullyQualifiedName":"SeleniumUnitTests.TestInputControls.TestSelectAll","DisplayName":"TestSelectAll","ExecutorUri":"executor://MSTestAdapter/v2","Source":"C:\\Users\\vagrant\\source\\repos\\SeleniumUnitTests\\bin\\Debug\\net6.0\\fine-code-coverage\\build-output\\SeleniumUnitTests.dll","CodeFilePath":null,"LineNumber":-1,"Properties":[{"Key":{"Id":"TestCase.ManagedType","Label":"ManagedType","Category":"","Description":"","Attributes":1,"ValueType":"System.String"},"Value":"SeleniumUnitTests.TestInputControls"},{"Key":{"Id":"TestCase.ManagedMethod","Label":"ManagedMethod","Category":"","Description":"","Attributes":1,"ValueType":"System.String"},"Value":"TestSelectAll"},{"Key":{"Id":"MSTestDiscoverer.TestClassName","Label":"ClassName","Category":"","Description":"","Attributes":1,"ValueType":"System.String"},"Value":"SeleniumUnitTests.TestInputControls"},{"Key":{"Id":"TestCase.Hierarchy","Label":"Hierarchy","Category":"","Description":"","Attributes":2,"ValueType":"System.String[]"},"Value":[null,"SeleniumUnitTests","TestInputControls","TestSelectAll"]},{"Key":{"Id":"TestObject.Traits","Label":"Traits","Category":"","Description":"","Attributes":5,"ValueType":"System.Collections.Generic.KeyValuePair`2[[System.String],[System.String]][]"},"Value":[]}]}]}}
TpTrace Verbose: 0 : 20680, 12, 2022/10/06, 07:08:47.441, 658444038597, vstest.console.dll, TestRunRequest:SendTestRunStatsChange: Starting.
TpTrace Verbose: 0 : 20680, 12, 2022/10/06, 07:08:47.441, 658444039949, vstest.console.dll, InProgress is TestSelectAll
TpTrace Verbose: 0 : 20680, 12, 2022/10/06, 07:08:47.441, 658444040980, vstest.console.dll, MulticastDelegateUtilities.SafeInvoke: TestRun.RunStatsChanged: Invoking callbacks was skipped because there are no subscribers.
TpTrace Information: 0 : 20680, 12, 2022/10/06, 07:08:47.441, 658444042215, vstest.console.dll, TestRunRequest:SendTestRunStatsChange: Completed.
TpTrace Verbose: 0 : 20680, 4, 2022/10/06, 07:08:47.441, 658444042680, vstest.console.dll, MulticastDelegateUtilities.SafeInvoke: InternalTestLoggerEvents.SendTestResult: Invoking callback 1/1 for Microsoft.VisualStudio.TestPlatform.CommandLine.Internal.ConsoleLogger.TestResultHandler, took 0 ms.
TpTrace Verbose: 0 : 20680, 12, 2022/10/06, 07:08:47.441, 658444043030, vstest.console.dll, MulticastDelegateUtilities.SafeInvoke: LengthPrefixCommunicationChannel: MessageReceived: Invoking callback 1/1 for Microsoft.VisualStudio.TestPlatform.CommunicationUtilities.TestRequestSender+<>c__DisplayClass31_0.<StartTestRun>b__1, took 2 ms.
TpTrace Verbose: 0 : 20680, 12, 2022/10/06, 07:08:47.441, 658444044940, vstest.console.dll, TcpClientExtensions.MessageLoopAsync: Polling on remoteEndPoint: 127.0.0.1:52911 localEndPoint: 127.0.0.1:52907
TpTrace Verbose: 0 : 20680, 12, 2022/10/06, 07:08:48.178, 658454056968, vstest.console.dll, TcpClientExtensions.MessageLoopAsync: Polling on remoteEndPoint: 127.0.0.1:52911 localEndPoint: 127.0.0.1:52907
TpTrace Verbose: 0 : 20680, 12, 2022/10/06, 07:08:48.922, 658464172221, vstest.console.dll, TcpClientExtensions.MessageLoopAsync: Polling on remoteEndPoint: 127.0.0.1:52911 localEndPoint: 127.0.0.1:52907
TpTrace Verbose: 0 : 20680, 12, 2022/10/06, 07:08:49.665, 658474271001, vstest.console.dll, TcpClientExtensions.MessageLoopAsync: Polling on remoteEndPoint: 127.0.0.1:52911 localEndPoint: 127.0.0.1:52907
TpTrace Verbose: 0 : 20680, 12, 2022/10/06, 07:08:50.406, 658484350053, vstest.console.dll, TcpClientExtensions.MessageLoopAsync: Polling on remoteEndPoint: 127.0.0.1:52911 localEndPoint: 127.0.0.1:52907
TpTrace Verbose: 0 : 20680, 12, 2022/10/06, 07:08:50.617, 658487215570, vstest.console.dll, TcpClientExtensions.MessageLoopAsync: NotifyDataAvailable remoteEndPoint: 127.0.0.1:52911 localEndPoint: 127.0.0.1:52907
TpTrace Verbose: 0 : 20680, 12, 2022/10/06, 07:08:50.617, 658487220870, vstest.console.dll, TestRequestSender.OnExecutionMessageReceived: Received message: {"Version":7,"MessageType":"TestExecution.StatsChange","Payload":{"NewTestResults":[{"TestCase":{"Id":"caee1d8f-a48c-32ef-bdc4-0bc93f61c271","FullyQualifiedName":"SeleniumUnitTests.TestInputControls.TestSelectAll","DisplayName":"TestSelectAll","ExecutorUri":"executor://MSTestAdapter/v2","Source":"C:\\Users\\vagrant\\source\\repos\\SeleniumUnitTests\\bin\\Debug\\net6.0\\fine-code-coverage\\build-output\\SeleniumUnitTests.dll","CodeFilePath":null,"LineNumber":-1,"Properties":[{"Key":{"Id":"TestCase.ManagedType","Label":"ManagedType","Category":"","Description":"","Attributes":1,"ValueType":"System.String"},"Value":"SeleniumUnitTests.TestInputControls"},{"Key":{"Id":"TestCase.ManagedMethod","Label":"ManagedMethod","Category":"","Description":"","Attributes":1,"ValueType":"System.String"},"Value":"TestSelectAll"},{"Key":{"Id":"MSTestDiscoverer.TestClassName","Label":"ClassName","Category":"","Description":"","Attributes":1,"ValueType":"System.String"},"Value":"SeleniumUnitTests.TestInputControls"},{"Key":{"Id":"TestCase.Hierarchy","Label":"Hierarchy","Category":"","Description":"","Attributes":2,"ValueType":"System.String[]"},"Value":[null,"SeleniumUnitTests","TestInputControls","TestSelectAll"]},{"Key":{"Id":"TestObject.Traits","Label":"Traits","Category":"","Description":"","Attributes":5,"ValueType":"System.Collections.Generic.KeyValuePair`2[[System.String],[System.String]][]"},"Value":[]}]},"Attachments":[],"Outcome":1,"ErrorMessage":null,"ErrorStackTrace":null,"DisplayName":"TestSelectAll","Messages":[],"ComputerName":null,"Duration":"00:00:04.3105124","StartTime":"2022-10-06T07:08:47.4416997+01:00","EndTime":"2022-10-06T07:08:50.6137513+01:00","Properties":[{"Key":{"Id":"ExecutionId","Label":"ExecutionId","Category":"","Description":"","Attributes":1,"ValueType":"System.Guid"},"Value":"00000000-0000-0000-0000-000000000000"},{"Key":{"Id":"ParentExecId","Label":"ParentExecId","Category":"","Description":"","Attributes":1,"ValueType":"System.Guid"},"Value":"00000000-0000-0000-0000-000000000000"},{"Key":{"Id":"InnerResultsCount","Label":"InnerResultsCount","Category":"","Description":"","Attributes":1,"ValueType":"System.Int32"},"Value":0}]}],"TestRunStatistics":{"ExecutedTests":18,"Stats":{"Passed":17,"Failed":1}},"ActiveTests":[{"Id":"d9d19f34-b7d3-08fa-0de3-801f1d483f5c","FullyQualifiedName":"SeleniumUnitTests.TestInputControls.TestDeselectAll","DisplayName":"TestDeselectAll","ExecutorUri":"executor://MSTestAdapter/v2","Source":"C:\\Users\\vagrant\\source\\repos\\SeleniumUnitTests\\bin\\Debug\\net6.0\\fine-code-coverage\\build-output\\SeleniumUnitTests.dll","CodeFilePath":null,"LineNumber":-1,"Properties":[{"Key":{"Id":"TestCase.ManagedType","Label":"ManagedType","Category":"","Description":"","Attributes":1,"ValueType":"System.String"},"Value":"SeleniumUnitTests.TestInputControls"},{"Key":{"Id":"TestCase.ManagedMethod","Label":"ManagedMethod","Category":"","Description":"","Attributes":1,"ValueType":"System.String"},"Value":"TestDeselectAll"},{"Key":{"Id":"MSTestDiscoverer.TestClassName","Label":"ClassName","Category":"","Description":"","Attributes":1,"ValueType":"System.String"},"Value":"SeleniumUnitTests.TestInputControls"},{"Key":{"Id":"TestCase.Hierarchy","Label":"Hierarchy","Category":"","Description":"","Attributes":2,"ValueType":"System.String[]"},"Value":[null,"SeleniumUnitTests","TestInputControls","TestDeselectAll"]},{"Key":{"Id":"TestObject.Traits","Label":"Traits","Category":"","Description":"","Attributes":5,"ValueType":"System.Collections.Generic.KeyValuePair`2[[System.String],[System.String]][]"},"Value":[]}]}]}}
TpTrace Verbose: 0 : 20680, 12, 2022/10/06, 07:08:50.621, 658487278416, vstest.console.dll, TestRunRequest:SendTestRunStatsChange: Starting.
TpTrace Verbose: 0 : 20680, 12, 2022/10/06, 07:08:50.621, 658487280032, vstest.console.dll, InProgress is TestDeselectAll
TpTrace Verbose: 0 : 20680, 12, 2022/10/06, 07:08:50.622, 658487281060, vstest.console.dll, MulticastDelegateUtilities.SafeInvoke: TestRun.RunStatsChanged: Invoking callbacks was skipped because there are no subscribers.
TpTrace Information: 0 : 20680, 12, 2022/10/06, 07:08:50.624, 658487314497, vstest.console.dll, TestRunRequest:SendTestRunStatsChange: Completed.
TpTrace Verbose: 0 : 20680, 12, 2022/10/06, 07:08:50.624, 658487316736, vstest.console.dll, MulticastDelegateUtilities.SafeInvoke: LengthPrefixCommunicationChannel: MessageReceived: Invoking callback 1/1 for Microsoft.VisualStudio.TestPlatform.CommunicationUtilities.TestRequestSender+<>c__DisplayClass31_0.<StartTestRun>b__1, took 9 ms.
TpTrace Verbose: 0 : 20680, 12, 2022/10/06, 07:08:50.624, 658487320780, vstest.console.dll, TcpClientExtensions.MessageLoopAsync: Polling on remoteEndPoint: 127.0.0.1:52911 localEndPoint: 127.0.0.1:52907
TpTrace Verbose: 0 : 20680, 4, 2022/10/06, 07:08:50.622, 658487282624, vstest.console.dll, MulticastDelegateUtilities.SafeInvoke: InternalTestLoggerEvents.SendTestResult: Invoking callback 1/1 for Microsoft.VisualStudio.TestPlatform.CommandLine.Internal.ConsoleLogger.TestResultHandler, took 0 ms.
TpTrace Verbose: 0 : 20680, 12, 2022/10/06, 07:08:51.366, 658497403985, vstest.console.dll, TcpClientExtensions.MessageLoopAsync: Polling on remoteEndPoint: 127.0.0.1:52911 localEndPoint: 127.0.0.1:52907
TpTrace Verbose: 0 : 20680, 12, 2022/10/06, 07:08:52.110, 658507518244, vstest.console.dll, TcpClientExtensions.MessageLoopAsync: Polling on remoteEndPoint: 127.0.0.1:52911 localEndPoint: 127.0.0.1:52907
TpTrace Verbose: 0 : 20680, 12, 2022/10/06, 07:08:52.856, 658517654409, vstest.console.dll, TcpClientExtensions.MessageLoopAsync: Polling on remoteEndPoint: 127.0.0.1:52911 localEndPoint: 127.0.0.1:52907
TpTrace Verbose: 0 : 20680, 12, 2022/10/06, 07:08:53.599, 658527731524, vstest.console.dll, TcpClientExtensions.MessageLoopAsync: Polling on remoteEndPoint: 127.0.0.1:52911 localEndPoint: 127.0.0.1:52907
TpTrace Verbose: 0 : 20680, 12, 2022/10/06, 07:08:54.084, 658533721681, vstest.console.dll, TcpClientExtensions.MessageLoopAsync: NotifyDataAvailable remoteEndPoint: 127.0.0.1:52911 localEndPoint: 127.0.0.1:52907
TpTrace Verbose: 0 : 20680, 12, 2022/10/06, 07:08:54.085, 658533727864, vstest.console.dll, TestRequestSender.OnExecutionMessageReceived: Received message: {"Version":7,"MessageType":"TestExecution.StatsChange","Payload":{"NewTestResults":[{"TestCase":{"Id":"d9d19f34-b7d3-08fa-0de3-801f1d483f5c","FullyQualifiedName":"SeleniumUnitTests.TestInputControls.TestDeselectAll","DisplayName":"TestDeselectAll","ExecutorUri":"executor://MSTestAdapter/v2","Source":"C:\\Users\\vagrant\\source\\repos\\SeleniumUnitTests\\bin\\Debug\\net6.0\\fine-code-coverage\\build-output\\SeleniumUnitTests.dll","CodeFilePath":null,"LineNumber":-1,"Properties":[{"Key":{"Id":"TestCase.ManagedType","Label":"ManagedType","Category":"","Description":"","Attributes":1,"ValueType":"System.String"},"Value":"SeleniumUnitTests.TestInputControls"},{"Key":{"Id":"TestCase.ManagedMethod","Label":"ManagedMethod","Category":"","Description":"","Attributes":1,"ValueType":"System.String"},"Value":"TestDeselectAll"},{"Key":{"Id":"MSTestDiscoverer.TestClassName","Label":"ClassName","Category":"","Description":"","Attributes":1,"ValueType":"System.String"},"Value":"SeleniumUnitTests.TestInputControls"},{"Key":{"Id":"TestCase.Hierarchy","Label":"Hierarchy","Category":"","Description":"","Attributes":2,"ValueType":"System.String[]"},"Value":[null,"SeleniumUnitTests","TestInputControls","TestDeselectAll"]},{"Key":{"Id":"TestObject.Traits","Label":"Traits","Category":"","Description":"","Attributes":5,"ValueType":"System.Collections.Generic.KeyValuePair`2[[System.String],[System.String]][]"},"Value":[]}]},"Attachments":[],"Outcome":1,"ErrorMessage":null,"ErrorStackTrace":null,"DisplayName":"TestDeselectAll","Messages":[],"ComputerName":null,"Duration":"00:00:04.6422664","StartTime":"2022-10-06T07:08:50.619306+01:00","EndTime":"2022-10-06T07:08:54.0804977+01:00","Properties":[{"Key":{"Id":"ExecutionId","Label":"ExecutionId","Category":"","Description":"","Attributes":1,"ValueType":"System.Guid"},"Value":"00000000-0000-0000-0000-000000000000"},{"Key":{"Id":"ParentExecId","Label":"ParentExecId","Category":"","Description":"","Attributes":1,"ValueType":"System.Guid"},"Value":"00000000-0000-0000-0000-000000000000"},{"Key":{"Id":"InnerResultsCount","Label":"InnerResultsCount","Category":"","Description":"","Attributes":1,"ValueType":"System.Int32"},"Value":0}]}],"TestRunStatistics":{"ExecutedTests":19,"Stats":{"Passed":18,"Failed":1}},"ActiveTests":[{"Id":"bed14b44-05c6-c627-0e0e-43413f453903","FullyQualifiedName":"SeleniumUnitTests.TestLocators.TestLocatorWorksheet","DisplayName":"TestLocatorWorksheet","ExecutorUri":"executor://MSTestAdapter/v2","Source":"C:\\Users\\vagrant\\source\\repos\\SeleniumUnitTests\\bin\\Debug\\net6.0\\fine-code-coverage\\build-output\\SeleniumUnitTests.dll","CodeFilePath":null,"LineNumber":-1,"Properties":[{"Key":{"Id":"TestCase.ManagedType","Label":"ManagedType","Category":"","Description":"","Attributes":1,"ValueType":"System.String"},"Value":"SeleniumUnitTests.TestLocators"},{"Key":{"Id":"TestCase.ManagedMethod","Label":"ManagedMethod","Category":"","Description":"","Attributes":1,"ValueType":"System.String"},"Value":"TestLocatorWorksheet"},{"Key":{"Id":"MSTestDiscoverer.TestClassName","Label":"ClassName","Category":"","Description":"","Attributes":1,"ValueType":"System.String"},"Value":"SeleniumUnitTests.TestLocators"},{"Key":{"Id":"TestCase.Hierarchy","Label":"Hierarchy","Category":"","Description":"","Attributes":2,"ValueType":"System.String[]"},"Value":[null,"SeleniumUnitTests","TestLocators","TestLocatorWorksheet"]},{"Key":{"Id":"TestObject.Traits","Label":"Traits","Category":"","Description":"","Attributes":5,"ValueType":"System.Collections.Generic.KeyValuePair`2[[System.String],[System.String]][]"},"Value":[]}]}]}}
TpTrace Verbose: 0 : 20680, 12, 2022/10/06, 07:08:54.086, 658533745395, vstest.console.dll, TestRunRequest:SendTestRunStatsChange: Starting.
TpTrace Verbose: 0 : 20680, 12, 2022/10/06, 07:08:54.086, 658533746930, vstest.console.dll, InProgress is TestLocatorWorksheet
TpTrace Verbose: 0 : 20680, 12, 2022/10/06, 07:08:54.086, 658533747936, vstest.console.dll, MulticastDelegateUtilities.SafeInvoke: TestRun.RunStatsChanged: Invoking callbacks was skipped because there are no subscribers.
TpTrace Information: 0 : 20680, 12, 2022/10/06, 07:08:54.086, 658533749591, vstest.console.dll, TestRunRequest:SendTestRunStatsChange: Completed.
TpTrace Verbose: 0 : 20680, 4, 2022/10/06, 07:08:54.086, 658533749935, vstest.console.dll, MulticastDelegateUtilities.SafeInvoke: InternalTestLoggerEvents.SendTestResult: Invoking callback 1/1 for Microsoft.VisualStudio.TestPlatform.CommandLine.Internal.ConsoleLogger.TestResultHandler, took 0 ms.
TpTrace Verbose: 0 : 20680, 12, 2022/10/06, 07:08:54.086, 658533750407, vstest.console.dll, MulticastDelegateUtilities.SafeInvoke: LengthPrefixCommunicationChannel: MessageReceived: Invoking callback 1/1 for Microsoft.VisualStudio.TestPlatform.CommunicationUtilities.TestRequestSender+<>c__DisplayClass31_0.<StartTestRun>b__1, took 2 ms.
TpTrace Verbose: 0 : 20680, 12, 2022/10/06, 07:08:54.086, 658533752253, vstest.console.dll, TcpClientExtensions.MessageLoopAsync: Polling on remoteEndPoint: 127.0.0.1:52911 localEndPoint: 127.0.0.1:52907
TpTrace Verbose: 0 : 20680, 12, 2022/10/06, 07:08:54.898, 658543787308, vstest.console.dll, TcpClientExtensions.MessageLoopAsync: Polling on remoteEndPoint: 127.0.0.1:52911 localEndPoint: 127.0.0.1:52907
TpTrace Verbose: 0 : 20680, 12, 2022/10/06, 07:08:55.725, 658553996126, vstest.console.dll, TcpClientExtensions.MessageLoopAsync: Polling on remoteEndPoint: 127.0.0.1:52911 localEndPoint: 127.0.0.1:52907
TpTrace Verbose: 0 : 20680, 12, 2022/10/06, 07:08:56.545, 658564132326, vstest.console.dll, TcpClientExtensions.MessageLoopAsync: Polling on remoteEndPoint: 127.0.0.1:52911 localEndPoint: 127.0.0.1:52907
TpTrace Verbose: 0 : 20680, 12, 2022/10/06, 07:08:56.616, 658565014855, vstest.console.dll, TcpClientExtensions.MessageLoopAsync: NotifyDataAvailable remoteEndPoint: 127.0.0.1:52911 localEndPoint: 127.0.0.1:52907
TpTrace Verbose: 0 : 20680, 12, 2022/10/06, 07:08:56.616, 658565017688, vstest.console.dll, TestRequestSender.OnExecutionMessageReceived: Received message: {"Version":7,"MessageType":"TestExecution.StatsChange","Payload":{"NewTestResults":[{"TestCase":{"Id":"bed14b44-05c6-c627-0e0e-43413f453903","FullyQualifiedName":"SeleniumUnitTests.TestLocators.TestLocatorWorksheet","DisplayName":"TestLocatorWorksheet","ExecutorUri":"executor://MSTestAdapter/v2","Source":"C:\\Users\\vagrant\\source\\repos\\SeleniumUnitTests\\bin\\Debug\\net6.0\\fine-code-coverage\\build-output\\SeleniumUnitTests.dll","CodeFilePath":null,"LineNumber":-1,"Properties":[{"Key":{"Id":"TestCase.ManagedType","Label":"ManagedType","Category":"","Description":"","Attributes":1,"ValueType":"System.String"},"Value":"SeleniumUnitTests.TestLocators"},{"Key":{"Id":"TestCase.ManagedMethod","Label":"ManagedMethod","Category":"","Description":"","Attributes":1,"ValueType":"System.String"},"Value":"TestLocatorWorksheet"},{"Key":{"Id":"MSTestDiscoverer.TestClassName","Label":"ClassName","Category":"","Description":"","Attributes":1,"ValueType":"System.String"},"Value":"SeleniumUnitTests.TestLocators"},{"Key":{"Id":"TestCase.Hierarchy","Label":"Hierarchy","Category":"","Description":"","Attributes":2,"ValueType":"System.String[]"},"Value":[null,"SeleniumUnitTests","TestLocators","TestLocatorWorksheet"]},{"Key":{"Id":"TestObject.Traits","Label":"Traits","Category":"","Description":"","Attributes":5,"ValueType":"System.Collections.Generic.KeyValuePair`2[[System.String],[System.String]][]"},"Value":[]}]},"Attachments":[],"Outcome":1,"ErrorMessage":null,"ErrorStackTrace":null,"DisplayName":"TestLocatorWorksheet","Messages":[],"ComputerName":null,"Duration":"00:00:03.1175053","StartTime":"2022-10-06T07:08:54.0881213+01:00","EndTime":"2022-10-06T07:08:56.6112851+01:00","Properties":[{"Key":{"Id":"ExecutionId","Label":"ExecutionId","Category":"","Description":"","Attributes":1,"ValueType":"System.Guid"},"Value":"00000000-0000-0000-0000-000000000000"},{"Key":{"Id":"ParentExecId","Label":"ParentExecId","Category":"","Description":"","Attributes":1,"ValueType":"System.Guid"},"Value":"00000000-0000-0000-0000-000000000000"},{"Key":{"Id":"InnerResultsCount","Label":"InnerResultsCount","Category":"","Description":"","Attributes":1,"ValueType":"System.Int32"},"Value":0}]}],"TestRunStatistics":{"ExecutedTests":20,"Stats":{"Passed":19,"Failed":1}},"ActiveTests":[{"Id":"3f4dbaa6-febb-1c10-2471-54b07bc2a309","FullyQualifiedName":"SeleniumUnitTests.TestLocators.TestLink","DisplayName":"TestLink","ExecutorUri":"executor://MSTestAdapter/v2","Source":"C:\\Users\\vagrant\\source\\repos\\SeleniumUnitTests\\bin\\Debug\\net6.0\\fine-code-coverage\\build-output\\SeleniumUnitTests.dll","CodeFilePath":null,"LineNumber":-1,"Properties":[{"Key":{"Id":"TestCase.ManagedType","Label":"ManagedType","Category":"","Description":"","Attributes":1,"ValueType":"System.String"},"Value":"SeleniumUnitTests.TestLocators"},{"Key":{"Id":"TestCase.ManagedMethod","Label":"ManagedMethod","Category":"","Description":"","Attributes":1,"ValueType":"System.String"},"Value":"TestLink"},{"Key":{"Id":"MSTestDiscoverer.TestClassName","Label":"ClassName","Category":"","Description":"","Attributes":1,"ValueType":"System.String"},"Value":"SeleniumUnitTests.TestLocators"},{"Key":{"Id":"TestCase.Hierarchy","Label":"Hierarchy","Category":"","Description":"","Attributes":2,"ValueType":"System.String[]"},"Value":[null,"SeleniumUnitTests","TestLocators","TestLink"]},{"Key":{"Id":"TestObject.Traits","Label":"Traits","Category":"","Description":"","Attributes":5,"ValueType":"System.Collections.Generic.KeyValuePair`2[[System.String],[System.String]][]"},"Value":[]}]}]}}
TpTrace Verbose: 0 : 20680, 12, 2022/10/06, 07:08:56.618, 658565032989, vstest.console.dll, TestRunRequest:SendTestRunStatsChange: Starting.
TpTrace Verbose: 0 : 20680, 12, 2022/10/06, 07:08:56.618, 658565034194, vstest.console.dll, InProgress is TestLink
TpTrace Verbose: 0 : 20680, 12, 2022/10/06, 07:08:56.618, 658565035185, vstest.console.dll, MulticastDelegateUtilities.SafeInvoke: TestRun.RunStatsChanged: Invoking callbacks was skipped because there are no subscribers.
TpTrace Information: 0 : 20680, 12, 2022/10/06, 07:08:56.618, 658565035992, vstest.console.dll, TestRunRequest:SendTestRunStatsChange: Completed.
TpTrace Verbose: 0 : 20680, 12, 2022/10/06, 07:08:56.618, 658565037325, vstest.console.dll, MulticastDelegateUtilities.SafeInvoke: LengthPrefixCommunicationChannel: MessageReceived: Invoking callback 1/1 for Microsoft.VisualStudio.TestPlatform.CommunicationUtilities.TestRequestSender+<>c__DisplayClass31_0.<StartTestRun>b__1, took 1 ms.
TpTrace Verbose: 0 : 20680, 12, 2022/10/06, 07:08:56.618, 658565038121, vstest.console.dll, TcpClientExtensions.MessageLoopAsync: Polling on remoteEndPoint: 127.0.0.1:52911 localEndPoint: 127.0.0.1:52907
TpTrace Verbose: 0 : 20680, 4, 2022/10/06, 07:08:56.622, 658565093871, vstest.console.dll, MulticastDelegateUtilities.SafeInvoke: InternalTestLoggerEvents.SendTestResult: Invoking callback 1/1 for Microsoft.VisualStudio.TestPlatform.CommandLine.Internal.ConsoleLogger.TestResultHandler, took 5 ms.
TpTrace Verbose: 0 : 20680, 12, 2022/10/06, 07:08:57.439, 658575181508, vstest.console.dll, TcpClientExtensions.MessageLoopAsync: Polling on remoteEndPoint: 127.0.0.1:52911 localEndPoint: 127.0.0.1:52907
TpTrace Verbose: 0 : 20680, 12, 2022/10/06, 07:08:58.249, 658585198434, vstest.console.dll, TcpClientExtensions.MessageLoopAsync: Polling on remoteEndPoint: 127.0.0.1:52911 localEndPoint: 127.0.0.1:52907
TpTrace Verbose: 0 : 20680, 12, 2022/10/06, 07:08:59.025, 658594787858, vstest.console.dll, TcpClientExtensions.MessageLoopAsync: NotifyDataAvailable remoteEndPoint: 127.0.0.1:52911 localEndPoint: 127.0.0.1:52907
TpTrace Verbose: 0 : 20680, 12, 2022/10/06, 07:08:59.025, 658594790488, vstest.console.dll, TestRequestSender.OnExecutionMessageReceived: Received message: {"Version":7,"MessageType":"TestExecution.StatsChange","Payload":{"NewTestResults":[{"TestCase":{"Id":"3f4dbaa6-febb-1c10-2471-54b07bc2a309","FullyQualifiedName":"SeleniumUnitTests.TestLocators.TestLink","DisplayName":"TestLink","ExecutorUri":"executor://MSTestAdapter/v2","Source":"C:\\Users\\vagrant\\source\\repos\\SeleniumUnitTests\\bin\\Debug\\net6.0\\fine-code-coverage\\build-output\\SeleniumUnitTests.dll","CodeFilePath":null,"LineNumber":-1,"Properties":[{"Key":{"Id":"TestCase.ManagedType","Label":"ManagedType","Category":"","Description":"","Attributes":1,"ValueType":"System.String"},"Value":"SeleniumUnitTests.TestLocators"},{"Key":{"Id":"TestCase.ManagedMethod","Label":"ManagedMethod","Category":"","Description":"","Attributes":1,"ValueType":"System.String"},"Value":"TestLink"},{"Key":{"Id":"MSTestDiscoverer.TestClassName","Label":"ClassName","Category":"","Description":"","Attributes":1,"ValueType":"System.String"},"Value":"SeleniumUnitTests.TestLocators"},{"Key":{"Id":"TestCase.Hierarchy","Label":"Hierarchy","Category":"","Description":"","Attributes":2,"ValueType":"System.String[]"},"Value":[null,"SeleniumUnitTests","TestLocators","TestLink"]},{"Key":{"Id":"TestObject.Traits","Label":"Traits","Category":"","Description":"","Attributes":5,"ValueType":"System.Collections.Generic.KeyValuePair`2[[System.String],[System.String]][]"},"Value":[]}]},"Attachments":[],"Outcome":1,"ErrorMessage":null,"ErrorStackTrace":null,"DisplayName":"TestLink","Messages":[],"ComputerName":null,"Duration":"00:00:02.9666944","StartTime":"2022-10-06T07:08:56.6189608+01:00","EndTime":"2022-10-06T07:08:59.019941+01:00","Properties":[{"Key":{"Id":"ExecutionId","Label":"ExecutionId","Category":"","Description":"","Attributes":1,"ValueType":"System.Guid"},"Value":"00000000-0000-0000-0000-000000000000"},{"Key":{"Id":"ParentExecId","Label":"ParentExecId","Category":"","Description":"","Attributes":1,"ValueType":"System.Guid"},"Value":"00000000-0000-0000-0000-000000000000"},{"Key":{"Id":"InnerResultsCount","Label":"InnerResultsCount","Category":"","Description":"","Attributes":1,"ValueType":"System.Int32"},"Value":0}]}],"TestRunStatistics":{"ExecutedTests":21,"Stats":{"Passed":20,"Failed":1}},"ActiveTests":[{"Id":"fd6d592d-6386-4c60-5d50-c663dd61d56d","FullyQualifiedName":"SeleniumUnitTests.TestLocators.TestPartialLink","DisplayName":"TestPartialLink","ExecutorUri":"executor://MSTestAdapter/v2","Source":"C:\\Users\\vagrant\\source\\repos\\SeleniumUnitTests\\bin\\Debug\\net6.0\\fine-code-coverage\\build-output\\SeleniumUnitTests.dll","CodeFilePath":null,"LineNumber":-1,"Properties":[{"Key":{"Id":"TestCase.ManagedType","Label":"ManagedType","Category":"","Description":"","Attributes":1,"ValueType":"System.String"},"Value":"SeleniumUnitTests.TestLocators"},{"Key":{"Id":"TestCase.ManagedMethod","Label":"ManagedMethod","Category":"","Description":"","Attributes":1,"ValueType":"System.String"},"Value":"TestPartialLink"},{"Key":{"Id":"MSTestDiscoverer.TestClassName","Label":"ClassName","Category":"","Description":"","Attributes":1,"ValueType":"System.String"},"Value":"SeleniumUnitTests.TestLocators"},{"Key":{"Id":"TestCase.Hierarchy","Label":"Hierarchy","Category":"","Description":"","Attributes":2,"ValueType":"System.String[]"},"Value":[null,"SeleniumUnitTests","TestLocators","TestPartialLink"]},{"Key":{"Id":"TestObject.Traits","Label":"Traits","Category":"","Description":"","Attributes":5,"ValueType":"System.Collections.Generic.KeyValuePair`2[[System.String],[System.String]][]"},"Value":[]}]}]}}
TpTrace Verbose: 0 : 20680, 12, 2022/10/06, 07:08:59.028, 658594824893, vstest.console.dll, TestRunRequest:SendTestRunStatsChange: Starting.
TpTrace Verbose: 0 : 20680, 12, 2022/10/06, 07:08:59.028, 658594826514, vstest.console.dll, InProgress is TestPartialLink
TpTrace Verbose: 0 : 20680, 12, 2022/10/06, 07:08:59.028, 658594827854, vstest.console.dll, MulticastDelegateUtilities.SafeInvoke: TestRun.RunStatsChanged: Invoking callbacks was skipped because there are no subscribers.
TpTrace Information: 0 : 20680, 12, 2022/10/06, 07:08:59.028, 658594828645, vstest.console.dll, TestRunRequest:SendTestRunStatsChange: Completed.
TpTrace Verbose: 0 : 20680, 4, 2022/10/06, 07:08:59.029, 658594829061, vstest.console.dll, MulticastDelegateUtilities.SafeInvoke: InternalTestLoggerEvents.SendTestResult: Invoking callback 1/1 for Microsoft.VisualStudio.TestPlatform.CommandLine.Internal.ConsoleLogger.TestResultHandler, took 0 ms.
TpTrace Verbose: 0 : 20680, 12, 2022/10/06, 07:08:59.029, 658594829510, vstest.console.dll, MulticastDelegateUtilities.SafeInvoke: LengthPrefixCommunicationChannel: MessageReceived: Invoking callback 1/1 for Microsoft.VisualStudio.TestPlatform.CommunicationUtilities.TestRequestSender+<>c__DisplayClass31_0.<StartTestRun>b__1, took 3 ms.
TpTrace Verbose: 0 : 20680, 12, 2022/10/06, 07:08:59.029, 658594840135, vstest.console.dll, TcpClientExtensions.MessageLoopAsync: Polling on remoteEndPoint: 127.0.0.1:52911 localEndPoint: 127.0.0.1:52907
TpTrace Verbose: 0 : 20680, 12, 2022/10/06, 07:08:59.840, 658604853581, vstest.console.dll, TcpClientExtensions.MessageLoopAsync: Polling on remoteEndPoint: 127.0.0.1:52911 localEndPoint: 127.0.0.1:52907
TpTrace Verbose: 0 : 20680, 12, 2022/10/06, 07:09:00.651, 658614883670, vstest.console.dll, TcpClientExtensions.MessageLoopAsync: Polling on remoteEndPoint: 127.0.0.1:52911 localEndPoint: 127.0.0.1:52907
TpTrace Verbose: 0 : 20680, 12, 2022/10/06, 07:09:01.469, 658624989148, vstest.console.dll, TcpClientExtensions.MessageLoopAsync: Polling on remoteEndPoint: 127.0.0.1:52911 localEndPoint: 127.0.0.1:52907
TpTrace Verbose: 0 : 20680, 12, 2022/10/06, 07:09:01.612, 658626754744, vstest.console.dll, TcpClientExtensions.MessageLoopAsync: NotifyDataAvailable remoteEndPoint: 127.0.0.1:52911 localEndPoint: 127.0.0.1:52907
TpTrace Verbose: 0 : 20680, 12, 2022/10/06, 07:09:01.613, 658626775548, vstest.console.dll, TestRequestSender.OnExecutionMessageReceived: Received message: {"Version":7,"MessageType":"TestExecution.StatsChange","Payload":{"NewTestResults":[{"TestCase":{"Id":"fd6d592d-6386-4c60-5d50-c663dd61d56d","FullyQualifiedName":"SeleniumUnitTests.TestLocators.TestPartialLink","DisplayName":"TestPartialLink","ExecutorUri":"executor://MSTestAdapter/v2","Source":"C:\\Users\\vagrant\\source\\repos\\SeleniumUnitTests\\bin\\Debug\\net6.0\\fine-code-coverage\\build-output\\SeleniumUnitTests.dll","CodeFilePath":null,"LineNumber":-1,"Properties":[{"Key":{"Id":"TestCase.ManagedType","Label":"ManagedType","Category":"","Description":"","Attributes":1,"ValueType":"System.String"},"Value":"SeleniumUnitTests.TestLocators"},{"Key":{"Id":"TestCase.ManagedMethod","Label":"ManagedMethod","Category":"","Description":"","Attributes":1,"ValueType":"System.String"},"Value":"TestPartialLink"},{"Key":{"Id":"MSTestDiscoverer.TestClassName","Label":"ClassName","Category":"","Description":"","Attributes":1,"ValueType":"System.String"},"Value":"SeleniumUnitTests.TestLocators"},{"Key":{"Id":"TestCase.Hierarchy","Label":"Hierarchy","Category":"","Description":"","Attributes":2,"ValueType":"System.String[]"},"Value":[null,"SeleniumUnitTests","TestLocators","TestPartialLink"]},{"Key":{"Id":"TestObject.Traits","Label":"Traits","Category":"","Description":"","Attributes":5,"ValueType":"System.Collections.Generic.KeyValuePair`2[[System.String],[System.String]][]"},"Value":[]}]},"Attachments":[],"Outcome":1,"ErrorMessage":null,"ErrorStackTrace":null,"DisplayName":"TestPartialLink","Messages":[],"ComputerName":null,"Duration":"00:00:03.1854089","StartTime":"2022-10-06T07:08:59.0295179+01:00","EndTime":"2022-10-06T07:09:01.6076136+01:00","Properties":[{"Key":{"Id":"ExecutionId","Label":"ExecutionId","Category":"","Description":"","Attributes":1,"ValueType":"System.Guid"},"Value":"00000000-0000-0000-0000-000000000000"},{"Key":{"Id":"ParentExecId","Label":"ParentExecId","Category":"","Description":"","Attributes":1,"ValueType":"System.Guid"},"Value":"00000000-0000-0000-0000-000000000000"},{"Key":{"Id":"InnerResultsCount","Label":"InnerResultsCount","Category":"","Description":"","Attributes":1,"ValueType":"System.Int32"},"Value":0}]}],"TestRunStatistics":{"ExecutedTests":22,"Stats":{"Passed":21,"Failed":1}},"ActiveTests":[{"Id":"2afa4559-1251-50cc-9a94-b16c5be4f05d","FullyQualifiedName":"SeleniumUnitTests.TestUrl.TestGotoURL","DisplayName":"TestGotoURL","ExecutorUri":"executor://MSTestAdapter/v2","Source":"C:\\Users\\vagrant\\source\\repos\\SeleniumUnitTests\\bin\\Debug\\net6.0\\fine-code-coverage\\build-output\\SeleniumUnitTests.dll","CodeFilePath":null,"LineNumber":-1,"Properties":[{"Key":{"Id":"TestCase.ManagedType","Label":"ManagedType","Category":"","Description":"","Attributes":1,"ValueType":"System.String"},"Value":"SeleniumUnitTests.TestUrl"},{"Key":{"Id":"TestCase.ManagedMethod","Label":"ManagedMethod","Category":"","Description":"","Attributes":1,"ValueType":"System.String"},"Value":"TestGotoURL"},{"Key":{"Id":"MSTestDiscoverer.TestClassName","Label":"ClassName","Category":"","Description":"","Attributes":1,"ValueType":"System.String"},"Value":"SeleniumUnitTests.TestUrl"},{"Key":{"Id":"TestCase.Hierarchy","Label":"Hierarchy","Category":"","Description":"","Attributes":2,"ValueType":"System.String[]"},"Value":[null,"SeleniumUnitTests","TestUrl","TestGotoURL"]},{"Key":{"Id":"TestObject.Traits","Label":"Traits","Category":"","Description":"","Attributes":5,"ValueType":"System.Collections.Generic.KeyValuePair`2[[System.String],[System.String]][]"},"Value":[]}]}]}}
TpTrace Verbose: 0 : 20680, 12, 2022/10/06, 07:09:01.615, 658626791516, vstest.console.dll, TestRunRequest:SendTestRunStatsChange: Starting.
TpTrace Verbose: 0 : 20680, 12, 2022/10/06, 07:09:01.615, 658626792667, vstest.console.dll, InProgress is TestGotoURL
TpTrace Verbose: 0 : 20680, 12, 2022/10/06, 07:09:01.615, 658626793744, vstest.console.dll, MulticastDelegateUtilities.SafeInvoke: TestRun.RunStatsChanged: Invoking callbacks was skipped because there are no subscribers.
TpTrace Information: 0 : 20680, 12, 2022/10/06, 07:09:01.615, 658626794905, vstest.console.dll, TestRunRequest:SendTestRunStatsChange: Completed.
TpTrace Verbose: 0 : 20680, 4, 2022/10/06, 07:09:01.615, 658626795859, vstest.console.dll, MulticastDelegateUtilities.SafeInvoke: InternalTestLoggerEvents.SendTestResult: Invoking callback 1/1 for Microsoft.VisualStudio.TestPlatform.CommandLine.Internal.ConsoleLogger.TestResultHandler, took 0 ms.
TpTrace Verbose: 0 : 20680, 12, 2022/10/06, 07:09:01.615, 658626795963, vstest.console.dll, MulticastDelegateUtilities.SafeInvoke: LengthPrefixCommunicationChannel: MessageReceived: Invoking callback 1/1 for Microsoft.VisualStudio.TestPlatform.CommunicationUtilities.TestRequestSender+<>c__DisplayClass31_0.<StartTestRun>b__1, took 2 ms.
TpTrace Verbose: 0 : 20680, 12, 2022/10/06, 07:09:01.615, 658626797835, vstest.console.dll, TcpClientExtensions.MessageLoopAsync: Polling on remoteEndPoint: 127.0.0.1:52911 localEndPoint: 127.0.0.1:52907
TpTrace Verbose: 0 : 20680, 12, 2022/10/06, 07:09:02.512, 658636934346, vstest.console.dll, TcpClientExtensions.MessageLoopAsync: Polling on remoteEndPoint: 127.0.0.1:52911 localEndPoint: 127.0.0.1:52907
TpTrace Verbose: 0 : 20680, 12, 2022/10/06, 07:09:03.412, 658647045947, vstest.console.dll, TcpClientExtensions.MessageLoopAsync: Polling on remoteEndPoint: 127.0.0.1:52911 localEndPoint: 127.0.0.1:52907
TpTrace Verbose: 0 : 20680, 12, 2022/10/06, 07:09:04.314, 658657183111, vstest.console.dll, TcpClientExtensions.MessageLoopAsync: Polling on remoteEndPoint: 127.0.0.1:52911 localEndPoint: 127.0.0.1:52907
TpTrace Verbose: 0 : 20680, 12, 2022/10/06, 07:09:05.078, 658665768176, vstest.console.dll, TcpClientExtensions.MessageLoopAsync: NotifyDataAvailable remoteEndPoint: 127.0.0.1:52911 localEndPoint: 127.0.0.1:52907
TpTrace Verbose: 0 : 20680, 12, 2022/10/06, 07:09:05.079, 658665771546, vstest.console.dll, TestRequestSender.OnExecutionMessageReceived: Received message: {"Version":7,"MessageType":"TestExecution.Completed","Payload":{"TestRunCompleteArgs":{"TestRunStatistics":{"ExecutedTests":23,"Stats":{"Passed":22,"Failed":1}},"IsCanceled":false,"IsAborted":false,"Error":null,"AttachmentSets":[],"InvokedDataCollectors":[],"ElapsedTimeInRunningTests":"00:01:19.1815976","Metrics":{},"DiscoveredExtensions":{"TestDiscoverers":["Microsoft.VisualStudio.TestPlatform.MSTest.TestAdapter.MSTestDiscoverer, Microsoft.VisualStudio.TestPlatform.MSTest.TestAdapter, Version=14.0.0.0, Culture=neutral, PublicKeyToken=b03f5f7f11d50a3a"],"TestExecutors":["executor://MSTestAdapter/v2"],"TestExecutors2":[],"TestSettingsProviders":[]}},"LastRunTests":{"NewTestResults":[{"TestCase":{"Id":"2afa4559-1251-50cc-9a94-b16c5be4f05d","FullyQualifiedName":"SeleniumUnitTests.TestUrl.TestGotoURL","DisplayName":"TestGotoURL","ExecutorUri":"executor://MSTestAdapter/v2","Source":"C:\\Users\\vagrant\\source\\repos\\SeleniumUnitTests\\bin\\Debug\\net6.0\\fine-code-coverage\\build-output\\SeleniumUnitTests.dll","CodeFilePath":null,"LineNumber":-1,"Properties":[{"Key":{"Id":"TestCase.ManagedType","Label":"ManagedType","Category":"","Description":"","Attributes":1,"ValueType":"System.String"},"Value":"SeleniumUnitTests.TestUrl"},{"Key":{"Id":"TestCase.ManagedMethod","Label":"ManagedMethod","Category":"","Description":"","Attributes":1,"ValueType":"System.String"},"Value":"TestGotoURL"},{"Key":{"Id":"MSTestDiscoverer.TestClassName","Label":"ClassName","Category":"","Description":"","Attributes":1,"ValueType":"System.String"},"Value":"SeleniumUnitTests.TestUrl"},{"Key":{"Id":"TestCase.Hierarchy","Label":"Hierarchy","Category":"","Description":"","Attributes":2,"ValueType":"System.String[]"},"Value":[null,"SeleniumUnitTests","TestUrl","TestGotoURL"]},{"Key":{"Id":"TestObject.Traits","Label":"Traits","Category":"","Description":"","Attributes":5,"ValueType":"System.Collections.Generic.KeyValuePair`2[[System.String],[System.String]][]"},"Value":[]}]},"Attachments":[],"Outcome":1,"ErrorMessage":null,"ErrorStackTrace":null,"DisplayName":"TestGotoURL","Messages":[],"ComputerName":null,"Duration":"00:00:03.8286418","StartTime":"2022-10-06T07:09:01.6164771+01:00","EndTime":"2022-10-06T07:09:05.019511+01:00","Properties":[{"Key":{"Id":"ExecutionId","Label":"ExecutionId","Category":"","Description":"","Attributes":1,"ValueType":"System.Guid"},"Value":"00000000-0000-0000-0000-000000000000"},{"Key":{"Id":"ParentExecId","Label":"ParentExecId","Category":"","Description":"","Attributes":1,"ValueType":"System.Guid"},"Value":"00000000-0000-0000-0000-000000000000"},{"Key":{"Id":"InnerResultsCount","Label":"InnerResultsCount","Category":"","Description":"","Attributes":1,"ValueType":"System.Int32"},"Value":0}]}],"TestRunStatistics":{"ExecutedTests":23,"Stats":{"Passed":22,"Failed":1}},"ActiveTests":[]},"RunAttachments":[],"ExecutorUris":["executor://mstestadapter/v2"]}}
TpTrace Verbose: 0 : 20680, 12, 2022/10/06, 07:09:05.079, 658665777413, vstest.console.dll, TestRequestSender.EndSession: Sending end session.
TpTrace Verbose: 0 : 20680, 12, 2022/10/06, 07:09:05.080, 658665781031, vstest.console.dll, ProxyOperationManager.Close: waiting for test host to exit for 100 ms
TpTrace Warning: 0 : 20680, 10, 2022/10/06, 07:09:05.121, 658666249197, vstest.console.dll, TestHostManagerCallbacks.ErrorReceivedCallback Test host standard error line: 
TpTrace Verbose: 0 : 20680, 10, 2022/10/06, 07:09:05.149, 658666560310, vstest.console.dll, TestHostProvider.ExitCallBack: Host exited starting callback.
TpTrace Information: 0 : 20680, 10, 2022/10/06, 07:09:05.150, 658666570635, vstest.console.dll, TestHostManagerCallbacks.ExitCallBack: Testhost processId: 16868 exited with exitcode: 0 error: ''
TpTrace Verbose: 0 : 20680, 10, 2022/10/06, 07:09:05.150, 658666572036, vstest.console.dll, DotnetTestHostManager.OnHostExited: invoking OnHostExited callback
TpTrace Verbose: 0 : 20680, 10, 2022/10/06, 07:09:05.150, 658666573261, vstest.console.dll, CrossPlatEngine.TestHostManagerHostExited: calling on client process exit callback.
TpTrace Information: 0 : 20680, 10, 2022/10/06, 07:09:05.150, 658666574681, vstest.console.dll, TestRequestSender.OnClientProcessExit: Test host process exited. Standard error: 
TpTrace Information: 0 : 20680, 10, 2022/10/06, 07:09:05.150, 658666575822, vstest.console.dll, SocketServer.Stop: Stop server endPoint: 127.0.0.1:52907
TpTrace Information: 0 : 20680, 10, 2022/10/06, 07:09:05.150, 658666576777, vstest.console.dll, SocketServer.Stop: Cancellation requested. Stopping message loop.
TpTrace Verbose: 0 : 20680, 10, 2022/10/06, 07:09:05.151, 658666580164, vstest.console.dll, MulticastDelegateUtilities.SafeInvoke: HostProviderEvents.OnHostExited: Invoking callback 1/1 for Microsoft.VisualStudio.TestPlatform.CrossPlatEngine.Client.ProxyOperationManager.TestHostManagerHostExited, took 0 ms.
TpTrace Information: 0 : 20680, 12, 2022/10/06, 07:09:05.151, 658666587771, vstest.console.dll, SocketServer.Stop: Stop server endPoint: 127.0.0.1:52907
TpTrace Information: 0 : 20680, 12, 2022/10/06, 07:09:05.152, 658666589145, vstest.console.dll, SocketServer.Stop: Cancellation requested. Stopping message loop.
TpTrace Information: 0 : 20680, 12, 2022/10/06, 07:09:05.152, 658666590420, vstest.console.dll, Closing the connection
TpTrace Verbose: 0 : 20680, 12, 2022/10/06, 07:09:05.152, 658666596668, vstest.console.dll, ProxyDataCollectionManager.InvokeDataCollectionServiceAction: Starting.
TpTrace Information: 0 : 20680, 12, 2022/10/06, 07:09:05.153, 658666601593, vstest.console.dll, ProxyDataCollectionManager.AfterTestRunEnd: Get attachment set and invoked data collectors processId: 11060 port: 52903
TpTrace Verbose: 0 : 20680, 12, 2022/10/06, 07:09:05.153, 658666603137, vstest.console.dll, DataCollectionRequestSender.SendAfterTestRunStartAndGetResult: Send AfterTestRunEnd message with isCancelled: False
TpTrace Verbose: 0 : 20680, 12, 2022/10/06, 07:09:05.170, 658666796204, vstest.console.dll, DataCollectionRequestSender.SendAfterTestRunStartAndGetResult: Received message: (DataCollection.AfterTestRunEndResult) -> {"MessageType":"DataCollection.AfterTestRunEndResult","Payload":{"AttachmentSets":[],"InvokedDataCollectors":[{"Uri":"datacollector://Microsoft/TestPlatform/Extensions/Blame/v1","FriendlyName":"Blame","AssemblyQualifiedName":"Microsoft.TestPlatform.Extensions.BlameDataCollector.BlameCollector, Microsoft.TestPlatform.Extensions.BlameDataCollector, Version=15.0.0.0, Culture=neutral, PublicKeyToken=b03f5f7f11d50a3a","FilePath":"C:\\Program Files\\dotnet\\sdk\\6.0.401\\Extensions\\Microsoft.TestPlatform.Extensions.BlameDataCollector.dll","HasAttachmentProcessor":false}],"Metrics":{}}}
TpTrace Warning: 0 : 20680, 8, 2022/10/06, 07:09:05.180, 658666907160, vstest.console.dll, DataCollectionLauncher.ErrorReceivedCallback datacollector standard error line: 
TpTrace Information: 0 : 20680, 12, 2022/10/06, 07:09:05.183, 658666945328, vstest.console.dll, ProxyDataCollectionManager.InvokeDataCollectionServiceAction: Completed.
TpTrace Information: 0 : 20680, 8, 2022/10/06, 07:09:05.198, 658667114762, vstest.console.dll, DataCollectionLauncher.ExitCallBack: Data collector exited with exitcode: 0 error: ''
TpTrace Verbose: 0 : 20680, 12, 2022/10/06, 07:09:05.295, 658668196709, vstest.console.dll, TestRunRequest:SendTestRunStatsChange: Starting.
TpTrace Verbose: 0 : 20680, 12, 2022/10/06, 07:09:05.295, 658668198356, vstest.console.dll, MulticastDelegateUtilities.SafeInvoke: TestRun.RunStatsChanged: Invoking callbacks was skipped because there are no subscribers.
TpTrace Information: 0 : 20680, 12, 2022/10/06, 07:09:05.295, 658668199201, vstest.console.dll, TestRunRequest:SendTestRunStatsChange: Completed.
TpTrace Verbose: 0 : 20680, 4, 2022/10/06, 07:09:05.295, 658668199385, vstest.console.dll, MulticastDelegateUtilities.SafeInvoke: InternalTestLoggerEvents.SendTestResult: Invoking callback 1/1 for Microsoft.VisualStudio.TestPlatform.CommandLine.Internal.ConsoleLogger.TestResultHandler, took 0 ms.
TpTrace Verbose: 0 : 20680, 12, 2022/10/06, 07:09:05.296, 658668207725, vstest.console.dll, ParallelProxyExecutionManager: HandlePartialRunComplete: Total completed clients = 1, Run complete = True, Run canceled: False.
TpTrace Verbose: 0 : 20680, 4, 2022/10/06, 07:09:05.326, 658668555033, vstest.console.dll, MulticastDelegateUtilities.SafeInvoke: InternalTestLoggerEvents.SendTestRunComplete: Invoking callback 1/2 for Microsoft.TestPlatform.Extensions.BlameDataCollector.BlameLogger.TestRunCompleteHandler, took 0 ms.
TpTrace Verbose: 0 : 20680, 4, 2022/10/06, 07:09:05.341, 658668714125, vstest.console.dll, MulticastDelegateUtilities.SafeInvoke: InternalTestLoggerEvents.SendTestRunComplete: Invoking callback 2/2 for Microsoft.VisualStudio.TestPlatform.CommandLine.Internal.ConsoleLogger.TestRunCompleteHandler, took 15 ms.
TpTrace Verbose: 0 : 20680, 12, 2022/10/06, 07:09:05.341, 658668721186, vstest.console.dll, TestRunRequest:TestRunComplete: Starting. IsAborted:False IsCanceled:False.
TpTrace Verbose: 0 : 20680, 12, 2022/10/06, 07:09:05.345, 658668766282, vstest.console.dll, TestLoggerManager.HandleTestRunComplete: Ignoring as the object is disposed.
TpTrace Verbose: 0 : 20680, 12, 2022/10/06, 07:09:05.346, 658668772771, vstest.console.dll, MulticastDelegateUtilities.SafeInvoke: TestRun.TestRunComplete: Invoking callback 1/2 for Microsoft.VisualStudio.TestPlatform.CommandLine.TestRunResultAggregator.TestRunCompletionHandler, took 0 ms.
TpTrace Verbose: 0 : 20680, 12, 2022/10/06, 07:09:05.346, 658668774820, vstest.console.dll, MulticastDelegateUtilities.SafeInvoke: TestRun.TestRunComplete: Invoking callback 2/2 for Microsoft.VisualStudio.TestPlatform.CommandLine.Processors.RunTestsArgumentExecutor+TestRunRequestEventsRegistrar.TestRunRequest_OnRunCompletion, took 0 ms.
TpTrace Information: 0 : 20680, 12, 2022/10/06, 07:09:05.346, 658668777988, vstest.console.dll, TestRunRequest:TestRunComplete: Completed.
TpTrace Verbose: 0 : 20680, 1, 2022/10/06, 07:09:05.346, 658668778518, vstest.console.dll, TestRunRequest.Dispose: Starting.
TpTrace Verbose: 0 : 20680, 12, 2022/10/06, 07:09:05.346, 658668778884, vstest.console.dll, TestRequestSender.SetOperationComplete: Setting operation complete.
TpTrace Information: 0 : 20680, 1, 2022/10/06, 07:09:05.347, 658668779928, vstest.console.dll, TestRunRequest.Dispose: Completed.
TpTrace Information: 0 : 20680, 12, 2022/10/06, 07:09:05.347, 658668780535, vstest.console.dll, SocketServer.Stop: Stop server endPoint: 127.0.0.1:52907
TpTrace Information: 0 : 20680, 12, 2022/10/06, 07:09:05.347, 658668782319, vstest.console.dll, SocketServer.Stop: Cancellation requested. Stopping message loop.
TpTrace Information: 0 : 20680, 1, 2022/10/06, 07:09:05.347, 658668781772, vstest.console.dll, TestRequestManager.RunTests: run tests completed.
TpTrace Verbose: 0 : 20680, 12, 2022/10/06, 07:09:05.347, 658668783601, vstest.console.dll, MulticastDelegateUtilities.SafeInvoke: LengthPrefixCommunicationChannel: MessageReceived: Invoking callback 1/1 for Microsoft.VisualStudio.TestPlatform.CommunicationUtilities.TestRequestSender+<>c__DisplayClass31_0.<StartTestRun>b__1, took 301 ms.
TpTrace Information: 0 : 20680, 12, 2022/10/06, 07:09:05.347, 658668785439, vstest.console.dll, SocketServer.PrivateStop: Stopping server endPoint: 127.0.0.1:52907 error: 
TpTrace Information: 0 : 20680, 1, 2022/10/06, 07:09:05.347, 658668785554, vstest.console.dll, RunTestsArgumentProcessor:Execute: Test run is completed.
TpTrace Verbose: 0 : 20680, 1, 2022/10/06, 07:09:05.347, 658668790545, vstest.console.dll, Executor.Execute: Exiting with exit code of 1
TpTrace Verbose: 0 : 20680, 12, 2022/10/06, 07:09:05.348, 658668796047, vstest.console.dll, LengthPrefixCommunicationChannel.Dispose: Dispose reader and writer.
TpTrace Information: 0 : 20680, 12, 2022/10/06, 07:09:05.348, 658668797968, vstest.console.dll, SocketServer.Stop: Raise disconnected event endPoint: 127.0.0.1:52907 error: 
TpTrace Verbose: 0 : 20680, 12, 2022/10/06, 07:09:05.348, 658668800088, vstest.console.dll, TestRequestSender: OnTestRunAbort: Operation is already complete. Skip error message.
TpTrace Verbose: 0 : 20680, 12, 2022/10/06, 07:09:05.348, 658668801083, vstest.console.dll, MulticastDelegateUtilities.SafeInvoke: SocketServer: ClientDisconnected: Invoking callback 1/1 for Microsoft.VisualStudio.TestPlatform.CommunicationUtilities.TestRequestSender.<InitializeCommunication>b__24_1, took 0 ms.
TpTrace Verbose: 0 : 20680, 12, 2022/10/06, 07:09:05.348, 658668802205, vstest.console.dll, TcpClientExtensions.MessageLoopAsync: exiting MessageLoopAsync remoteEndPoint: 127.0.0.1:52911 localEndPoint: 127.0.0.1:52907
