TpTrace Verbose: 0 : 16868, 1, 2022/10/06, 07:07:45.641, 657858161754, testhost.dll, Version: 17.4.0-preview-20220726-02 Current process architecture: X64
TpTrace Verbose: 0 : 16868, 1, 2022/10/06, 07:07:45.650, 657858226236, testhost.dll, Runtime location: C:\Program Files\dotnet\shared\Microsoft.NETCore.App\6.0.9
TpTrace Information: 0 : 16868, 1, 2022/10/06, 07:07:45.663, 657858317514, testhost.dll, DefaultEngineInvoker.Invoke: Testhost process started with args :[--port, 52907],[--endpoint, 127.0.0.1:052907],[--role, client],[--parentprocessid, 20680],[--diag, C:\Users\vagrant\source\repos\SeleniumUnitTests\bin\Debug\net6.0\fine-code-coverage\coverage-tool-output\diagnostics.host.22-10-06_07-07-44_95849_7.log],[--tracelevel, 4],[--datacollectionport, 52906],[--telemetryoptedin, false]
TpTrace Information: 0 : 16868, 1, 2022/10/06, 07:07:45.668, 657858354516, testhost.dll, Setting up debug trace listener.
TpTrace Verbose: 0 : 16868, 1, 2022/10/06, 07:07:45.668, 657858357586, testhost.dll, TestPlatformTraceListener.Setup: Replacing listener System.Diagnostics.DefaultTraceListener with TestHostTraceListener.
TpTrace Verbose: 0 : 16868, 1, 2022/10/06, 07:07:45.668, 657858358503, testhost.dll, TestPlatformTraceListener.Setup: Added test platform trace listener.
TpTrace Information: 0 : 16868, 1, 2022/10/06, 07:07:45.670, 657858370386, testhost.dll, DefaultEngineInvoker.SetParentProcessExitCallback: Monitoring parent process with id: '20680'
TpTrace Information: 0 : 16868, 1, 2022/10/06, 07:07:45.683, 657858463187, testhost.dll, DefaultEngineInvoker.GetConnectionInfo: Initialize communication on endpoint address: '127.0.0.1:052907'
TpTrace Information: 0 : 16868, 1, 2022/10/06, 07:07:45.721, 657858742308, testhost.dll, SocketClient.Start: connecting to server endpoint: 127.0.0.1:052907
TpTrace Information: 0 : 16868, 1, 2022/10/06, 07:07:45.745, 657858914935, testhost.dll, DefaultEngineInvoker.ConnectToDatacollector: Connecting to datacollector, port: 52906
TpTrace Information: 0 : 16868, 10, 2022/10/06, 07:07:45.749, 657858940759, testhost.dll, SocketClient.OnServerConnected: connected to server endpoint: 127.0.0.1:052907
TpTrace Information: 0 : 16868, 1, 2022/10/06, 07:07:45.759, 657859017580, testhost.dll, Trying to connect to server on socket : 127.0.0.1:52906 
TpTrace Verbose: 0 : 16868, 1, 2022/10/06, 07:07:45.761, 657859026263, testhost.dll, SocketCommunicationManager : SetupClientAsync : Attempting to connect to the server.
TpTrace Verbose: 0 : 16868, 10, 2022/10/06, 07:07:45.761, 657859026090, testhost.dll, MulticastDelegateUtilities.SafeInvoke: SocketClient: ServerConnected: Invoking callback 1/1 for Microsoft.VisualStudio.TestPlatform.CommunicationUtilities.TestRequestHandler.<InitializeCommunication>b__32_0, took 1 ms.
TpTrace Verbose: 0 : 16868, 10, 2022/10/06, 07:07:45.761, 657859028678, testhost.dll, Connected to server, and starting MessageLoopAsync
TpTrace Information: 0 : 16868, 1, 2022/10/06, 07:07:45.762, 657859035084, testhost.dll, Connected to the server successfully 
TpTrace Information: 0 : 16868, 1, 2022/10/06, 07:07:45.762, 657859036689, testhost.dll, Using the buffer size of 16384 bytes
TpTrace Verbose: 0 : 16868, 1, 2022/10/06, 07:07:45.763, 657859043959, testhost.dll, SocketCommunicationManager.WaitForServerConnection took: 0 ms, with 90000 ms timeout, and finished with True.
TpTrace Information: 0 : 16868, 1, 2022/10/06, 07:07:45.763, 657859045849, testhost.dll, DefaultEngineInvoker.Invoke: Start Request Processing.
TpTrace Information: 0 : 16868, 12, 2022/10/06, 07:07:45.766, 657859064289, testhost.dll, DefaultEngineInvoker.StartProcessingAsync: Connected to vstest.console, Starting process requests.
TpTrace Verbose: 0 : 16868, 10, 2022/10/06, 07:07:45.774, 657859120274, testhost.dll, TcpClientExtensions.MessageLoopAsync: Polling on remoteEndPoint: [::ffff:127.0.0.1]:52907 localEndPoint: [::ffff:127.0.0.1]:52911
TpTrace Verbose: 0 : 16868, 10, 2022/10/06, 07:07:45.775, 657859126107, testhost.dll, TcpClientExtensions.MessageLoopAsync: NotifyDataAvailable remoteEndPoint: [::ffff:127.0.0.1]:52907 localEndPoint: [::ffff:127.0.0.1]:52911
TpTrace Information: 0 : 16868, 10, 2022/10/06, 07:07:45.790, 657859240414, testhost.dll, TestRequestHandler.OnMessageReceived: received message: (ProtocolVersion) -> {"MessageType":"ProtocolVersion","Payload":7}
TpTrace Verbose: 0 : 16868, 10, 2022/10/06, 07:07:46.552, 657864740047, testhost.dll, TestRequestHandler.SendData: sending data from testhost: {"Version":7,"MessageType":"TestSession.Message","Payload":{"MessageLevel":0,"Message":"Logging TestHost Diagnostics in file: C:\\Users\\vagrant\\source\\repos\\SeleniumUnitTests\\bin\\Debug\\net6.0\\fine-code-coverage\\coverage-tool-output\\diagnostics.host.22-10-06_07-07-44_95849_7.log"}}
TpTrace Verbose: 0 : 16868, 10, 2022/10/06, 07:07:46.563, 657864825546, testhost.dll, MulticastDelegateUtilities.SafeInvoke: LengthPrefixCommunicationChannel: MessageReceived: Invoking callback 1/1 for Microsoft.VisualStudio.TestPlatform.CommunicationUtilities.TestRequestHandler.OnMessageReceived, took 566 ms.
TpTrace Verbose: 0 : 16868, 10, 2022/10/06, 07:07:46.564, 657864827187, testhost.dll, TcpClientExtensions.MessageLoopAsync: Polling on remoteEndPoint: [::ffff:127.0.0.1]:52907 localEndPoint: [::ffff:127.0.0.1]:52911
TpTrace Verbose: 0 : 16868, 10, 2022/10/06, 07:07:46.564, 657864828614, testhost.dll, TcpClientExtensions.MessageLoopAsync: NotifyDataAvailable remoteEndPoint: [::ffff:127.0.0.1]:52907 localEndPoint: [::ffff:127.0.0.1]:52911
TpTrace Information: 0 : 16868, 10, 2022/10/06, 07:07:46.564, 657864830959, testhost.dll, TestRequestHandler.OnMessageReceived: received message: (TestExecution.Initialize) -> {"Version":7,"MessageType":"TestExecution.Initialize","Payload":["C:\\Users\\vagrant\\source\\repos\\SeleniumUnitTests\\bin\\Debug\\net6.0\\fine-code-coverage\\build-output\\Microsoft.VisualStudio.TestPlatform.MSTest.TestAdapter.dll"]}
TpTrace Information: 0 : 16868, 4, 2022/10/06, 07:07:46.620, 657865237809, testhost.dll, TestRequestHandler.OnMessageReceived: Running job 'TestExecution.Initialize'.
TpTrace Verbose: 0 : 16868, 10, 2022/10/06, 07:07:46.629, 657865297092, testhost.dll, MulticastDelegateUtilities.SafeInvoke: LengthPrefixCommunicationChannel: MessageReceived: Invoking callback 1/1 for Microsoft.VisualStudio.TestPlatform.CommunicationUtilities.TestRequestHandler.OnMessageReceived, took 46 ms.
TpTrace Verbose: 0 : 16868, 10, 2022/10/06, 07:07:46.629, 657865298932, testhost.dll, TcpClientExtensions.MessageLoopAsync: Polling on remoteEndPoint: [::ffff:127.0.0.1]:52907 localEndPoint: [::ffff:127.0.0.1]:52911
TpTrace Verbose: 0 : 16868, 10, 2022/10/06, 07:07:46.629, 657865300326, testhost.dll, TcpClientExtensions.MessageLoopAsync: NotifyDataAvailable remoteEndPoint: [::ffff:127.0.0.1]:52907 localEndPoint: [::ffff:127.0.0.1]:52911
TpTrace Information: 0 : 16868, 10, 2022/10/06, 07:07:46.629, 657865302639, testhost.dll, TestRequestHandler.OnMessageReceived: received message: (TestExecution.StartWithSources) -> {"Version":7,"MessageType":"TestExecution.StartWithSources","Payload":{"AdapterSourceMap":{"_none_":["C:\\Users\\vagrant\\source\\repos\\SeleniumUnitTests\\bin\\Debug\\net6.0\\fine-code-coverage\\build-output\\SeleniumUnitTests.dll"]},"RunSettings":"<RunSettings>\r\n  <RunConfiguration>\r\n    <ResultsDirectory>C:\\Users\\vagrant\\source\\repos\\SeleniumUnitTests\\bin\\Debug\\net6.0\\fine-code-coverage\\coverage-tool-output</ResultsDirectory>\r\n    <TargetFrameworkVersion>.NETCoreApp,Version=v6.0</TargetFrameworkVersion>\r\n    <DesignMode>False</DesignMode>\r\n    <CollectSourceInformation>False</CollectSourceInformation>\r\n  </RunConfiguration>\r\n  <LoggerRunSettings>\r\n    <Loggers>\r\n      <Logger friendlyName=\"blame\" enabled=\"True\" />\r\n      <Logger friendlyName=\"Console\" uri=\"logger://microsoft/TestPlatform/ConsoleLogger/v1\" assemblyQualifiedName=\"Microsoft.VisualStudio.TestPlatform.CommandLine.Internal.ConsoleLogger, vstest.console, Version=15.0.0.0, Culture=neutral, PublicKeyToken=b03f5f7f11d50a3a\" codeBase=\"C:\\Program Files\\dotnet\\sdk\\6.0.401\\vstest.console.dll\" enabled=\"True\" />\r\n    </Loggers>\r\n  </LoggerRunSettings>\r\n  <DataCollectionRunSettings>\r\n    <DataCollectors>\r\n      <DataCollector friendlyName=\"blame\" enabled=\"True\">\r\n        <Configuration>\r\n          <ResultsDirectory>C:\\Users\\vagrant\\source\\repos\\SeleniumUnitTests\\bin\\Debug\\net6.0\\fine-code-coverage\\coverage-tool-output</ResultsDirectory>\r\n        </Configuration>\r\n      </DataCollector>\r\n    </DataCollectors>\r\n  </DataCollectionRunSettings>\r\n</RunSettings>","TestExecutionContext":{"FrequencyOfRunStatsChangeEvent":10,"RunStatsChangeEventTimeout":"00:00:01.5000000","InIsolation":false,"KeepAlive":false,"AreTestCaseLevelEventsRequired":false,"IsDebug":false,"TestCaseFilter":null,"FilterOptions":null},"Package":null}}
TpTrace Verbose: 0 : 16868, 4, 2022/10/06, 07:07:46.633, 657865327609, testhost.dll, TestExecutorService: Loading the extensions
TpTrace Verbose: 0 : 16868, 4, 2022/10/06, 07:07:46.640, 657865379404, testhost.dll, TestPluginCache.DiscoverTestExtensions: finding test extensions in assemblies ends with: TestAdapter.dll TPluginInfo: Microsoft.VisualStudio.TestPlatform.Common.ExtensionFramework.Utilities.TestExecutorPluginInformation TExtension: Microsoft.VisualStudio.TestPlatform.ObjectModel.Adapter.ITestExecutor
TpTrace Verbose: 0 : 16868, 4, 2022/10/06, 07:07:46.644, 657865404981, testhost.dll, TestPluginCache.GetExtensionPaths: Filtered extension paths: 
TpTrace Verbose: 0 : 16868, 4, 2022/10/06, 07:07:46.645, 657865415951, testhost.dll, TestPluginCache.GetExtensionPaths: Added default extension paths: C:\Users\vagrant\source\repos\SeleniumUnitTests\bin\Debug\net6.0\fine-code-coverage\build-output\Microsoft.VisualStudio.TestPlatform.MSTest.TestAdapter.dll
TpTrace Verbose: 0 : 16868, 4, 2022/10/06, 07:07:46.645, 657865417259, testhost.dll, TestPluginCache.GetExtensionPaths: Added unfilterableExtensionPaths: 
TpTrace Information: 0 : 16868, 4, 2022/10/06, 07:07:46.654, 657865483241, testhost.dll, AssemblyResolver.ctor: Creating AssemblyResolver with searchDirectories C:\Users\vagrant\source\repos\SeleniumUnitTests\bin\Debug\net6.0\fine-code-coverage\build-output
TpTrace Verbose: 0 : 16868, 4, 2022/10/06, 07:07:46.659, 657865519403, testhost.dll, TestPluginCache.DiscoverTestExtensions: Discovering the extensions using extension path.
TpTrace Verbose: 0 : 16868, 4, 2022/10/06, 07:07:46.660, 657865521963, testhost.dll, TestPluginCache.GetExtensionPaths: Filtered extension paths: 
TpTrace Verbose: 0 : 16868, 4, 2022/10/06, 07:07:46.660, 657865522968, testhost.dll, TestPluginCache.GetExtensionPaths: Added default extension paths: C:\Users\vagrant\source\repos\SeleniumUnitTests\bin\Debug\net6.0\fine-code-coverage\build-output\Microsoft.VisualStudio.TestPlatform.MSTest.TestAdapter.dll
TpTrace Verbose: 0 : 16868, 4, 2022/10/06, 07:07:46.660, 657865524189, testhost.dll, TestPluginCache.GetExtensionPaths: Added unfilterableExtensionPaths: 
TpTrace Verbose: 0 : 16868, 4, 2022/10/06, 07:07:46.660, 657865525772, testhost.dll, TestPluginCache.DiscoverTestExtensions: Discovering the extensions using allExtensionPaths: C:\Users\vagrant\source\repos\SeleniumUnitTests\bin\Debug\net6.0\fine-code-coverage\build-output\Microsoft.VisualStudio.TestPlatform.MSTest.TestAdapter.dll
TpTrace Information: 0 : 16868, 4, 2022/10/06, 07:07:46.663, 657865545787, testhost.dll, AssemblyResolver.AddSearchDirectories: Adding more searchDirectories C:\Users\vagrant\source\repos\SeleniumUnitTests\bin\Debug\net6.0\fine-code-coverage\build-output
TpTrace Information: 0 : 16868, 4, 2022/10/06, 07:07:46.692, 657865752253, testhost.dll, AssemblyResolver.OnResolve: Microsoft.VisualStudio.TestPlatform.MSTest.TestAdapter: Resolving assembly.
TpTrace Information: 0 : 16868, 4, 2022/10/06, 07:07:46.692, 657865754847, testhost.dll, AssemblyResolver.OnResolve: Microsoft.VisualStudio.TestPlatform.MSTest.TestAdapter: Searching in: 'C:\Users\vagrant\source\repos\SeleniumUnitTests\bin\Debug\net6.0\fine-code-coverage\build-output'.
TpTrace Information: 0 : 16868, 4, 2022/10/06, 07:07:46.697, 657865788535, testhost.dll, AssemblyResolver.OnResolve: Microsoft.VisualStudio.TestPlatform.MSTest.TestAdapter: Loading assembly 'C:\Users\vagrant\source\repos\SeleniumUnitTests\bin\Debug\net6.0\fine-code-coverage\build-output\Microsoft.VisualStudio.TestPlatform.MSTest.TestAdapter.dll'.
TpTrace Information: 0 : 16868, 4, 2022/10/06, 07:07:46.699, 657865802625, testhost.dll, AssemblyResolver.OnResolve: Resolved assembly: Microsoft.VisualStudio.TestPlatform.MSTest.TestAdapter, from path: C:\Users\vagrant\source\repos\SeleniumUnitTests\bin\Debug\net6.0\fine-code-coverage\build-output\Microsoft.VisualStudio.TestPlatform.MSTest.TestAdapter.dll
TpTrace Verbose: 0 : 16868, 10, 2022/10/06, 07:07:46.870, 657867043103, testhost.dll, MulticastDelegateUtilities.SafeInvoke: LengthPrefixCommunicationChannel: MessageReceived: Invoking callback 1/1 for Microsoft.VisualStudio.TestPlatform.CommunicationUtilities.TestRequestHandler.OnMessageReceived, took 174 ms.
TpTrace Verbose: 0 : 16868, 10, 2022/10/06, 07:07:46.871, 657867044839, testhost.dll, TcpClientExtensions.MessageLoopAsync: Polling on remoteEndPoint: [::ffff:127.0.0.1]:52907 localEndPoint: [::ffff:127.0.0.1]:52911
TpTrace Verbose: 0 : 16868, 4, 2022/10/06, 07:07:47.170, 657869210177, testhost.dll, MetadataReaderExtensionsHelper: Discovering extensions inside assembly 'Microsoft.VisualStudio.TestPlatform.MSTest.TestAdapter, Version=14.0.0.0, Culture=neutral, PublicKeyToken=b03f5f7f11d50a3a' file path 'C:\Users\vagrant\source\repos\SeleniumUnitTests\bin\Debug\net6.0\fine-code-coverage\build-output\Microsoft.VisualStudio.TestPlatform.MSTest.TestAdapter.dll'
TpTrace Information: 0 : 16868, 4, 2022/10/06, 07:07:47.238, 657869700224, testhost.dll, GetTestExtensionFromType: Register extension with identifier data 'executor://MSTestAdapter/v2' and type 'Microsoft.VisualStudio.TestPlatform.MSTest.TestAdapter.MSTestExecutor, Microsoft.VisualStudio.TestPlatform.MSTest.TestAdapter, Version=14.0.0.0, Culture=neutral, PublicKeyToken=b03f5f7f11d50a3a' inside file 'C:\Users\vagrant\source\repos\SeleniumUnitTests\bin\Debug\net6.0\fine-code-coverage\build-output\Microsoft.VisualStudio.TestPlatform.MSTest.TestAdapter.dll'
TpTrace Verbose: 0 : 16868, 4, 2022/10/06, 07:07:47.255, 657869819245, testhost.dll, TestPluginCache: Discovered the extensions using extension path ''.
TpTrace Verbose: 0 : 16868, 4, 2022/10/06, 07:07:47.257, 657869838951, testhost.dll, TestPluginCache: Discoverers are ''.
TpTrace Verbose: 0 : 16868, 4, 2022/10/06, 07:07:47.258, 657869841089, testhost.dll, TestPluginCache: Executors are 'executor://MSTestAdapter/v2'.
TpTrace Verbose: 0 : 16868, 4, 2022/10/06, 07:07:47.258, 657869842516, testhost.dll, TestPluginCache: Executors2 are ''.
TpTrace Verbose: 0 : 16868, 4, 2022/10/06, 07:07:47.258, 657869844024, testhost.dll, TestPluginCache: Setting providers are ''.
TpTrace Verbose: 0 : 16868, 4, 2022/10/06, 07:07:47.258, 657869846073, testhost.dll, TestPluginCache: Loggers are ''.
TpTrace Verbose: 0 : 16868, 4, 2022/10/06, 07:07:47.258, 657869847589, testhost.dll, TestPluginCache: TestHosts are ''.
TpTrace Verbose: 0 : 16868, 4, 2022/10/06, 07:07:47.259, 657869849077, testhost.dll, TestPluginCache: DataCollectors are ''.
TpTrace Verbose: 0 : 16868, 4, 2022/10/06, 07:07:47.269, 657869925031, testhost.dll, TestPluginCache.DiscoverTestExtensions: finding test extensions in assemblies ends with: TestAdapter.dll TPluginInfo: Microsoft.VisualStudio.TestPlatform.Common.ExtensionFramework.Utilities.TestExecutorPluginInformation2 TExtension: Microsoft.VisualStudio.TestPlatform.ObjectModel.Adapter.ITestExecutor2
TpTrace Verbose: 0 : 16868, 4, 2022/10/06, 07:07:47.270, 657869932632, testhost.dll, TestPluginCache.GetExtensionPaths: Filtered extension paths: 
TpTrace Verbose: 0 : 16868, 4, 2022/10/06, 07:07:47.271, 657869934671, testhost.dll, TestPluginCache.GetExtensionPaths: Added default extension paths: C:\Users\vagrant\source\repos\SeleniumUnitTests\bin\Debug\net6.0\fine-code-coverage\build-output\Microsoft.VisualStudio.TestPlatform.MSTest.TestAdapter.dll
TpTrace Verbose: 0 : 16868, 4, 2022/10/06, 07:07:47.271, 657869935609, testhost.dll, TestPluginCache.GetExtensionPaths: Added unfilterableExtensionPaths: 
TpTrace Information: 0 : 16868, 4, 2022/10/06, 07:07:47.271, 657869940370, testhost.dll, AssemblyResolver.AddSearchDirectories: Adding more searchDirectories C:\Users\vagrant\source\repos\SeleniumUnitTests\bin\Debug\net6.0\fine-code-coverage\build-output
TpTrace Verbose: 0 : 16868, 4, 2022/10/06, 07:07:47.272, 657869941697, testhost.dll, TestPluginCache.DiscoverTestExtensions: Discovering the extensions using extension path.
TpTrace Verbose: 0 : 16868, 4, 2022/10/06, 07:07:47.272, 657869942869, testhost.dll, TestPluginCache.GetExtensionPaths: Filtered extension paths: 
TpTrace Verbose: 0 : 16868, 4, 2022/10/06, 07:07:47.272, 657869944133, testhost.dll, TestPluginCache.GetExtensionPaths: Added default extension paths: C:\Users\vagrant\source\repos\SeleniumUnitTests\bin\Debug\net6.0\fine-code-coverage\build-output\Microsoft.VisualStudio.TestPlatform.MSTest.TestAdapter.dll
TpTrace Verbose: 0 : 16868, 4, 2022/10/06, 07:07:47.272, 657869945344, testhost.dll, TestPluginCache.GetExtensionPaths: Added unfilterableExtensionPaths: 
TpTrace Verbose: 0 : 16868, 4, 2022/10/06, 07:07:47.272, 657869946216, testhost.dll, TestPluginCache.DiscoverTestExtensions: Discovering the extensions using allExtensionPaths: C:\Users\vagrant\source\repos\SeleniumUnitTests\bin\Debug\net6.0\fine-code-coverage\build-output\Microsoft.VisualStudio.TestPlatform.MSTest.TestAdapter.dll
TpTrace Information: 0 : 16868, 4, 2022/10/06, 07:07:47.272, 657869948026, testhost.dll, AssemblyResolver.AddSearchDirectories: Adding more searchDirectories C:\Users\vagrant\source\repos\SeleniumUnitTests\bin\Debug\net6.0\fine-code-coverage\build-output
TpTrace Verbose: 0 : 16868, 4, 2022/10/06, 07:07:47.273, 657869949802, testhost.dll, MetadataReaderExtensionsHelper: Discovering extensions inside assembly 'Microsoft.VisualStudio.TestPlatform.MSTest.TestAdapter, Version=14.0.0.0, Culture=neutral, PublicKeyToken=b03f5f7f11d50a3a' file path 'C:\Users\vagrant\source\repos\SeleniumUnitTests\bin\Debug\net6.0\fine-code-coverage\build-output\Microsoft.VisualStudio.TestPlatform.MSTest.TestAdapter.dll'
TpTrace Verbose: 0 : 16868, 4, 2022/10/06, 07:07:47.274, 657869961853, testhost.dll, TestPluginCache: Discovered the extensions using extension path ''.
TpTrace Verbose: 0 : 16868, 4, 2022/10/06, 07:07:47.275, 657869963383, testhost.dll, TestPluginCache: Discoverers are ''.
TpTrace Verbose: 0 : 16868, 4, 2022/10/06, 07:07:47.275, 657869966496, testhost.dll, TestPluginCache: Executors are 'executor://MSTestAdapter/v2'.
TpTrace Verbose: 0 : 16868, 4, 2022/10/06, 07:07:47.275, 657869969124, testhost.dll, TestPluginCache: Executors2 are ''.
TpTrace Verbose: 0 : 16868, 4, 2022/10/06, 07:07:47.275, 657869969949, testhost.dll, TestPluginCache: Setting providers are ''.
TpTrace Verbose: 0 : 16868, 4, 2022/10/06, 07:07:47.276, 657869970791, testhost.dll, TestPluginCache: Loggers are ''.
TpTrace Verbose: 0 : 16868, 4, 2022/10/06, 07:07:47.276, 657869971567, testhost.dll, TestPluginCache: TestHosts are ''.
TpTrace Verbose: 0 : 16868, 4, 2022/10/06, 07:07:47.276, 657869973007, testhost.dll, TestPluginCache: DataCollectors are ''.
TpTrace Information: 0 : 16868, 4, 2022/10/06, 07:07:47.295, 657870111110, testhost.dll, TestPluginManager.CreateTestExtension: Attempting to load test extension: Microsoft.VisualStudio.TestPlatform.MSTest.TestAdapter.MSTestExecutor
TpTrace Verbose: 0 : 16868, 4, 2022/10/06, 07:07:47.331, 657870373601, testhost.dll, TestExecutorExtensionManager: Loading executor Microsoft.VisualStudio.TestPlatform.MSTest.TestAdapter.MSTestExecutor
TpTrace Verbose: 0 : 16868, 4, 2022/10/06, 07:07:47.332, 657870375140, testhost.dll, TestExecutorService: Loaded the executors
TpTrace Verbose: 0 : 16868, 4, 2022/10/06, 07:07:47.336, 657870404106, testhost.dll, TestPluginCache.DiscoverTestExtensions: finding test extensions in assemblies ends with: TestAdapter.dll TPluginInfo: Microsoft.VisualStudio.TestPlatform.Common.ExtensionFramework.Utilities.TestSettingsProviderPluginInformation TExtension: Microsoft.VisualStudio.TestPlatform.ObjectModel.Adapter.ISettingsProvider
TpTrace Verbose: 0 : 16868, 4, 2022/10/06, 07:07:47.336, 657870406692, testhost.dll, TestPluginCache.GetExtensionPaths: Filtered extension paths: 
TpTrace Verbose: 0 : 16868, 4, 2022/10/06, 07:07:47.336, 657870407731, testhost.dll, TestPluginCache.GetExtensionPaths: Added default extension paths: C:\Users\vagrant\source\repos\SeleniumUnitTests\bin\Debug\net6.0\fine-code-coverage\build-output\Microsoft.VisualStudio.TestPlatform.MSTest.TestAdapter.dll
TpTrace Verbose: 0 : 16868, 4, 2022/10/06, 07:07:47.336, 657870408609, testhost.dll, TestPluginCache.GetExtensionPaths: Added unfilterableExtensionPaths: 
TpTrace Information: 0 : 16868, 4, 2022/10/06, 07:07:47.336, 657870411230, testhost.dll, AssemblyResolver.AddSearchDirectories: Adding more searchDirectories C:\Users\vagrant\source\repos\SeleniumUnitTests\bin\Debug\net6.0\fine-code-coverage\build-output
TpTrace Verbose: 0 : 16868, 4, 2022/10/06, 07:07:47.337, 657870412320, testhost.dll, TestPluginCache.DiscoverTestExtensions: Discovering the extensions using extension path.
TpTrace Verbose: 0 : 16868, 4, 2022/10/06, 07:07:47.337, 657870413522, testhost.dll, TestPluginCache.GetExtensionPaths: Filtered extension paths: 
TpTrace Verbose: 0 : 16868, 4, 2022/10/06, 07:07:47.337, 657870414339, testhost.dll, TestPluginCache.GetExtensionPaths: Added default extension paths: C:\Users\vagrant\source\repos\SeleniumUnitTests\bin\Debug\net6.0\fine-code-coverage\build-output\Microsoft.VisualStudio.TestPlatform.MSTest.TestAdapter.dll
TpTrace Verbose: 0 : 16868, 4, 2022/10/06, 07:07:47.337, 657870415327, testhost.dll, TestPluginCache.GetExtensionPaths: Added unfilterableExtensionPaths: 
TpTrace Verbose: 0 : 16868, 4, 2022/10/06, 07:07:47.337, 657870416303, testhost.dll, TestPluginCache.DiscoverTestExtensions: Discovering the extensions using allExtensionPaths: C:\Users\vagrant\source\repos\SeleniumUnitTests\bin\Debug\net6.0\fine-code-coverage\build-output\Microsoft.VisualStudio.TestPlatform.MSTest.TestAdapter.dll
TpTrace Information: 0 : 16868, 4, 2022/10/06, 07:07:47.337, 657870417561, testhost.dll, AssemblyResolver.AddSearchDirectories: Adding more searchDirectories C:\Users\vagrant\source\repos\SeleniumUnitTests\bin\Debug\net6.0\fine-code-coverage\build-output
TpTrace Verbose: 0 : 16868, 4, 2022/10/06, 07:07:47.338, 657870419296, testhost.dll, MetadataReaderExtensionsHelper: Discovering extensions inside assembly 'Microsoft.VisualStudio.TestPlatform.MSTest.TestAdapter, Version=14.0.0.0, Culture=neutral, PublicKeyToken=b03f5f7f11d50a3a' file path 'C:\Users\vagrant\source\repos\SeleniumUnitTests\bin\Debug\net6.0\fine-code-coverage\build-output\Microsoft.VisualStudio.TestPlatform.MSTest.TestAdapter.dll'
TpTrace Verbose: 0 : 16868, 4, 2022/10/06, 07:07:47.339, 657870428675, testhost.dll, TestPluginCache: Discovered the extensions using extension path ''.
TpTrace Verbose: 0 : 16868, 4, 2022/10/06, 07:07:47.339, 657870429850, testhost.dll, TestPluginCache: Discoverers are ''.
TpTrace Verbose: 0 : 16868, 4, 2022/10/06, 07:07:47.339, 657870431071, testhost.dll, TestPluginCache: Executors are 'executor://MSTestAdapter/v2'.
TpTrace Verbose: 0 : 16868, 4, 2022/10/06, 07:07:47.340, 657870433030, testhost.dll, TestPluginCache: Executors2 are ''.
TpTrace Verbose: 0 : 16868, 4, 2022/10/06, 07:07:47.340, 657870434190, testhost.dll, TestPluginCache: Setting providers are ''.
TpTrace Verbose: 0 : 16868, 4, 2022/10/06, 07:07:47.340, 657870435149, testhost.dll, TestPluginCache: Loggers are ''.
TpTrace Verbose: 0 : 16868, 4, 2022/10/06, 07:07:47.340, 657870436263, testhost.dll, TestPluginCache: TestHosts are ''.
TpTrace Verbose: 0 : 16868, 4, 2022/10/06, 07:07:47.340, 657870437232, testhost.dll, TestPluginCache: DataCollectors are ''.
TpTrace Verbose: 0 : 16868, 4, 2022/10/06, 07:07:47.344, 657870464197, testhost.dll, TestExecutorService: Loaded the settings providers
TpTrace Information: 0 : 16868, 4, 2022/10/06, 07:07:47.344, 657870465960, testhost.dll, TestExecutorService: Loaded the extensions
TpTrace Information: 0 : 16868, 4, 2022/10/06, 07:07:47.346, 657870477662, testhost.dll, TestRequestHandler.OnMessageReceived: Running job 'TestExecution.StartWithSources'.
TpTrace Verbose: 0 : 16868, 4, 2022/10/06, 07:07:47.701, 657873042333, testhost.dll, MulticastDelegateUtilities.SafeInvoke: TestCaseEventsHandler.RaiseSessionStart: Invoking callbacks was skipped because there are no subscribers.
TpTrace Information: 0 : 16868, 4, 2022/10/06, 07:07:47.720, 657873179349, testhost.dll, TestDiscoveryManager: Discovering tests from sources C:\Users\vagrant\source\repos\SeleniumUnitTests\bin\Debug\net6.0\fine-code-coverage\build-output\SeleniumUnitTests.dll
TpTrace Verbose: 0 : 16868, 4, 2022/10/06, 07:07:47.732, 657873268133, testhost.dll, TestPluginCache.DiscoverTestExtensions: finding test extensions in assemblies ends with: TestAdapter.dll TPluginInfo: Microsoft.VisualStudio.TestPlatform.Common.ExtensionFramework.Utilities.TestDiscovererPluginInformation TExtension: Microsoft.VisualStudio.TestPlatform.ObjectModel.Adapter.ITestDiscoverer
TpTrace Verbose: 0 : 16868, 4, 2022/10/06, 07:07:47.732, 657873271117, testhost.dll, TestPluginCache.GetExtensionPaths: Filtered extension paths: 
TpTrace Verbose: 0 : 16868, 4, 2022/10/06, 07:07:47.733, 657873272404, testhost.dll, TestPluginCache.GetExtensionPaths: Added default extension paths: C:\Users\vagrant\source\repos\SeleniumUnitTests\bin\Debug\net6.0\fine-code-coverage\build-output\Microsoft.VisualStudio.TestPlatform.MSTest.TestAdapter.dll
TpTrace Verbose: 0 : 16868, 4, 2022/10/06, 07:07:47.733, 657873273419, testhost.dll, TestPluginCache.GetExtensionPaths: Added unfilterableExtensionPaths: 
TpTrace Information: 0 : 16868, 4, 2022/10/06, 07:07:47.733, 657873275991, testhost.dll, AssemblyResolver.AddSearchDirectories: Adding more searchDirectories C:\Users\vagrant\source\repos\SeleniumUnitTests\bin\Debug\net6.0\fine-code-coverage\build-output
TpTrace Verbose: 0 : 16868, 4, 2022/10/06, 07:07:47.733, 657873277286, testhost.dll, TestPluginCache.DiscoverTestExtensions: Discovering the extensions using extension path.
TpTrace Verbose: 0 : 16868, 4, 2022/10/06, 07:07:47.733, 657873278252, testhost.dll, TestPluginCache.GetExtensionPaths: Filtered extension paths: 
TpTrace Verbose: 0 : 16868, 4, 2022/10/06, 07:07:47.733, 657873279144, testhost.dll, TestPluginCache.GetExtensionPaths: Added default extension paths: C:\Users\vagrant\source\repos\SeleniumUnitTests\bin\Debug\net6.0\fine-code-coverage\build-output\Microsoft.VisualStudio.TestPlatform.MSTest.TestAdapter.dll
TpTrace Verbose: 0 : 16868, 4, 2022/10/06, 07:07:47.734, 657873280071, testhost.dll, TestPluginCache.GetExtensionPaths: Added unfilterableExtensionPaths: 
TpTrace Verbose: 0 : 16868, 4, 2022/10/06, 07:07:47.735, 657873291749, testhost.dll, TestPluginCache.DiscoverTestExtensions: Discovering the extensions using allExtensionPaths: C:\Users\vagrant\source\repos\SeleniumUnitTests\bin\Debug\net6.0\fine-code-coverage\build-output\Microsoft.VisualStudio.TestPlatform.MSTest.TestAdapter.dll
TpTrace Information: 0 : 16868, 4, 2022/10/06, 07:07:47.735, 657873293147, testhost.dll, AssemblyResolver.AddSearchDirectories: Adding more searchDirectories C:\Users\vagrant\source\repos\SeleniumUnitTests\bin\Debug\net6.0\fine-code-coverage\build-output
TpTrace Verbose: 0 : 16868, 4, 2022/10/06, 07:07:47.736, 657873295304, testhost.dll, MetadataReaderExtensionsHelper: Discovering extensions inside assembly 'Microsoft.VisualStudio.TestPlatform.MSTest.TestAdapter, Version=14.0.0.0, Culture=neutral, PublicKeyToken=b03f5f7f11d50a3a' file path 'C:\Users\vagrant\source\repos\SeleniumUnitTests\bin\Debug\net6.0\fine-code-coverage\build-output\Microsoft.VisualStudio.TestPlatform.MSTest.TestAdapter.dll'
TpTrace Information: 0 : 16868, 4, 2022/10/06, 07:07:47.742, 657873341783, testhost.dll, GetTestExtensionFromType: Register extension with identifier data 'Microsoft.VisualStudio.TestPlatform.MSTest.TestAdapter.MSTestDiscoverer, Microsoft.VisualStudio.TestPlatform.MSTest.TestAdapter, Version=14.0.0.0, Culture=neutral, PublicKeyToken=b03f5f7f11d50a3a' and type 'Microsoft.VisualStudio.TestPlatform.MSTest.TestAdapter.MSTestDiscoverer, Microsoft.VisualStudio.TestPlatform.MSTest.TestAdapter, Version=14.0.0.0, Culture=neutral, PublicKeyToken=b03f5f7f11d50a3a' inside file 'C:\Users\vagrant\source\repos\SeleniumUnitTests\bin\Debug\net6.0\fine-code-coverage\build-output\Microsoft.VisualStudio.TestPlatform.MSTest.TestAdapter.dll'
TpTrace Verbose: 0 : 16868, 4, 2022/10/06, 07:07:47.743, 657873345667, testhost.dll, TestPluginCache: Discovered the extensions using extension path ''.
TpTrace Verbose: 0 : 16868, 4, 2022/10/06, 07:07:47.743, 657873346963, testhost.dll, TestPluginCache: Discoverers are 'Microsoft.VisualStudio.TestPlatform.MSTest.TestAdapter.MSTestDiscoverer, Microsoft.VisualStudio.TestPlatform.MSTest.TestAdapter, Version=14.0.0.0, Culture=neutral, PublicKeyToken=b03f5f7f11d50a3a'.
TpTrace Verbose: 0 : 16868, 4, 2022/10/06, 07:07:47.743, 657873348006, testhost.dll, TestPluginCache: Executors are 'executor://MSTestAdapter/v2'.
TpTrace Verbose: 0 : 16868, 4, 2022/10/06, 07:07:47.743, 657873349454, testhost.dll, TestPluginCache: Executors2 are ''.
TpTrace Verbose: 0 : 16868, 4, 2022/10/06, 07:07:47.743, 657873350552, testhost.dll, TestPluginCache: Setting providers are ''.
TpTrace Verbose: 0 : 16868, 4, 2022/10/06, 07:07:47.743, 657873351344, testhost.dll, TestPluginCache: Loggers are ''.
TpTrace Verbose: 0 : 16868, 4, 2022/10/06, 07:07:47.744, 657873352166, testhost.dll, TestPluginCache: TestHosts are ''.
TpTrace Verbose: 0 : 16868, 4, 2022/10/06, 07:07:47.744, 657873352956, testhost.dll, TestPluginCache: DataCollectors are ''.
TpTrace Verbose: 0 : 16868, 4, 2022/10/06, 07:07:47.768, 657873527669, testhost.dll, BaseRunTests.RunTestInternalWithExecutors: Running tests for executor://MSTestAdapter/v2
TpTrace Information: 0 : 16868, 4, 2022/10/06, 07:07:47.769, 657873539199, testhost.dll, AssemblyResolver.OnResolve: Microsoft.VisualStudio.TestPlatform.MSTestAdapter.PlatformServices.Interface: Resolving assembly.
TpTrace Information: 0 : 16868, 4, 2022/10/06, 07:07:47.770, 657873541095, testhost.dll, AssemblyResolver.OnResolve: Microsoft.VisualStudio.TestPlatform.MSTestAdapter.PlatformServices.Interface: Searching in: 'C:\Users\vagrant\source\repos\SeleniumUnitTests\bin\Debug\net6.0\fine-code-coverage\build-output'.
TpTrace Information: 0 : 16868, 4, 2022/10/06, 07:07:47.770, 657873546593, testhost.dll, AssemblyResolver.OnResolve: Microsoft.VisualStudio.TestPlatform.MSTestAdapter.PlatformServices.Interface: Loading assembly 'C:\Users\vagrant\source\repos\SeleniumUnitTests\bin\Debug\net6.0\fine-code-coverage\build-output\Microsoft.VisualStudio.TestPlatform.MSTestAdapter.PlatformServices.Interface.dll'.
TpTrace Information: 0 : 16868, 4, 2022/10/06, 07:07:47.772, 657873555194, testhost.dll, AssemblyResolver.OnResolve: Resolved assembly: Microsoft.VisualStudio.TestPlatform.MSTestAdapter.PlatformServices.Interface, from path: C:\Users\vagrant\source\repos\SeleniumUnitTests\bin\Debug\net6.0\fine-code-coverage\build-output\Microsoft.VisualStudio.TestPlatform.MSTestAdapter.PlatformServices.Interface.dll
TpTrace Information: 0 : 16868, 4, 2022/10/06, 07:07:47.775, 657873579083, testhost.dll, AssemblyResolver.OnResolve: Microsoft.VisualStudio.TestPlatform.MSTestAdapter.PlatformServices: Resolving assembly.
TpTrace Information: 0 : 16868, 4, 2022/10/06, 07:07:47.775, 657873580652, testhost.dll, AssemblyResolver.OnResolve: Microsoft.VisualStudio.TestPlatform.MSTestAdapter.PlatformServices: Searching in: 'C:\Users\vagrant\source\repos\SeleniumUnitTests\bin\Debug\net6.0\fine-code-coverage\build-output'.
TpTrace Information: 0 : 16868, 4, 2022/10/06, 07:07:47.776, 657873585592, testhost.dll, AssemblyResolver.OnResolve: Microsoft.VisualStudio.TestPlatform.MSTestAdapter.PlatformServices: Loading assembly 'C:\Users\vagrant\source\repos\SeleniumUnitTests\bin\Debug\net6.0\fine-code-coverage\build-output\Microsoft.VisualStudio.TestPlatform.MSTestAdapter.PlatformServices.dll'.
TpTrace Information: 0 : 16868, 4, 2022/10/06, 07:07:47.777, 657873593413, testhost.dll, AssemblyResolver.OnResolve: Resolved assembly: Microsoft.VisualStudio.TestPlatform.MSTestAdapter.PlatformServices, from path: C:\Users\vagrant\source\repos\SeleniumUnitTests\bin\Debug\net6.0\fine-code-coverage\build-output\Microsoft.VisualStudio.TestPlatform.MSTestAdapter.PlatformServices.dll
TpTrace Information: 0 : 16868, 4, 2022/10/06, 07:07:47.778, 657873603770, testhost.dll, MSTest - MSTestExecutor.RunTests: Running tests from sources.
TpTrace Information: 0 : 16868, 4, 2022/10/06, 07:07:47.790, 657873689830, testhost.dll, MSTest - CollectSourceInformation value Found : False 
TpTrace Information: 0 : 16868, 4, 2022/10/06, 07:07:47.863, 657874213326, testhost.dll, MSTest - DictionaryHelper.ConcatWithOverwrites: The source is null or empty, returning the overwrite dictionary.
TpTrace Information: 0 : 16868, 4, 2022/10/06, 07:07:47.899, 657874474485, testhost.dll, MSTest - DictionaryHelper.ConcatWithOverwrites: The source is null or empty, returning the overwrite dictionary.
TpTrace Information: 0 : 16868, 4, 2022/10/06, 07:07:47.919, 657874620728, testhost.dll, AssemblyResolver.OnResolve: Microsoft.TestPlatform.AdapterUtilities: Resolving assembly.
TpTrace Information: 0 : 16868, 4, 2022/10/06, 07:07:47.919, 657874622659, testhost.dll, AssemblyResolver.OnResolve: Microsoft.TestPlatform.AdapterUtilities: Searching in: 'C:\Users\vagrant\source\repos\SeleniumUnitTests\bin\Debug\net6.0\fine-code-coverage\build-output'.
TpTrace Information: 0 : 16868, 4, 2022/10/06, 07:07:47.920, 657874628472, testhost.dll, AssemblyResolver.OnResolve: Microsoft.TestPlatform.AdapterUtilities: Loading assembly 'C:\Users\vagrant\source\repos\SeleniumUnitTests\bin\Debug\net6.0\fine-code-coverage\build-output\Microsoft.TestPlatform.AdapterUtilities.dll'.
TpTrace Information: 0 : 16868, 4, 2022/10/06, 07:07:47.921, 657874637242, testhost.dll, AssemblyResolver.OnResolve: Resolved assembly: Microsoft.TestPlatform.AdapterUtilities, from path: C:\Users\vagrant\source\repos\SeleniumUnitTests\bin\Debug\net6.0\fine-code-coverage\build-output\Microsoft.TestPlatform.AdapterUtilities.dll
TpTrace Information: 0 : 16868, 4, 2022/10/06, 07:07:48.016, 657875319596, testhost.dll, MSTest - DictionaryHelper.ConcatWithOverwrites: The source is null or empty, returning the overwrite dictionary.
TpTrace Information: 0 : 16868, 4, 2022/10/06, 07:07:48.017, 657875330378, testhost.dll, MSTest - DictionaryHelper.ConcatWithOverwrites: The source is null or empty, returning the overwrite dictionary.
TpTrace Information: 0 : 16868, 4, 2022/10/06, 07:07:48.024, 657875379322, testhost.dll, MSTest - DictionaryHelper.ConcatWithOverwrites: The source is null or empty, returning the overwrite dictionary.
TpTrace Information: 0 : 16868, 4, 2022/10/06, 07:07:48.025, 657875381897, testhost.dll, MSTest - DictionaryHelper.ConcatWithOverwrites: The source is null or empty, returning the overwrite dictionary.
TpTrace Information: 0 : 16868, 4, 2022/10/06, 07:07:48.025, 657875384440, testhost.dll, MSTest - DictionaryHelper.ConcatWithOverwrites: The source is null or empty, returning the overwrite dictionary.
TpTrace Information: 0 : 16868, 4, 2022/10/06, 07:07:48.027, 657875397981, testhost.dll, MSTest - DictionaryHelper.ConcatWithOverwrites: The source is null or empty, returning the overwrite dictionary.
TpTrace Information: 0 : 16868, 4, 2022/10/06, 07:07:48.028, 657875406853, testhost.dll, MSTest - DictionaryHelper.ConcatWithOverwrites: The source is null or empty, returning the overwrite dictionary.
TpTrace Information: 0 : 16868, 4, 2022/10/06, 07:07:48.029, 657875411087, testhost.dll, MSTest - MSTestDiscoverer: Found 23 tests from source C:\Users\vagrant\source\repos\SeleniumUnitTests\bin\Debug\net6.0\fine-code-coverage\build-output\SeleniumUnitTests.dll
TpTrace Information: 0 : 16868, 4, 2022/10/06, 07:07:48.075, 657875746674, testhost.dll, AssemblyResolver.OnResolve: Microsoft.VisualStudio.TestPlatform.MSTestAdapter.PlatformServices.resources: Resolving assembly.
TpTrace Information: 0 : 16868, 4, 2022/10/06, 07:07:48.075, 657875748671, testhost.dll, AssemblyResolver.OnResolve: Microsoft.VisualStudio.TestPlatform.MSTestAdapter.PlatformServices.resources: Searching in: 'C:\Users\vagrant\source\repos\SeleniumUnitTests\bin\Debug\net6.0\fine-code-coverage\build-output'.
TpTrace Information: 0 : 16868, 4, 2022/10/06, 07:07:48.076, 657875750481, testhost.dll, AssemblyResolver.OnResolve: Microsoft.VisualStudio.TestPlatform.MSTestAdapter.PlatformServices.resources: Assembly path does not exist: 'C:\Users\vagrant\source\repos\SeleniumUnitTests\bin\Debug\net6.0\fine-code-coverage\build-output\Microsoft.VisualStudio.TestPlatform.MSTestAdapter.PlatformServices.resources.dll', returning.
TpTrace Information: 0 : 16868, 4, 2022/10/06, 07:07:48.076, 657875752417, testhost.dll, AssemblyResolver.OnResolve: Microsoft.VisualStudio.TestPlatform.MSTestAdapter.PlatformServices.resources: Assembly path does not exist: 'C:\Users\vagrant\source\repos\SeleniumUnitTests\bin\Debug\net6.0\fine-code-coverage\build-output\Microsoft.VisualStudio.TestPlatform.MSTestAdapter.PlatformServices.resources.exe', returning.
TpTrace Information: 0 : 16868, 4, 2022/10/06, 07:07:48.076, 657875753661, testhost.dll, AssemblyResolver.OnResolve: Microsoft.VisualStudio.TestPlatform.MSTestAdapter.PlatformServices.resources: Failed to load assembly.
TpTrace Information: 0 : 16868, 4, 2022/10/06, 07:07:48.077, 657875759444, testhost.dll, AssemblyResolver.OnResolve: Microsoft.VisualStudio.TestPlatform.MSTestAdapter.PlatformServices.resources: Resolving assembly.
TpTrace Information: 0 : 16868, 4, 2022/10/06, 07:07:48.077, 657875760414, testhost.dll, AssemblyResolver.OnResolve: Microsoft.VisualStudio.TestPlatform.MSTestAdapter.PlatformServices.resources: Resolved from cache.
TpTrace Information: 0 : 16868, 4, 2022/10/06, 07:07:48.109, 657875990239, testhost.dll, MSTest - Created unit-test runner C:\Users\vagrant\source\repos\SeleniumUnitTests\bin\Debug\net6.0\fine-code-coverage\build-output\SeleniumUnitTests.dll
TpTrace Verbose: 0 : 16868, 4, 2022/10/06, 07:07:48.130, 657876146193, testhost.dll, TestExecutionRecorder.RecordStart: Starting test: SeleniumUnitTests.TestAlerts.TestAcceptAlert.
TpTrace Verbose: 0 : 16868, 10, 2022/10/06, 07:07:48.265, 657877122357, testhost.dll, TcpClientExtensions.MessageLoopAsync: Polling on remoteEndPoint: [::ffff:127.0.0.1]:52907 localEndPoint: [::ffff:127.0.0.1]:52911
TpTrace Verbose: 0 : 16868, 4, 2022/10/06, 07:07:48.481, 657878677687, testhost.dll, MulticastDelegateUtilities.SafeInvoke: TestCaseEventsHandler.RaiseTestCaseStart: Invoking callback 1/1 for Microsoft.VisualStudio.TestPlatform.CrossPlatEngine.DataCollection.ProxyOutOfProcDataCollectionManager.TriggerTestCaseStart, took 234 ms.
TpTrace Information: 0 : 16868, 4, 2022/10/06, 07:07:48.481, 657878681042, testhost.dll, MSTest - Executing test TestAcceptAlert
TpTrace Information: 0 : 16868, 9, 2022/10/06, 07:07:49.629, 657886974108, testhost.dll, Sending test run statistics
TpTrace Verbose: 0 : 16868, 10, 2022/10/06, 07:07:49.665, 657887233551, testhost.dll, TcpClientExtensions.MessageLoopAsync: Polling on remoteEndPoint: [::ffff:127.0.0.1]:52907 localEndPoint: [::ffff:127.0.0.1]:52911
TpTrace Verbose: 0 : 16868, 9, 2022/10/06, 07:07:49.720, 657887634958, testhost.dll, TestRequestHandler.SendData: sending data from testhost: {"Version":7,"MessageType":"TestExecution.StatsChange","Payload":{"NewTestResults":[],"TestRunStatistics":{"ExecutedTests":0,"Stats":{}},"ActiveTests":[{"Id":"61af2da9-7465-afa3-875a-ea59a9be3550","FullyQualifiedName":"SeleniumUnitTests.TestAlerts.TestAcceptAlert","DisplayName":"TestAcceptAlert","ExecutorUri":"executor://MSTestAdapter/v2","Source":"C:\\Users\\vagrant\\source\\repos\\SeleniumUnitTests\\bin\\Debug\\net6.0\\fine-code-coverage\\build-output\\SeleniumUnitTests.dll","CodeFilePath":null,"LineNumber":-1,"Properties":[{"Key":{"Id":"TestCase.ManagedType","Label":"ManagedType","Category":"","Description":"","Attributes":1,"ValueType":"System.String"},"Value":"SeleniumUnitTests.TestAlerts"},{"Key":{"Id":"TestCase.ManagedMethod","Label":"ManagedMethod","Category":"","Description":"","Attributes":1,"ValueType":"System.String"},"Value":"TestAcceptAlert"},{"Key":{"Id":"MSTestDiscoverer.TestClassName","Label":"ClassName","Category":"","Description":"","Attributes":1,"ValueType":"System.String"},"Value":"SeleniumUnitTests.TestAlerts"},{"Key":{"Id":"TestCase.Hierarchy","Label":"Hierarchy","Category":"","Description":"","Attributes":2,"ValueType":"System.String[]"},"Value":[null,"SeleniumUnitTests","TestAlerts","TestAcceptAlert"]},{"Key":{"Id":"TestObject.Traits","Label":"Traits","Category":"","Description":"","Attributes":5,"ValueType":"System.Collections.Generic.KeyValuePair`2[[System.String],[System.String]][]"},"Value":[]}]}]}}
TpTrace Verbose: 0 : 16868, 9, 2022/10/06, 07:07:49.721, 657887639472, testhost.dll, TestRunCache: OnNewTestResult: Notified the onCacheHit callback.
TpTrace Verbose: 0 : 16868, 10, 2022/10/06, 07:07:51.061, 657897318819, testhost.dll, TcpClientExtensions.MessageLoopAsync: Polling on remoteEndPoint: [::ffff:127.0.0.1]:52907 localEndPoint: [::ffff:127.0.0.1]:52911
TpTrace Verbose: 0 : 16868, 10, 2022/10/06, 07:07:52.463, 657907452679, testhost.dll, TcpClientExtensions.MessageLoopAsync: Polling on remoteEndPoint: [::ffff:127.0.0.1]:52907 localEndPoint: [::ffff:127.0.0.1]:52911
TpTrace Information: 0 : 16868, 4, 2022/10/06, 07:07:53.426, 657914404436, testhost.dll, AssemblyResolver.OnResolve: DynamicExpresso.Core.resources: Resolving assembly.
TpTrace Information: 0 : 16868, 4, 2022/10/06, 07:07:53.428, 657914421139, testhost.dll, AssemblyResolver.OnResolve: DynamicExpresso.Core.resources: Searching in: 'C:\Users\vagrant\source\repos\SeleniumUnitTests\bin\Debug\net6.0\fine-code-coverage\build-output'.
TpTrace Information: 0 : 16868, 4, 2022/10/06, 07:07:53.429, 657914427546, testhost.dll, AssemblyResolver.OnResolve: DynamicExpresso.Core.resources: Assembly path does not exist: 'C:\Users\vagrant\source\repos\SeleniumUnitTests\bin\Debug\net6.0\fine-code-coverage\build-output\DynamicExpresso.Core.resources.dll', returning.
TpTrace Information: 0 : 16868, 4, 2022/10/06, 07:07:53.429, 657914429194, testhost.dll, AssemblyResolver.OnResolve: DynamicExpresso.Core.resources: Assembly path does not exist: 'C:\Users\vagrant\source\repos\SeleniumUnitTests\bin\Debug\net6.0\fine-code-coverage\build-output\DynamicExpresso.Core.resources.exe', returning.
TpTrace Information: 0 : 16868, 4, 2022/10/06, 07:07:53.429, 657914430946, testhost.dll, AssemblyResolver.OnResolve: DynamicExpresso.Core.resources: Failed to load assembly.
TpTrace Information: 0 : 16868, 4, 2022/10/06, 07:07:53.432, 657914449753, testhost.dll, AssemblyResolver.OnResolve: DynamicExpresso.Core.resources: Resolving assembly.
TpTrace Information: 0 : 16868, 4, 2022/10/06, 07:07:53.432, 657914453096, testhost.dll, AssemblyResolver.OnResolve: DynamicExpresso.Core.resources: Resolved from cache.
TpTrace Verbose: 0 : 16868, 10, 2022/10/06, 07:07:53.855, 657917508089, testhost.dll, TcpClientExtensions.MessageLoopAsync: Polling on remoteEndPoint: [::ffff:127.0.0.1]:52907 localEndPoint: [::ffff:127.0.0.1]:52911
TpTrace Information: 0 : 16868, 4, 2022/10/06, 07:07:55.083, 657926381410, testhost.dll, MSTest - Executed test TestAcceptAlert
TpTrace Verbose: 0 : 16868, 4, 2022/10/06, 07:07:55.104, 657926531219, testhost.dll, TestExecutionRecorder.RecordEnd: test: SeleniumUnitTests.TestAlerts.TestAcceptAlert execution completed.
TpTrace Warning: 0 : 16868, 4, 2022/10/06, 07:07:55.106, 657926541066, testhost.dll, TestRunCache: InProgressTests is null
TpTrace Verbose: 0 : 16868, 4, 2022/10/06, 07:07:55.181, 657927115292, testhost.dll, MulticastDelegateUtilities.SafeInvoke: TestCaseEventsHandler.RaiseTestCaseEnd: Invoking callback 1/1 for Microsoft.VisualStudio.TestPlatform.CrossPlatEngine.DataCollection.ProxyOutOfProcDataCollectionManager.TriggerTestCaseEnd, took 56 ms.
TpTrace Verbose: 0 : 16868, 4, 2022/10/06, 07:07:55.185, 657927146426, testhost.dll, TestExecutionRecorder.RecordResult: Received result for test: SeleniumUnitTests.TestAlerts.TestAcceptAlert.
TpTrace Verbose: 0 : 16868, 4, 2022/10/06, 07:07:55.192, 657927205467, testhost.dll, MulticastDelegateUtilities.SafeInvoke: TestCaseEventsHandler.RaiseTestCaseEnd: Invoking callback 1/1 for Microsoft.VisualStudio.TestPlatform.CrossPlatEngine.DataCollection.ProxyOutOfProcDataCollectionManager.TriggerSendTestResult, took 5 ms.
TpTrace Warning: 0 : 16868, 4, 2022/10/06, 07:07:55.207, 657927325317, testhost.dll, TestRunCache: InProgressTests is null
TpTrace Warning: 0 : 16868, 4, 2022/10/06, 07:07:55.208, 657927331566, testhost.dll, TestRunCache: No test found corresponding to testResult 'TestAcceptAlert' in inProgress list.
TpTrace Verbose: 0 : 16868, 4, 2022/10/06, 07:07:55.208, 657927335718, testhost.dll, TestExecutionRecorder.RecordStart: Starting test: SeleniumUnitTests.TestAlerts.TestDismissAlert.
TpTrace Information: 0 : 16868, 4, 2022/10/06, 07:07:55.212, 657927361293, testhost.dll, Sending test run statistics
TpTrace Verbose: 0 : 16868, 10, 2022/10/06, 07:07:55.242, 657927608078, testhost.dll, TcpClientExtensions.MessageLoopAsync: Polling on remoteEndPoint: [::ffff:127.0.0.1]:52907 localEndPoint: [::ffff:127.0.0.1]:52911
TpTrace Verbose: 0 : 16868, 4, 2022/10/06, 07:07:55.249, 657927658917, testhost.dll, TestRequestHandler.SendData: sending data from testhost: {"Version":7,"MessageType":"TestExecution.StatsChange","Payload":{"NewTestResults":[{"TestCase":{"Id":"61af2da9-7465-afa3-875a-ea59a9be3550","FullyQualifiedName":"SeleniumUnitTests.TestAlerts.TestAcceptAlert","DisplayName":"TestAcceptAlert","ExecutorUri":"executor://MSTestAdapter/v2","Source":"C:\\Users\\vagrant\\source\\repos\\SeleniumUnitTests\\bin\\Debug\\net6.0\\fine-code-coverage\\build-output\\SeleniumUnitTests.dll","CodeFilePath":null,"LineNumber":-1,"Properties":[{"Key":{"Id":"TestCase.ManagedType","Label":"ManagedType","Category":"","Description":"","Attributes":1,"ValueType":"System.String"},"Value":"SeleniumUnitTests.TestAlerts"},{"Key":{"Id":"TestCase.ManagedMethod","Label":"ManagedMethod","Category":"","Description":"","Attributes":1,"ValueType":"System.String"},"Value":"TestAcceptAlert"},{"Key":{"Id":"MSTestDiscoverer.TestClassName","Label":"ClassName","Category":"","Description":"","Attributes":1,"ValueType":"System.String"},"Value":"SeleniumUnitTests.TestAlerts"},{"Key":{"Id":"TestCase.Hierarchy","Label":"Hierarchy","Category":"","Description":"","Attributes":2,"ValueType":"System.String[]"},"Value":[null,"SeleniumUnitTests","TestAlerts","TestAcceptAlert"]},{"Key":{"Id":"TestObject.Traits","Label":"Traits","Category":"","Description":"","Attributes":5,"ValueType":"System.Collections.Generic.KeyValuePair`2[[System.String],[System.String]][]"},"Value":[]}]},"Attachments":[],"Outcome":1,"ErrorMessage":null,"ErrorStackTrace":null,"DisplayName":"TestAcceptAlert","Messages":[],"ComputerName":null,"Duration":"00:00:04.7173035","StartTime":"2022-10-06T07:07:48.4813956+01:00","EndTime":"2022-10-06T07:07:55.0842365+01:00","Properties":[{"Key":{"Id":"ExecutionId","Label":"ExecutionId","Category":"","Description":"","Attributes":1,"ValueType":"System.Guid"},"Value":"00000000-0000-0000-0000-000000000000"},{"Key":{"Id":"ParentExecId","Label":"ParentExecId","Category":"","Description":"","Attributes":1,"ValueType":"System.Guid"},"Value":"00000000-0000-0000-0000-000000000000"},{"Key":{"Id":"InnerResultsCount","Label":"InnerResultsCount","Category":"","Description":"","Attributes":1,"ValueType":"System.Int32"},"Value":0}]}],"TestRunStatistics":{"ExecutedTests":1,"Stats":{"Passed":1}},"ActiveTests":[{"Id":"94a4c0a8-06af-843b-0d2a-ab59dc3f9648","FullyQualifiedName":"SeleniumUnitTests.TestAlerts.TestDismissAlert","DisplayName":"TestDismissAlert","ExecutorUri":"executor://MSTestAdapter/v2","Source":"C:\\Users\\vagrant\\source\\repos\\SeleniumUnitTests\\bin\\Debug\\net6.0\\fine-code-coverage\\build-output\\SeleniumUnitTests.dll","CodeFilePath":null,"LineNumber":-1,"Properties":[{"Key":{"Id":"TestCase.ManagedType","Label":"ManagedType","Category":"","Description":"","Attributes":1,"ValueType":"System.String"},"Value":"SeleniumUnitTests.TestAlerts"},{"Key":{"Id":"TestCase.ManagedMethod","Label":"ManagedMethod","Category":"","Description":"","Attributes":1,"ValueType":"System.String"},"Value":"TestDismissAlert"},{"Key":{"Id":"MSTestDiscoverer.TestClassName","Label":"ClassName","Category":"","Description":"","Attributes":1,"ValueType":"System.String"},"Value":"SeleniumUnitTests.TestAlerts"},{"Key":{"Id":"TestCase.Hierarchy","Label":"Hierarchy","Category":"","Description":"","Attributes":2,"ValueType":"System.String[]"},"Value":[null,"SeleniumUnitTests","TestAlerts","TestDismissAlert"]},{"Key":{"Id":"TestObject.Traits","Label":"Traits","Category":"","Description":"","Attributes":5,"ValueType":"System.Collections.Generic.KeyValuePair`2[[System.String],[System.String]][]"},"Value":[]}]}]}}
TpTrace Verbose: 0 : 16868, 4, 2022/10/06, 07:07:55.249, 657927664524, testhost.dll, TestRunCache: OnNewTestResult: Notified the onCacheHit callback.
TpTrace Verbose: 0 : 16868, 4, 2022/10/06, 07:07:55.255, 657927705207, testhost.dll, MulticastDelegateUtilities.SafeInvoke: TestCaseEventsHandler.RaiseTestCaseStart: Invoking callback 1/1 for Microsoft.VisualStudio.TestPlatform.CrossPlatEngine.DataCollection.ProxyOutOfProcDataCollectionManager.TriggerTestCaseStart, took 3 ms.
TpTrace Information: 0 : 16868, 4, 2022/10/06, 07:07:55.255, 657927707548, testhost.dll, MSTest - Executing test TestDismissAlert
TpTrace Verbose: 0 : 16868, 10, 2022/10/06, 07:07:56.499, 657937693167, testhost.dll, TcpClientExtensions.MessageLoopAsync: Polling on remoteEndPoint: [::ffff:127.0.0.1]:52907 localEndPoint: [::ffff:127.0.0.1]:52911
TpTrace Verbose: 0 : 16868, 10, 2022/10/06, 07:07:57.748, 657947722740, testhost.dll, TcpClientExtensions.MessageLoopAsync: Polling on remoteEndPoint: [::ffff:127.0.0.1]:52907 localEndPoint: [::ffff:127.0.0.1]:52911
TpTrace Verbose: 0 : 16868, 10, 2022/10/06, 07:07:59.010, 657957850561, testhost.dll, TcpClientExtensions.MessageLoopAsync: Polling on remoteEndPoint: [::ffff:127.0.0.1]:52907 localEndPoint: [::ffff:127.0.0.1]:52911
TpTrace Information: 0 : 16868, 4, 2022/10/06, 07:07:59.876, 657964806077, testhost.dll, MSTest - Executed test TestDismissAlert
TpTrace Verbose: 0 : 16868, 4, 2022/10/06, 07:07:59.877, 657964807898, testhost.dll, TestExecutionRecorder.RecordEnd: test: SeleniumUnitTests.TestAlerts.TestDismissAlert execution completed.
TpTrace Warning: 0 : 16868, 4, 2022/10/06, 07:07:59.877, 657964809045, testhost.dll, TestRunCache: InProgressTests is null
TpTrace Verbose: 0 : 16868, 4, 2022/10/06, 07:07:59.898, 657964982765, testhost.dll, MulticastDelegateUtilities.SafeInvoke: TestCaseEventsHandler.RaiseTestCaseEnd: Invoking callback 1/1 for Microsoft.VisualStudio.TestPlatform.CrossPlatEngine.DataCollection.ProxyOutOfProcDataCollectionManager.TriggerTestCaseEnd, took 17 ms.
TpTrace Verbose: 0 : 16868, 4, 2022/10/06, 07:07:59.899, 657964984811, testhost.dll, TestExecutionRecorder.RecordResult: Received result for test: SeleniumUnitTests.TestAlerts.TestDismissAlert.
TpTrace Verbose: 0 : 16868, 4, 2022/10/06, 07:07:59.899, 657964987013, testhost.dll, MulticastDelegateUtilities.SafeInvoke: TestCaseEventsHandler.RaiseTestCaseEnd: Invoking callback 1/1 for Microsoft.VisualStudio.TestPlatform.CrossPlatEngine.DataCollection.ProxyOutOfProcDataCollectionManager.TriggerSendTestResult, took 0 ms.
TpTrace Warning: 0 : 16868, 4, 2022/10/06, 07:07:59.899, 657964989176, testhost.dll, TestRunCache: InProgressTests is null
TpTrace Warning: 0 : 16868, 4, 2022/10/06, 07:07:59.899, 657964989902, testhost.dll, TestRunCache: No test found corresponding to testResult 'TestDismissAlert' in inProgress list.
TpTrace Verbose: 0 : 16868, 4, 2022/10/06, 07:07:59.899, 657964991548, testhost.dll, TestExecutionRecorder.RecordStart: Starting test: SeleniumUnitTests.TestBrowser.TestLaunchChrome.
TpTrace Information: 0 : 16868, 4, 2022/10/06, 07:07:59.900, 657964992516, testhost.dll, Sending test run statistics
TpTrace Verbose: 0 : 16868, 4, 2022/10/06, 07:07:59.901, 657965007822, testhost.dll, TestRequestHandler.SendData: sending data from testhost: {"Version":7,"MessageType":"TestExecution.StatsChange","Payload":{"NewTestResults":[{"TestCase":{"Id":"94a4c0a8-06af-843b-0d2a-ab59dc3f9648","FullyQualifiedName":"SeleniumUnitTests.TestAlerts.TestDismissAlert","DisplayName":"TestDismissAlert","ExecutorUri":"executor://MSTestAdapter/v2","Source":"C:\\Users\\vagrant\\source\\repos\\SeleniumUnitTests\\bin\\Debug\\net6.0\\fine-code-coverage\\build-output\\SeleniumUnitTests.dll","CodeFilePath":null,"LineNumber":-1,"Properties":[{"Key":{"Id":"TestCase.ManagedType","Label":"ManagedType","Category":"","Description":"","Attributes":1,"ValueType":"System.String"},"Value":"SeleniumUnitTests.TestAlerts"},{"Key":{"Id":"TestCase.ManagedMethod","Label":"ManagedMethod","Category":"","Description":"","Attributes":1,"ValueType":"System.String"},"Value":"TestDismissAlert"},{"Key":{"Id":"MSTestDiscoverer.TestClassName","Label":"ClassName","Category":"","Description":"","Attributes":1,"ValueType":"System.String"},"Value":"SeleniumUnitTests.TestAlerts"},{"Key":{"Id":"TestCase.Hierarchy","Label":"Hierarchy","Category":"","Description":"","Attributes":2,"ValueType":"System.String[]"},"Value":[null,"SeleniumUnitTests","TestAlerts","TestDismissAlert"]},{"Key":{"Id":"TestObject.Traits","Label":"Traits","Category":"","Description":"","Attributes":5,"ValueType":"System.Collections.Generic.KeyValuePair`2[[System.String],[System.String]][]"},"Value":[]}]},"Attachments":[],"Outcome":1,"ErrorMessage":null,"ErrorStackTrace":null,"DisplayName":"TestDismissAlert","Messages":[],"ComputerName":null,"Duration":"00:00:03.7086272","StartTime":"2022-10-06T07:07:55.2553412+01:00","EndTime":"2022-10-06T07:07:59.8769453+01:00","Properties":[{"Key":{"Id":"ExecutionId","Label":"ExecutionId","Category":"","Description":"","Attributes":1,"ValueType":"System.Guid"},"Value":"00000000-0000-0000-0000-000000000000"},{"Key":{"Id":"ParentExecId","Label":"ParentExecId","Category":"","Description":"","Attributes":1,"ValueType":"System.Guid"},"Value":"00000000-0000-0000-0000-000000000000"},{"Key":{"Id":"InnerResultsCount","Label":"InnerResultsCount","Category":"","Description":"","Attributes":1,"ValueType":"System.Int32"},"Value":0}]}],"TestRunStatistics":{"ExecutedTests":2,"Stats":{"Passed":2}},"ActiveTests":[{"Id":"7df00e61-946b-567c-367e-1133a393d8ad","FullyQualifiedName":"SeleniumUnitTests.TestBrowser.TestLaunchChrome","DisplayName":"TestLaunchChrome","ExecutorUri":"executor://MSTestAdapter/v2","Source":"C:\\Users\\vagrant\\source\\repos\\SeleniumUnitTests\\bin\\Debug\\net6.0\\fine-code-coverage\\build-output\\SeleniumUnitTests.dll","CodeFilePath":null,"LineNumber":-1,"Properties":[{"Key":{"Id":"TestCase.ManagedType","Label":"ManagedType","Category":"","Description":"","Attributes":1,"ValueType":"System.String"},"Value":"SeleniumUnitTests.TestBrowser"},{"Key":{"Id":"TestCase.ManagedMethod","Label":"ManagedMethod","Category":"","Description":"","Attributes":1,"ValueType":"System.String"},"Value":"TestLaunchChrome"},{"Key":{"Id":"MSTestDiscoverer.TestClassName","Label":"ClassName","Category":"","Description":"","Attributes":1,"ValueType":"System.String"},"Value":"SeleniumUnitTests.TestBrowser"},{"Key":{"Id":"TestCase.Hierarchy","Label":"Hierarchy","Category":"","Description":"","Attributes":2,"ValueType":"System.String[]"},"Value":[null,"SeleniumUnitTests","TestBrowser","TestLaunchChrome"]},{"Key":{"Id":"TestObject.Traits","Label":"Traits","Category":"","Description":"","Attributes":5,"ValueType":"System.Collections.Generic.KeyValuePair`2[[System.String],[System.String]][]"},"Value":[]}]}]}}
TpTrace Verbose: 0 : 16868, 4, 2022/10/06, 07:07:59.902, 657965012820, testhost.dll, TestRunCache: OnNewTestResult: Notified the onCacheHit callback.
TpTrace Verbose: 0 : 16868, 4, 2022/10/06, 07:07:59.908, 657965059946, testhost.dll, MulticastDelegateUtilities.SafeInvoke: TestCaseEventsHandler.RaiseTestCaseStart: Invoking callback 1/1 for Microsoft.VisualStudio.TestPlatform.CrossPlatEngine.DataCollection.ProxyOutOfProcDataCollectionManager.TriggerTestCaseStart, took 4 ms.
TpTrace Information: 0 : 16868, 4, 2022/10/06, 07:07:59.908, 657965061241, testhost.dll, MSTest - Executing test TestLaunchChrome
TpTrace Verbose: 0 : 16868, 10, 2022/10/06, 07:08:00.266, 657967936082, testhost.dll, TcpClientExtensions.MessageLoopAsync: Polling on remoteEndPoint: [::ffff:127.0.0.1]:52907 localEndPoint: [::ffff:127.0.0.1]:52911
TpTrace Verbose: 0 : 16868, 10, 2022/10/06, 07:08:01.523, 657978024501, testhost.dll, TcpClientExtensions.MessageLoopAsync: Polling on remoteEndPoint: [::ffff:127.0.0.1]:52907 localEndPoint: [::ffff:127.0.0.1]:52911
TpTrace Verbose: 0 : 16868, 10, 2022/10/06, 07:08:02.778, 657988096508, testhost.dll, TcpClientExtensions.MessageLoopAsync: Polling on remoteEndPoint: [::ffff:127.0.0.1]:52907 localEndPoint: [::ffff:127.0.0.1]:52911
TpTrace Information: 0 : 16868, 4, 2022/10/06, 07:08:02.992, 657989813792, testhost.dll, MSTest - Executed test TestLaunchChrome
TpTrace Verbose: 0 : 16868, 4, 2022/10/06, 07:08:02.992, 657989815622, testhost.dll, TestExecutionRecorder.RecordEnd: test: SeleniumUnitTests.TestBrowser.TestLaunchChrome execution completed.
TpTrace Warning: 0 : 16868, 4, 2022/10/06, 07:08:02.992, 657989816537, testhost.dll, TestRunCache: InProgressTests is null
TpTrace Verbose: 0 : 16868, 4, 2022/10/06, 07:08:02.996, 657989849197, testhost.dll, MulticastDelegateUtilities.SafeInvoke: TestCaseEventsHandler.RaiseTestCaseEnd: Invoking callback 1/1 for Microsoft.VisualStudio.TestPlatform.CrossPlatEngine.DataCollection.ProxyOutOfProcDataCollectionManager.TriggerTestCaseEnd, took 3 ms.
TpTrace Verbose: 0 : 16868, 4, 2022/10/06, 07:08:02.996, 657989850430, testhost.dll, TestExecutionRecorder.RecordResult: Received result for test: SeleniumUnitTests.TestBrowser.TestLaunchChrome.
TpTrace Verbose: 0 : 16868, 4, 2022/10/06, 07:08:02.996, 657989851794, testhost.dll, MulticastDelegateUtilities.SafeInvoke: TestCaseEventsHandler.RaiseTestCaseEnd: Invoking callback 1/1 for Microsoft.VisualStudio.TestPlatform.CrossPlatEngine.DataCollection.ProxyOutOfProcDataCollectionManager.TriggerSendTestResult, took 0 ms.
TpTrace Warning: 0 : 16868, 4, 2022/10/06, 07:08:02.996, 657989852673, testhost.dll, TestRunCache: InProgressTests is null
TpTrace Warning: 0 : 16868, 4, 2022/10/06, 07:08:02.996, 657989853364, testhost.dll, TestRunCache: No test found corresponding to testResult 'TestLaunchChrome' in inProgress list.
TpTrace Verbose: 0 : 16868, 4, 2022/10/06, 07:08:02.997, 657989854962, testhost.dll, TestExecutionRecorder.RecordStart: Starting test: SeleniumUnitTests.TestInputControls.TestClickButton.
TpTrace Information: 0 : 16868, 4, 2022/10/06, 07:08:02.997, 657989855895, testhost.dll, Sending test run statistics
TpTrace Verbose: 0 : 16868, 4, 2022/10/06, 07:08:02.998, 657989861936, testhost.dll, TestRequestHandler.SendData: sending data from testhost: {"Version":7,"MessageType":"TestExecution.StatsChange","Payload":{"NewTestResults":[{"TestCase":{"Id":"7df00e61-946b-567c-367e-1133a393d8ad","FullyQualifiedName":"SeleniumUnitTests.TestBrowser.TestLaunchChrome","DisplayName":"TestLaunchChrome","ExecutorUri":"executor://MSTestAdapter/v2","Source":"C:\\Users\\vagrant\\source\\repos\\SeleniumUnitTests\\bin\\Debug\\net6.0\\fine-code-coverage\\build-output\\SeleniumUnitTests.dll","CodeFilePath":null,"LineNumber":-1,"Properties":[{"Key":{"Id":"TestCase.ManagedType","Label":"ManagedType","Category":"","Description":"","Attributes":1,"ValueType":"System.String"},"Value":"SeleniumUnitTests.TestBrowser"},{"Key":{"Id":"TestCase.ManagedMethod","Label":"ManagedMethod","Category":"","Description":"","Attributes":1,"ValueType":"System.String"},"Value":"TestLaunchChrome"},{"Key":{"Id":"MSTestDiscoverer.TestClassName","Label":"ClassName","Category":"","Description":"","Attributes":1,"ValueType":"System.String"},"Value":"SeleniumUnitTests.TestBrowser"},{"Key":{"Id":"TestCase.Hierarchy","Label":"Hierarchy","Category":"","Description":"","Attributes":2,"ValueType":"System.String[]"},"Value":[null,"SeleniumUnitTests","TestBrowser","TestLaunchChrome"]},{"Key":{"Id":"TestObject.Traits","Label":"Traits","Category":"","Description":"","Attributes":5,"ValueType":"System.Collections.Generic.KeyValuePair`2[[System.String],[System.String]][]"},"Value":[]}]},"Attachments":[],"Outcome":1,"ErrorMessage":null,"ErrorStackTrace":null,"DisplayName":"TestLaunchChrome","Messages":[],"ComputerName":null,"Duration":"00:00:02.4746148","StartTime":"2022-10-06T07:07:59.9085498+01:00","EndTime":"2022-10-06T07:08:02.9921964+01:00","Properties":[{"Key":{"Id":"ExecutionId","Label":"ExecutionId","Category":"","Description":"","Attributes":1,"ValueType":"System.Guid"},"Value":"00000000-0000-0000-0000-000000000000"},{"Key":{"Id":"ParentExecId","Label":"ParentExecId","Category":"","Description":"","Attributes":1,"ValueType":"System.Guid"},"Value":"00000000-0000-0000-0000-000000000000"},{"Key":{"Id":"InnerResultsCount","Label":"InnerResultsCount","Category":"","Description":"","Attributes":1,"ValueType":"System.Int32"},"Value":0}]}],"TestRunStatistics":{"ExecutedTests":3,"Stats":{"Passed":3}},"ActiveTests":[{"Id":"09a7eff9-43c9-3272-30f9-3a8edbb5c23c","FullyQualifiedName":"SeleniumUnitTests.TestInputControls.TestClickButton","DisplayName":"TestClickButton","ExecutorUri":"executor://MSTestAdapter/v2","Source":"C:\\Users\\vagrant\\source\\repos\\SeleniumUnitTests\\bin\\Debug\\net6.0\\fine-code-coverage\\build-output\\SeleniumUnitTests.dll","CodeFilePath":null,"LineNumber":-1,"Properties":[{"Key":{"Id":"TestCase.ManagedType","Label":"ManagedType","Category":"","Description":"","Attributes":1,"ValueType":"System.String"},"Value":"SeleniumUnitTests.TestInputControls"},{"Key":{"Id":"TestCase.ManagedMethod","Label":"ManagedMethod","Category":"","Description":"","Attributes":1,"ValueType":"System.String"},"Value":"TestClickButton"},{"Key":{"Id":"MSTestDiscoverer.TestClassName","Label":"ClassName","Category":"","Description":"","Attributes":1,"ValueType":"System.String"},"Value":"SeleniumUnitTests.TestInputControls"},{"Key":{"Id":"TestCase.Hierarchy","Label":"Hierarchy","Category":"","Description":"","Attributes":2,"ValueType":"System.String[]"},"Value":[null,"SeleniumUnitTests","TestInputControls","TestClickButton"]},{"Key":{"Id":"TestObject.Traits","Label":"Traits","Category":"","Description":"","Attributes":5,"ValueType":"System.Collections.Generic.KeyValuePair`2[[System.String],[System.String]][]"},"Value":[]}]}]}}
TpTrace Verbose: 0 : 16868, 4, 2022/10/06, 07:08:02.998, 657989864921, testhost.dll, TestRunCache: OnNewTestResult: Notified the onCacheHit callback.
TpTrace Verbose: 0 : 16868, 4, 2022/10/06, 07:08:03.002, 657989894647, testhost.dll, MulticastDelegateUtilities.SafeInvoke: TestCaseEventsHandler.RaiseTestCaseStart: Invoking callback 1/1 for Microsoft.VisualStudio.TestPlatform.CrossPlatEngine.DataCollection.ProxyOutOfProcDataCollectionManager.TriggerTestCaseStart, took 2 ms.
TpTrace Information: 0 : 16868, 4, 2022/10/06, 07:08:03.002, 657989896498, testhost.dll, MSTest - Executing test TestClickButton
TpTrace Verbose: 0 : 16868, 10, 2022/10/06, 07:08:04.030, 657998151750, testhost.dll, TcpClientExtensions.MessageLoopAsync: Polling on remoteEndPoint: [::ffff:127.0.0.1]:52907 localEndPoint: [::ffff:127.0.0.1]:52911
TpTrace Verbose: 0 : 16868, 10, 2022/10/06, 07:08:05.283, 658008208401, testhost.dll, TcpClientExtensions.MessageLoopAsync: Polling on remoteEndPoint: [::ffff:127.0.0.1]:52907 localEndPoint: [::ffff:127.0.0.1]:52911
TpTrace Verbose: 0 : 16868, 10, 2022/10/06, 07:08:06.531, 658018229218, testhost.dll, TcpClientExtensions.MessageLoopAsync: Polling on remoteEndPoint: [::ffff:127.0.0.1]:52907 localEndPoint: [::ffff:127.0.0.1]:52911
TpTrace Information: 0 : 16868, 4, 2022/10/06, 07:08:07.105, 658022838410, testhost.dll, MSTest - Executed test TestClickButton
TpTrace Verbose: 0 : 16868, 4, 2022/10/06, 07:08:07.106, 658022840195, testhost.dll, TestExecutionRecorder.RecordEnd: test: SeleniumUnitTests.TestInputControls.TestClickButton execution completed.
TpTrace Warning: 0 : 16868, 4, 2022/10/06, 07:08:07.106, 658022840987, testhost.dll, TestRunCache: InProgressTests is null
TpTrace Verbose: 0 : 16868, 4, 2022/10/06, 07:08:07.110, 658022873149, testhost.dll, MulticastDelegateUtilities.SafeInvoke: TestCaseEventsHandler.RaiseTestCaseEnd: Invoking callback 1/1 for Microsoft.VisualStudio.TestPlatform.CrossPlatEngine.DataCollection.ProxyOutOfProcDataCollectionManager.TriggerTestCaseEnd, took 3 ms.
TpTrace Verbose: 0 : 16868, 4, 2022/10/06, 07:08:07.110, 658022875537, testhost.dll, TestExecutionRecorder.RecordResult: Received result for test: SeleniumUnitTests.TestInputControls.TestClickButton.
TpTrace Verbose: 0 : 16868, 4, 2022/10/06, 07:08:07.110, 658022876813, testhost.dll, MulticastDelegateUtilities.SafeInvoke: TestCaseEventsHandler.RaiseTestCaseEnd: Invoking callback 1/1 for Microsoft.VisualStudio.TestPlatform.CrossPlatEngine.DataCollection.ProxyOutOfProcDataCollectionManager.TriggerSendTestResult, took 0 ms.
TpTrace Warning: 0 : 16868, 4, 2022/10/06, 07:08:07.110, 658022877839, testhost.dll, TestRunCache: InProgressTests is null
TpTrace Warning: 0 : 16868, 4, 2022/10/06, 07:08:07.110, 658022878605, testhost.dll, TestRunCache: No test found corresponding to testResult 'TestClickButton' in inProgress list.
TpTrace Verbose: 0 : 16868, 4, 2022/10/06, 07:08:07.111, 658022881004, testhost.dll, TestExecutionRecorder.RecordStart: Starting test: SeleniumUnitTests.TestInputControls.TestClickNonExistentButton.
TpTrace Information: 0 : 16868, 4, 2022/10/06, 07:08:07.111, 658022881915, testhost.dll, Sending test run statistics
TpTrace Verbose: 0 : 16868, 4, 2022/10/06, 07:08:07.113, 658022896931, testhost.dll, TestRequestHandler.SendData: sending data from testhost: {"Version":7,"MessageType":"TestExecution.StatsChange","Payload":{"NewTestResults":[{"TestCase":{"Id":"09a7eff9-43c9-3272-30f9-3a8edbb5c23c","FullyQualifiedName":"SeleniumUnitTests.TestInputControls.TestClickButton","DisplayName":"TestClickButton","ExecutorUri":"executor://MSTestAdapter/v2","Source":"C:\\Users\\vagrant\\source\\repos\\SeleniumUnitTests\\bin\\Debug\\net6.0\\fine-code-coverage\\build-output\\SeleniumUnitTests.dll","CodeFilePath":null,"LineNumber":-1,"Properties":[{"Key":{"Id":"TestCase.ManagedType","Label":"ManagedType","Category":"","Description":"","Attributes":1,"ValueType":"System.String"},"Value":"SeleniumUnitTests.TestInputControls"},{"Key":{"Id":"TestCase.ManagedMethod","Label":"ManagedMethod","Category":"","Description":"","Attributes":1,"ValueType":"System.String"},"Value":"TestClickButton"},{"Key":{"Id":"MSTestDiscoverer.TestClassName","Label":"ClassName","Category":"","Description":"","Attributes":1,"ValueType":"System.String"},"Value":"SeleniumUnitTests.TestInputControls"},{"Key":{"Id":"TestCase.Hierarchy","Label":"Hierarchy","Category":"","Description":"","Attributes":2,"ValueType":"System.String[]"},"Value":[null,"SeleniumUnitTests","TestInputControls","TestClickButton"]},{"Key":{"Id":"TestObject.Traits","Label":"Traits","Category":"","Description":"","Attributes":5,"ValueType":"System.Collections.Generic.KeyValuePair`2[[System.String],[System.String]][]"},"Value":[]}]},"Attachments":[],"Outcome":1,"ErrorMessage":null,"ErrorStackTrace":null,"DisplayName":"TestClickButton","Messages":[],"ComputerName":null,"Duration":"00:00:03.2934078","StartTime":"2022-10-06T07:08:03.0022817+01:00","EndTime":"2022-10-06T07:08:07.106141+01:00","Properties":[{"Key":{"Id":"ExecutionId","Label":"ExecutionId","Category":"","Description":"","Attributes":1,"ValueType":"System.Guid"},"Value":"00000000-0000-0000-0000-000000000000"},{"Key":{"Id":"ParentExecId","Label":"ParentExecId","Category":"","Description":"","Attributes":1,"ValueType":"System.Guid"},"Value":"00000000-0000-0000-0000-000000000000"},{"Key":{"Id":"InnerResultsCount","Label":"InnerResultsCount","Category":"","Description":"","Attributes":1,"ValueType":"System.Int32"},"Value":0}]}],"TestRunStatistics":{"ExecutedTests":4,"Stats":{"Passed":4}},"ActiveTests":[{"Id":"135d2fab-7831-e241-075a-d6081499b5b9","FullyQualifiedName":"SeleniumUnitTests.TestInputControls.TestClickNonExistentButton","DisplayName":"TestClickNonExistentButton","ExecutorUri":"executor://MSTestAdapter/v2","Source":"C:\\Users\\vagrant\\source\\repos\\SeleniumUnitTests\\bin\\Debug\\net6.0\\fine-code-coverage\\build-output\\SeleniumUnitTests.dll","CodeFilePath":null,"LineNumber":-1,"Properties":[{"Key":{"Id":"TestCase.ManagedType","Label":"ManagedType","Category":"","Description":"","Attributes":1,"ValueType":"System.String"},"Value":"SeleniumUnitTests.TestInputControls"},{"Key":{"Id":"TestCase.ManagedMethod","Label":"ManagedMethod","Category":"","Description":"","Attributes":1,"ValueType":"System.String"},"Value":"TestClickNonExistentButton"},{"Key":{"Id":"MSTestDiscoverer.TestClassName","Label":"ClassName","Category":"","Description":"","Attributes":1,"ValueType":"System.String"},"Value":"SeleniumUnitTests.TestInputControls"},{"Key":{"Id":"TestCase.Hierarchy","Label":"Hierarchy","Category":"","Description":"","Attributes":2,"ValueType":"System.String[]"},"Value":[null,"SeleniumUnitTests","TestInputControls","TestClickNonExistentButton"]},{"Key":{"Id":"TestObject.Traits","Label":"Traits","Category":"","Description":"","Attributes":5,"ValueType":"System.Collections.Generic.KeyValuePair`2[[System.String],[System.String]][]"},"Value":[]}]}]}}
TpTrace Verbose: 0 : 16868, 4, 2022/10/06, 07:08:07.113, 658022901004, testhost.dll, TestRunCache: OnNewTestResult: Notified the onCacheHit callback.
TpTrace Verbose: 0 : 16868, 4, 2022/10/06, 07:08:07.119, 658022947694, testhost.dll, MulticastDelegateUtilities.SafeInvoke: TestCaseEventsHandler.RaiseTestCaseStart: Invoking callback 1/1 for Microsoft.VisualStudio.TestPlatform.CrossPlatEngine.DataCollection.ProxyOutOfProcDataCollectionManager.TriggerTestCaseStart, took 4 ms.
TpTrace Information: 0 : 16868, 4, 2022/10/06, 07:08:07.119, 658022949634, testhost.dll, MSTest - Executing test TestClickNonExistentButton
TpTrace Verbose: 0 : 16868, 10, 2022/10/06, 07:08:07.772, 658028332048, testhost.dll, TcpClientExtensions.MessageLoopAsync: Polling on remoteEndPoint: [::ffff:127.0.0.1]:52907 localEndPoint: [::ffff:127.0.0.1]:52911
TpTrace Verbose: 0 : 16868, 10, 2022/10/06, 07:08:08.927, 658038634007, testhost.dll, TcpClientExtensions.MessageLoopAsync: Polling on remoteEndPoint: [::ffff:127.0.0.1]:52907 localEndPoint: [::ffff:127.0.0.1]:52911
TpTrace Verbose: 0 : 16868, 10, 2022/10/06, 07:08:10.065, 658048777028, testhost.dll, TcpClientExtensions.MessageLoopAsync: Polling on remoteEndPoint: [::ffff:127.0.0.1]:52907 localEndPoint: [::ffff:127.0.0.1]:52911
TpTrace Information: 0 : 16868, 4, 2022/10/06, 07:08:10.655, 658054043433, testhost.dll, MSTest - Executed test TestClickNonExistentButton
TpTrace Verbose: 0 : 16868, 4, 2022/10/06, 07:08:10.655, 658054045039, testhost.dll, TestExecutionRecorder.RecordEnd: test: SeleniumUnitTests.TestInputControls.TestClickNonExistentButton execution completed.
TpTrace Warning: 0 : 16868, 4, 2022/10/06, 07:08:10.655, 658054045850, testhost.dll, TestRunCache: InProgressTests is null
TpTrace Verbose: 0 : 16868, 4, 2022/10/06, 07:08:10.660, 658054087235, testhost.dll, MulticastDelegateUtilities.SafeInvoke: TestCaseEventsHandler.RaiseTestCaseEnd: Invoking callback 1/1 for Microsoft.VisualStudio.TestPlatform.CrossPlatEngine.DataCollection.ProxyOutOfProcDataCollectionManager.TriggerTestCaseEnd, took 4 ms.
TpTrace Verbose: 0 : 16868, 4, 2022/10/06, 07:08:10.660, 658054088461, testhost.dll, TestExecutionRecorder.RecordResult: Received result for test: SeleniumUnitTests.TestInputControls.TestClickNonExistentButton.
TpTrace Verbose: 0 : 16868, 4, 2022/10/06, 07:08:10.660, 658054089563, testhost.dll, MulticastDelegateUtilities.SafeInvoke: TestCaseEventsHandler.RaiseTestCaseEnd: Invoking callback 1/1 for Microsoft.VisualStudio.TestPlatform.CrossPlatEngine.DataCollection.ProxyOutOfProcDataCollectionManager.TriggerSendTestResult, took 0 ms.
TpTrace Warning: 0 : 16868, 4, 2022/10/06, 07:08:10.660, 658054090547, testhost.dll, TestRunCache: InProgressTests is null
TpTrace Warning: 0 : 16868, 4, 2022/10/06, 07:08:10.660, 658054092112, testhost.dll, TestRunCache: No test found corresponding to testResult 'TestClickNonExistentButton' in inProgress list.
TpTrace Verbose: 0 : 16868, 4, 2022/10/06, 07:08:10.661, 658054094721, testhost.dll, TestExecutionRecorder.RecordStart: Starting test: SeleniumUnitTests.TestInputControls.TestTypeNonExistentInput.
TpTrace Information: 0 : 16868, 4, 2022/10/06, 07:08:10.661, 658054095919, testhost.dll, Sending test run statistics
TpTrace Verbose: 0 : 16868, 4, 2022/10/06, 07:08:10.662, 658054102872, testhost.dll, TestRequestHandler.SendData: sending data from testhost: {"Version":7,"MessageType":"TestExecution.StatsChange","Payload":{"NewTestResults":[{"TestCase":{"Id":"135d2fab-7831-e241-075a-d6081499b5b9","FullyQualifiedName":"SeleniumUnitTests.TestInputControls.TestClickNonExistentButton","DisplayName":"TestClickNonExistentButton","ExecutorUri":"executor://MSTestAdapter/v2","Source":"C:\\Users\\vagrant\\source\\repos\\SeleniumUnitTests\\bin\\Debug\\net6.0\\fine-code-coverage\\build-output\\SeleniumUnitTests.dll","CodeFilePath":null,"LineNumber":-1,"Properties":[{"Key":{"Id":"TestCase.ManagedType","Label":"ManagedType","Category":"","Description":"","Attributes":1,"ValueType":"System.String"},"Value":"SeleniumUnitTests.TestInputControls"},{"Key":{"Id":"TestCase.ManagedMethod","Label":"ManagedMethod","Category":"","Description":"","Attributes":1,"ValueType":"System.String"},"Value":"TestClickNonExistentButton"},{"Key":{"Id":"MSTestDiscoverer.TestClassName","Label":"ClassName","Category":"","Description":"","Attributes":1,"ValueType":"System.String"},"Value":"SeleniumUnitTests.TestInputControls"},{"Key":{"Id":"TestCase.Hierarchy","Label":"Hierarchy","Category":"","Description":"","Attributes":2,"ValueType":"System.String[]"},"Value":[null,"SeleniumUnitTests","TestInputControls","TestClickNonExistentButton"]},{"Key":{"Id":"TestObject.Traits","Label":"Traits","Category":"","Description":"","Attributes":5,"ValueType":"System.Collections.Generic.KeyValuePair`2[[System.String],[System.String]][]"},"Value":[]}]},"Attachments":[],"Outcome":1,"ErrorMessage":null,"ErrorStackTrace":null,"DisplayName":"TestClickNonExistentButton","Messages":[],"ComputerName":null,"Duration":"00:00:03.1089374","StartTime":"2022-10-06T07:08:07.1197934+01:00","EndTime":"2022-10-06T07:08:10.6556853+01:00","Properties":[{"Key":{"Id":"ExecutionId","Label":"ExecutionId","Category":"","Description":"","Attributes":1,"ValueType":"System.Guid"},"Value":"00000000-0000-0000-0000-000000000000"},{"Key":{"Id":"ParentExecId","Label":"ParentExecId","Category":"","Description":"","Attributes":1,"ValueType":"System.Guid"},"Value":"00000000-0000-0000-0000-000000000000"},{"Key":{"Id":"InnerResultsCount","Label":"InnerResultsCount","Category":"","Description":"","Attributes":1,"ValueType":"System.Int32"},"Value":0}]}],"TestRunStatistics":{"ExecutedTests":5,"Stats":{"Passed":5}},"ActiveTests":[{"Id":"f5d9310b-bea3-c9bd-fa93-455a8d3859d8","FullyQualifiedName":"SeleniumUnitTests.TestInputControls.TestTypeNonExistentInput","DisplayName":"TestTypeNonExistentInput","ExecutorUri":"executor://MSTestAdapter/v2","Source":"C:\\Users\\vagrant\\source\\repos\\SeleniumUnitTests\\bin\\Debug\\net6.0\\fine-code-coverage\\build-output\\SeleniumUnitTests.dll","CodeFilePath":null,"LineNumber":-1,"Properties":[{"Key":{"Id":"TestCase.ManagedType","Label":"ManagedType","Category":"","Description":"","Attributes":1,"ValueType":"System.String"},"Value":"SeleniumUnitTests.TestInputControls"},{"Key":{"Id":"TestCase.ManagedMethod","Label":"ManagedMethod","Category":"","Description":"","Attributes":1,"ValueType":"System.String"},"Value":"TestTypeNonExistentInput"},{"Key":{"Id":"MSTestDiscoverer.TestClassName","Label":"ClassName","Category":"","Description":"","Attributes":1,"ValueType":"System.String"},"Value":"SeleniumUnitTests.TestInputControls"},{"Key":{"Id":"TestCase.Hierarchy","Label":"Hierarchy","Category":"","Description":"","Attributes":2,"ValueType":"System.String[]"},"Value":[null,"SeleniumUnitTests","TestInputControls","TestTypeNonExistentInput"]},{"Key":{"Id":"TestObject.Traits","Label":"Traits","Category":"","Description":"","Attributes":5,"ValueType":"System.Collections.Generic.KeyValuePair`2[[System.String],[System.String]][]"},"Value":[]}]}]}}
TpTrace Verbose: 0 : 16868, 4, 2022/10/06, 07:08:10.662, 658054107969, testhost.dll, TestRunCache: OnNewTestResult: Notified the onCacheHit callback.
TpTrace Verbose: 0 : 16868, 4, 2022/10/06, 07:08:10.675, 658054221268, testhost.dll, MulticastDelegateUtilities.SafeInvoke: TestCaseEventsHandler.RaiseTestCaseStart: Invoking callback 1/1 for Microsoft.VisualStudio.TestPlatform.CrossPlatEngine.DataCollection.ProxyOutOfProcDataCollectionManager.TriggerTestCaseStart, took 11 ms.
TpTrace Information: 0 : 16868, 4, 2022/10/06, 07:08:10.675, 658054223121, testhost.dll, MSTest - Executing test TestTypeNonExistentInput
TpTrace Verbose: 0 : 16868, 10, 2022/10/06, 07:08:11.200, 658058905941, testhost.dll, TcpClientExtensions.MessageLoopAsync: Polling on remoteEndPoint: [::ffff:127.0.0.1]:52907 localEndPoint: [::ffff:127.0.0.1]:52911
TpTrace Verbose: 0 : 16868, 10, 2022/10/06, 07:08:12.340, 658069069377, testhost.dll, TcpClientExtensions.MessageLoopAsync: Polling on remoteEndPoint: [::ffff:127.0.0.1]:52907 localEndPoint: [::ffff:127.0.0.1]:52911
TpTrace Verbose: 0 : 16868, 10, 2022/10/06, 07:08:13.476, 658079202424, testhost.dll, TcpClientExtensions.MessageLoopAsync: Polling on remoteEndPoint: [::ffff:127.0.0.1]:52907 localEndPoint: [::ffff:127.0.0.1]:52911
TpTrace Information: 0 : 16868, 4, 2022/10/06, 07:08:14.007, 658083939794, testhost.dll, MSTest - Executed test TestTypeNonExistentInput
TpTrace Verbose: 0 : 16868, 4, 2022/10/06, 07:08:14.007, 658083942471, testhost.dll, TestExecutionRecorder.RecordEnd: test: SeleniumUnitTests.TestInputControls.TestTypeNonExistentInput execution completed.
TpTrace Warning: 0 : 16868, 4, 2022/10/06, 07:08:14.007, 658083943311, testhost.dll, TestRunCache: InProgressTests is null
TpTrace Verbose: 0 : 16868, 4, 2022/10/06, 07:08:14.011, 658083977810, testhost.dll, MulticastDelegateUtilities.SafeInvoke: TestCaseEventsHandler.RaiseTestCaseEnd: Invoking callback 1/1 for Microsoft.VisualStudio.TestPlatform.CrossPlatEngine.DataCollection.ProxyOutOfProcDataCollectionManager.TriggerTestCaseEnd, took 3 ms.
TpTrace Verbose: 0 : 16868, 4, 2022/10/06, 07:08:14.011, 658083978993, testhost.dll, TestExecutionRecorder.RecordResult: Received result for test: SeleniumUnitTests.TestInputControls.TestTypeNonExistentInput.
TpTrace Verbose: 0 : 16868, 4, 2022/10/06, 07:08:14.011, 658083980124, testhost.dll, MulticastDelegateUtilities.SafeInvoke: TestCaseEventsHandler.RaiseTestCaseEnd: Invoking callback 1/1 for Microsoft.VisualStudio.TestPlatform.CrossPlatEngine.DataCollection.ProxyOutOfProcDataCollectionManager.TriggerSendTestResult, took 0 ms.
TpTrace Warning: 0 : 16868, 4, 2022/10/06, 07:08:14.012, 658083982040, testhost.dll, TestRunCache: InProgressTests is null
TpTrace Warning: 0 : 16868, 4, 2022/10/06, 07:08:14.012, 658083982804, testhost.dll, TestRunCache: No test found corresponding to testResult 'TestTypeNonExistentInput' in inProgress list.
TpTrace Verbose: 0 : 16868, 4, 2022/10/06, 07:08:14.012, 658083984315, testhost.dll, TestExecutionRecorder.RecordStart: Starting test: SeleniumUnitTests.TestInputControls.TestInput.
TpTrace Information: 0 : 16868, 4, 2022/10/06, 07:08:14.012, 658083986799, testhost.dll, Sending test run statistics
TpTrace Verbose: 0 : 16868, 4, 2022/10/06, 07:08:14.013, 658083991983, testhost.dll, TestRequestHandler.SendData: sending data from testhost: {"Version":7,"MessageType":"TestExecution.StatsChange","Payload":{"NewTestResults":[{"TestCase":{"Id":"f5d9310b-bea3-c9bd-fa93-455a8d3859d8","FullyQualifiedName":"SeleniumUnitTests.TestInputControls.TestTypeNonExistentInput","DisplayName":"TestTypeNonExistentInput","ExecutorUri":"executor://MSTestAdapter/v2","Source":"C:\\Users\\vagrant\\source\\repos\\SeleniumUnitTests\\bin\\Debug\\net6.0\\fine-code-coverage\\build-output\\SeleniumUnitTests.dll","CodeFilePath":null,"LineNumber":-1,"Properties":[{"Key":{"Id":"TestCase.ManagedType","Label":"ManagedType","Category":"","Description":"","Attributes":1,"ValueType":"System.String"},"Value":"SeleniumUnitTests.TestInputControls"},{"Key":{"Id":"TestCase.ManagedMethod","Label":"ManagedMethod","Category":"","Description":"","Attributes":1,"ValueType":"System.String"},"Value":"TestTypeNonExistentInput"},{"Key":{"Id":"MSTestDiscoverer.TestClassName","Label":"ClassName","Category":"","Description":"","Attributes":1,"ValueType":"System.String"},"Value":"SeleniumUnitTests.TestInputControls"},{"Key":{"Id":"TestCase.Hierarchy","Label":"Hierarchy","Category":"","Description":"","Attributes":2,"ValueType":"System.String[]"},"Value":[null,"SeleniumUnitTests","TestInputControls","TestTypeNonExistentInput"]},{"Key":{"Id":"TestObject.Traits","Label":"Traits","Category":"","Description":"","Attributes":5,"ValueType":"System.Collections.Generic.KeyValuePair`2[[System.String],[System.String]][]"},"Value":[]}]},"Attachments":[],"Outcome":1,"ErrorMessage":null,"ErrorStackTrace":null,"DisplayName":"TestTypeNonExistentInput","Messages":[],"ComputerName":null,"Duration":"00:00:02.9706104","StartTime":"2022-10-06T07:08:10.675666+01:00","EndTime":"2022-10-06T07:08:14.0076253+01:00","Properties":[{"Key":{"Id":"ExecutionId","Label":"ExecutionId","Category":"","Description":"","Attributes":1,"ValueType":"System.Guid"},"Value":"00000000-0000-0000-0000-000000000000"},{"Key":{"Id":"ParentExecId","Label":"ParentExecId","Category":"","Description":"","Attributes":1,"ValueType":"System.Guid"},"Value":"00000000-0000-0000-0000-000000000000"},{"Key":{"Id":"InnerResultsCount","Label":"InnerResultsCount","Category":"","Description":"","Attributes":1,"ValueType":"System.Int32"},"Value":0}]}],"TestRunStatistics":{"ExecutedTests":6,"Stats":{"Passed":6}},"ActiveTests":[{"Id":"4b72920e-b124-3c5c-8c61-bd991bb9075e","FullyQualifiedName":"SeleniumUnitTests.TestInputControls.TestInput","DisplayName":"TestInput","ExecutorUri":"executor://MSTestAdapter/v2","Source":"C:\\Users\\vagrant\\source\\repos\\SeleniumUnitTests\\bin\\Debug\\net6.0\\fine-code-coverage\\build-output\\SeleniumUnitTests.dll","CodeFilePath":null,"LineNumber":-1,"Properties":[{"Key":{"Id":"TestCase.ManagedType","Label":"ManagedType","Category":"","Description":"","Attributes":1,"ValueType":"System.String"},"Value":"SeleniumUnitTests.TestInputControls"},{"Key":{"Id":"TestCase.ManagedMethod","Label":"ManagedMethod","Category":"","Description":"","Attributes":1,"ValueType":"System.String"},"Value":"TestInput"},{"Key":{"Id":"MSTestDiscoverer.TestClassName","Label":"ClassName","Category":"","Description":"","Attributes":1,"ValueType":"System.String"},"Value":"SeleniumUnitTests.TestInputControls"},{"Key":{"Id":"TestCase.Hierarchy","Label":"Hierarchy","Category":"","Description":"","Attributes":2,"ValueType":"System.String[]"},"Value":[null,"SeleniumUnitTests","TestInputControls","TestInput"]},{"Key":{"Id":"TestObject.Traits","Label":"Traits","Category":"","Description":"","Attributes":5,"ValueType":"System.Collections.Generic.KeyValuePair`2[[System.String],[System.String]][]"},"Value":[]}]}]}}
TpTrace Verbose: 0 : 16868, 4, 2022/10/06, 07:08:14.013, 658083996371, testhost.dll, TestRunCache: OnNewTestResult: Notified the onCacheHit callback.
TpTrace Verbose: 0 : 16868, 4, 2022/10/06, 07:08:14.017, 658084033390, testhost.dll, MulticastDelegateUtilities.SafeInvoke: TestCaseEventsHandler.RaiseTestCaseStart: Invoking callback 1/1 for Microsoft.VisualStudio.TestPlatform.CrossPlatEngine.DataCollection.ProxyOutOfProcDataCollectionManager.TriggerTestCaseStart, took 2 ms.
TpTrace Information: 0 : 16868, 4, 2022/10/06, 07:08:14.018, 658084035106, testhost.dll, MSTest - Executing test TestInput
TpTrace Verbose: 0 : 16868, 10, 2022/10/06, 07:08:14.602, 658089244965, testhost.dll, TcpClientExtensions.MessageLoopAsync: Polling on remoteEndPoint: [::ffff:127.0.0.1]:52907 localEndPoint: [::ffff:127.0.0.1]:52911
TpTrace Verbose: 0 : 16868, 10, 2022/10/06, 07:08:15.748, 658099469542, testhost.dll, TcpClientExtensions.MessageLoopAsync: Polling on remoteEndPoint: [::ffff:127.0.0.1]:52907 localEndPoint: [::ffff:127.0.0.1]:52911
TpTrace Verbose: 0 : 16868, 10, 2022/10/06, 07:08:16.883, 658109591887, testhost.dll, TcpClientExtensions.MessageLoopAsync: Polling on remoteEndPoint: [::ffff:127.0.0.1]:52907 localEndPoint: [::ffff:127.0.0.1]:52911
TpTrace Verbose: 0 : 16868, 10, 2022/10/06, 07:08:18.005, 658119597544, testhost.dll, TcpClientExtensions.MessageLoopAsync: Polling on remoteEndPoint: [::ffff:127.0.0.1]:52907 localEndPoint: [::ffff:127.0.0.1]:52911
TpTrace Information: 0 : 16868, 4, 2022/10/06, 07:08:18.013, 658119676879, testhost.dll, MSTest - Executed test TestInput
TpTrace Verbose: 0 : 16868, 4, 2022/10/06, 07:08:18.014, 658119679139, testhost.dll, TestExecutionRecorder.RecordEnd: test: SeleniumUnitTests.TestInputControls.TestInput execution completed.
TpTrace Warning: 0 : 16868, 4, 2022/10/06, 07:08:18.014, 658119679982, testhost.dll, TestRunCache: InProgressTests is null
TpTrace Verbose: 0 : 16868, 4, 2022/10/06, 07:08:18.017, 658119711969, testhost.dll, MulticastDelegateUtilities.SafeInvoke: TestCaseEventsHandler.RaiseTestCaseEnd: Invoking callback 1/1 for Microsoft.VisualStudio.TestPlatform.CrossPlatEngine.DataCollection.ProxyOutOfProcDataCollectionManager.TriggerTestCaseEnd, took 3 ms.
TpTrace Verbose: 0 : 16868, 4, 2022/10/06, 07:08:18.018, 658119713390, testhost.dll, TestExecutionRecorder.RecordResult: Received result for test: SeleniumUnitTests.TestInputControls.TestInput.
TpTrace Verbose: 0 : 16868, 4, 2022/10/06, 07:08:18.018, 658119714816, testhost.dll, MulticastDelegateUtilities.SafeInvoke: TestCaseEventsHandler.RaiseTestCaseEnd: Invoking callback 1/1 for Microsoft.VisualStudio.TestPlatform.CrossPlatEngine.DataCollection.ProxyOutOfProcDataCollectionManager.TriggerSendTestResult, took 0 ms.
TpTrace Warning: 0 : 16868, 4, 2022/10/06, 07:08:18.018, 658119716734, testhost.dll, TestRunCache: InProgressTests is null
TpTrace Warning: 0 : 16868, 4, 2022/10/06, 07:08:18.018, 658119717720, testhost.dll, TestRunCache: No test found corresponding to testResult 'TestInput' in inProgress list.
TpTrace Verbose: 0 : 16868, 4, 2022/10/06, 07:08:18.018, 658119719181, testhost.dll, TestExecutionRecorder.RecordStart: Starting test: SeleniumUnitTests.TestInputControls.TestSubmit.
TpTrace Information: 0 : 16868, 4, 2022/10/06, 07:08:18.018, 658119720121, testhost.dll, Sending test run statistics
TpTrace Verbose: 0 : 16868, 4, 2022/10/06, 07:08:18.019, 658119726241, testhost.dll, TestRequestHandler.SendData: sending data from testhost: {"Version":7,"MessageType":"TestExecution.StatsChange","Payload":{"NewTestResults":[{"TestCase":{"Id":"4b72920e-b124-3c5c-8c61-bd991bb9075e","FullyQualifiedName":"SeleniumUnitTests.TestInputControls.TestInput","DisplayName":"TestInput","ExecutorUri":"executor://MSTestAdapter/v2","Source":"C:\\Users\\vagrant\\source\\repos\\SeleniumUnitTests\\bin\\Debug\\net6.0\\fine-code-coverage\\build-output\\SeleniumUnitTests.dll","CodeFilePath":null,"LineNumber":-1,"Properties":[{"Key":{"Id":"TestCase.ManagedType","Label":"ManagedType","Category":"","Description":"","Attributes":1,"ValueType":"System.String"},"Value":"SeleniumUnitTests.TestInputControls"},{"Key":{"Id":"TestCase.ManagedMethod","Label":"ManagedMethod","Category":"","Description":"","Attributes":1,"ValueType":"System.String"},"Value":"TestInput"},{"Key":{"Id":"MSTestDiscoverer.TestClassName","Label":"ClassName","Category":"","Description":"","Attributes":1,"ValueType":"System.String"},"Value":"SeleniumUnitTests.TestInputControls"},{"Key":{"Id":"TestCase.Hierarchy","Label":"Hierarchy","Category":"","Description":"","Attributes":2,"ValueType":"System.String[]"},"Value":[null,"SeleniumUnitTests","TestInputControls","TestInput"]},{"Key":{"Id":"TestObject.Traits","Label":"Traits","Category":"","Description":"","Attributes":5,"ValueType":"System.Collections.Generic.KeyValuePair`2[[System.String],[System.String]][]"},"Value":[]}]},"Attachments":[],"Outcome":1,"ErrorMessage":null,"ErrorStackTrace":null,"DisplayName":"TestInput","Messages":[],"ComputerName":null,"Duration":"00:00:03.5638185","StartTime":"2022-10-06T07:08:14.0180299+01:00","EndTime":"2022-10-06T07:08:18.014227+01:00","Properties":[{"Key":{"Id":"ExecutionId","Label":"ExecutionId","Category":"","Description":"","Attributes":1,"ValueType":"System.Guid"},"Value":"00000000-0000-0000-0000-000000000000"},{"Key":{"Id":"ParentExecId","Label":"ParentExecId","Category":"","Description":"","Attributes":1,"ValueType":"System.Guid"},"Value":"00000000-0000-0000-0000-000000000000"},{"Key":{"Id":"InnerResultsCount","Label":"InnerResultsCount","Category":"","Description":"","Attributes":1,"ValueType":"System.Int32"},"Value":0}]}],"TestRunStatistics":{"ExecutedTests":7,"Stats":{"Passed":7}},"ActiveTests":[{"Id":"060248ed-314c-50b4-4242-a78daaf1cf54","FullyQualifiedName":"SeleniumUnitTests.TestInputControls.TestSubmit","DisplayName":"TestSubmit","ExecutorUri":"executor://MSTestAdapter/v2","Source":"C:\\Users\\vagrant\\source\\repos\\SeleniumUnitTests\\bin\\Debug\\net6.0\\fine-code-coverage\\build-output\\SeleniumUnitTests.dll","CodeFilePath":null,"LineNumber":-1,"Properties":[{"Key":{"Id":"TestCase.ManagedType","Label":"ManagedType","Category":"","Description":"","Attributes":1,"ValueType":"System.String"},"Value":"SeleniumUnitTests.TestInputControls"},{"Key":{"Id":"TestCase.ManagedMethod","Label":"ManagedMethod","Category":"","Description":"","Attributes":1,"ValueType":"System.String"},"Value":"TestSubmit"},{"Key":{"Id":"MSTestDiscoverer.TestClassName","Label":"ClassName","Category":"","Description":"","Attributes":1,"ValueType":"System.String"},"Value":"SeleniumUnitTests.TestInputControls"},{"Key":{"Id":"TestCase.Hierarchy","Label":"Hierarchy","Category":"","Description":"","Attributes":2,"ValueType":"System.String[]"},"Value":[null,"SeleniumUnitTests","TestInputControls","TestSubmit"]},{"Key":{"Id":"TestObject.Traits","Label":"Traits","Category":"","Description":"","Attributes":5,"ValueType":"System.Collections.Generic.KeyValuePair`2[[System.String],[System.String]][]"},"Value":[]}]}]}}
TpTrace Verbose: 0 : 16868, 4, 2022/10/06, 07:08:18.019, 658119729780, testhost.dll, TestRunCache: OnNewTestResult: Notified the onCacheHit callback.
TpTrace Verbose: 0 : 16868, 4, 2022/10/06, 07:08:18.026, 658119786224, testhost.dll, MulticastDelegateUtilities.SafeInvoke: TestCaseEventsHandler.RaiseTestCaseStart: Invoking callback 1/1 for Microsoft.VisualStudio.TestPlatform.CrossPlatEngine.DataCollection.ProxyOutOfProcDataCollectionManager.TriggerTestCaseStart, took 5 ms.
TpTrace Information: 0 : 16868, 4, 2022/10/06, 07:08:18.026, 658119787709, testhost.dll, MSTest - Executing test TestSubmit
TpTrace Verbose: 0 : 16868, 10, 2022/10/06, 07:08:19.103, 658129651711, testhost.dll, TcpClientExtensions.MessageLoopAsync: Polling on remoteEndPoint: [::ffff:127.0.0.1]:52907 localEndPoint: [::ffff:127.0.0.1]:52911
TpTrace Verbose: 0 : 16868, 10, 2022/10/06, 07:08:20.114, 658139674402, testhost.dll, TcpClientExtensions.MessageLoopAsync: Polling on remoteEndPoint: [::ffff:127.0.0.1]:52907 localEndPoint: [::ffff:127.0.0.1]:52911
TpTrace Verbose: 0 : 16868, 10, 2022/10/06, 07:08:21.127, 658149715720, testhost.dll, TcpClientExtensions.MessageLoopAsync: Polling on remoteEndPoint: [::ffff:127.0.0.1]:52907 localEndPoint: [::ffff:127.0.0.1]:52911
TpTrace Verbose: 0 : 16868, 10, 2022/10/06, 07:08:22.149, 658159843967, testhost.dll, TcpClientExtensions.MessageLoopAsync: Polling on remoteEndPoint: [::ffff:127.0.0.1]:52907 localEndPoint: [::ffff:127.0.0.1]:52911
TpTrace Information: 0 : 16868, 4, 2022/10/06, 07:08:22.471, 658163039582, testhost.dll, MSTest - Executed test TestSubmit
TpTrace Verbose: 0 : 16868, 4, 2022/10/06, 07:08:22.472, 658163041436, testhost.dll, TestExecutionRecorder.RecordEnd: test: SeleniumUnitTests.TestInputControls.TestSubmit execution completed.
TpTrace Warning: 0 : 16868, 4, 2022/10/06, 07:08:22.472, 658163042354, testhost.dll, TestRunCache: InProgressTests is null
TpTrace Verbose: 0 : 16868, 4, 2022/10/06, 07:08:22.476, 658163084864, testhost.dll, MulticastDelegateUtilities.SafeInvoke: TestCaseEventsHandler.RaiseTestCaseEnd: Invoking callback 1/1 for Microsoft.VisualStudio.TestPlatform.CrossPlatEngine.DataCollection.ProxyOutOfProcDataCollectionManager.TriggerTestCaseEnd, took 4 ms.
TpTrace Verbose: 0 : 16868, 4, 2022/10/06, 07:08:22.481, 658163132261, testhost.dll, TestExecutionRecorder.RecordResult: Received result for test: SeleniumUnitTests.TestInputControls.TestSubmit.
TpTrace Verbose: 0 : 16868, 4, 2022/10/06, 07:08:22.481, 658163134142, testhost.dll, MulticastDelegateUtilities.SafeInvoke: TestCaseEventsHandler.RaiseTestCaseEnd: Invoking callback 1/1 for Microsoft.VisualStudio.TestPlatform.CrossPlatEngine.DataCollection.ProxyOutOfProcDataCollectionManager.TriggerSendTestResult, took 0 ms.
TpTrace Warning: 0 : 16868, 4, 2022/10/06, 07:08:22.481, 658163135607, testhost.dll, TestRunCache: InProgressTests is null
TpTrace Warning: 0 : 16868, 4, 2022/10/06, 07:08:22.481, 658163136420, testhost.dll, TestRunCache: No test found corresponding to testResult 'TestSubmit' in inProgress list.
TpTrace Verbose: 0 : 16868, 4, 2022/10/06, 07:08:22.481, 658163137867, testhost.dll, TestExecutionRecorder.RecordStart: Starting test: SeleniumUnitTests.TestInputControls.TestCheck.
TpTrace Information: 0 : 16868, 4, 2022/10/06, 07:08:22.481, 658163138845, testhost.dll, Sending test run statistics
TpTrace Verbose: 0 : 16868, 4, 2022/10/06, 07:08:22.482, 658163145492, testhost.dll, TestRequestHandler.SendData: sending data from testhost: {"Version":7,"MessageType":"TestExecution.StatsChange","Payload":{"NewTestResults":[{"TestCase":{"Id":"060248ed-314c-50b4-4242-a78daaf1cf54","FullyQualifiedName":"SeleniumUnitTests.TestInputControls.TestSubmit","DisplayName":"TestSubmit","ExecutorUri":"executor://MSTestAdapter/v2","Source":"C:\\Users\\vagrant\\source\\repos\\SeleniumUnitTests\\bin\\Debug\\net6.0\\fine-code-coverage\\build-output\\SeleniumUnitTests.dll","CodeFilePath":null,"LineNumber":-1,"Properties":[{"Key":{"Id":"TestCase.ManagedType","Label":"ManagedType","Category":"","Description":"","Attributes":1,"ValueType":"System.String"},"Value":"SeleniumUnitTests.TestInputControls"},{"Key":{"Id":"TestCase.ManagedMethod","Label":"ManagedMethod","Category":"","Description":"","Attributes":1,"ValueType":"System.String"},"Value":"TestSubmit"},{"Key":{"Id":"MSTestDiscoverer.TestClassName","Label":"ClassName","Category":"","Description":"","Attributes":1,"ValueType":"System.String"},"Value":"SeleniumUnitTests.TestInputControls"},{"Key":{"Id":"TestCase.Hierarchy","Label":"Hierarchy","Category":"","Description":"","Attributes":2,"ValueType":"System.String[]"},"Value":[null,"SeleniumUnitTests","TestInputControls","TestSubmit"]},{"Key":{"Id":"TestObject.Traits","Label":"Traits","Category":"","Description":"","Attributes":5,"ValueType":"System.Collections.Generic.KeyValuePair`2[[System.String],[System.String]][]"},"Value":[]}]},"Attachments":[],"Outcome":1,"ErrorMessage":null,"ErrorStackTrace":null,"DisplayName":"TestSubmit","Messages":[],"ComputerName":null,"Duration":"00:00:04.3246692","StartTime":"2022-10-06T07:08:18.026401+01:00","EndTime":"2022-10-06T07:08:22.472126+01:00","Properties":[{"Key":{"Id":"ExecutionId","Label":"ExecutionId","Category":"","Description":"","Attributes":1,"ValueType":"System.Guid"},"Value":"00000000-0000-0000-0000-000000000000"},{"Key":{"Id":"ParentExecId","Label":"ParentExecId","Category":"","Description":"","Attributes":1,"ValueType":"System.Guid"},"Value":"00000000-0000-0000-0000-000000000000"},{"Key":{"Id":"InnerResultsCount","Label":"InnerResultsCount","Category":"","Description":"","Attributes":1,"ValueType":"System.Int32"},"Value":0}]}],"TestRunStatistics":{"ExecutedTests":8,"Stats":{"Passed":8}},"ActiveTests":[{"Id":"b9f87868-7391-e4f9-bffa-afa68c6cf563","FullyQualifiedName":"SeleniumUnitTests.TestInputControls.TestCheck","DisplayName":"TestCheck","ExecutorUri":"executor://MSTestAdapter/v2","Source":"C:\\Users\\vagrant\\source\\repos\\SeleniumUnitTests\\bin\\Debug\\net6.0\\fine-code-coverage\\build-output\\SeleniumUnitTests.dll","CodeFilePath":null,"LineNumber":-1,"Properties":[{"Key":{"Id":"TestCase.ManagedType","Label":"ManagedType","Category":"","Description":"","Attributes":1,"ValueType":"System.String"},"Value":"SeleniumUnitTests.TestInputControls"},{"Key":{"Id":"TestCase.ManagedMethod","Label":"ManagedMethod","Category":"","Description":"","Attributes":1,"ValueType":"System.String"},"Value":"TestCheck"},{"Key":{"Id":"MSTestDiscoverer.TestClassName","Label":"ClassName","Category":"","Description":"","Attributes":1,"ValueType":"System.String"},"Value":"SeleniumUnitTests.TestInputControls"},{"Key":{"Id":"TestCase.Hierarchy","Label":"Hierarchy","Category":"","Description":"","Attributes":2,"ValueType":"System.String[]"},"Value":[null,"SeleniumUnitTests","TestInputControls","TestCheck"]},{"Key":{"Id":"TestObject.Traits","Label":"Traits","Category":"","Description":"","Attributes":5,"ValueType":"System.Collections.Generic.KeyValuePair`2[[System.String],[System.String]][]"},"Value":[]}]}]}}
TpTrace Verbose: 0 : 16868, 4, 2022/10/06, 07:08:22.483, 658163148836, testhost.dll, TestRunCache: OnNewTestResult: Notified the onCacheHit callback.
TpTrace Verbose: 0 : 16868, 4, 2022/10/06, 07:08:22.487, 658163197332, testhost.dll, MulticastDelegateUtilities.SafeInvoke: TestCaseEventsHandler.RaiseTestCaseStart: Invoking callback 1/1 for Microsoft.VisualStudio.TestPlatform.CrossPlatEngine.DataCollection.ProxyOutOfProcDataCollectionManager.TriggerTestCaseStart, took 4 ms.
TpTrace Information: 0 : 16868, 4, 2022/10/06, 07:08:22.488, 658163199757, testhost.dll, MSTest - Executing test TestCheck
TpTrace Verbose: 0 : 16868, 10, 2022/10/06, 07:08:23.166, 658169919525, testhost.dll, TcpClientExtensions.MessageLoopAsync: Polling on remoteEndPoint: [::ffff:127.0.0.1]:52907 localEndPoint: [::ffff:127.0.0.1]:52911
TpTrace Verbose: 0 : 16868, 10, 2022/10/06, 07:08:24.184, 658180013603, testhost.dll, TcpClientExtensions.MessageLoopAsync: Polling on remoteEndPoint: [::ffff:127.0.0.1]:52907 localEndPoint: [::ffff:127.0.0.1]:52911
TpTrace Verbose: 0 : 16868, 10, 2022/10/06, 07:08:25.205, 658190126815, testhost.dll, TcpClientExtensions.MessageLoopAsync: Polling on remoteEndPoint: [::ffff:127.0.0.1]:52907 localEndPoint: [::ffff:127.0.0.1]:52911
TpTrace Information: 0 : 16868, 4, 2022/10/06, 07:08:26.017, 658198175792, testhost.dll, MSTest - Executed test TestCheck
TpTrace Verbose: 0 : 16868, 4, 2022/10/06, 07:08:26.017, 658198179477, testhost.dll, TestExecutionRecorder.RecordEnd: test: SeleniumUnitTests.TestInputControls.TestCheck execution completed.
TpTrace Warning: 0 : 16868, 4, 2022/10/06, 07:08:26.017, 658198180593, testhost.dll, TestRunCache: InProgressTests is null
TpTrace Verbose: 0 : 16868, 4, 2022/10/06, 07:08:26.022, 658198223604, testhost.dll, MulticastDelegateUtilities.SafeInvoke: TestCaseEventsHandler.RaiseTestCaseEnd: Invoking callback 1/1 for Microsoft.VisualStudio.TestPlatform.CrossPlatEngine.DataCollection.ProxyOutOfProcDataCollectionManager.TriggerTestCaseEnd, took 4 ms.
TpTrace Verbose: 0 : 16868, 4, 2022/10/06, 07:08:26.022, 658198225056, testhost.dll, TestExecutionRecorder.RecordResult: Received result for test: SeleniumUnitTests.TestInputControls.TestCheck.
TpTrace Verbose: 0 : 16868, 4, 2022/10/06, 07:08:26.022, 658198226668, testhost.dll, MulticastDelegateUtilities.SafeInvoke: TestCaseEventsHandler.RaiseTestCaseEnd: Invoking callback 1/1 for Microsoft.VisualStudio.TestPlatform.CrossPlatEngine.DataCollection.ProxyOutOfProcDataCollectionManager.TriggerSendTestResult, took 0 ms.
TpTrace Warning: 0 : 16868, 4, 2022/10/06, 07:08:26.022, 658198227620, testhost.dll, TestRunCache: InProgressTests is null
TpTrace Warning: 0 : 16868, 4, 2022/10/06, 07:08:26.022, 658198228387, testhost.dll, TestRunCache: No test found corresponding to testResult 'TestCheck' in inProgress list.
TpTrace Verbose: 0 : 16868, 4, 2022/10/06, 07:08:26.022, 658198229960, testhost.dll, TestExecutionRecorder.RecordStart: Starting test: SeleniumUnitTests.TestInputControls.TestUncheck.
TpTrace Information: 0 : 16868, 4, 2022/10/06, 07:08:26.023, 658198233049, testhost.dll, Sending test run statistics
TpTrace Verbose: 0 : 16868, 4, 2022/10/06, 07:08:26.025, 658198258156, testhost.dll, TestRequestHandler.SendData: sending data from testhost: {"Version":7,"MessageType":"TestExecution.StatsChange","Payload":{"NewTestResults":[{"TestCase":{"Id":"b9f87868-7391-e4f9-bffa-afa68c6cf563","FullyQualifiedName":"SeleniumUnitTests.TestInputControls.TestCheck","DisplayName":"TestCheck","ExecutorUri":"executor://MSTestAdapter/v2","Source":"C:\\Users\\vagrant\\source\\repos\\SeleniumUnitTests\\bin\\Debug\\net6.0\\fine-code-coverage\\build-output\\SeleniumUnitTests.dll","CodeFilePath":null,"LineNumber":-1,"Properties":[{"Key":{"Id":"TestCase.ManagedType","Label":"ManagedType","Category":"","Description":"","Attributes":1,"ValueType":"System.String"},"Value":"SeleniumUnitTests.TestInputControls"},{"Key":{"Id":"TestCase.ManagedMethod","Label":"ManagedMethod","Category":"","Description":"","Attributes":1,"ValueType":"System.String"},"Value":"TestCheck"},{"Key":{"Id":"MSTestDiscoverer.TestClassName","Label":"ClassName","Category":"","Description":"","Attributes":1,"ValueType":"System.String"},"Value":"SeleniumUnitTests.TestInputControls"},{"Key":{"Id":"TestCase.Hierarchy","Label":"Hierarchy","Category":"","Description":"","Attributes":2,"ValueType":"System.String[]"},"Value":[null,"SeleniumUnitTests","TestInputControls","TestCheck"]},{"Key":{"Id":"TestObject.Traits","Label":"Traits","Category":"","Description":"","Attributes":5,"ValueType":"System.Collections.Generic.KeyValuePair`2[[System.String],[System.String]][]"},"Value":[]}]},"Attachments":[],"Outcome":1,"ErrorMessage":null,"ErrorStackTrace":null,"DisplayName":"TestCheck","Messages":[],"ComputerName":null,"Duration":"00:00:03.4971410","StartTime":"2022-10-06T07:08:22.4881332+01:00","EndTime":"2022-10-06T07:08:26.0175694+01:00","Properties":[{"Key":{"Id":"ExecutionId","Label":"ExecutionId","Category":"","Description":"","Attributes":1,"ValueType":"System.Guid"},"Value":"00000000-0000-0000-0000-000000000000"},{"Key":{"Id":"ParentExecId","Label":"ParentExecId","Category":"","Description":"","Attributes":1,"ValueType":"System.Guid"},"Value":"00000000-0000-0000-0000-000000000000"},{"Key":{"Id":"InnerResultsCount","Label":"InnerResultsCount","Category":"","Description":"","Attributes":1,"ValueType":"System.Int32"},"Value":0}]}],"TestRunStatistics":{"ExecutedTests":9,"Stats":{"Passed":9}},"ActiveTests":[{"Id":"fb0ec671-3c53-75d8-1d46-512b982b535c","FullyQualifiedName":"SeleniumUnitTests.TestInputControls.TestUncheck","DisplayName":"TestUncheck","ExecutorUri":"executor://MSTestAdapter/v2","Source":"C:\\Users\\vagrant\\source\\repos\\SeleniumUnitTests\\bin\\Debug\\net6.0\\fine-code-coverage\\build-output\\SeleniumUnitTests.dll","CodeFilePath":null,"LineNumber":-1,"Properties":[{"Key":{"Id":"TestCase.ManagedType","Label":"ManagedType","Category":"","Description":"","Attributes":1,"ValueType":"System.String"},"Value":"SeleniumUnitTests.TestInputControls"},{"Key":{"Id":"TestCase.ManagedMethod","Label":"ManagedMethod","Category":"","Description":"","Attributes":1,"ValueType":"System.String"},"Value":"TestUncheck"},{"Key":{"Id":"MSTestDiscoverer.TestClassName","Label":"ClassName","Category":"","Description":"","Attributes":1,"ValueType":"System.String"},"Value":"SeleniumUnitTests.TestInputControls"},{"Key":{"Id":"TestCase.Hierarchy","Label":"Hierarchy","Category":"","Description":"","Attributes":2,"ValueType":"System.String[]"},"Value":[null,"SeleniumUnitTests","TestInputControls","TestUncheck"]},{"Key":{"Id":"TestObject.Traits","Label":"Traits","Category":"","Description":"","Attributes":5,"ValueType":"System.Collections.Generic.KeyValuePair`2[[System.String],[System.String]][]"},"Value":[]}]}]}}
TpTrace Verbose: 0 : 16868, 4, 2022/10/06, 07:08:26.026, 658198262979, testhost.dll, TestRunCache: OnNewTestResult: Notified the onCacheHit callback.
TpTrace Verbose: 0 : 16868, 4, 2022/10/06, 07:08:26.029, 658198291892, testhost.dll, MulticastDelegateUtilities.SafeInvoke: TestCaseEventsHandler.RaiseTestCaseStart: Invoking callback 1/1 for Microsoft.VisualStudio.TestPlatform.CrossPlatEngine.DataCollection.ProxyOutOfProcDataCollectionManager.TriggerTestCaseStart, took 2 ms.
TpTrace Information: 0 : 16868, 4, 2022/10/06, 07:08:26.029, 658198293013, testhost.dll, MSTest - Executing test TestUncheck
TpTrace Information: 0 : 16868, 4, 2022/10/06, 07:08:26.035, 658198351995, testhost.dll, AssemblyResolver.OnResolve: Microsoft.VisualStudio.TestPlatform.MSTest.TestAdapter.resources: Resolving assembly.
TpTrace Information: 0 : 16868, 4, 2022/10/06, 07:08:26.035, 658198353674, testhost.dll, AssemblyResolver.OnResolve: Microsoft.VisualStudio.TestPlatform.MSTest.TestAdapter.resources: Searching in: 'C:\Users\vagrant\source\repos\SeleniumUnitTests\bin\Debug\net6.0\fine-code-coverage\build-output'.
TpTrace Information: 0 : 16868, 4, 2022/10/06, 07:08:26.035, 658198355415, testhost.dll, AssemblyResolver.OnResolve: Microsoft.VisualStudio.TestPlatform.MSTest.TestAdapter.resources: Assembly path does not exist: 'C:\Users\vagrant\source\repos\SeleniumUnitTests\bin\Debug\net6.0\fine-code-coverage\build-output\Microsoft.VisualStudio.TestPlatform.MSTest.TestAdapter.resources.dll', returning.
TpTrace Information: 0 : 16868, 4, 2022/10/06, 07:08:26.035, 658198356920, testhost.dll, AssemblyResolver.OnResolve: Microsoft.VisualStudio.TestPlatform.MSTest.TestAdapter.resources: Assembly path does not exist: 'C:\Users\vagrant\source\repos\SeleniumUnitTests\bin\Debug\net6.0\fine-code-coverage\build-output\Microsoft.VisualStudio.TestPlatform.MSTest.TestAdapter.resources.exe', returning.
TpTrace Information: 0 : 16868, 4, 2022/10/06, 07:08:26.035, 658198357992, testhost.dll, AssemblyResolver.OnResolve: Microsoft.VisualStudio.TestPlatform.MSTest.TestAdapter.resources: Failed to load assembly.
TpTrace Information: 0 : 16868, 4, 2022/10/06, 07:08:26.095, 658198950116, testhost.dll, MSTest - Executed test TestUncheck
TpTrace Verbose: 0 : 16868, 4, 2022/10/06, 07:08:26.095, 658198952052, testhost.dll, TestExecutionRecorder.RecordEnd: test: SeleniumUnitTests.TestInputControls.TestUncheck execution completed.
TpTrace Warning: 0 : 16868, 4, 2022/10/06, 07:08:26.095, 658198952927, testhost.dll, TestRunCache: InProgressTests is null
TpTrace Verbose: 0 : 16868, 4, 2022/10/06, 07:08:26.099, 658198986356, testhost.dll, MulticastDelegateUtilities.SafeInvoke: TestCaseEventsHandler.RaiseTestCaseEnd: Invoking callback 1/1 for Microsoft.VisualStudio.TestPlatform.CrossPlatEngine.DataCollection.ProxyOutOfProcDataCollectionManager.TriggerTestCaseEnd, took 3 ms.
TpTrace Information: 0 : 16868, 4, 2022/10/06, 07:08:26.099, 658198988191, testhost.dll, MSTest - MSTestExecutor:Test SeleniumUnitTests.TestInputControls.TestUncheck failed. ErrorMessage:Test method SeleniumUnitTests.TestInputControls.TestUncheck threw exception: 
System.IO.IOException: The process cannot access the file 'C:\Users\vagrant\source\repos\SeleniumUnitTests\bin\Debug\net6.0\fine-code-coverage\build-output\Data\InputCheckbox.xlsx' because it is being used by another process., ErrorStackTrace:    at Microsoft.Win32.SafeHandles.SafeFileHandle.CreateFile(String fullPath, FileMode mode, FileAccess access, FileShare share, FileOptions options)
   at Microsoft.Win32.SafeHandles.SafeFileHandle.Open(String fullPath, FileMode mode, FileAccess access, FileShare share, FileOptions options, Int64 preallocationSize)
   at System.IO.Strategies.OSFileStreamStrategy..ctor(String path, FileMode mode, FileAccess access, FileShare share, FileOptions options, Int64 preallocationSize)
   at System.IO.Strategies.FileStreamHelpers.ChooseStrategyCore(String path, FileMode mode, FileAccess access, FileShare share, FileOptions options, Int64 preallocationSize)
   at System.IO.Strategies.FileStreamHelpers.ChooseStrategy(FileStream fileStream, String path, FileMode mode, FileAccess access, FileShare share, Int32 bufferSize, FileOptions options, Int64 preallocationSize)
   at System.IO.File.Open(String path, FileMode mode, FileAccess access)
   at EasyExcelFramework.EasyExcelF.Populateworksheets(String filename, String defaultsheetname)
   at EasyExcelFramework.EasyExcelF..ctor(String filename)
   at EasyExcelFrameworkSelenium.EasyExcelFrameworkSelenium..ctor(String filename) in C:\Users\vagrant\source\repos\EasyExcelFrameworkSelenium\EasyExcelFrameworkSelenium.cs:line 23
   at SeleniumUnitTests.TestInputControls.TestUncheck() in C:\Users\vagrant\source\repos\SeleniumUnitTests\TestInput.cs:line 70
.
TpTrace Verbose: 0 : 16868, 4, 2022/10/06, 07:08:26.099, 658198990340, testhost.dll, TestExecutionRecorder.RecordResult: Received result for test: SeleniumUnitTests.TestInputControls.TestUncheck.
TpTrace Verbose: 0 : 16868, 4, 2022/10/06, 07:08:26.099, 658198991636, testhost.dll, MulticastDelegateUtilities.SafeInvoke: TestCaseEventsHandler.RaiseTestCaseEnd: Invoking callback 1/1 for Microsoft.VisualStudio.TestPlatform.CrossPlatEngine.DataCollection.ProxyOutOfProcDataCollectionManager.TriggerSendTestResult, took 0 ms.
TpTrace Warning: 0 : 16868, 4, 2022/10/06, 07:08:26.099, 658198992891, testhost.dll, TestRunCache: InProgressTests is null
TpTrace Warning: 0 : 16868, 4, 2022/10/06, 07:08:26.099, 658198993729, testhost.dll, TestRunCache: No test found corresponding to testResult 'TestUncheck' in inProgress list.
TpTrace Verbose: 0 : 16868, 4, 2022/10/06, 07:08:26.100, 658198995141, testhost.dll, TestExecutionRecorder.RecordStart: Starting test: SeleniumUnitTests.TestInputControls.TestRadio.
TpTrace Verbose: 0 : 16868, 4, 2022/10/06, 07:08:26.103, 658199025901, testhost.dll, MulticastDelegateUtilities.SafeInvoke: TestCaseEventsHandler.RaiseTestCaseStart: Invoking callback 1/1 for Microsoft.VisualStudio.TestPlatform.CrossPlatEngine.DataCollection.ProxyOutOfProcDataCollectionManager.TriggerTestCaseStart, took 2 ms.
TpTrace Information: 0 : 16868, 4, 2022/10/06, 07:08:26.103, 658199027765, testhost.dll, MSTest - Executing test TestRadio
TpTrace Verbose: 0 : 16868, 10, 2022/10/06, 07:08:26.225, 658200236718, testhost.dll, TcpClientExtensions.MessageLoopAsync: Polling on remoteEndPoint: [::ffff:127.0.0.1]:52907 localEndPoint: [::ffff:127.0.0.1]:52911
TpTrace Verbose: 0 : 16868, 10, 2022/10/06, 07:08:27.241, 658210303069, testhost.dll, TcpClientExtensions.MessageLoopAsync: Polling on remoteEndPoint: [::ffff:127.0.0.1]:52907 localEndPoint: [::ffff:127.0.0.1]:52911
TpTrace Information: 0 : 16868, 14, 2022/10/06, 07:08:27.592, 658213783583, testhost.dll, Sending test run statistics
TpTrace Verbose: 0 : 16868, 14, 2022/10/06, 07:08:27.628, 658214143775, testhost.dll, TestRequestHandler.SendData: sending data from testhost: {"Version":7,"MessageType":"TestExecution.StatsChange","Payload":{"NewTestResults":[{"TestCase":{"Id":"fb0ec671-3c53-75d8-1d46-512b982b535c","FullyQualifiedName":"SeleniumUnitTests.TestInputControls.TestUncheck","DisplayName":"TestUncheck","ExecutorUri":"executor://MSTestAdapter/v2","Source":"C:\\Users\\vagrant\\source\\repos\\SeleniumUnitTests\\bin\\Debug\\net6.0\\fine-code-coverage\\build-output\\SeleniumUnitTests.dll","CodeFilePath":null,"LineNumber":-1,"Properties":[{"Key":{"Id":"TestCase.ManagedType","Label":"ManagedType","Category":"","Description":"","Attributes":1,"ValueType":"System.String"},"Value":"SeleniumUnitTests.TestInputControls"},{"Key":{"Id":"TestCase.ManagedMethod","Label":"ManagedMethod","Category":"","Description":"","Attributes":1,"ValueType":"System.String"},"Value":"TestUncheck"},{"Key":{"Id":"MSTestDiscoverer.TestClassName","Label":"ClassName","Category":"","Description":"","Attributes":1,"ValueType":"System.String"},"Value":"SeleniumUnitTests.TestInputControls"},{"Key":{"Id":"TestCase.Hierarchy","Label":"Hierarchy","Category":"","Description":"","Attributes":2,"ValueType":"System.String[]"},"Value":[null,"SeleniumUnitTests","TestInputControls","TestUncheck"]},{"Key":{"Id":"TestObject.Traits","Label":"Traits","Category":"","Description":"","Attributes":5,"ValueType":"System.Collections.Generic.KeyValuePair`2[[System.String],[System.String]][]"},"Value":[]}]},"Attachments":[],"Outcome":2,"ErrorMessage":"Test method SeleniumUnitTests.TestInputControls.TestUncheck threw exception: \r\nSystem.IO.IOException: The process cannot access the file 'C:\\Users\\vagrant\\source\\repos\\SeleniumUnitTests\\bin\\Debug\\net6.0\\fine-code-coverage\\build-output\\Data\\InputCheckbox.xlsx' because it is being used by another process.","ErrorStackTrace":"    at Microsoft.Win32.SafeHandles.SafeFileHandle.CreateFile(String fullPath, FileMode mode, FileAccess access, FileShare share, FileOptions options)\r\n   at Microsoft.Win32.SafeHandles.SafeFileHandle.Open(String fullPath, FileMode mode, FileAccess access, FileShare share, FileOptions options, Int64 preallocationSize)\r\n   at System.IO.Strategies.OSFileStreamStrategy..ctor(String path, FileMode mode, FileAccess access, FileShare share, FileOptions options, Int64 preallocationSize)\r\n   at System.IO.Strategies.FileStreamHelpers.ChooseStrategyCore(String path, FileMode mode, FileAccess access, FileShare share, FileOptions options, Int64 preallocationSize)\r\n   at System.IO.Strategies.FileStreamHelpers.ChooseStrategy(FileStream fileStream, String path, FileMode mode, FileAccess access, FileShare share, Int32 bufferSize, FileOptions options, Int64 preallocationSize)\r\n   at System.IO.File.Open(String path, FileMode mode, FileAccess access)\r\n   at EasyExcelFramework.EasyExcelF.Populateworksheets(String filename, String defaultsheetname)\r\n   at EasyExcelFramework.EasyExcelF..ctor(String filename)\r\n   at EasyExcelFrameworkSelenium.EasyExcelFrameworkSelenium..ctor(String filename) in C:\\Users\\vagrant\\source\\repos\\EasyExcelFrameworkSelenium\\EasyExcelFrameworkSelenium.cs:line 23\r\n   at SeleniumUnitTests.TestInputControls.TestUncheck() in C:\\Users\\vagrant\\source\\repos\\SeleniumUnitTests\\TestInput.cs:line 70\r\n","DisplayName":"TestUncheck","Messages":[],"ComputerName":null,"Duration":"00:00:00.0637203","StartTime":"2022-10-06T07:08:26.0291731+01:00","EndTime":"2022-10-06T07:08:26.0956492+01:00","Properties":[{"Key":{"Id":"ExecutionId","Label":"ExecutionId","Category":"","Description":"","Attributes":1,"ValueType":"System.Guid"},"Value":"00000000-0000-0000-0000-000000000000"},{"Key":{"Id":"ParentExecId","Label":"ParentExecId","Category":"","Description":"","Attributes":1,"ValueType":"System.Guid"},"Value":"00000000-0000-0000-0000-000000000000"},{"Key":{"Id":"InnerResultsCount","Label":"InnerResultsCount","Category":"","Description":"","Attributes":1,"ValueType":"System.Int32"},"Value":0}]}],"TestRunStatistics":{"ExecutedTests":10,"Stats":{"Passed":9,"Failed":1}},"ActiveTests":[{"Id":"654a4a89-0a04-d954-615e-074ad33a3905","FullyQualifiedName":"SeleniumUnitTests.TestInputControls.TestRadio","DisplayName":"TestRadio","ExecutorUri":"executor://MSTestAdapter/v2","Source":"C:\\Users\\vagrant\\source\\repos\\SeleniumUnitTests\\bin\\Debug\\net6.0\\fine-code-coverage\\build-output\\SeleniumUnitTests.dll","CodeFilePath":null,"LineNumber":-1,"Properties":[{"Key":{"Id":"TestCase.ManagedType","Label":"ManagedType","Category":"","Description":"","Attributes":1,"ValueType":"System.String"},"Value":"SeleniumUnitTests.TestInputControls"},{"Key":{"Id":"TestCase.ManagedMethod","Label":"ManagedMethod","Category":"","Description":"","Attributes":1,"ValueType":"System.String"},"Value":"TestRadio"},{"Key":{"Id":"MSTestDiscoverer.TestClassName","Label":"ClassName","Category":"","Description":"","Attributes":1,"ValueType":"System.String"},"Value":"SeleniumUnitTests.TestInputControls"},{"Key":{"Id":"TestCase.Hierarchy","Label":"Hierarchy","Category":"","Description":"","Attributes":2,"ValueType":"System.String[]"},"Value":[null,"SeleniumUnitTests","TestInputControls","TestRadio"]},{"Key":{"Id":"TestObject.Traits","Label":"Traits","Category":"","Description":"","Attributes":5,"ValueType":"System.Collections.Generic.KeyValuePair`2[[System.String],[System.String]][]"},"Value":[]}]}]}}
TpTrace Verbose: 0 : 16868, 14, 2022/10/06, 07:08:27.633, 658214192615, testhost.dll, TestRunCache: OnNewTestResult: Notified the onCacheHit callback.
TpTrace Verbose: 0 : 16868, 10, 2022/10/06, 07:08:28.251, 658220321309, testhost.dll, TcpClientExtensions.MessageLoopAsync: Polling on remoteEndPoint: [::ffff:127.0.0.1]:52907 localEndPoint: [::ffff:127.0.0.1]:52911
TpTrace Verbose: 0 : 16868, 10, 2022/10/06, 07:08:29.238, 658230420855, testhost.dll, TcpClientExtensions.MessageLoopAsync: Polling on remoteEndPoint: [::ffff:127.0.0.1]:52907 localEndPoint: [::ffff:127.0.0.1]:52911
TpTrace Information: 0 : 16868, 4, 2022/10/06, 07:08:29.571, 658234088335, testhost.dll, MSTest - Executed test TestRadio
TpTrace Verbose: 0 : 16868, 4, 2022/10/06, 07:08:29.571, 658234091827, testhost.dll, TestExecutionRecorder.RecordEnd: test: SeleniumUnitTests.TestInputControls.TestRadio execution completed.
TpTrace Warning: 0 : 16868, 4, 2022/10/06, 07:08:29.571, 658234093095, testhost.dll, TestRunCache: InProgressTests is null
TpTrace Verbose: 0 : 16868, 4, 2022/10/06, 07:08:29.574, 658234126261, testhost.dll, MulticastDelegateUtilities.SafeInvoke: TestCaseEventsHandler.RaiseTestCaseEnd: Invoking callback 1/1 for Microsoft.VisualStudio.TestPlatform.CrossPlatEngine.DataCollection.ProxyOutOfProcDataCollectionManager.TriggerTestCaseEnd, took 3 ms.
TpTrace Verbose: 0 : 16868, 4, 2022/10/06, 07:08:29.574, 658234128557, testhost.dll, TestExecutionRecorder.RecordResult: Received result for test: SeleniumUnitTests.TestInputControls.TestRadio.
TpTrace Verbose: 0 : 16868, 4, 2022/10/06, 07:08:29.575, 658234129792, testhost.dll, MulticastDelegateUtilities.SafeInvoke: TestCaseEventsHandler.RaiseTestCaseEnd: Invoking callback 1/1 for Microsoft.VisualStudio.TestPlatform.CrossPlatEngine.DataCollection.ProxyOutOfProcDataCollectionManager.TriggerSendTestResult, took 0 ms.
TpTrace Warning: 0 : 16868, 4, 2022/10/06, 07:08:29.575, 658234130783, testhost.dll, TestRunCache: InProgressTests is null
TpTrace Warning: 0 : 16868, 4, 2022/10/06, 07:08:29.575, 658234131613, testhost.dll, TestRunCache: No test found corresponding to testResult 'TestRadio' in inProgress list.
TpTrace Verbose: 0 : 16868, 4, 2022/10/06, 07:08:29.575, 658234133370, testhost.dll, TestExecutionRecorder.RecordStart: Starting test: SeleniumUnitTests.TestInputControls.TestSelectByText.
TpTrace Information: 0 : 16868, 4, 2022/10/06, 07:08:29.575, 658234134190, testhost.dll, Sending test run statistics
TpTrace Verbose: 0 : 16868, 4, 2022/10/06, 07:08:29.576, 658234140379, testhost.dll, TestRequestHandler.SendData: sending data from testhost: {"Version":7,"MessageType":"TestExecution.StatsChange","Payload":{"NewTestResults":[{"TestCase":{"Id":"654a4a89-0a04-d954-615e-074ad33a3905","FullyQualifiedName":"SeleniumUnitTests.TestInputControls.TestRadio","DisplayName":"TestRadio","ExecutorUri":"executor://MSTestAdapter/v2","Source":"C:\\Users\\vagrant\\source\\repos\\SeleniumUnitTests\\bin\\Debug\\net6.0\\fine-code-coverage\\build-output\\SeleniumUnitTests.dll","CodeFilePath":null,"LineNumber":-1,"Properties":[{"Key":{"Id":"TestCase.ManagedType","Label":"ManagedType","Category":"","Description":"","Attributes":1,"ValueType":"System.String"},"Value":"SeleniumUnitTests.TestInputControls"},{"Key":{"Id":"TestCase.ManagedMethod","Label":"ManagedMethod","Category":"","Description":"","Attributes":1,"ValueType":"System.String"},"Value":"TestRadio"},{"Key":{"Id":"MSTestDiscoverer.TestClassName","Label":"ClassName","Category":"","Description":"","Attributes":1,"ValueType":"System.String"},"Value":"SeleniumUnitTests.TestInputControls"},{"Key":{"Id":"TestCase.Hierarchy","Label":"Hierarchy","Category":"","Description":"","Attributes":2,"ValueType":"System.String[]"},"Value":[null,"SeleniumUnitTests","TestInputControls","TestRadio"]},{"Key":{"Id":"TestObject.Traits","Label":"Traits","Category":"","Description":"","Attributes":5,"ValueType":"System.Collections.Generic.KeyValuePair`2[[System.String],[System.String]][]"},"Value":[]}]},"Attachments":[],"Outcome":1,"ErrorMessage":null,"ErrorStackTrace":null,"DisplayName":"TestRadio","Messages":[],"ComputerName":null,"Duration":"00:00:03.5054036","StartTime":"2022-10-06T07:08:26.1033112+01:00","EndTime":"2022-10-06T07:08:29.5715313+01:00","Properties":[{"Key":{"Id":"ExecutionId","Label":"ExecutionId","Category":"","Description":"","Attributes":1,"ValueType":"System.Guid"},"Value":"00000000-0000-0000-0000-000000000000"},{"Key":{"Id":"ParentExecId","Label":"ParentExecId","Category":"","Description":"","Attributes":1,"ValueType":"System.Guid"},"Value":"00000000-0000-0000-0000-000000000000"},{"Key":{"Id":"InnerResultsCount","Label":"InnerResultsCount","Category":"","Description":"","Attributes":1,"ValueType":"System.Int32"},"Value":0}]}],"TestRunStatistics":{"ExecutedTests":11,"Stats":{"Passed":10,"Failed":1}},"ActiveTests":[{"Id":"15ae5df1-65d8-4a61-d714-52e11a0fa214","FullyQualifiedName":"SeleniumUnitTests.TestInputControls.TestSelectByText","DisplayName":"TestSelectByText","ExecutorUri":"executor://MSTestAdapter/v2","Source":"C:\\Users\\vagrant\\source\\repos\\SeleniumUnitTests\\bin\\Debug\\net6.0\\fine-code-coverage\\build-output\\SeleniumUnitTests.dll","CodeFilePath":null,"LineNumber":-1,"Properties":[{"Key":{"Id":"TestCase.ManagedType","Label":"ManagedType","Category":"","Description":"","Attributes":1,"ValueType":"System.String"},"Value":"SeleniumUnitTests.TestInputControls"},{"Key":{"Id":"TestCase.ManagedMethod","Label":"ManagedMethod","Category":"","Description":"","Attributes":1,"ValueType":"System.String"},"Value":"TestSelectByText"},{"Key":{"Id":"MSTestDiscoverer.TestClassName","Label":"ClassName","Category":"","Description":"","Attributes":1,"ValueType":"System.String"},"Value":"SeleniumUnitTests.TestInputControls"},{"Key":{"Id":"TestCase.Hierarchy","Label":"Hierarchy","Category":"","Description":"","Attributes":2,"ValueType":"System.String[]"},"Value":[null,"SeleniumUnitTests","TestInputControls","TestSelectByText"]},{"Key":{"Id":"TestObject.Traits","Label":"Traits","Category":"","Description":"","Attributes":5,"ValueType":"System.Collections.Generic.KeyValuePair`2[[System.String],[System.String]][]"},"Value":[]}]}]}}
TpTrace Verbose: 0 : 16868, 4, 2022/10/06, 07:08:29.576, 658234143751, testhost.dll, TestRunCache: OnNewTestResult: Notified the onCacheHit callback.
TpTrace Verbose: 0 : 16868, 4, 2022/10/06, 07:08:29.579, 658234181875, testhost.dll, MulticastDelegateUtilities.SafeInvoke: TestCaseEventsHandler.RaiseTestCaseStart: Invoking callback 1/1 for Microsoft.VisualStudio.TestPlatform.CrossPlatEngine.DataCollection.ProxyOutOfProcDataCollectionManager.TriggerTestCaseStart, took 3 ms.
TpTrace Information: 0 : 16868, 4, 2022/10/06, 07:08:29.579, 658234183313, testhost.dll, MSTest - Executing test TestSelectByText
TpTrace Verbose: 0 : 16868, 10, 2022/10/06, 07:08:30.152, 658240488315, testhost.dll, TcpClientExtensions.MessageLoopAsync: Polling on remoteEndPoint: [::ffff:127.0.0.1]:52907 localEndPoint: [::ffff:127.0.0.1]:52911
TpTrace Verbose: 0 : 16868, 10, 2022/10/06, 07:08:31.067, 658250567196, testhost.dll, TcpClientExtensions.MessageLoopAsync: Polling on remoteEndPoint: [::ffff:127.0.0.1]:52907 localEndPoint: [::ffff:127.0.0.1]:52911
TpTrace Verbose: 0 : 16868, 10, 2022/10/06, 07:08:31.989, 658260713874, testhost.dll, TcpClientExtensions.MessageLoopAsync: Polling on remoteEndPoint: [::ffff:127.0.0.1]:52907 localEndPoint: [::ffff:127.0.0.1]:52911
TpTrace Information: 0 : 16868, 4, 2022/10/06, 07:08:32.685, 658268375909, testhost.dll, MSTest - Executed test TestSelectByText
TpTrace Verbose: 0 : 16868, 4, 2022/10/06, 07:08:32.685, 658268377947, testhost.dll, TestExecutionRecorder.RecordEnd: test: SeleniumUnitTests.TestInputControls.TestSelectByText execution completed.
TpTrace Warning: 0 : 16868, 4, 2022/10/06, 07:08:32.685, 658268378837, testhost.dll, TestRunCache: InProgressTests is null
TpTrace Verbose: 0 : 16868, 4, 2022/10/06, 07:08:32.688, 658268411253, testhost.dll, MulticastDelegateUtilities.SafeInvoke: TestCaseEventsHandler.RaiseTestCaseEnd: Invoking callback 1/1 for Microsoft.VisualStudio.TestPlatform.CrossPlatEngine.DataCollection.ProxyOutOfProcDataCollectionManager.TriggerTestCaseEnd, took 3 ms.
TpTrace Verbose: 0 : 16868, 4, 2022/10/06, 07:08:32.688, 658268412463, testhost.dll, TestExecutionRecorder.RecordResult: Received result for test: SeleniumUnitTests.TestInputControls.TestSelectByText.
TpTrace Verbose: 0 : 16868, 4, 2022/10/06, 07:08:32.688, 658268414670, testhost.dll, MulticastDelegateUtilities.SafeInvoke: TestCaseEventsHandler.RaiseTestCaseEnd: Invoking callback 1/1 for Microsoft.VisualStudio.TestPlatform.CrossPlatEngine.DataCollection.ProxyOutOfProcDataCollectionManager.TriggerSendTestResult, took 0 ms.
TpTrace Warning: 0 : 16868, 4, 2022/10/06, 07:08:32.688, 658268415541, testhost.dll, TestRunCache: InProgressTests is null
TpTrace Warning: 0 : 16868, 4, 2022/10/06, 07:08:32.688, 658268416580, testhost.dll, TestRunCache: No test found corresponding to testResult 'TestSelectByText' in inProgress list.
TpTrace Verbose: 0 : 16868, 4, 2022/10/06, 07:08:32.688, 658268419018, testhost.dll, TestExecutionRecorder.RecordStart: Starting test: SeleniumUnitTests.TestInputControls.TestSelectByValue.
TpTrace Information: 0 : 16868, 4, 2022/10/06, 07:08:32.689, 658268419971, testhost.dll, Sending test run statistics
TpTrace Verbose: 0 : 16868, 4, 2022/10/06, 07:08:32.689, 658268425111, testhost.dll, TestRequestHandler.SendData: sending data from testhost: {"Version":7,"MessageType":"TestExecution.StatsChange","Payload":{"NewTestResults":[{"TestCase":{"Id":"15ae5df1-65d8-4a61-d714-52e11a0fa214","FullyQualifiedName":"SeleniumUnitTests.TestInputControls.TestSelectByText","DisplayName":"TestSelectByText","ExecutorUri":"executor://MSTestAdapter/v2","Source":"C:\\Users\\vagrant\\source\\repos\\SeleniumUnitTests\\bin\\Debug\\net6.0\\fine-code-coverage\\build-output\\SeleniumUnitTests.dll","CodeFilePath":null,"LineNumber":-1,"Properties":[{"Key":{"Id":"TestCase.ManagedType","Label":"ManagedType","Category":"","Description":"","Attributes":1,"ValueType":"System.String"},"Value":"SeleniumUnitTests.TestInputControls"},{"Key":{"Id":"TestCase.ManagedMethod","Label":"ManagedMethod","Category":"","Description":"","Attributes":1,"ValueType":"System.String"},"Value":"TestSelectByText"},{"Key":{"Id":"MSTestDiscoverer.TestClassName","Label":"ClassName","Category":"","Description":"","Attributes":1,"ValueType":"System.String"},"Value":"SeleniumUnitTests.TestInputControls"},{"Key":{"Id":"TestCase.Hierarchy","Label":"Hierarchy","Category":"","Description":"","Attributes":2,"ValueType":"System.String[]"},"Value":[null,"SeleniumUnitTests","TestInputControls","TestSelectByText"]},{"Key":{"Id":"TestObject.Traits","Label":"Traits","Category":"","Description":"","Attributes":5,"ValueType":"System.Collections.Generic.KeyValuePair`2[[System.String],[System.String]][]"},"Value":[]}]},"Attachments":[],"Outcome":1,"ErrorMessage":null,"ErrorStackTrace":null,"DisplayName":"TestSelectByText","Messages":[],"ComputerName":null,"Duration":"00:00:03.4186440","StartTime":"2022-10-06T07:08:29.5799149+01:00","EndTime":"2022-10-06T07:08:32.685237+01:00","Properties":[{"Key":{"Id":"ExecutionId","Label":"ExecutionId","Category":"","Description":"","Attributes":1,"ValueType":"System.Guid"},"Value":"00000000-0000-0000-0000-000000000000"},{"Key":{"Id":"ParentExecId","Label":"ParentExecId","Category":"","Description":"","Attributes":1,"ValueType":"System.Guid"},"Value":"00000000-0000-0000-0000-000000000000"},{"Key":{"Id":"InnerResultsCount","Label":"InnerResultsCount","Category":"","Description":"","Attributes":1,"ValueType":"System.Int32"},"Value":0}]}],"TestRunStatistics":{"ExecutedTests":12,"Stats":{"Passed":11,"Failed":1}},"ActiveTests":[{"Id":"ec779046-39a8-425e-e3f8-5b930d6e31fa","FullyQualifiedName":"SeleniumUnitTests.TestInputControls.TestSelectByValue","DisplayName":"TestSelectByValue","ExecutorUri":"executor://MSTestAdapter/v2","Source":"C:\\Users\\vagrant\\source\\repos\\SeleniumUnitTests\\bin\\Debug\\net6.0\\fine-code-coverage\\build-output\\SeleniumUnitTests.dll","CodeFilePath":null,"LineNumber":-1,"Properties":[{"Key":{"Id":"TestCase.ManagedType","Label":"ManagedType","Category":"","Description":"","Attributes":1,"ValueType":"System.String"},"Value":"SeleniumUnitTests.TestInputControls"},{"Key":{"Id":"TestCase.ManagedMethod","Label":"ManagedMethod","Category":"","Description":"","Attributes":1,"ValueType":"System.String"},"Value":"TestSelectByValue"},{"Key":{"Id":"MSTestDiscoverer.TestClassName","Label":"ClassName","Category":"","Description":"","Attributes":1,"ValueType":"System.String"},"Value":"SeleniumUnitTests.TestInputControls"},{"Key":{"Id":"TestCase.Hierarchy","Label":"Hierarchy","Category":"","Description":"","Attributes":2,"ValueType":"System.String[]"},"Value":[null,"SeleniumUnitTests","TestInputControls","TestSelectByValue"]},{"Key":{"Id":"TestObject.Traits","Label":"Traits","Category":"","Description":"","Attributes":5,"ValueType":"System.Collections.Generic.KeyValuePair`2[[System.String],[System.String]][]"},"Value":[]}]}]}}
TpTrace Verbose: 0 : 16868, 4, 2022/10/06, 07:08:32.689, 658268429564, testhost.dll, TestRunCache: OnNewTestResult: Notified the onCacheHit callback.
TpTrace Verbose: 0 : 16868, 4, 2022/10/06, 07:08:32.692, 658268461964, testhost.dll, MulticastDelegateUtilities.SafeInvoke: TestCaseEventsHandler.RaiseTestCaseStart: Invoking callback 1/1 for Microsoft.VisualStudio.TestPlatform.CrossPlatEngine.DataCollection.ProxyOutOfProcDataCollectionManager.TriggerTestCaseStart, took 3 ms.
TpTrace Information: 0 : 16868, 4, 2022/10/06, 07:08:32.693, 658268464272, testhost.dll, MSTest - Executing test TestSelectByValue
TpTrace Verbose: 0 : 16868, 10, 2022/10/06, 07:08:32.905, 658270808581, testhost.dll, TcpClientExtensions.MessageLoopAsync: Polling on remoteEndPoint: [::ffff:127.0.0.1]:52907 localEndPoint: [::ffff:127.0.0.1]:52911
TpTrace Verbose: 0 : 16868, 10, 2022/10/06, 07:08:33.822, 658280896702, testhost.dll, TcpClientExtensions.MessageLoopAsync: Polling on remoteEndPoint: [::ffff:127.0.0.1]:52907 localEndPoint: [::ffff:127.0.0.1]:52911
TpTrace Verbose: 0 : 16868, 10, 2022/10/06, 07:08:34.740, 658291014866, testhost.dll, TcpClientExtensions.MessageLoopAsync: Polling on remoteEndPoint: [::ffff:127.0.0.1]:52907 localEndPoint: [::ffff:127.0.0.1]:52911
TpTrace Information: 0 : 16868, 4, 2022/10/06, 07:08:35.541, 658299826660, testhost.dll, MSTest - Executed test TestSelectByValue
TpTrace Verbose: 0 : 16868, 4, 2022/10/06, 07:08:35.541, 658299828208, testhost.dll, TestExecutionRecorder.RecordEnd: test: SeleniumUnitTests.TestInputControls.TestSelectByValue execution completed.
TpTrace Warning: 0 : 16868, 4, 2022/10/06, 07:08:35.541, 658299828973, testhost.dll, TestRunCache: InProgressTests is null
TpTrace Verbose: 0 : 16868, 4, 2022/10/06, 07:08:35.546, 658299881660, testhost.dll, MulticastDelegateUtilities.SafeInvoke: TestCaseEventsHandler.RaiseTestCaseEnd: Invoking callback 1/1 for Microsoft.VisualStudio.TestPlatform.CrossPlatEngine.DataCollection.ProxyOutOfProcDataCollectionManager.TriggerTestCaseEnd, took 5 ms.
TpTrace Verbose: 0 : 16868, 4, 2022/10/06, 07:08:35.546, 658299883204, testhost.dll, TestExecutionRecorder.RecordResult: Received result for test: SeleniumUnitTests.TestInputControls.TestSelectByValue.
TpTrace Verbose: 0 : 16868, 4, 2022/10/06, 07:08:35.546, 658299884750, testhost.dll, MulticastDelegateUtilities.SafeInvoke: TestCaseEventsHandler.RaiseTestCaseEnd: Invoking callback 1/1 for Microsoft.VisualStudio.TestPlatform.CrossPlatEngine.DataCollection.ProxyOutOfProcDataCollectionManager.TriggerSendTestResult, took 0 ms.
TpTrace Warning: 0 : 16868, 4, 2022/10/06, 07:08:35.546, 658299885662, testhost.dll, TestRunCache: InProgressTests is null
TpTrace Warning: 0 : 16868, 4, 2022/10/06, 07:08:35.546, 658299886359, testhost.dll, TestRunCache: No test found corresponding to testResult 'TestSelectByValue' in inProgress list.
TpTrace Verbose: 0 : 16868, 4, 2022/10/06, 07:08:35.546, 658299887710, testhost.dll, TestExecutionRecorder.RecordStart: Starting test: SeleniumUnitTests.TestInputControls.TestSelectByIndex.
TpTrace Information: 0 : 16868, 4, 2022/10/06, 07:08:35.546, 658299888682, testhost.dll, Sending test run statistics
TpTrace Verbose: 0 : 16868, 4, 2022/10/06, 07:08:35.547, 658299895060, testhost.dll, TestRequestHandler.SendData: sending data from testhost: {"Version":7,"MessageType":"TestExecution.StatsChange","Payload":{"NewTestResults":[{"TestCase":{"Id":"ec779046-39a8-425e-e3f8-5b930d6e31fa","FullyQualifiedName":"SeleniumUnitTests.TestInputControls.TestSelectByValue","DisplayName":"TestSelectByValue","ExecutorUri":"executor://MSTestAdapter/v2","Source":"C:\\Users\\vagrant\\source\\repos\\SeleniumUnitTests\\bin\\Debug\\net6.0\\fine-code-coverage\\build-output\\SeleniumUnitTests.dll","CodeFilePath":null,"LineNumber":-1,"Properties":[{"Key":{"Id":"TestCase.ManagedType","Label":"ManagedType","Category":"","Description":"","Attributes":1,"ValueType":"System.String"},"Value":"SeleniumUnitTests.TestInputControls"},{"Key":{"Id":"TestCase.ManagedMethod","Label":"ManagedMethod","Category":"","Description":"","Attributes":1,"ValueType":"System.String"},"Value":"TestSelectByValue"},{"Key":{"Id":"MSTestDiscoverer.TestClassName","Label":"ClassName","Category":"","Description":"","Attributes":1,"ValueType":"System.String"},"Value":"SeleniumUnitTests.TestInputControls"},{"Key":{"Id":"TestCase.Hierarchy","Label":"Hierarchy","Category":"","Description":"","Attributes":2,"ValueType":"System.String[]"},"Value":[null,"SeleniumUnitTests","TestInputControls","TestSelectByValue"]},{"Key":{"Id":"TestObject.Traits","Label":"Traits","Category":"","Description":"","Attributes":5,"ValueType":"System.Collections.Generic.KeyValuePair`2[[System.String],[System.String]][]"},"Value":[]}]},"Attachments":[],"Outcome":1,"ErrorMessage":null,"ErrorStackTrace":null,"DisplayName":"TestSelectByValue","Messages":[],"ComputerName":null,"Duration":"00:00:03.1357905","StartTime":"2022-10-06T07:08:32.6930873+01:00","EndTime":"2022-10-06T07:08:35.5413381+01:00","Properties":[{"Key":{"Id":"ExecutionId","Label":"ExecutionId","Category":"","Description":"","Attributes":1,"ValueType":"System.Guid"},"Value":"00000000-0000-0000-0000-000000000000"},{"Key":{"Id":"ParentExecId","Label":"ParentExecId","Category":"","Description":"","Attributes":1,"ValueType":"System.Guid"},"Value":"00000000-0000-0000-0000-000000000000"},{"Key":{"Id":"InnerResultsCount","Label":"InnerResultsCount","Category":"","Description":"","Attributes":1,"ValueType":"System.Int32"},"Value":0}]}],"TestRunStatistics":{"ExecutedTests":13,"Stats":{"Passed":12,"Failed":1}},"ActiveTests":[{"Id":"22980522-360a-7ee9-bbf9-8405cc5d3136","FullyQualifiedName":"SeleniumUnitTests.TestInputControls.TestSelectByIndex","DisplayName":"TestSelectByIndex","ExecutorUri":"executor://MSTestAdapter/v2","Source":"C:\\Users\\vagrant\\source\\repos\\SeleniumUnitTests\\bin\\Debug\\net6.0\\fine-code-coverage\\build-output\\SeleniumUnitTests.dll","CodeFilePath":null,"LineNumber":-1,"Properties":[{"Key":{"Id":"TestCase.ManagedType","Label":"ManagedType","Category":"","Description":"","Attributes":1,"ValueType":"System.String"},"Value":"SeleniumUnitTests.TestInputControls"},{"Key":{"Id":"TestCase.ManagedMethod","Label":"ManagedMethod","Category":"","Description":"","Attributes":1,"ValueType":"System.String"},"Value":"TestSelectByIndex"},{"Key":{"Id":"MSTestDiscoverer.TestClassName","Label":"ClassName","Category":"","Description":"","Attributes":1,"ValueType":"System.String"},"Value":"SeleniumUnitTests.TestInputControls"},{"Key":{"Id":"TestCase.Hierarchy","Label":"Hierarchy","Category":"","Description":"","Attributes":2,"ValueType":"System.String[]"},"Value":[null,"SeleniumUnitTests","TestInputControls","TestSelectByIndex"]},{"Key":{"Id":"TestObject.Traits","Label":"Traits","Category":"","Description":"","Attributes":5,"ValueType":"System.Collections.Generic.KeyValuePair`2[[System.String],[System.String]][]"},"Value":[]}]}]}}
TpTrace Verbose: 0 : 16868, 4, 2022/10/06, 07:08:35.547, 658299898260, testhost.dll, TestRunCache: OnNewTestResult: Notified the onCacheHit callback.
TpTrace Verbose: 0 : 16868, 4, 2022/10/06, 07:08:35.551, 658299935521, testhost.dll, MulticastDelegateUtilities.SafeInvoke: TestCaseEventsHandler.RaiseTestCaseStart: Invoking callback 1/1 for Microsoft.VisualStudio.TestPlatform.CrossPlatEngine.DataCollection.ProxyOutOfProcDataCollectionManager.TriggerTestCaseStart, took 3 ms.
TpTrace Information: 0 : 16868, 4, 2022/10/06, 07:08:35.551, 658299936835, testhost.dll, MSTest - Executing test TestSelectByIndex
TpTrace Verbose: 0 : 16868, 10, 2022/10/06, 07:08:35.655, 658301088719, testhost.dll, TcpClientExtensions.MessageLoopAsync: Polling on remoteEndPoint: [::ffff:127.0.0.1]:52907 localEndPoint: [::ffff:127.0.0.1]:52911
TpTrace Verbose: 0 : 16868, 10, 2022/10/06, 07:08:36.574, 658311204449, testhost.dll, TcpClientExtensions.MessageLoopAsync: Polling on remoteEndPoint: [::ffff:127.0.0.1]:52907 localEndPoint: [::ffff:127.0.0.1]:52911
TpTrace Verbose: 0 : 16868, 10, 2022/10/06, 07:08:37.488, 658321264516, testhost.dll, TcpClientExtensions.MessageLoopAsync: Polling on remoteEndPoint: [::ffff:127.0.0.1]:52907 localEndPoint: [::ffff:127.0.0.1]:52911
TpTrace Verbose: 0 : 16868, 10, 2022/10/06, 07:08:38.365, 658331323936, testhost.dll, TcpClientExtensions.MessageLoopAsync: Polling on remoteEndPoint: [::ffff:127.0.0.1]:52907 localEndPoint: [::ffff:127.0.0.1]:52911
TpTrace Information: 0 : 16868, 4, 2022/10/06, 07:08:38.663, 658334973008, testhost.dll, MSTest - Executed test TestSelectByIndex
TpTrace Verbose: 0 : 16868, 4, 2022/10/06, 07:08:38.663, 658334974690, testhost.dll, TestExecutionRecorder.RecordEnd: test: SeleniumUnitTests.TestInputControls.TestSelectByIndex execution completed.
TpTrace Warning: 0 : 16868, 4, 2022/10/06, 07:08:38.663, 658334975511, testhost.dll, TestRunCache: InProgressTests is null
TpTrace Verbose: 0 : 16868, 4, 2022/10/06, 07:08:38.675, 658335120766, testhost.dll, MulticastDelegateUtilities.SafeInvoke: TestCaseEventsHandler.RaiseTestCaseEnd: Invoking callback 1/1 for Microsoft.VisualStudio.TestPlatform.CrossPlatEngine.DataCollection.ProxyOutOfProcDataCollectionManager.TriggerTestCaseEnd, took 14 ms.
TpTrace Verbose: 0 : 16868, 4, 2022/10/06, 07:08:38.675, 658335122040, testhost.dll, TestExecutionRecorder.RecordResult: Received result for test: SeleniumUnitTests.TestInputControls.TestSelectByIndex.
TpTrace Verbose: 0 : 16868, 4, 2022/10/06, 07:08:38.675, 658335123436, testhost.dll, MulticastDelegateUtilities.SafeInvoke: TestCaseEventsHandler.RaiseTestCaseEnd: Invoking callback 1/1 for Microsoft.VisualStudio.TestPlatform.CrossPlatEngine.DataCollection.ProxyOutOfProcDataCollectionManager.TriggerSendTestResult, took 0 ms.
TpTrace Warning: 0 : 16868, 4, 2022/10/06, 07:08:38.675, 658335124320, testhost.dll, TestRunCache: InProgressTests is null
TpTrace Warning: 0 : 16868, 4, 2022/10/06, 07:08:38.675, 658335125017, testhost.dll, TestRunCache: No test found corresponding to testResult 'TestSelectByIndex' in inProgress list.
TpTrace Verbose: 0 : 16868, 4, 2022/10/06, 07:08:38.676, 658335126648, testhost.dll, TestExecutionRecorder.RecordStart: Starting test: SeleniumUnitTests.TestInputControls.TestDeselectByText.
TpTrace Information: 0 : 16868, 4, 2022/10/06, 07:08:38.676, 658335127769, testhost.dll, Sending test run statistics
TpTrace Verbose: 0 : 16868, 4, 2022/10/06, 07:08:38.676, 658335132762, testhost.dll, TestRequestHandler.SendData: sending data from testhost: {"Version":7,"MessageType":"TestExecution.StatsChange","Payload":{"NewTestResults":[{"TestCase":{"Id":"22980522-360a-7ee9-bbf9-8405cc5d3136","FullyQualifiedName":"SeleniumUnitTests.TestInputControls.TestSelectByIndex","DisplayName":"TestSelectByIndex","ExecutorUri":"executor://MSTestAdapter/v2","Source":"C:\\Users\\vagrant\\source\\repos\\SeleniumUnitTests\\bin\\Debug\\net6.0\\fine-code-coverage\\build-output\\SeleniumUnitTests.dll","CodeFilePath":null,"LineNumber":-1,"Properties":[{"Key":{"Id":"TestCase.ManagedType","Label":"ManagedType","Category":"","Description":"","Attributes":1,"ValueType":"System.String"},"Value":"SeleniumUnitTests.TestInputControls"},{"Key":{"Id":"TestCase.ManagedMethod","Label":"ManagedMethod","Category":"","Description":"","Attributes":1,"ValueType":"System.String"},"Value":"TestSelectByIndex"},{"Key":{"Id":"MSTestDiscoverer.TestClassName","Label":"ClassName","Category":"","Description":"","Attributes":1,"ValueType":"System.String"},"Value":"SeleniumUnitTests.TestInputControls"},{"Key":{"Id":"TestCase.Hierarchy","Label":"Hierarchy","Category":"","Description":"","Attributes":2,"ValueType":"System.String[]"},"Value":[null,"SeleniumUnitTests","TestInputControls","TestSelectByIndex"]},{"Key":{"Id":"TestObject.Traits","Label":"Traits","Category":"","Description":"","Attributes":5,"ValueType":"System.Collections.Generic.KeyValuePair`2[[System.String],[System.String]][]"},"Value":[]}]},"Attachments":[],"Outcome":1,"ErrorMessage":null,"ErrorStackTrace":null,"DisplayName":"TestSelectByIndex","Messages":[],"ComputerName":null,"Duration":"00:00:03.5031990","StartTime":"2022-10-06T07:08:35.551219+01:00","EndTime":"2022-10-06T07:08:38.6635769+01:00","Properties":[{"Key":{"Id":"ExecutionId","Label":"ExecutionId","Category":"","Description":"","Attributes":1,"ValueType":"System.Guid"},"Value":"00000000-0000-0000-0000-000000000000"},{"Key":{"Id":"ParentExecId","Label":"ParentExecId","Category":"","Description":"","Attributes":1,"ValueType":"System.Guid"},"Value":"00000000-0000-0000-0000-000000000000"},{"Key":{"Id":"InnerResultsCount","Label":"InnerResultsCount","Category":"","Description":"","Attributes":1,"ValueType":"System.Int32"},"Value":0}]}],"TestRunStatistics":{"ExecutedTests":14,"Stats":{"Passed":13,"Failed":1}},"ActiveTests":[{"Id":"5c1b73fc-598e-fe26-e0c3-c71baf609689","FullyQualifiedName":"SeleniumUnitTests.TestInputControls.TestDeselectByText","DisplayName":"TestDeselectByText","ExecutorUri":"executor://MSTestAdapter/v2","Source":"C:\\Users\\vagrant\\source\\repos\\SeleniumUnitTests\\bin\\Debug\\net6.0\\fine-code-coverage\\build-output\\SeleniumUnitTests.dll","CodeFilePath":null,"LineNumber":-1,"Properties":[{"Key":{"Id":"TestCase.ManagedType","Label":"ManagedType","Category":"","Description":"","Attributes":1,"ValueType":"System.String"},"Value":"SeleniumUnitTests.TestInputControls"},{"Key":{"Id":"TestCase.ManagedMethod","Label":"ManagedMethod","Category":"","Description":"","Attributes":1,"ValueType":"System.String"},"Value":"TestDeselectByText"},{"Key":{"Id":"MSTestDiscoverer.TestClassName","Label":"ClassName","Category":"","Description":"","Attributes":1,"ValueType":"System.String"},"Value":"SeleniumUnitTests.TestInputControls"},{"Key":{"Id":"TestCase.Hierarchy","Label":"Hierarchy","Category":"","Description":"","Attributes":2,"ValueType":"System.String[]"},"Value":[null,"SeleniumUnitTests","TestInputControls","TestDeselectByText"]},{"Key":{"Id":"TestObject.Traits","Label":"Traits","Category":"","Description":"","Attributes":5,"ValueType":"System.Collections.Generic.KeyValuePair`2[[System.String],[System.String]][]"},"Value":[]}]}]}}
TpTrace Verbose: 0 : 16868, 4, 2022/10/06, 07:08:38.676, 658335135627, testhost.dll, TestRunCache: OnNewTestResult: Notified the onCacheHit callback.
TpTrace Verbose: 0 : 16868, 4, 2022/10/06, 07:08:38.679, 658335167049, testhost.dll, MulticastDelegateUtilities.SafeInvoke: TestCaseEventsHandler.RaiseTestCaseStart: Invoking callback 1/1 for Microsoft.VisualStudio.TestPlatform.CrossPlatEngine.DataCollection.ProxyOutOfProcDataCollectionManager.TriggerTestCaseStart, took 3 ms.
TpTrace Information: 0 : 16868, 4, 2022/10/06, 07:08:38.679, 658335168683, testhost.dll, MSTest - Executing test TestDeselectByText
TpTrace Verbose: 0 : 16868, 10, 2022/10/06, 07:08:39.187, 658341389396, testhost.dll, TcpClientExtensions.MessageLoopAsync: Polling on remoteEndPoint: [::ffff:127.0.0.1]:52907 localEndPoint: [::ffff:127.0.0.1]:52911
TpTrace Verbose: 0 : 16868, 10, 2022/10/06, 07:08:40.012, 658351478450, testhost.dll, TcpClientExtensions.MessageLoopAsync: Polling on remoteEndPoint: [::ffff:127.0.0.1]:52907 localEndPoint: [::ffff:127.0.0.1]:52911
TpTrace Verbose: 0 : 16868, 10, 2022/10/06, 07:08:40.837, 658361573775, testhost.dll, TcpClientExtensions.MessageLoopAsync: Polling on remoteEndPoint: [::ffff:127.0.0.1]:52907 localEndPoint: [::ffff:127.0.0.1]:52911
TpTrace Information: 0 : 16868, 4, 2022/10/06, 07:08:41.486, 658369511071, testhost.dll, MSTest - Executed test TestDeselectByText
TpTrace Verbose: 0 : 16868, 4, 2022/10/06, 07:08:41.486, 658369513147, testhost.dll, TestExecutionRecorder.RecordEnd: test: SeleniumUnitTests.TestInputControls.TestDeselectByText execution completed.
TpTrace Warning: 0 : 16868, 4, 2022/10/06, 07:08:41.486, 658369514038, testhost.dll, TestRunCache: InProgressTests is null
TpTrace Verbose: 0 : 16868, 4, 2022/10/06, 07:08:41.489, 658369546924, testhost.dll, MulticastDelegateUtilities.SafeInvoke: TestCaseEventsHandler.RaiseTestCaseEnd: Invoking callback 1/1 for Microsoft.VisualStudio.TestPlatform.CrossPlatEngine.DataCollection.ProxyOutOfProcDataCollectionManager.TriggerTestCaseEnd, took 3 ms.
TpTrace Verbose: 0 : 16868, 4, 2022/10/06, 07:08:41.489, 658369548144, testhost.dll, TestExecutionRecorder.RecordResult: Received result for test: SeleniumUnitTests.TestInputControls.TestDeselectByText.
TpTrace Verbose: 0 : 16868, 4, 2022/10/06, 07:08:41.489, 658369549420, testhost.dll, MulticastDelegateUtilities.SafeInvoke: TestCaseEventsHandler.RaiseTestCaseEnd: Invoking callback 1/1 for Microsoft.VisualStudio.TestPlatform.CrossPlatEngine.DataCollection.ProxyOutOfProcDataCollectionManager.TriggerSendTestResult, took 0 ms.
TpTrace Warning: 0 : 16868, 4, 2022/10/06, 07:08:41.489, 658369550873, testhost.dll, TestRunCache: InProgressTests is null
TpTrace Warning: 0 : 16868, 4, 2022/10/06, 07:08:41.489, 658369551651, testhost.dll, TestRunCache: No test found corresponding to testResult 'TestDeselectByText' in inProgress list.
TpTrace Verbose: 0 : 16868, 4, 2022/10/06, 07:08:41.489, 658369553097, testhost.dll, TestExecutionRecorder.RecordStart: Starting test: SeleniumUnitTests.TestInputControls.TestDeselectByValue.
TpTrace Information: 0 : 16868, 4, 2022/10/06, 07:08:41.489, 658369554081, testhost.dll, Sending test run statistics
TpTrace Verbose: 0 : 16868, 4, 2022/10/06, 07:08:41.490, 658369558672, testhost.dll, TestRequestHandler.SendData: sending data from testhost: {"Version":7,"MessageType":"TestExecution.StatsChange","Payload":{"NewTestResults":[{"TestCase":{"Id":"5c1b73fc-598e-fe26-e0c3-c71baf609689","FullyQualifiedName":"SeleniumUnitTests.TestInputControls.TestDeselectByText","DisplayName":"TestDeselectByText","ExecutorUri":"executor://MSTestAdapter/v2","Source":"C:\\Users\\vagrant\\source\\repos\\SeleniumUnitTests\\bin\\Debug\\net6.0\\fine-code-coverage\\build-output\\SeleniumUnitTests.dll","CodeFilePath":null,"LineNumber":-1,"Properties":[{"Key":{"Id":"TestCase.ManagedType","Label":"ManagedType","Category":"","Description":"","Attributes":1,"ValueType":"System.String"},"Value":"SeleniumUnitTests.TestInputControls"},{"Key":{"Id":"TestCase.ManagedMethod","Label":"ManagedMethod","Category":"","Description":"","Attributes":1,"ValueType":"System.String"},"Value":"TestDeselectByText"},{"Key":{"Id":"MSTestDiscoverer.TestClassName","Label":"ClassName","Category":"","Description":"","Attributes":1,"ValueType":"System.String"},"Value":"SeleniumUnitTests.TestInputControls"},{"Key":{"Id":"TestCase.Hierarchy","Label":"Hierarchy","Category":"","Description":"","Attributes":2,"ValueType":"System.String[]"},"Value":[null,"SeleniumUnitTests","TestInputControls","TestDeselectByText"]},{"Key":{"Id":"TestObject.Traits","Label":"Traits","Category":"","Description":"","Attributes":5,"ValueType":"System.Collections.Generic.KeyValuePair`2[[System.String],[System.String]][]"},"Value":[]}]},"Attachments":[],"Outcome":1,"ErrorMessage":null,"ErrorStackTrace":null,"DisplayName":"TestDeselectByText","Messages":[],"ComputerName":null,"Duration":"00:00:03.4338237","StartTime":"2022-10-06T07:08:38.6794278+01:00","EndTime":"2022-10-06T07:08:41.4864898+01:00","Properties":[{"Key":{"Id":"ExecutionId","Label":"ExecutionId","Category":"","Description":"","Attributes":1,"ValueType":"System.Guid"},"Value":"00000000-0000-0000-0000-000000000000"},{"Key":{"Id":"ParentExecId","Label":"ParentExecId","Category":"","Description":"","Attributes":1,"ValueType":"System.Guid"},"Value":"00000000-0000-0000-0000-000000000000"},{"Key":{"Id":"InnerResultsCount","Label":"InnerResultsCount","Category":"","Description":"","Attributes":1,"ValueType":"System.Int32"},"Value":0}]}],"TestRunStatistics":{"ExecutedTests":15,"Stats":{"Passed":14,"Failed":1}},"ActiveTests":[{"Id":"85ed7962-bc74-2889-c40a-2638faedff41","FullyQualifiedName":"SeleniumUnitTests.TestInputControls.TestDeselectByValue","DisplayName":"TestDeselectByValue","ExecutorUri":"executor://MSTestAdapter/v2","Source":"C:\\Users\\vagrant\\source\\repos\\SeleniumUnitTests\\bin\\Debug\\net6.0\\fine-code-coverage\\build-output\\SeleniumUnitTests.dll","CodeFilePath":null,"LineNumber":-1,"Properties":[{"Key":{"Id":"TestCase.ManagedType","Label":"ManagedType","Category":"","Description":"","Attributes":1,"ValueType":"System.String"},"Value":"SeleniumUnitTests.TestInputControls"},{"Key":{"Id":"TestCase.ManagedMethod","Label":"ManagedMethod","Category":"","Description":"","Attributes":1,"ValueType":"System.String"},"Value":"TestDeselectByValue"},{"Key":{"Id":"MSTestDiscoverer.TestClassName","Label":"ClassName","Category":"","Description":"","Attributes":1,"ValueType":"System.String"},"Value":"SeleniumUnitTests.TestInputControls"},{"Key":{"Id":"TestCase.Hierarchy","Label":"Hierarchy","Category":"","Description":"","Attributes":2,"ValueType":"System.String[]"},"Value":[null,"SeleniumUnitTests","TestInputControls","TestDeselectByValue"]},{"Key":{"Id":"TestObject.Traits","Label":"Traits","Category":"","Description":"","Attributes":5,"ValueType":"System.Collections.Generic.KeyValuePair`2[[System.String],[System.String]][]"},"Value":[]}]}]}}
TpTrace Verbose: 0 : 16868, 4, 2022/10/06, 07:08:41.490, 658369562072, testhost.dll, TestRunCache: OnNewTestResult: Notified the onCacheHit callback.
TpTrace Verbose: 0 : 16868, 4, 2022/10/06, 07:08:41.492, 658369591032, testhost.dll, MulticastDelegateUtilities.SafeInvoke: TestCaseEventsHandler.RaiseTestCaseStart: Invoking callback 1/1 for Microsoft.VisualStudio.TestPlatform.CrossPlatEngine.DataCollection.ProxyOutOfProcDataCollectionManager.TriggerTestCaseStart, took 2 ms.
TpTrace Information: 0 : 16868, 4, 2022/10/06, 07:08:41.492, 658369592376, testhost.dll, MSTest - Executing test TestDeselectByValue
TpTrace Verbose: 0 : 16868, 10, 2022/10/06, 07:08:41.664, 658371685763, testhost.dll, TcpClientExtensions.MessageLoopAsync: Polling on remoteEndPoint: [::ffff:127.0.0.1]:52907 localEndPoint: [::ffff:127.0.0.1]:52911
TpTrace Verbose: 0 : 16868, 10, 2022/10/06, 07:08:42.491, 658381806207, testhost.dll, TcpClientExtensions.MessageLoopAsync: Polling on remoteEndPoint: [::ffff:127.0.0.1]:52907 localEndPoint: [::ffff:127.0.0.1]:52911
TpTrace Verbose: 0 : 16868, 10, 2022/10/06, 07:08:43.322, 658391973071, testhost.dll, TcpClientExtensions.MessageLoopAsync: Polling on remoteEndPoint: [::ffff:127.0.0.1]:52907 localEndPoint: [::ffff:127.0.0.1]:52911
TpTrace Verbose: 0 : 16868, 10, 2022/10/06, 07:08:44.151, 658402118660, testhost.dll, TcpClientExtensions.MessageLoopAsync: Polling on remoteEndPoint: [::ffff:127.0.0.1]:52907 localEndPoint: [::ffff:127.0.0.1]:52911
TpTrace Information: 0 : 16868, 4, 2022/10/06, 07:08:44.513, 658406553009, testhost.dll, MSTest - Executed test TestDeselectByValue
TpTrace Verbose: 0 : 16868, 4, 2022/10/06, 07:08:44.513, 658406554457, testhost.dll, TestExecutionRecorder.RecordEnd: test: SeleniumUnitTests.TestInputControls.TestDeselectByValue execution completed.
TpTrace Warning: 0 : 16868, 4, 2022/10/06, 07:08:44.514, 658406555007, testhost.dll, TestRunCache: InProgressTests is null
TpTrace Verbose: 0 : 16868, 4, 2022/10/06, 07:08:44.517, 658406594502, testhost.dll, MulticastDelegateUtilities.SafeInvoke: TestCaseEventsHandler.RaiseTestCaseEnd: Invoking callback 1/1 for Microsoft.VisualStudio.TestPlatform.CrossPlatEngine.DataCollection.ProxyOutOfProcDataCollectionManager.TriggerTestCaseEnd, took 3 ms.
TpTrace Verbose: 0 : 16868, 4, 2022/10/06, 07:08:44.517, 658406596067, testhost.dll, TestExecutionRecorder.RecordResult: Received result for test: SeleniumUnitTests.TestInputControls.TestDeselectByValue.
TpTrace Verbose: 0 : 16868, 4, 2022/10/06, 07:08:44.517, 658406598580, testhost.dll, MulticastDelegateUtilities.SafeInvoke: TestCaseEventsHandler.RaiseTestCaseEnd: Invoking callback 1/1 for Microsoft.VisualStudio.TestPlatform.CrossPlatEngine.DataCollection.ProxyOutOfProcDataCollectionManager.TriggerSendTestResult, took 0 ms.
TpTrace Warning: 0 : 16868, 4, 2022/10/06, 07:08:44.517, 658406601042, testhost.dll, TestRunCache: InProgressTests is null
TpTrace Warning: 0 : 16868, 4, 2022/10/06, 07:08:44.517, 658406601836, testhost.dll, TestRunCache: No test found corresponding to testResult 'TestDeselectByValue' in inProgress list.
TpTrace Verbose: 0 : 16868, 4, 2022/10/06, 07:08:44.517, 658406603297, testhost.dll, TestExecutionRecorder.RecordStart: Starting test: SeleniumUnitTests.TestInputControls.TestDeselectByIndex.
TpTrace Information: 0 : 16868, 4, 2022/10/06, 07:08:44.518, 658406604272, testhost.dll, Sending test run statistics
TpTrace Verbose: 0 : 16868, 4, 2022/10/06, 07:08:44.518, 658406609649, testhost.dll, TestRequestHandler.SendData: sending data from testhost: {"Version":7,"MessageType":"TestExecution.StatsChange","Payload":{"NewTestResults":[{"TestCase":{"Id":"85ed7962-bc74-2889-c40a-2638faedff41","FullyQualifiedName":"SeleniumUnitTests.TestInputControls.TestDeselectByValue","DisplayName":"TestDeselectByValue","ExecutorUri":"executor://MSTestAdapter/v2","Source":"C:\\Users\\vagrant\\source\\repos\\SeleniumUnitTests\\bin\\Debug\\net6.0\\fine-code-coverage\\build-output\\SeleniumUnitTests.dll","CodeFilePath":null,"LineNumber":-1,"Properties":[{"Key":{"Id":"TestCase.ManagedType","Label":"ManagedType","Category":"","Description":"","Attributes":1,"ValueType":"System.String"},"Value":"SeleniumUnitTests.TestInputControls"},{"Key":{"Id":"TestCase.ManagedMethod","Label":"ManagedMethod","Category":"","Description":"","Attributes":1,"ValueType":"System.String"},"Value":"TestDeselectByValue"},{"Key":{"Id":"MSTestDiscoverer.TestClassName","Label":"ClassName","Category":"","Description":"","Attributes":1,"ValueType":"System.String"},"Value":"SeleniumUnitTests.TestInputControls"},{"Key":{"Id":"TestCase.Hierarchy","Label":"Hierarchy","Category":"","Description":"","Attributes":2,"ValueType":"System.String[]"},"Value":[null,"SeleniumUnitTests","TestInputControls","TestDeselectByValue"]},{"Key":{"Id":"TestObject.Traits","Label":"Traits","Category":"","Description":"","Attributes":5,"ValueType":"System.Collections.Generic.KeyValuePair`2[[System.String],[System.String]][]"},"Value":[]}]},"Attachments":[],"Outcome":1,"ErrorMessage":null,"ErrorStackTrace":null,"DisplayName":"TestDeselectByValue","Messages":[],"ComputerName":null,"Duration":"00:00:03.6956359","StartTime":"2022-10-06T07:08:41.4929783+01:00","EndTime":"2022-10-06T07:08:44.5139685+01:00","Properties":[{"Key":{"Id":"ExecutionId","Label":"ExecutionId","Category":"","Description":"","Attributes":1,"ValueType":"System.Guid"},"Value":"00000000-0000-0000-0000-000000000000"},{"Key":{"Id":"ParentExecId","Label":"ParentExecId","Category":"","Description":"","Attributes":1,"ValueType":"System.Guid"},"Value":"00000000-0000-0000-0000-000000000000"},{"Key":{"Id":"InnerResultsCount","Label":"InnerResultsCount","Category":"","Description":"","Attributes":1,"ValueType":"System.Int32"},"Value":0}]}],"TestRunStatistics":{"ExecutedTests":16,"Stats":{"Passed":15,"Failed":1}},"ActiveTests":[{"Id":"d390aaec-40f5-1122-3817-69f23e967f13","FullyQualifiedName":"SeleniumUnitTests.TestInputControls.TestDeselectByIndex","DisplayName":"TestDeselectByIndex","ExecutorUri":"executor://MSTestAdapter/v2","Source":"C:\\Users\\vagrant\\source\\repos\\SeleniumUnitTests\\bin\\Debug\\net6.0\\fine-code-coverage\\build-output\\SeleniumUnitTests.dll","CodeFilePath":null,"LineNumber":-1,"Properties":[{"Key":{"Id":"TestCase.ManagedType","Label":"ManagedType","Category":"","Description":"","Attributes":1,"ValueType":"System.String"},"Value":"SeleniumUnitTests.TestInputControls"},{"Key":{"Id":"TestCase.ManagedMethod","Label":"ManagedMethod","Category":"","Description":"","Attributes":1,"ValueType":"System.String"},"Value":"TestDeselectByIndex"},{"Key":{"Id":"MSTestDiscoverer.TestClassName","Label":"ClassName","Category":"","Description":"","Attributes":1,"ValueType":"System.String"},"Value":"SeleniumUnitTests.TestInputControls"},{"Key":{"Id":"TestCase.Hierarchy","Label":"Hierarchy","Category":"","Description":"","Attributes":2,"ValueType":"System.String[]"},"Value":[null,"SeleniumUnitTests","TestInputControls","TestDeselectByIndex"]},{"Key":{"Id":"TestObject.Traits","Label":"Traits","Category":"","Description":"","Attributes":5,"ValueType":"System.Collections.Generic.KeyValuePair`2[[System.String],[System.String]][]"},"Value":[]}]}]}}
TpTrace Verbose: 0 : 16868, 4, 2022/10/06, 07:08:44.518, 658406613384, testhost.dll, TestRunCache: OnNewTestResult: Notified the onCacheHit callback.
TpTrace Verbose: 0 : 16868, 4, 2022/10/06, 07:08:44.521, 658406641582, testhost.dll, MulticastDelegateUtilities.SafeInvoke: TestCaseEventsHandler.RaiseTestCaseStart: Invoking callback 1/1 for Microsoft.VisualStudio.TestPlatform.CrossPlatEngine.DataCollection.ProxyOutOfProcDataCollectionManager.TriggerTestCaseStart, took 2 ms.
TpTrace Information: 0 : 16868, 4, 2022/10/06, 07:08:44.521, 658406643540, testhost.dll, MSTest - Executing test TestDeselectByIndex
TpTrace Verbose: 0 : 16868, 10, 2022/10/06, 07:08:44.976, 658412215375, testhost.dll, TcpClientExtensions.MessageLoopAsync: Polling on remoteEndPoint: [::ffff:127.0.0.1]:52907 localEndPoint: [::ffff:127.0.0.1]:52911
TpTrace Verbose: 0 : 16868, 10, 2022/10/06, 07:08:45.801, 658422303327, testhost.dll, TcpClientExtensions.MessageLoopAsync: Polling on remoteEndPoint: [::ffff:127.0.0.1]:52907 localEndPoint: [::ffff:127.0.0.1]:52911
TpTrace Verbose: 0 : 16868, 10, 2022/10/06, 07:08:46.588, 658432444892, testhost.dll, TcpClientExtensions.MessageLoopAsync: Polling on remoteEndPoint: [::ffff:127.0.0.1]:52907 localEndPoint: [::ffff:127.0.0.1]:52911
TpTrace Verbose: 0 : 16868, 10, 2022/10/06, 07:08:47.334, 658442593384, testhost.dll, TcpClientExtensions.MessageLoopAsync: Polling on remoteEndPoint: [::ffff:127.0.0.1]:52907 localEndPoint: [::ffff:127.0.0.1]:52911
TpTrace Information: 0 : 16868, 4, 2022/10/06, 07:08:47.436, 658443969691, testhost.dll, MSTest - Executed test TestDeselectByIndex
TpTrace Verbose: 0 : 16868, 4, 2022/10/06, 07:08:47.436, 658443973961, testhost.dll, TestExecutionRecorder.RecordEnd: test: SeleniumUnitTests.TestInputControls.TestDeselectByIndex execution completed.
TpTrace Warning: 0 : 16868, 4, 2022/10/06, 07:08:47.436, 658443974785, testhost.dll, TestRunCache: InProgressTests is null
TpTrace Verbose: 0 : 16868, 4, 2022/10/06, 07:08:47.438, 658444003202, testhost.dll, MulticastDelegateUtilities.SafeInvoke: TestCaseEventsHandler.RaiseTestCaseEnd: Invoking callback 1/1 for Microsoft.VisualStudio.TestPlatform.CrossPlatEngine.DataCollection.ProxyOutOfProcDataCollectionManager.TriggerTestCaseEnd, took 2 ms.
TpTrace Verbose: 0 : 16868, 4, 2022/10/06, 07:08:47.438, 658444004327, testhost.dll, TestExecutionRecorder.RecordResult: Received result for test: SeleniumUnitTests.TestInputControls.TestDeselectByIndex.
TpTrace Verbose: 0 : 16868, 4, 2022/10/06, 07:08:47.438, 658444005520, testhost.dll, MulticastDelegateUtilities.SafeInvoke: TestCaseEventsHandler.RaiseTestCaseEnd: Invoking callback 1/1 for Microsoft.VisualStudio.TestPlatform.CrossPlatEngine.DataCollection.ProxyOutOfProcDataCollectionManager.TriggerSendTestResult, took 0 ms.
TpTrace Warning: 0 : 16868, 4, 2022/10/06, 07:08:47.438, 658444006505, testhost.dll, TestRunCache: InProgressTests is null
TpTrace Warning: 0 : 16868, 4, 2022/10/06, 07:08:47.438, 658444007768, testhost.dll, TestRunCache: No test found corresponding to testResult 'TestDeselectByIndex' in inProgress list.
TpTrace Verbose: 0 : 16868, 4, 2022/10/06, 07:08:47.438, 658444009565, testhost.dll, TestExecutionRecorder.RecordStart: Starting test: SeleniumUnitTests.TestInputControls.TestSelectAll.
TpTrace Information: 0 : 16868, 4, 2022/10/06, 07:08:47.439, 658444010508, testhost.dll, Sending test run statistics
TpTrace Verbose: 0 : 16868, 4, 2022/10/06, 07:08:47.439, 658444015711, testhost.dll, TestRequestHandler.SendData: sending data from testhost: {"Version":7,"MessageType":"TestExecution.StatsChange","Payload":{"NewTestResults":[{"TestCase":{"Id":"d390aaec-40f5-1122-3817-69f23e967f13","FullyQualifiedName":"SeleniumUnitTests.TestInputControls.TestDeselectByIndex","DisplayName":"TestDeselectByIndex","ExecutorUri":"executor://MSTestAdapter/v2","Source":"C:\\Users\\vagrant\\source\\repos\\SeleniumUnitTests\\bin\\Debug\\net6.0\\fine-code-coverage\\build-output\\SeleniumUnitTests.dll","CodeFilePath":null,"LineNumber":-1,"Properties":[{"Key":{"Id":"TestCase.ManagedType","Label":"ManagedType","Category":"","Description":"","Attributes":1,"ValueType":"System.String"},"Value":"SeleniumUnitTests.TestInputControls"},{"Key":{"Id":"TestCase.ManagedMethod","Label":"ManagedMethod","Category":"","Description":"","Attributes":1,"ValueType":"System.String"},"Value":"TestDeselectByIndex"},{"Key":{"Id":"MSTestDiscoverer.TestClassName","Label":"ClassName","Category":"","Description":"","Attributes":1,"ValueType":"System.String"},"Value":"SeleniumUnitTests.TestInputControls"},{"Key":{"Id":"TestCase.Hierarchy","Label":"Hierarchy","Category":"","Description":"","Attributes":2,"ValueType":"System.String[]"},"Value":[null,"SeleniumUnitTests","TestInputControls","TestDeselectByIndex"]},{"Key":{"Id":"TestObject.Traits","Label":"Traits","Category":"","Description":"","Attributes":5,"ValueType":"System.Collections.Generic.KeyValuePair`2[[System.String],[System.String]][]"},"Value":[]}]},"Attachments":[],"Outcome":1,"ErrorMessage":null,"ErrorStackTrace":null,"DisplayName":"TestDeselectByIndex","Messages":[],"ComputerName":null,"Duration":"00:00:03.7322047","StartTime":"2022-10-06T07:08:44.5212657+01:00","EndTime":"2022-10-06T07:08:47.4363534+01:00","Properties":[{"Key":{"Id":"ExecutionId","Label":"ExecutionId","Category":"","Description":"","Attributes":1,"ValueType":"System.Guid"},"Value":"00000000-0000-0000-0000-000000000000"},{"Key":{"Id":"ParentExecId","Label":"ParentExecId","Category":"","Description":"","Attributes":1,"ValueType":"System.Guid"},"Value":"00000000-0000-0000-0000-000000000000"},{"Key":{"Id":"InnerResultsCount","Label":"InnerResultsCount","Category":"","Description":"","Attributes":1,"ValueType":"System.Int32"},"Value":0}]}],"TestRunStatistics":{"ExecutedTests":17,"Stats":{"Passed":16,"Failed":1}},"ActiveTests":[{"Id":"caee1d8f-a48c-32ef-bdc4-0bc93f61c271","FullyQualifiedName":"SeleniumUnitTests.TestInputControls.TestSelectAll","DisplayName":"TestSelectAll","ExecutorUri":"executor://MSTestAdapter/v2","Source":"C:\\Users\\vagrant\\source\\repos\\SeleniumUnitTests\\bin\\Debug\\net6.0\\fine-code-coverage\\build-output\\SeleniumUnitTests.dll","CodeFilePath":null,"LineNumber":-1,"Properties":[{"Key":{"Id":"TestCase.ManagedType","Label":"ManagedType","Category":"","Description":"","Attributes":1,"ValueType":"System.String"},"Value":"SeleniumUnitTests.TestInputControls"},{"Key":{"Id":"TestCase.ManagedMethod","Label":"ManagedMethod","Category":"","Description":"","Attributes":1,"ValueType":"System.String"},"Value":"TestSelectAll"},{"Key":{"Id":"MSTestDiscoverer.TestClassName","Label":"ClassName","Category":"","Description":"","Attributes":1,"ValueType":"System.String"},"Value":"SeleniumUnitTests.TestInputControls"},{"Key":{"Id":"TestCase.Hierarchy","Label":"Hierarchy","Category":"","Description":"","Attributes":2,"ValueType":"System.String[]"},"Value":[null,"SeleniumUnitTests","TestInputControls","TestSelectAll"]},{"Key":{"Id":"TestObject.Traits","Label":"Traits","Category":"","Description":"","Attributes":5,"ValueType":"System.Collections.Generic.KeyValuePair`2[[System.String],[System.String]][]"},"Value":[]}]}]}}
TpTrace Verbose: 0 : 16868, 4, 2022/10/06, 07:08:47.439, 658444019164, testhost.dll, TestRunCache: OnNewTestResult: Notified the onCacheHit callback.
TpTrace Verbose: 0 : 16868, 4, 2022/10/06, 07:08:47.441, 658444045239, testhost.dll, MulticastDelegateUtilities.SafeInvoke: TestCaseEventsHandler.RaiseTestCaseStart: Invoking callback 1/1 for Microsoft.VisualStudio.TestPlatform.CrossPlatEngine.DataCollection.ProxyOutOfProcDataCollectionManager.TriggerTestCaseStart, took 2 ms.
TpTrace Information: 0 : 16868, 4, 2022/10/06, 07:08:47.441, 658444046473, testhost.dll, MSTest - Executing test TestSelectAll
TpTrace Verbose: 0 : 16868, 10, 2022/10/06, 07:08:48.076, 658452677434, testhost.dll, TcpClientExtensions.MessageLoopAsync: Polling on remoteEndPoint: [::ffff:127.0.0.1]:52907 localEndPoint: [::ffff:127.0.0.1]:52911
TpTrace Verbose: 0 : 16868, 10, 2022/10/06, 07:08:48.819, 658462776363, testhost.dll, TcpClientExtensions.MessageLoopAsync: Polling on remoteEndPoint: [::ffff:127.0.0.1]:52907 localEndPoint: [::ffff:127.0.0.1]:52911
TpTrace Verbose: 0 : 16868, 10, 2022/10/06, 07:08:49.562, 658472873141, testhost.dll, TcpClientExtensions.MessageLoopAsync: Polling on remoteEndPoint: [::ffff:127.0.0.1]:52907 localEndPoint: [::ffff:127.0.0.1]:52911
TpTrace Verbose: 0 : 16868, 10, 2022/10/06, 07:08:50.304, 658482959627, testhost.dll, TcpClientExtensions.MessageLoopAsync: Polling on remoteEndPoint: [::ffff:127.0.0.1]:52907 localEndPoint: [::ffff:127.0.0.1]:52911
TpTrace Information: 0 : 16868, 4, 2022/10/06, 07:08:50.613, 658487167064, testhost.dll, MSTest - Executed test TestSelectAll
TpTrace Verbose: 0 : 16868, 4, 2022/10/06, 07:08:50.613, 658487168809, testhost.dll, TestExecutionRecorder.RecordEnd: test: SeleniumUnitTests.TestInputControls.TestSelectAll execution completed.
TpTrace Warning: 0 : 16868, 4, 2022/10/06, 07:08:50.613, 658487169720, testhost.dll, TestRunCache: InProgressTests is null
TpTrace Verbose: 0 : 16868, 4, 2022/10/06, 07:08:50.615, 658487199092, testhost.dll, MulticastDelegateUtilities.SafeInvoke: TestCaseEventsHandler.RaiseTestCaseEnd: Invoking callback 1/1 for Microsoft.VisualStudio.TestPlatform.CrossPlatEngine.DataCollection.ProxyOutOfProcDataCollectionManager.TriggerTestCaseEnd, took 2 ms.
TpTrace Verbose: 0 : 16868, 4, 2022/10/06, 07:08:50.616, 658487200639, testhost.dll, TestExecutionRecorder.RecordResult: Received result for test: SeleniumUnitTests.TestInputControls.TestSelectAll.
TpTrace Verbose: 0 : 16868, 4, 2022/10/06, 07:08:50.616, 658487201827, testhost.dll, MulticastDelegateUtilities.SafeInvoke: TestCaseEventsHandler.RaiseTestCaseEnd: Invoking callback 1/1 for Microsoft.VisualStudio.TestPlatform.CrossPlatEngine.DataCollection.ProxyOutOfProcDataCollectionManager.TriggerSendTestResult, took 0 ms.
TpTrace Warning: 0 : 16868, 4, 2022/10/06, 07:08:50.616, 658487202777, testhost.dll, TestRunCache: InProgressTests is null
TpTrace Warning: 0 : 16868, 4, 2022/10/06, 07:08:50.616, 658487204115, testhost.dll, TestRunCache: No test found corresponding to testResult 'TestSelectAll' in inProgress list.
TpTrace Verbose: 0 : 16868, 4, 2022/10/06, 07:08:50.616, 658487205507, testhost.dll, TestExecutionRecorder.RecordStart: Starting test: SeleniumUnitTests.TestInputControls.TestDeselectAll.
TpTrace Information: 0 : 16868, 4, 2022/10/06, 07:08:50.616, 658487206396, testhost.dll, Sending test run statistics
TpTrace Verbose: 0 : 16868, 4, 2022/10/06, 07:08:50.616, 658487211549, testhost.dll, TestRequestHandler.SendData: sending data from testhost: {"Version":7,"MessageType":"TestExecution.StatsChange","Payload":{"NewTestResults":[{"TestCase":{"Id":"caee1d8f-a48c-32ef-bdc4-0bc93f61c271","FullyQualifiedName":"SeleniumUnitTests.TestInputControls.TestSelectAll","DisplayName":"TestSelectAll","ExecutorUri":"executor://MSTestAdapter/v2","Source":"C:\\Users\\vagrant\\source\\repos\\SeleniumUnitTests\\bin\\Debug\\net6.0\\fine-code-coverage\\build-output\\SeleniumUnitTests.dll","CodeFilePath":null,"LineNumber":-1,"Properties":[{"Key":{"Id":"TestCase.ManagedType","Label":"ManagedType","Category":"","Description":"","Attributes":1,"ValueType":"System.String"},"Value":"SeleniumUnitTests.TestInputControls"},{"Key":{"Id":"TestCase.ManagedMethod","Label":"ManagedMethod","Category":"","Description":"","Attributes":1,"ValueType":"System.String"},"Value":"TestSelectAll"},{"Key":{"Id":"MSTestDiscoverer.TestClassName","Label":"ClassName","Category":"","Description":"","Attributes":1,"ValueType":"System.String"},"Value":"SeleniumUnitTests.TestInputControls"},{"Key":{"Id":"TestCase.Hierarchy","Label":"Hierarchy","Category":"","Description":"","Attributes":2,"ValueType":"System.String[]"},"Value":[null,"SeleniumUnitTests","TestInputControls","TestSelectAll"]},{"Key":{"Id":"TestObject.Traits","Label":"Traits","Category":"","Description":"","Attributes":5,"ValueType":"System.Collections.Generic.KeyValuePair`2[[System.String],[System.String]][]"},"Value":[]}]},"Attachments":[],"Outcome":1,"ErrorMessage":null,"ErrorStackTrace":null,"DisplayName":"TestSelectAll","Messages":[],"ComputerName":null,"Duration":"00:00:04.3105124","StartTime":"2022-10-06T07:08:47.4416997+01:00","EndTime":"2022-10-06T07:08:50.6137513+01:00","Properties":[{"Key":{"Id":"ExecutionId","Label":"ExecutionId","Category":"","Description":"","Attributes":1,"ValueType":"System.Guid"},"Value":"00000000-0000-0000-0000-000000000000"},{"Key":{"Id":"ParentExecId","Label":"ParentExecId","Category":"","Description":"","Attributes":1,"ValueType":"System.Guid"},"Value":"00000000-0000-0000-0000-000000000000"},{"Key":{"Id":"InnerResultsCount","Label":"InnerResultsCount","Category":"","Description":"","Attributes":1,"ValueType":"System.Int32"},"Value":0}]}],"TestRunStatistics":{"ExecutedTests":18,"Stats":{"Passed":17,"Failed":1}},"ActiveTests":[{"Id":"d9d19f34-b7d3-08fa-0de3-801f1d483f5c","FullyQualifiedName":"SeleniumUnitTests.TestInputControls.TestDeselectAll","DisplayName":"TestDeselectAll","ExecutorUri":"executor://MSTestAdapter/v2","Source":"C:\\Users\\vagrant\\source\\repos\\SeleniumUnitTests\\bin\\Debug\\net6.0\\fine-code-coverage\\build-output\\SeleniumUnitTests.dll","CodeFilePath":null,"LineNumber":-1,"Properties":[{"Key":{"Id":"TestCase.ManagedType","Label":"ManagedType","Category":"","Description":"","Attributes":1,"ValueType":"System.String"},"Value":"SeleniumUnitTests.TestInputControls"},{"Key":{"Id":"TestCase.ManagedMethod","Label":"ManagedMethod","Category":"","Description":"","Attributes":1,"ValueType":"System.String"},"Value":"TestDeselectAll"},{"Key":{"Id":"MSTestDiscoverer.TestClassName","Label":"ClassName","Category":"","Description":"","Attributes":1,"ValueType":"System.String"},"Value":"SeleniumUnitTests.TestInputControls"},{"Key":{"Id":"TestCase.Hierarchy","Label":"Hierarchy","Category":"","Description":"","Attributes":2,"ValueType":"System.String[]"},"Value":[null,"SeleniumUnitTests","TestInputControls","TestDeselectAll"]},{"Key":{"Id":"TestObject.Traits","Label":"Traits","Category":"","Description":"","Attributes":5,"ValueType":"System.Collections.Generic.KeyValuePair`2[[System.String],[System.String]][]"},"Value":[]}]}]}}
TpTrace Verbose: 0 : 16868, 4, 2022/10/06, 07:08:50.617, 658487215240, testhost.dll, TestRunCache: OnNewTestResult: Notified the onCacheHit callback.
TpTrace Verbose: 0 : 16868, 4, 2022/10/06, 07:08:50.619, 658487242981, testhost.dll, MulticastDelegateUtilities.SafeInvoke: TestCaseEventsHandler.RaiseTestCaseStart: Invoking callback 1/1 for Microsoft.VisualStudio.TestPlatform.CrossPlatEngine.DataCollection.ProxyOutOfProcDataCollectionManager.TriggerTestCaseStart, took 2 ms.
TpTrace Information: 0 : 16868, 4, 2022/10/06, 07:08:50.619, 658487244133, testhost.dll, MSTest - Executing test TestDeselectAll
TpTrace Verbose: 0 : 16868, 10, 2022/10/06, 07:08:51.046, 658493057552, testhost.dll, TcpClientExtensions.MessageLoopAsync: Polling on remoteEndPoint: [::ffff:127.0.0.1]:52907 localEndPoint: [::ffff:127.0.0.1]:52911
TpTrace Verbose: 0 : 16868, 10, 2022/10/06, 07:08:51.785, 658503096933, testhost.dll, TcpClientExtensions.MessageLoopAsync: Polling on remoteEndPoint: [::ffff:127.0.0.1]:52907 localEndPoint: [::ffff:127.0.0.1]:52911
TpTrace Verbose: 0 : 16868, 10, 2022/10/06, 07:08:52.522, 658513115656, testhost.dll, TcpClientExtensions.MessageLoopAsync: Polling on remoteEndPoint: [::ffff:127.0.0.1]:52907 localEndPoint: [::ffff:127.0.0.1]:52911
TpTrace Verbose: 0 : 16868, 10, 2022/10/06, 07:08:53.268, 658523259406, testhost.dll, TcpClientExtensions.MessageLoopAsync: Polling on remoteEndPoint: [::ffff:127.0.0.1]:52907 localEndPoint: [::ffff:127.0.0.1]:52911
TpTrace Verbose: 0 : 16868, 10, 2022/10/06, 07:08:54.054, 658533347927, testhost.dll, TcpClientExtensions.MessageLoopAsync: Polling on remoteEndPoint: [::ffff:127.0.0.1]:52907 localEndPoint: [::ffff:127.0.0.1]:52911
TpTrace Information: 0 : 16868, 4, 2022/10/06, 07:08:54.080, 658533670741, testhost.dll, MSTest - Executed test TestDeselectAll
TpTrace Verbose: 0 : 16868, 4, 2022/10/06, 07:08:54.080, 658533672268, testhost.dll, TestExecutionRecorder.RecordEnd: test: SeleniumUnitTests.TestInputControls.TestDeselectAll execution completed.
TpTrace Warning: 0 : 16868, 4, 2022/10/06, 07:08:54.080, 658533673179, testhost.dll, TestRunCache: InProgressTests is null
TpTrace Verbose: 0 : 16868, 4, 2022/10/06, 07:08:54.082, 658533702674, testhost.dll, MulticastDelegateUtilities.SafeInvoke: TestCaseEventsHandler.RaiseTestCaseEnd: Invoking callback 1/1 for Microsoft.VisualStudio.TestPlatform.CrossPlatEngine.DataCollection.ProxyOutOfProcDataCollectionManager.TriggerTestCaseEnd, took 2 ms.
TpTrace Verbose: 0 : 16868, 4, 2022/10/06, 07:08:54.083, 658533704338, testhost.dll, TestExecutionRecorder.RecordResult: Received result for test: SeleniumUnitTests.TestInputControls.TestDeselectAll.
TpTrace Verbose: 0 : 16868, 4, 2022/10/06, 07:08:54.083, 658533705557, testhost.dll, MulticastDelegateUtilities.SafeInvoke: TestCaseEventsHandler.RaiseTestCaseEnd: Invoking callback 1/1 for Microsoft.VisualStudio.TestPlatform.CrossPlatEngine.DataCollection.ProxyOutOfProcDataCollectionManager.TriggerSendTestResult, took 0 ms.
TpTrace Warning: 0 : 16868, 4, 2022/10/06, 07:08:54.083, 658533706527, testhost.dll, TestRunCache: InProgressTests is null
TpTrace Warning: 0 : 16868, 4, 2022/10/06, 07:08:54.083, 658533707240, testhost.dll, TestRunCache: No test found corresponding to testResult 'TestDeselectAll' in inProgress list.
TpTrace Verbose: 0 : 16868, 4, 2022/10/06, 07:08:54.083, 658533708994, testhost.dll, TestExecutionRecorder.RecordStart: Starting test: SeleniumUnitTests.TestLocators.TestLocatorWorksheet.
TpTrace Information: 0 : 16868, 4, 2022/10/06, 07:08:54.083, 658533710158, testhost.dll, Sending test run statistics
TpTrace Verbose: 0 : 16868, 4, 2022/10/06, 07:08:54.084, 658533717734, testhost.dll, TestRequestHandler.SendData: sending data from testhost: {"Version":7,"MessageType":"TestExecution.StatsChange","Payload":{"NewTestResults":[{"TestCase":{"Id":"d9d19f34-b7d3-08fa-0de3-801f1d483f5c","FullyQualifiedName":"SeleniumUnitTests.TestInputControls.TestDeselectAll","DisplayName":"TestDeselectAll","ExecutorUri":"executor://MSTestAdapter/v2","Source":"C:\\Users\\vagrant\\source\\repos\\SeleniumUnitTests\\bin\\Debug\\net6.0\\fine-code-coverage\\build-output\\SeleniumUnitTests.dll","CodeFilePath":null,"LineNumber":-1,"Properties":[{"Key":{"Id":"TestCase.ManagedType","Label":"ManagedType","Category":"","Description":"","Attributes":1,"ValueType":"System.String"},"Value":"SeleniumUnitTests.TestInputControls"},{"Key":{"Id":"TestCase.ManagedMethod","Label":"ManagedMethod","Category":"","Description":"","Attributes":1,"ValueType":"System.String"},"Value":"TestDeselectAll"},{"Key":{"Id":"MSTestDiscoverer.TestClassName","Label":"ClassName","Category":"","Description":"","Attributes":1,"ValueType":"System.String"},"Value":"SeleniumUnitTests.TestInputControls"},{"Key":{"Id":"TestCase.Hierarchy","Label":"Hierarchy","Category":"","Description":"","Attributes":2,"ValueType":"System.String[]"},"Value":[null,"SeleniumUnitTests","TestInputControls","TestDeselectAll"]},{"Key":{"Id":"TestObject.Traits","Label":"Traits","Category":"","Description":"","Attributes":5,"ValueType":"System.Collections.Generic.KeyValuePair`2[[System.String],[System.String]][]"},"Value":[]}]},"Attachments":[],"Outcome":1,"ErrorMessage":null,"ErrorStackTrace":null,"DisplayName":"TestDeselectAll","Messages":[],"ComputerName":null,"Duration":"00:00:04.6422664","StartTime":"2022-10-06T07:08:50.619306+01:00","EndTime":"2022-10-06T07:08:54.0804977+01:00","Properties":[{"Key":{"Id":"ExecutionId","Label":"ExecutionId","Category":"","Description":"","Attributes":1,"ValueType":"System.Guid"},"Value":"00000000-0000-0000-0000-000000000000"},{"Key":{"Id":"ParentExecId","Label":"ParentExecId","Category":"","Description":"","Attributes":1,"ValueType":"System.Guid"},"Value":"00000000-0000-0000-0000-000000000000"},{"Key":{"Id":"InnerResultsCount","Label":"InnerResultsCount","Category":"","Description":"","Attributes":1,"ValueType":"System.Int32"},"Value":0}]}],"TestRunStatistics":{"ExecutedTests":19,"Stats":{"Passed":18,"Failed":1}},"ActiveTests":[{"Id":"bed14b44-05c6-c627-0e0e-43413f453903","FullyQualifiedName":"SeleniumUnitTests.TestLocators.TestLocatorWorksheet","DisplayName":"TestLocatorWorksheet","ExecutorUri":"executor://MSTestAdapter/v2","Source":"C:\\Users\\vagrant\\source\\repos\\SeleniumUnitTests\\bin\\Debug\\net6.0\\fine-code-coverage\\build-output\\SeleniumUnitTests.dll","CodeFilePath":null,"LineNumber":-1,"Properties":[{"Key":{"Id":"TestCase.ManagedType","Label":"ManagedType","Category":"","Description":"","Attributes":1,"ValueType":"System.String"},"Value":"SeleniumUnitTests.TestLocators"},{"Key":{"Id":"TestCase.ManagedMethod","Label":"ManagedMethod","Category":"","Description":"","Attributes":1,"ValueType":"System.String"},"Value":"TestLocatorWorksheet"},{"Key":{"Id":"MSTestDiscoverer.TestClassName","Label":"ClassName","Category":"","Description":"","Attributes":1,"ValueType":"System.String"},"Value":"SeleniumUnitTests.TestLocators"},{"Key":{"Id":"TestCase.Hierarchy","Label":"Hierarchy","Category":"","Description":"","Attributes":2,"ValueType":"System.String[]"},"Value":[null,"SeleniumUnitTests","TestLocators","TestLocatorWorksheet"]},{"Key":{"Id":"TestObject.Traits","Label":"Traits","Category":"","Description":"","Attributes":5,"ValueType":"System.Collections.Generic.KeyValuePair`2[[System.String],[System.String]][]"},"Value":[]}]}]}}
TpTrace Verbose: 0 : 16868, 4, 2022/10/06, 07:08:54.084, 658533721207, testhost.dll, TestRunCache: OnNewTestResult: Notified the onCacheHit callback.
TpTrace Verbose: 0 : 16868, 4, 2022/10/06, 07:08:54.088, 658533765047, testhost.dll, MulticastDelegateUtilities.SafeInvoke: TestCaseEventsHandler.RaiseTestCaseStart: Invoking callback 1/1 for Microsoft.VisualStudio.TestPlatform.CrossPlatEngine.DataCollection.ProxyOutOfProcDataCollectionManager.TriggerTestCaseStart, took 4 ms.
TpTrace Information: 0 : 16868, 4, 2022/10/06, 07:08:54.088, 658533766346, testhost.dll, MSTest - Executing test TestLocatorWorksheet
TpTrace Verbose: 0 : 16868, 10, 2022/10/06, 07:08:54.873, 658543474850, testhost.dll, TcpClientExtensions.MessageLoopAsync: Polling on remoteEndPoint: [::ffff:127.0.0.1]:52907 localEndPoint: [::ffff:127.0.0.1]:52911
TpTrace Verbose: 0 : 16868, 10, 2022/10/06, 07:08:55.698, 658553665346, testhost.dll, TcpClientExtensions.MessageLoopAsync: Polling on remoteEndPoint: [::ffff:127.0.0.1]:52907 localEndPoint: [::ffff:127.0.0.1]:52911
TpTrace Verbose: 0 : 16868, 10, 2022/10/06, 07:08:56.507, 658563669677, testhost.dll, TcpClientExtensions.MessageLoopAsync: Polling on remoteEndPoint: [::ffff:127.0.0.1]:52907 localEndPoint: [::ffff:127.0.0.1]:52911
TpTrace Information: 0 : 16868, 4, 2022/10/06, 07:08:56.611, 658564947622, testhost.dll, MSTest - Executed test TestLocatorWorksheet
TpTrace Verbose: 0 : 16868, 4, 2022/10/06, 07:08:56.611, 658564949566, testhost.dll, TestExecutionRecorder.RecordEnd: test: SeleniumUnitTests.TestLocators.TestLocatorWorksheet execution completed.
TpTrace Warning: 0 : 16868, 4, 2022/10/06, 07:08:56.611, 658564950385, testhost.dll, TestRunCache: InProgressTests is null
TpTrace Verbose: 0 : 16868, 4, 2022/10/06, 07:08:56.615, 658564995888, testhost.dll, MulticastDelegateUtilities.SafeInvoke: TestCaseEventsHandler.RaiseTestCaseEnd: Invoking callback 1/1 for Microsoft.VisualStudio.TestPlatform.CrossPlatEngine.DataCollection.ProxyOutOfProcDataCollectionManager.TriggerTestCaseEnd, took 4 ms.
TpTrace Verbose: 0 : 16868, 4, 2022/10/06, 07:08:56.615, 658564998389, testhost.dll, TestExecutionRecorder.RecordResult: Received result for test: SeleniumUnitTests.TestLocators.TestLocatorWorksheet.
TpTrace Verbose: 0 : 16868, 4, 2022/10/06, 07:08:56.615, 658564999649, testhost.dll, MulticastDelegateUtilities.SafeInvoke: TestCaseEventsHandler.RaiseTestCaseEnd: Invoking callback 1/1 for Microsoft.VisualStudio.TestPlatform.CrossPlatEngine.DataCollection.ProxyOutOfProcDataCollectionManager.TriggerSendTestResult, took 0 ms.
TpTrace Warning: 0 : 16868, 4, 2022/10/06, 07:08:56.615, 658565000592, testhost.dll, TestRunCache: InProgressTests is null
TpTrace Warning: 0 : 16868, 4, 2022/10/06, 07:08:56.615, 658565001378, testhost.dll, TestRunCache: No test found corresponding to testResult 'TestLocatorWorksheet' in inProgress list.
TpTrace Verbose: 0 : 16868, 4, 2022/10/06, 07:08:56.615, 658565003822, testhost.dll, TestExecutionRecorder.RecordStart: Starting test: SeleniumUnitTests.TestLocators.TestLink.
TpTrace Information: 0 : 16868, 4, 2022/10/06, 07:08:56.615, 658565004902, testhost.dll, Sending test run statistics
TpTrace Verbose: 0 : 16868, 4, 2022/10/06, 07:08:56.616, 658565010373, testhost.dll, TestRequestHandler.SendData: sending data from testhost: {"Version":7,"MessageType":"TestExecution.StatsChange","Payload":{"NewTestResults":[{"TestCase":{"Id":"bed14b44-05c6-c627-0e0e-43413f453903","FullyQualifiedName":"SeleniumUnitTests.TestLocators.TestLocatorWorksheet","DisplayName":"TestLocatorWorksheet","ExecutorUri":"executor://MSTestAdapter/v2","Source":"C:\\Users\\vagrant\\source\\repos\\SeleniumUnitTests\\bin\\Debug\\net6.0\\fine-code-coverage\\build-output\\SeleniumUnitTests.dll","CodeFilePath":null,"LineNumber":-1,"Properties":[{"Key":{"Id":"TestCase.ManagedType","Label":"ManagedType","Category":"","Description":"","Attributes":1,"ValueType":"System.String"},"Value":"SeleniumUnitTests.TestLocators"},{"Key":{"Id":"TestCase.ManagedMethod","Label":"ManagedMethod","Category":"","Description":"","Attributes":1,"ValueType":"System.String"},"Value":"TestLocatorWorksheet"},{"Key":{"Id":"MSTestDiscoverer.TestClassName","Label":"ClassName","Category":"","Description":"","Attributes":1,"ValueType":"System.String"},"Value":"SeleniumUnitTests.TestLocators"},{"Key":{"Id":"TestCase.Hierarchy","Label":"Hierarchy","Category":"","Description":"","Attributes":2,"ValueType":"System.String[]"},"Value":[null,"SeleniumUnitTests","TestLocators","TestLocatorWorksheet"]},{"Key":{"Id":"TestObject.Traits","Label":"Traits","Category":"","Description":"","Attributes":5,"ValueType":"System.Collections.Generic.KeyValuePair`2[[System.String],[System.String]][]"},"Value":[]}]},"Attachments":[],"Outcome":1,"ErrorMessage":null,"ErrorStackTrace":null,"DisplayName":"TestLocatorWorksheet","Messages":[],"ComputerName":null,"Duration":"00:00:03.1175053","StartTime":"2022-10-06T07:08:54.0881213+01:00","EndTime":"2022-10-06T07:08:56.6112851+01:00","Properties":[{"Key":{"Id":"ExecutionId","Label":"ExecutionId","Category":"","Description":"","Attributes":1,"ValueType":"System.Guid"},"Value":"00000000-0000-0000-0000-000000000000"},{"Key":{"Id":"ParentExecId","Label":"ParentExecId","Category":"","Description":"","Attributes":1,"ValueType":"System.Guid"},"Value":"00000000-0000-0000-0000-000000000000"},{"Key":{"Id":"InnerResultsCount","Label":"InnerResultsCount","Category":"","Description":"","Attributes":1,"ValueType":"System.Int32"},"Value":0}]}],"TestRunStatistics":{"ExecutedTests":20,"Stats":{"Passed":19,"Failed":1}},"ActiveTests":[{"Id":"3f4dbaa6-febb-1c10-2471-54b07bc2a309","FullyQualifiedName":"SeleniumUnitTests.TestLocators.TestLink","DisplayName":"TestLink","ExecutorUri":"executor://MSTestAdapter/v2","Source":"C:\\Users\\vagrant\\source\\repos\\SeleniumUnitTests\\bin\\Debug\\net6.0\\fine-code-coverage\\build-output\\SeleniumUnitTests.dll","CodeFilePath":null,"LineNumber":-1,"Properties":[{"Key":{"Id":"TestCase.ManagedType","Label":"ManagedType","Category":"","Description":"","Attributes":1,"ValueType":"System.String"},"Value":"SeleniumUnitTests.TestLocators"},{"Key":{"Id":"TestCase.ManagedMethod","Label":"ManagedMethod","Category":"","Description":"","Attributes":1,"ValueType":"System.String"},"Value":"TestLink"},{"Key":{"Id":"MSTestDiscoverer.TestClassName","Label":"ClassName","Category":"","Description":"","Attributes":1,"ValueType":"System.String"},"Value":"SeleniumUnitTests.TestLocators"},{"Key":{"Id":"TestCase.Hierarchy","Label":"Hierarchy","Category":"","Description":"","Attributes":2,"ValueType":"System.String[]"},"Value":[null,"SeleniumUnitTests","TestLocators","TestLink"]},{"Key":{"Id":"TestObject.Traits","Label":"Traits","Category":"","Description":"","Attributes":5,"ValueType":"System.Collections.Generic.KeyValuePair`2[[System.String],[System.String]][]"},"Value":[]}]}]}}
TpTrace Verbose: 0 : 16868, 4, 2022/10/06, 07:08:56.616, 658565014548, testhost.dll, TestRunCache: OnNewTestResult: Notified the onCacheHit callback.
TpTrace Verbose: 0 : 16868, 4, 2022/10/06, 07:08:56.618, 658565042395, testhost.dll, MulticastDelegateUtilities.SafeInvoke: TestCaseEventsHandler.RaiseTestCaseStart: Invoking callback 1/1 for Microsoft.VisualStudio.TestPlatform.CrossPlatEngine.DataCollection.ProxyOutOfProcDataCollectionManager.TriggerTestCaseStart, took 2 ms.
TpTrace Information: 0 : 16868, 4, 2022/10/06, 07:08:56.618, 658565044021, testhost.dll, MSTest - Executing test TestLink
TpTrace Verbose: 0 : 16868, 10, 2022/10/06, 07:08:57.322, 658573735358, testhost.dll, TcpClientExtensions.MessageLoopAsync: Polling on remoteEndPoint: [::ffff:127.0.0.1]:52907 localEndPoint: [::ffff:127.0.0.1]:52911
TpTrace Verbose: 0 : 16868, 10, 2022/10/06, 07:08:58.140, 658583849674, testhost.dll, TcpClientExtensions.MessageLoopAsync: Polling on remoteEndPoint: [::ffff:127.0.0.1]:52907 localEndPoint: [::ffff:127.0.0.1]:52911
TpTrace Verbose: 0 : 16868, 10, 2022/10/06, 07:08:58.960, 658593977536, testhost.dll, TcpClientExtensions.MessageLoopAsync: Polling on remoteEndPoint: [::ffff:127.0.0.1]:52907 localEndPoint: [::ffff:127.0.0.1]:52911
TpTrace Information: 0 : 16868, 4, 2022/10/06, 07:08:59.019, 658594714727, testhost.dll, MSTest - Executed test TestLink
TpTrace Verbose: 0 : 16868, 4, 2022/10/06, 07:08:59.019, 658594716971, testhost.dll, TestExecutionRecorder.RecordEnd: test: SeleniumUnitTests.TestLocators.TestLink execution completed.
TpTrace Warning: 0 : 16868, 4, 2022/10/06, 07:08:59.020, 658594717856, testhost.dll, TestRunCache: InProgressTests is null
TpTrace Verbose: 0 : 16868, 4, 2022/10/06, 07:08:59.024, 658594772057, testhost.dll, MulticastDelegateUtilities.SafeInvoke: TestCaseEventsHandler.RaiseTestCaseEnd: Invoking callback 1/1 for Microsoft.VisualStudio.TestPlatform.CrossPlatEngine.DataCollection.ProxyOutOfProcDataCollectionManager.TriggerTestCaseEnd, took 5 ms.
TpTrace Verbose: 0 : 16868, 4, 2022/10/06, 07:08:59.024, 658594773815, testhost.dll, TestExecutionRecorder.RecordResult: Received result for test: SeleniumUnitTests.TestLocators.TestLink.
TpTrace Verbose: 0 : 16868, 4, 2022/10/06, 07:08:59.024, 658594775047, testhost.dll, MulticastDelegateUtilities.SafeInvoke: TestCaseEventsHandler.RaiseTestCaseEnd: Invoking callback 1/1 for Microsoft.VisualStudio.TestPlatform.CrossPlatEngine.DataCollection.ProxyOutOfProcDataCollectionManager.TriggerSendTestResult, took 0 ms.
TpTrace Warning: 0 : 16868, 4, 2022/10/06, 07:08:59.024, 658594776065, testhost.dll, TestRunCache: InProgressTests is null
TpTrace Warning: 0 : 16868, 4, 2022/10/06, 07:08:59.024, 658594776875, testhost.dll, TestRunCache: No test found corresponding to testResult 'TestLink' in inProgress list.
TpTrace Verbose: 0 : 16868, 4, 2022/10/06, 07:08:59.024, 658594778137, testhost.dll, TestExecutionRecorder.RecordStart: Starting test: SeleniumUnitTests.TestLocators.TestPartialLink.
TpTrace Information: 0 : 16868, 4, 2022/10/06, 07:08:59.024, 658594779019, testhost.dll, Sending test run statistics
TpTrace Verbose: 0 : 16868, 4, 2022/10/06, 07:08:59.025, 658594784311, testhost.dll, TestRequestHandler.SendData: sending data from testhost: {"Version":7,"MessageType":"TestExecution.StatsChange","Payload":{"NewTestResults":[{"TestCase":{"Id":"3f4dbaa6-febb-1c10-2471-54b07bc2a309","FullyQualifiedName":"SeleniumUnitTests.TestLocators.TestLink","DisplayName":"TestLink","ExecutorUri":"executor://MSTestAdapter/v2","Source":"C:\\Users\\vagrant\\source\\repos\\SeleniumUnitTests\\bin\\Debug\\net6.0\\fine-code-coverage\\build-output\\SeleniumUnitTests.dll","CodeFilePath":null,"LineNumber":-1,"Properties":[{"Key":{"Id":"TestCase.ManagedType","Label":"ManagedType","Category":"","Description":"","Attributes":1,"ValueType":"System.String"},"Value":"SeleniumUnitTests.TestLocators"},{"Key":{"Id":"TestCase.ManagedMethod","Label":"ManagedMethod","Category":"","Description":"","Attributes":1,"ValueType":"System.String"},"Value":"TestLink"},{"Key":{"Id":"MSTestDiscoverer.TestClassName","Label":"ClassName","Category":"","Description":"","Attributes":1,"ValueType":"System.String"},"Value":"SeleniumUnitTests.TestLocators"},{"Key":{"Id":"TestCase.Hierarchy","Label":"Hierarchy","Category":"","Description":"","Attributes":2,"ValueType":"System.String[]"},"Value":[null,"SeleniumUnitTests","TestLocators","TestLink"]},{"Key":{"Id":"TestObject.Traits","Label":"Traits","Category":"","Description":"","Attributes":5,"ValueType":"System.Collections.Generic.KeyValuePair`2[[System.String],[System.String]][]"},"Value":[]}]},"Attachments":[],"Outcome":1,"ErrorMessage":null,"ErrorStackTrace":null,"DisplayName":"TestLink","Messages":[],"ComputerName":null,"Duration":"00:00:02.9666944","StartTime":"2022-10-06T07:08:56.6189608+01:00","EndTime":"2022-10-06T07:08:59.019941+01:00","Properties":[{"Key":{"Id":"ExecutionId","Label":"ExecutionId","Category":"","Description":"","Attributes":1,"ValueType":"System.Guid"},"Value":"00000000-0000-0000-0000-000000000000"},{"Key":{"Id":"ParentExecId","Label":"ParentExecId","Category":"","Description":"","Attributes":1,"ValueType":"System.Guid"},"Value":"00000000-0000-0000-0000-000000000000"},{"Key":{"Id":"InnerResultsCount","Label":"InnerResultsCount","Category":"","Description":"","Attributes":1,"ValueType":"System.Int32"},"Value":0}]}],"TestRunStatistics":{"ExecutedTests":21,"Stats":{"Passed":20,"Failed":1}},"ActiveTests":[{"Id":"fd6d592d-6386-4c60-5d50-c663dd61d56d","FullyQualifiedName":"SeleniumUnitTests.TestLocators.TestPartialLink","DisplayName":"TestPartialLink","ExecutorUri":"executor://MSTestAdapter/v2","Source":"C:\\Users\\vagrant\\source\\repos\\SeleniumUnitTests\\bin\\Debug\\net6.0\\fine-code-coverage\\build-output\\SeleniumUnitTests.dll","CodeFilePath":null,"LineNumber":-1,"Properties":[{"Key":{"Id":"TestCase.ManagedType","Label":"ManagedType","Category":"","Description":"","Attributes":1,"ValueType":"System.String"},"Value":"SeleniumUnitTests.TestLocators"},{"Key":{"Id":"TestCase.ManagedMethod","Label":"ManagedMethod","Category":"","Description":"","Attributes":1,"ValueType":"System.String"},"Value":"TestPartialLink"},{"Key":{"Id":"MSTestDiscoverer.TestClassName","Label":"ClassName","Category":"","Description":"","Attributes":1,"ValueType":"System.String"},"Value":"SeleniumUnitTests.TestLocators"},{"Key":{"Id":"TestCase.Hierarchy","Label":"Hierarchy","Category":"","Description":"","Attributes":2,"ValueType":"System.String[]"},"Value":[null,"SeleniumUnitTests","TestLocators","TestPartialLink"]},{"Key":{"Id":"TestObject.Traits","Label":"Traits","Category":"","Description":"","Attributes":5,"ValueType":"System.Collections.Generic.KeyValuePair`2[[System.String],[System.String]][]"},"Value":[]}]}]}}
TpTrace Verbose: 0 : 16868, 4, 2022/10/06, 07:08:59.025, 658594787516, testhost.dll, TestRunCache: OnNewTestResult: Notified the onCacheHit callback.
TpTrace Verbose: 0 : 16868, 4, 2022/10/06, 07:08:59.029, 658594833757, testhost.dll, MulticastDelegateUtilities.SafeInvoke: TestCaseEventsHandler.RaiseTestCaseStart: Invoking callback 1/1 for Microsoft.VisualStudio.TestPlatform.CrossPlatEngine.DataCollection.ProxyOutOfProcDataCollectionManager.TriggerTestCaseStart, took 4 ms.
TpTrace Information: 0 : 16868, 4, 2022/10/06, 07:08:59.029, 658594836345, testhost.dll, MSTest - Executing test TestPartialLink
TpTrace Verbose: 0 : 16868, 10, 2022/10/06, 07:08:59.777, 658604080968, testhost.dll, TcpClientExtensions.MessageLoopAsync: Polling on remoteEndPoint: [::ffff:127.0.0.1]:52907 localEndPoint: [::ffff:127.0.0.1]:52911
TpTrace Verbose: 0 : 16868, 10, 2022/10/06, 07:09:00.597, 658614209268, testhost.dll, TcpClientExtensions.MessageLoopAsync: Polling on remoteEndPoint: [::ffff:127.0.0.1]:52907 localEndPoint: [::ffff:127.0.0.1]:52911
TpTrace Verbose: 0 : 16868, 10, 2022/10/06, 07:09:01.419, 658624369606, testhost.dll, TcpClientExtensions.MessageLoopAsync: Polling on remoteEndPoint: [::ffff:127.0.0.1]:52907 localEndPoint: [::ffff:127.0.0.1]:52911
TpTrace Information: 0 : 16868, 4, 2022/10/06, 07:09:01.607, 658626694166, testhost.dll, MSTest - Executed test TestPartialLink
TpTrace Verbose: 0 : 16868, 4, 2022/10/06, 07:09:01.607, 658626698054, testhost.dll, TestExecutionRecorder.RecordEnd: test: SeleniumUnitTests.TestLocators.TestPartialLink execution completed.
TpTrace Warning: 0 : 16868, 4, 2022/10/06, 07:09:01.607, 658626699396, testhost.dll, TestRunCache: InProgressTests is null
TpTrace Verbose: 0 : 16868, 4, 2022/10/06, 07:09:01.610, 658626734572, testhost.dll, MulticastDelegateUtilities.SafeInvoke: TestCaseEventsHandler.RaiseTestCaseEnd: Invoking callback 1/1 for Microsoft.VisualStudio.TestPlatform.CrossPlatEngine.DataCollection.ProxyOutOfProcDataCollectionManager.TriggerTestCaseEnd, took 3 ms.
TpTrace Verbose: 0 : 16868, 4, 2022/10/06, 07:09:01.610, 658626738474, testhost.dll, TestExecutionRecorder.RecordResult: Received result for test: SeleniumUnitTests.TestLocators.TestPartialLink.
TpTrace Verbose: 0 : 16868, 4, 2022/10/06, 07:09:01.611, 658626739990, testhost.dll, MulticastDelegateUtilities.SafeInvoke: TestCaseEventsHandler.RaiseTestCaseEnd: Invoking callback 1/1 for Microsoft.VisualStudio.TestPlatform.CrossPlatEngine.DataCollection.ProxyOutOfProcDataCollectionManager.TriggerSendTestResult, took 0 ms.
TpTrace Warning: 0 : 16868, 4, 2022/10/06, 07:09:01.611, 658626741033, testhost.dll, TestRunCache: InProgressTests is null
TpTrace Warning: 0 : 16868, 4, 2022/10/06, 07:09:01.611, 658626742116, testhost.dll, TestRunCache: No test found corresponding to testResult 'TestPartialLink' in inProgress list.
TpTrace Verbose: 0 : 16868, 4, 2022/10/06, 07:09:01.611, 658626743516, testhost.dll, TestExecutionRecorder.RecordStart: Starting test: SeleniumUnitTests.TestUrl.TestGotoURL.
TpTrace Information: 0 : 16868, 4, 2022/10/06, 07:09:01.611, 658626744412, testhost.dll, Sending test run statistics
TpTrace Verbose: 0 : 16868, 4, 2022/10/06, 07:09:01.611, 658626750408, testhost.dll, TestRequestHandler.SendData: sending data from testhost: {"Version":7,"MessageType":"TestExecution.StatsChange","Payload":{"NewTestResults":[{"TestCase":{"Id":"fd6d592d-6386-4c60-5d50-c663dd61d56d","FullyQualifiedName":"SeleniumUnitTests.TestLocators.TestPartialLink","DisplayName":"TestPartialLink","ExecutorUri":"executor://MSTestAdapter/v2","Source":"C:\\Users\\vagrant\\source\\repos\\SeleniumUnitTests\\bin\\Debug\\net6.0\\fine-code-coverage\\build-output\\SeleniumUnitTests.dll","CodeFilePath":null,"LineNumber":-1,"Properties":[{"Key":{"Id":"TestCase.ManagedType","Label":"ManagedType","Category":"","Description":"","Attributes":1,"ValueType":"System.String"},"Value":"SeleniumUnitTests.TestLocators"},{"Key":{"Id":"TestCase.ManagedMethod","Label":"ManagedMethod","Category":"","Description":"","Attributes":1,"ValueType":"System.String"},"Value":"TestPartialLink"},{"Key":{"Id":"MSTestDiscoverer.TestClassName","Label":"ClassName","Category":"","Description":"","Attributes":1,"ValueType":"System.String"},"Value":"SeleniumUnitTests.TestLocators"},{"Key":{"Id":"TestCase.Hierarchy","Label":"Hierarchy","Category":"","Description":"","Attributes":2,"ValueType":"System.String[]"},"Value":[null,"SeleniumUnitTests","TestLocators","TestPartialLink"]},{"Key":{"Id":"TestObject.Traits","Label":"Traits","Category":"","Description":"","Attributes":5,"ValueType":"System.Collections.Generic.KeyValuePair`2[[System.String],[System.String]][]"},"Value":[]}]},"Attachments":[],"Outcome":1,"ErrorMessage":null,"ErrorStackTrace":null,"DisplayName":"TestPartialLink","Messages":[],"ComputerName":null,"Duration":"00:00:03.1854089","StartTime":"2022-10-06T07:08:59.0295179+01:00","EndTime":"2022-10-06T07:09:01.6076136+01:00","Properties":[{"Key":{"Id":"ExecutionId","Label":"ExecutionId","Category":"","Description":"","Attributes":1,"ValueType":"System.Guid"},"Value":"00000000-0000-0000-0000-000000000000"},{"Key":{"Id":"ParentExecId","Label":"ParentExecId","Category":"","Description":"","Attributes":1,"ValueType":"System.Guid"},"Value":"00000000-0000-0000-0000-000000000000"},{"Key":{"Id":"InnerResultsCount","Label":"InnerResultsCount","Category":"","Description":"","Attributes":1,"ValueType":"System.Int32"},"Value":0}]}],"TestRunStatistics":{"ExecutedTests":22,"Stats":{"Passed":21,"Failed":1}},"ActiveTests":[{"Id":"2afa4559-1251-50cc-9a94-b16c5be4f05d","FullyQualifiedName":"SeleniumUnitTests.TestUrl.TestGotoURL","DisplayName":"TestGotoURL","ExecutorUri":"executor://MSTestAdapter/v2","Source":"C:\\Users\\vagrant\\source\\repos\\SeleniumUnitTests\\bin\\Debug\\net6.0\\fine-code-coverage\\build-output\\SeleniumUnitTests.dll","CodeFilePath":null,"LineNumber":-1,"Properties":[{"Key":{"Id":"TestCase.ManagedType","Label":"ManagedType","Category":"","Description":"","Attributes":1,"ValueType":"System.String"},"Value":"SeleniumUnitTests.TestUrl"},{"Key":{"Id":"TestCase.ManagedMethod","Label":"ManagedMethod","Category":"","Description":"","Attributes":1,"ValueType":"System.String"},"Value":"TestGotoURL"},{"Key":{"Id":"MSTestDiscoverer.TestClassName","Label":"ClassName","Category":"","Description":"","Attributes":1,"ValueType":"System.String"},"Value":"SeleniumUnitTests.TestUrl"},{"Key":{"Id":"TestCase.Hierarchy","Label":"Hierarchy","Category":"","Description":"","Attributes":2,"ValueType":"System.String[]"},"Value":[null,"SeleniumUnitTests","TestUrl","TestGotoURL"]},{"Key":{"Id":"TestObject.Traits","Label":"Traits","Category":"","Description":"","Attributes":5,"ValueType":"System.Collections.Generic.KeyValuePair`2[[System.String],[System.String]][]"},"Value":[]}]}]}}
TpTrace Verbose: 0 : 16868, 4, 2022/10/06, 07:09:01.612, 658626755037, testhost.dll, TestRunCache: OnNewTestResult: Notified the onCacheHit callback.
TpTrace Verbose: 0 : 16868, 4, 2022/10/06, 07:09:01.616, 658626805415, testhost.dll, MulticastDelegateUtilities.SafeInvoke: TestCaseEventsHandler.RaiseTestCaseStart: Invoking callback 1/1 for Microsoft.VisualStudio.TestPlatform.CrossPlatEngine.DataCollection.ProxyOutOfProcDataCollectionManager.TriggerTestCaseStart, took 3 ms.
TpTrace Information: 0 : 16868, 4, 2022/10/06, 07:09:01.616, 658626806404, testhost.dll, MSTest - Executing test TestGotoURL
TpTrace Verbose: 0 : 16868, 10, 2022/10/06, 07:09:02.291, 658634454346, testhost.dll, TcpClientExtensions.MessageLoopAsync: Polling on remoteEndPoint: [::ffff:127.0.0.1]:52907 localEndPoint: [::ffff:127.0.0.1]:52911
TpTrace Verbose: 0 : 16868, 10, 2022/10/06, 07:09:03.193, 658644581337, testhost.dll, TcpClientExtensions.MessageLoopAsync: Polling on remoteEndPoint: [::ffff:127.0.0.1]:52907 localEndPoint: [::ffff:127.0.0.1]:52911
TpTrace Verbose: 0 : 16868, 10, 2022/10/06, 07:09:04.090, 658654659697, testhost.dll, TcpClientExtensions.MessageLoopAsync: Polling on remoteEndPoint: [::ffff:127.0.0.1]:52907 localEndPoint: [::ffff:127.0.0.1]:52911
TpTrace Verbose: 0 : 16868, 10, 2022/10/06, 07:09:04.994, 658664814510, testhost.dll, TcpClientExtensions.MessageLoopAsync: Polling on remoteEndPoint: [::ffff:127.0.0.1]:52907 localEndPoint: [::ffff:127.0.0.1]:52911
TpTrace Information: 0 : 16868, 4, 2022/10/06, 07:09:05.019, 658665098987, testhost.dll, MSTest - Executed test TestGotoURL
TpTrace Verbose: 0 : 16868, 4, 2022/10/06, 07:09:05.019, 658665100607, testhost.dll, TestExecutionRecorder.RecordEnd: test: SeleniumUnitTests.TestUrl.TestGotoURL execution completed.
TpTrace Warning: 0 : 16868, 4, 2022/10/06, 07:09:05.019, 658665101532, testhost.dll, TestRunCache: InProgressTests is null
TpTrace Verbose: 0 : 16868, 4, 2022/10/06, 07:09:05.022, 658665132158, testhost.dll, MulticastDelegateUtilities.SafeInvoke: TestCaseEventsHandler.RaiseTestCaseEnd: Invoking callback 1/1 for Microsoft.VisualStudio.TestPlatform.CrossPlatEngine.DataCollection.ProxyOutOfProcDataCollectionManager.TriggerTestCaseEnd, took 2 ms.
TpTrace Verbose: 0 : 16868, 4, 2022/10/06, 07:09:05.022, 658665133449, testhost.dll, TestExecutionRecorder.RecordResult: Received result for test: SeleniumUnitTests.TestUrl.TestGotoURL.
TpTrace Verbose: 0 : 16868, 4, 2022/10/06, 07:09:05.022, 658665134915, testhost.dll, MulticastDelegateUtilities.SafeInvoke: TestCaseEventsHandler.RaiseTestCaseEnd: Invoking callback 1/1 for Microsoft.VisualStudio.TestPlatform.CrossPlatEngine.DataCollection.ProxyOutOfProcDataCollectionManager.TriggerSendTestResult, took 0 ms.
TpTrace Warning: 0 : 16868, 4, 2022/10/06, 07:09:05.022, 658665135938, testhost.dll, TestRunCache: InProgressTests is null
TpTrace Warning: 0 : 16868, 4, 2022/10/06, 07:09:05.022, 658665137102, testhost.dll, TestRunCache: No test found corresponding to testResult 'TestGotoURL' in inProgress list.
TpTrace Information: 0 : 16868, 4, 2022/10/06, 07:09:05.023, 658665143238, testhost.dll, MSTest - Executing cleanup methods.
TpTrace Information: 0 : 16868, 4, 2022/10/06, 07:09:05.027, 658665185726, testhost.dll, MSTest - Executed cleanup methods.
TpTrace Information: 0 : 16868, 4, 2022/10/06, 07:09:05.027, 658665186996, testhost.dll, MSTest - Executed tests belonging to source C:\Users\vagrant\source\repos\SeleniumUnitTests\bin\Debug\net6.0\fine-code-coverage\build-output\SeleniumUnitTests.dll
TpTrace Verbose: 0 : 16868, 4, 2022/10/06, 07:09:05.028, 658665196786, testhost.dll, BaseRunTests.RunTestInternalWithExecutors: Completed running tests for executor://MSTestAdapter/v2
TpTrace Verbose: 0 : 16868, 4, 2022/10/06, 07:09:05.030, 658665226299, testhost.dll, MulticastDelegateUtilities.SafeInvoke: TestCaseEventsHandler.RaiseSessionEnd: Invoking callback 1/1 for Microsoft.VisualStudio.TestPlatform.CrossPlatEngine.DataCollection.ProxyOutOfProcDataCollectionManager.TriggerTestSessionEnd, took 1 ms.
TpTrace Information: 0 : 16868, 4, 2022/10/06, 07:09:05.039, 658665319691, testhost.dll, Sending test run complete
TpTrace Verbose: 0 : 16868, 4, 2022/10/06, 07:09:05.077, 658665749343, testhost.dll, TestRequestHandler.SendData: sending data from testhost: {"Version":7,"MessageType":"TestExecution.Completed","Payload":{"TestRunCompleteArgs":{"TestRunStatistics":{"ExecutedTests":23,"Stats":{"Passed":22,"Failed":1}},"IsCanceled":false,"IsAborted":false,"Error":null,"AttachmentSets":[],"InvokedDataCollectors":[],"ElapsedTimeInRunningTests":"00:01:19.1815976","Metrics":{},"DiscoveredExtensions":{"TestDiscoverers":["Microsoft.VisualStudio.TestPlatform.MSTest.TestAdapter.MSTestDiscoverer, Microsoft.VisualStudio.TestPlatform.MSTest.TestAdapter, Version=14.0.0.0, Culture=neutral, PublicKeyToken=b03f5f7f11d50a3a"],"TestExecutors":["executor://MSTestAdapter/v2"],"TestExecutors2":[],"TestSettingsProviders":[]}},"LastRunTests":{"NewTestResults":[{"TestCase":{"Id":"2afa4559-1251-50cc-9a94-b16c5be4f05d","FullyQualifiedName":"SeleniumUnitTests.TestUrl.TestGotoURL","DisplayName":"TestGotoURL","ExecutorUri":"executor://MSTestAdapter/v2","Source":"C:\\Users\\vagrant\\source\\repos\\SeleniumUnitTests\\bin\\Debug\\net6.0\\fine-code-coverage\\build-output\\SeleniumUnitTests.dll","CodeFilePath":null,"LineNumber":-1,"Properties":[{"Key":{"Id":"TestCase.ManagedType","Label":"ManagedType","Category":"","Description":"","Attributes":1,"ValueType":"System.String"},"Value":"SeleniumUnitTests.TestUrl"},{"Key":{"Id":"TestCase.ManagedMethod","Label":"ManagedMethod","Category":"","Description":"","Attributes":1,"ValueType":"System.String"},"Value":"TestGotoURL"},{"Key":{"Id":"MSTestDiscoverer.TestClassName","Label":"ClassName","Category":"","Description":"","Attributes":1,"ValueType":"System.String"},"Value":"SeleniumUnitTests.TestUrl"},{"Key":{"Id":"TestCase.Hierarchy","Label":"Hierarchy","Category":"","Description":"","Attributes":2,"ValueType":"System.String[]"},"Value":[null,"SeleniumUnitTests","TestUrl","TestGotoURL"]},{"Key":{"Id":"TestObject.Traits","Label":"Traits","Category":"","Description":"","Attributes":5,"ValueType":"System.Collections.Generic.KeyValuePair`2[[System.String],[System.String]][]"},"Value":[]}]},"Attachments":[],"Outcome":1,"ErrorMessage":null,"ErrorStackTrace":null,"DisplayName":"TestGotoURL","Messages":[],"ComputerName":null,"Duration":"00:00:03.8286418","StartTime":"2022-10-06T07:09:01.6164771+01:00","EndTime":"2022-10-06T07:09:05.019511+01:00","Properties":[{"Key":{"Id":"ExecutionId","Label":"ExecutionId","Category":"","Description":"","Attributes":1,"ValueType":"System.Guid"},"Value":"00000000-0000-0000-0000-000000000000"},{"Key":{"Id":"ParentExecId","Label":"ParentExecId","Category":"","Description":"","Attributes":1,"ValueType":"System.Guid"},"Value":"00000000-0000-0000-0000-000000000000"},{"Key":{"Id":"InnerResultsCount","Label":"InnerResultsCount","Category":"","Description":"","Attributes":1,"ValueType":"System.Int32"},"Value":0}]}],"TestRunStatistics":{"ExecutedTests":23,"Stats":{"Passed":22,"Failed":1}},"ActiveTests":[]},"RunAttachments":[],"ExecutorUris":["executor://mstestadapter/v2"]}}
TpTrace Verbose: 0 : 16868, 4, 2022/10/06, 07:09:05.077, 658665756893, testhost.dll, BaseRunTests.RunTests: Run is complete.
TpTrace Verbose: 0 : 16868, 10, 2022/10/06, 07:09:05.080, 658665780834, testhost.dll, TcpClientExtensions.MessageLoopAsync: NotifyDataAvailable remoteEndPoint: [::ffff:127.0.0.1]:52907 localEndPoint: [::ffff:127.0.0.1]:52911
TpTrace Information: 0 : 16868, 10, 2022/10/06, 07:09:05.080, 658665783248, testhost.dll, TestRequestHandler.OnMessageReceived: received message: (TestSession.Terminate) -> {"MessageType":"TestSession.Terminate","Payload":null}
TpTrace Information: 0 : 16868, 10, 2022/10/06, 07:09:05.080, 658665784172, testhost.dll, Session End message received from server. Closing the connection.
TpTrace Information: 0 : 16868, 10, 2022/10/06, 07:09:05.081, 658665792780, testhost.dll, SocketClient.Stop: Stop communication from server endpoint: 127.0.0.1:052907
TpTrace Information: 0 : 16868, 10, 2022/10/06, 07:09:05.081, 658665793726, testhost.dll, SocketClient: Stop: Cancellation requested. Stopping message loop.
TpTrace Information: 0 : 16868, 1, 2022/10/06, 07:09:05.081, 658665794411, testhost.dll, Closing the connection!
TpTrace Information: 0 : 16868, 1, 2022/10/06, 07:09:05.081, 658665796157, testhost.dll, SocketClient.Stop: Stop communication from server endpoint: 127.0.0.1:052907
TpTrace Information: 0 : 16868, 1, 2022/10/06, 07:09:05.081, 658665797069, testhost.dll, SocketClient: Stop: Cancellation requested. Stopping message loop.
TpTrace Verbose: 0 : 16868, 10, 2022/10/06, 07:09:05.081, 658665796551, testhost.dll, LengthPrefixCommunicationChannel.Dispose: Dispose reader and writer.
TpTrace Verbose: 0 : 16868, 1, 2022/10/06, 07:09:05.081, 658665798420, testhost.dll, LengthPrefixCommunicationChannel.Dispose: Dispose reader and writer.
TpTrace Information: 0 : 16868, 10, 2022/10/06, 07:09:05.081, 658665799520, testhost.dll, Closing the connection !
TpTrace Verbose: 0 : 16868, 10, 2022/10/06, 07:09:05.081, 658665801067, testhost.dll, MulticastDelegateUtilities.SafeInvoke: LengthPrefixCommunicationChannel: MessageReceived: Invoking callback 1/1 for Microsoft.VisualStudio.TestPlatform.CommunicationUtilities.TestRequestHandler.OnMessageReceived, took 1 ms.
TpTrace Information: 0 : 16868, 1, 2022/10/06, 07:09:05.081, 658665801168, testhost.dll, Testhost process exiting.
TpTrace Information: 0 : 16868, 10, 2022/10/06, 07:09:05.082, 658665807309, testhost.dll, SocketClient.PrivateStop: Stop communication from server endpoint: 127.0.0.1:052907, error:
TpTrace Verbose: 0 : 16868, 10, 2022/10/06, 07:09:05.082, 658665809623, testhost.dll, LengthPrefixCommunicationChannel.Dispose: Dispose reader and writer.
TpTrace Verbose: 0 : 16868, 10, 2022/10/06, 07:09:05.082, 658665810444, testhost.dll, TcpClientExtensions.MessageLoopAsync: exiting MessageLoopAsync remoteEndPoint: [::ffff:127.0.0.1]:52907 localEndPoint: [::ffff:127.0.0.1]:52911
